Terminal log file
Date: 01-10-2017 - 15:48:47
-----------------------------------------------
00 00 00 00 3F 3F 04 AC 00 00 00 00 00 00 00 00 
00 00 00 00 00 00 00 00 A8 0A 3F 3F 05 AC 00 00 
00 00 00 00 00 00 00 00 00 00 00 00 00 AA 0A 3F 
3F 08 AC 11 12 13 14 15 16 17 18 19 1A 1B 1C 00 
00 00 00 55 55 55 00 00 00 0B 35 C3 0A 3F 3F 0A 
AC 00 00 00 00 00 00 00 00 00 00 00 00 A6 0A 3F 
3F 0B AC 00 00 00 00 00 00 00 00 A7 0A 3F 3F 0E 
AC 00 00 00 00 00 00 00 00 00 00 00 00 00 00 00 
00 A2 0A 3F 3F 0F AC 00 00 00 06 01 BC 07 1F 0A 
00 00 00 00 00 00 00 00 A6 0A 3F 3F 0B AC 00 00 
00 00 00 00 00 00 00 00 3F 3F 04 AC 00 00 00 00 
00 00 00 00 00 00 00 00 00 00 00 00 A8 0A 3F 3F 
05 AC 00 00 00 00 00 00 00 AA 0A 3F 3F 08 AC 11 
12 13 14 15 16 17 18 19 1A 1B 1C 00 00 00 00 55 
55 55 00 00 00 0B 35 C3 0A 3F 3F 0A AC 00 00 00 
00 00 00 00 00 00 00 00 00 A6 0A 3F 3F 0B AC 00 
00 00 00 00 00 00 00 A7 0A 3F 3F 0E AC 00 00 00 
00 00 00 00 00 00 00 00 00 00 00 00 00 A2 0A 3F 
3F 0F AC 00 00 00 06 01 BC 07 1F 0A 00 3F 0A AC 
00 00 00 00 00 00 00 00 00 00 00 00 A6 0A 3F 3F 
0B AC 00 00 00 00 00 00 00 00 00 00 3F 3F 04 AC 
00 00 00 00 00 00 00 00 00 00 00 00 00 00 00 00 
A8 0A 3F 3F 05 AC 00 00 00 00 00 00 00 00 00 00 
AA 0A 3F 3F 08 AC 11 12 13 14 15 16 17 18 19 1A 
1B 1C 00 00 00 00 55 55 55 00 00 00 0B 34 C2 0A 
3F 3F 0A AC 00 00 00 00 00 00 00 00 00 00 00 00 
A6 0A 3F 3F 0B AC 00 00 00 00 00 00 00 00 A7 0A 
3F 3F 0E AC 00 00 00 00 00 00 00 00 00 00 00 00 
00 00 00 00 A2 0A 3F 3F 0F AC 00 00 00 06 01 BC 
07 1F 0A 00 00 00 00 00 00 00 00 00 00 00 00 00 
A6 0A 3F 3F 0B AC 00 00 00 00 00 00 00 00 00 00 
3F 3F 04 AC 00 00 00 00 00 00 00 00 00 00 00 00 
00 00 00 00 A8 0A 3F 3F 05 AC 00 00 00 00 00 00 
00 00 00 00 00 AA 0A 3F 3F 08 AC 11 12 13 14 15 
16 17 18 19 1A 1B 1C 00 00 00 00 55 55 55 00 00 
00 0B 34 C2 0A 3F 3F 0A AC 00 00 00 00 00 00 00 
00 00 00 00 00 A6 0A 3F 3F 0B AC 00 00 00 00 00 
00 00 00 A7 0A 3F 3F 0E AC 00 00 00 00 00 00 00 
00 00 00 00 00 00 00 00 00 A2 0A 3F 3F 0F AC 00 
00 00 06 01 BC 07 1F 0A 00 00 00 00 00 00 00 00 
00 00 00 00 A6 0A 3F 3F 0B AC 00 00 00 00 00 00 
00 00 00 00 3F 3F 04 AC 00 00 00 00 00 00 00 00 
00 00 00 00 00 00 00 00 A8 0A 3F 3F 05 AC 00 00 
00 00 00 00 00 00 00 A7 0A 3F 3F 0E AC 00 00 00 
00 00 00 00 00 00 00 00 00 00 00 00 00 A2 0A 3F 
3F 0F AC 00 00 00 06 01 BC 07 1F 0A 00 1F 0A 00 
00 00 00 00 00 00 A9 0A 3F 3F 06 AC 00 00 00 00 
00 00 00 00 00 00 00 00 AA 0A 3F 3F 08 AC 11 12 
13 14 15 16 17 18 19 1A 1B 1C 00 00 00 00 55 55 
55 00 00 00 0B 34 C2 0A 3F 3F 0A AC 00 00 00 00 
00 00 00 00 00 00 00 00 A6 0A 3F 3F 0B AC 00 00 
00 00 00 00 00 00 00 00 3F 3F 04 AC 00 00 00 00 
00 00 00 00 00 00 00 00 00 00 00 00 A8 0A 3F 3F 
05 AC 00 00 00 00 00 00 00 00 00 00 00 00 A7 0A 
3F 3F 0E AC 00 00 00 00 00 00 00 00 00 00 00 00 
00 00 00 00 A2 0A 3F 3F 0F AC 00 00 00 06 01 BC 
07 1F 0A 00 00 00 00 00 00 00 A9 0A 3F 3F 06 AC 
00 00 00 00 00 00 00 00 00 00 00 00 AA 0A 3F 3F 
08 AC 11 12 13 14 15 16 17 18 19 1A 1B 1C 00 00 
00 00 55 55 55 00 00 00 0B 35 C3 0A 3F 3F 0A AC 
00 00 00 00 00 00 00 00 00 00 00 00 A6 0A 3F 3F 
0B AC 00 00 00 00 00 00 00 00 00 00 3F 3F 04 AC 
00 00 00 00 00 00 00 00 00 00 00 00 00 00 00 00 
A8 0A 3F 3F 05 AC 00 00 00 00 00 00 00 00 00 A7 
0A 3F 3F 0E AC 00 00 00 00 00 00 00 00 00 00 00 
00 00 00 00 00 A2 0A 3F 3F 0F AC 00 00 00 06 01 
BC 07 1F 0A 00 1F 0A 00 00 00 00 00 00 00 A9 0A 
3F 3F 06 AC 00 00 00 00 00 00 00 00 00 00 00 00 
AA 0A 3F 3F 08 AC 11 12 13 14 15 16 17 18 19 1A 
1B 1C 00 00 00 00 55 55 55 00 00 00 0B 35 C3 0A 
3F 3F 0A AC 00 00 00 00 00 00 00 00 00 00 00 00 
A6 0A 3F 3F 0B AC 00 00 00 00 00 00 00 00 00 00 
3F 3F 04 AC 00 00 00 00 00 00 00 00 00 00 00 00 
00 00 00 00 A8 0A 3F 3F 05 AC 00 00 00 00 00 00 
00 00 00 AA 0A 3F 3F 08 AC 11 12 13 14 15 16 17 
18 19 1A 1B 1C 00 00 00 00 55 55 55 00 00 00 0B 
35 C3 0A 3F 3F 0A AC 00 00 00 00 00 00 00 00 00 
00 00 00 A6 0A 3F 3F 0B AC 00 00 00 00 00 00 00 
00 A7 0A 3F 3F 0E AC 00 00 00 00 00 00 00 00 00 
00 00 00 00 00 00 00 A2 0A 3F 3F 0F AC 00 00 00 
06 01 BC 07 1F 0A 00 AC 00 00 00 00 00 00 00 00 
00 00 00 00 A6 0A 3F 3F 0B AC 00 00 00 00 00 00 
00 00 00 00 3F 3F 04 AC 00 00 00 00 00 00 00 00 
00 00 00 00 00 00 00 00 A8 0A 3F 3F 05 AC 00 00 
00 00 00 00 00 00 00 00 00 00 AA 0A 3F 3F 08 AC 
11 12 13 14 15 16 17 18 19 1A 1B 1C 00 00 00 00 
55 55 55 00 00 00 0B 34 C2 0A 3F 3F 0A AC 00 00 
00 00 00 00 00 00 00 00 00 00 A6 0A 3F 3F 0B AC 
00 00 00 00 00 00 00 00 A7 0A 3F 3F 0E AC 00 00 
00 00 00 00 00 00 00 00 00 00 00 00 00 00 A2 0A 
3F 3F 0F AC 00 00 00 06 01 BC 07 1F 0A 00 00 00 
00 00 00 00 00 00 00 00 A6 0A 3F 3F 0B AC 00 00 
00 00 00 00 00 00 00 00 3F 3F 04 AC 00 00 00 00 
00 00 00 00 00 00 00 00 00 00 00 00 A8 0A 3F 3F 
05 AC 00 00 00 00 00 00 00 00 AA 0A 3F 3F 08 AC 
11 12 13 14 15 16 17 18 19 1A 1B 1C 00 00 00 00 
55 55 55 00 00 00 0B 34 C2 0A 3F 3F 0A AC 00 00 
00 00 00 00 00 00 00 00 00 00 A6 0A 3F 3F 0B AC 
00 00 00 00 00 00 00 00 A7 0A 3F 3F 0E AC 00 00 
00 00 00 00 00 00 00 00 00 00 00 00 00 00 A2 0A 
3F 3F 0F AC 00 00 00 06 01 BC 07 1F 0A 00 0A AC 
00 00 00 00 00 00 00 00 00 00 00 00 A6 0A 3F 3F 
0B AC 00 00 00 00 00 00 00 00 00 00 3F 3F 04 AC 
00 00 00 00 00 00 00 00 00 00 00 00 00 00 00 00 
A8 0A 3F 3F 05 AC 00 00 00 00 00 00 00 00 AA 0A 
3F 3F 08 AC 11 12 13 14 15 16 17 18 19 1A 1B 1C 
00 00 00 00 55 55 55 00 00 00 0B 34 C2 0A 3F 3F 
0A AC 00 00 00 00 00 00 00 00 00 00 00 00 A6 0A 
3F 3F 0B AC 00 00 00 00 00 00 00 00 A7 0A 3F 3F 
0E AC 00 00 00 00 00 00 00 00 00 00 00 00 00 00 
00 00 A2 0A 3F 3F 0F AC 00 00 00 06 01 BC 07 1F 
0A 00 0A AC 00 00 00 00 00 00 00 00 00 00 00 00 
A6 0A 3F 3F 0B AC 00 00 00 00 00 00 00 00 00 00 
3F 3F 04 AC 00 00 00 00 00 00 00 00 00 00 00 00 
00 00 00 00 A8 0A 3F 3F 05 AC 00 00 00 00 00 00 
00 00 00 00 00 00 AA 0A 3F 3F 08 AC 11 12 13 14 
15 16 17 18 19 1A 1B 1C 00 00 00 00 55 55 55 00 
00 00 0B 35 C3 0A 3F 3F 0A 00 00 A7 0A 3F 3F 0E 
AC 00 00 00 00 00 00 00 00 00 00 00 00 00 00 00 
00 A2 0A 3F 3F 0F AC 00 00 00 06 01 BC 07 1F 0A 
00 1F 0A 00 00 00 00 00 00 00 00 00 00 00 A6 0A 
3F 3F 0B AC 00 00 00 00 00 00 00 00 00 00 00 00 
00 00 00 00 A6 0A 3F 3F 0B AC 00 00 00 00 00 00 
00 00 00 00 3F 3F 04 AC 00 00 00 00 00 00 00 00 
00 00 00 00 00 00 00 00 A8 0A 3F 3F 05 AC 00 00 
00 00 00 00 A7 0A 3F 3F 0E AC 00 00 00 00 00 00 
00 00 00 00 00 00 00 00 00 00 A2 0A 3F 3F 0F AC 
00 00 00 06 01 BC 07 1F 0A 00 01 BC 07 1F 0A 00 
00 00 00 00 00 00 A9 0A 3F 3F 06 AC 00 00 00 00 
00 00 00 00 00 00 00 00 AA 0A 3F 3F 08 AC 11 12 
13 14 15 16 17 18 19 1A 1B 1C 00 00 00 00 55 55 
55 00 00 00 0B 35 C3 0A 3F 3F 0A AC 00 00 00 00 
00 00 00 00 00 00 00 00 A6 0A 3F 3F 0B AC 00 00 
00 00 00 00 00 00 00 00 3F 3F 04 AC 00 00 00 00 
00 00 00 00 00 00 00 00 00 00 00 00 A8 0A 3F 3F 
05 AC 00 00 00 00 00 00 00 00 00 00 A7 0A 3F 3F 
0E AC 00 00 00 00 00 00 00 00 00 00 00 00 00 00 
00 00 A2 0A 3F 3F 0F AC 00 00 00 06 01 BC 07 1F 
0A 00 0A 00 00 00 00 00 00 00 A9 0A 3F 3F 06 AC 
00 00 00 00 00 00 00 00 00 00 00 00 AA 0A 3F 3F 
08 AC 1D 1E 1F 20 01 02 03 04 05 06 07 08 00 00 
00 00 55 55 55 00 00 00 0B 35 FB 0A 3F 3F 0A AC 
00 00 00 00 00 00 00 00 00 00 00 00 A6 0A 3F 3F 
0B AC 00 00 00 00 00 00 00 00 00 00 3F 3F 04 AC 
00 00 00 00 00 00 00 00 00 00 00 00 00 00 00 00 
A8 0A 3F 3F 05 AC 00 00 00 00 00 00 00 00 00 00 
00 00 AA 0A 3F 3F 08 AC 1D 1E 1F 20 01 02 03 04 
05 06 07 08 00 00 00 00 55 55 55 00 00 00 0B 34 
FA 0A 3F 3F 0A AC 00 00 00 00 00 00 00 00 00 00 
00 00 A6 0A 3F 3F 0B AC 00 00 00 00 00 00 00 00 
A7 0A 3F 3F 0E AC 00 00 00 00 00 00 00 00 00 00 
00 00 00 00 00 00 A2 0A 3F 3F 0F AC 00 00 00 06 
01 BC 07 1F 0A 00 00 00 00 00 00 00 00 00 00 00 
A6 0A 3F 3F 0B AC 00 00 00 00 00 00 00 00 00 00 
3F 3F 04 AC 00 00 00 00 00 00 00 00 00 00 00 00 
00 00 00 00 A8 0A 3F 3F 05 AC 00 00 00 00 00 00 
00 00 00 AA 0A 3F 3F 08 AC 1D 1E 1F 20 01 02 03 
04 05 06 07 08 00 00 00 00 55 55 55 00 00 00 0B 
34 FA 0A 3F 3F 0A AC 00 00 00 00 00 00 00 00 00 
00 00 00 A6 0A 3F 3F 0B AC 00 00 00 00 00 00 00 
00 A7 0A 3F 3F 0E AC 00 00 00 00 00 00 00 00 00 
00 00 00 00 00 00 00 A2 0A 3F 3F 0F AC 00 00 00 
06 01 BC 07 1F 0A 00 AC 00 00 00 00 00 00 00 00 
00 00 00 00 A6 0A 3F 3F 0B AC 00 00 00 00 00 00 
00 00 00 00 3F 3F 04 AC 00 00 00 00 00 00 00 00 
00 00 00 00 00 00 00 00 A8 0A 3F 3F 05 AC 00 00 
00 00 00 00 00 00 00 AA 0A 3F 3F 08 AC 1D 1E 1F 
20 01 02 03 04 05 06 07 08 00 00 00 00 55 55 55 
00 00 00 0B 34 FA 0A 3F 3F 0A AC 00 00 00 00 00 
00 00 00 00 00 00 00 A6 0A 3F 3F 0B AC 00 00 00 
00 00 00 00 00 A7 0A 3F 3F 0E AC 00 00 00 00 00 
00 00 00 00 00 00 00 00 00 00 00 A2 0A 3F 3F 0F 
AC 00 00 00 06 01 BC 07 1F 0A 00 AC 00 00 00 00 
00 00 00 00 00 00 00 00 A6 0A 3F 3F 0B AC 00 00 
00 00 00 00 00 00 00 00 3F 3F 04 AC 00 00 00 00 
00 00 00 00 00 00 00 00 00 00 00 00 A8 0A 3F 3F 
05 AC 00 00 00 00 00 00 00 AA 0A 3F 3F 08 AC 1D 
1E 1F 20 01 02 03 04 05 06 07 08 00 00 00 00 55 
55 55 00 00 00 0B 35 FB 0A 3F 3F 0A AC 00 00 00 
00 00 00 00 00 00 00 00 00 A6 0A 3F 3F 0B AC 00 
00 00 00 00 00 00 00 A7 0A 3F 3F 0E AC 00 00 00 
00 00 00 00 00 00 00 00 00 00 00 00 00 A2 0A 3F 
3F 0F AC 00 00 00 06 01 BC 07 1F 0A 00 3F 0A AC 
00 00 00 00 00 00 00 00 00 00 00 00 A6 0A 3F 3F 
0B AC 00 00 00 00 00 00 00 00 00 00 3F 3F 04 AC 
00 00 00 00 00 00 00 00 00 00 00 00 00 00 00 00 
A8 0A 3F 3F 05 AC 00 00 00 00 00 00 00 00 A7 0A 
3F 3F 0E AC 00 00 00 00 00 00 00 00 00 00 00 00 
00 00 00 00 A2 0A 3F 3F 0F AC 00 00 00 06 01 BC 
07 1F 0A 00 07 1F 0A 00 00 00 00 00 00 00 A9 0A 
3F 3F 06 AC 00 00 00 00 00 00 00 00 00 00 00 00 
AA 0A 3F 3F 08 AC 1D 1E 1F 20 01 02 03 04 05 06 
07 08 00 00 00 00 55 55 55 00 00 00 0B 35 FB 0A 
3F 3F 0A AC 00 00 00 00 00 00 00 00 00 00 00 00 
A6 0A 3F 3F 0B AC 00 00 00 00 00 00 00 00 00 00 
3F 3F 04 AC 00 00 00 00 00 00 00 00 00 00 00 00 
00 00 00 00 A8 0A 3F 3F 05 AC 00 00 00 00 00 00 
00 00 00 00 A7 0A 3F 3F 0E AC 00 00 00 00 00 00 
00 00 00 00 00 00 00 00 00 00 A2 0A 3F 3F 0F AC 
00 00 00 06 01 BC 07 1F 0A 00 0A 00 00 00 00 00 
00 00 A9 0A 3F 3F 06 AC 00 00 00 00 00 00 00 00 
00 00 00 00 AA 0A 3F 3F 08 AC 1D 1E 1F 20 01 02 
03 04 05 06 07 08 00 00 00 00 55 55 55 00 00 00 
0B 35 FB 0A 3F 3F 0A AC 00 00 00 00 00 00 00 00 
00 00 00 00 A6 0A 3F 3F 0B AC 00 00 00 00 00 00 
00 00 00 00 3F 3F 04 AC 00 00 00 00 00 00 00 00 
00 00 00 00 00 00 00 00 A8 0A 3F 3F 05 AC 00 00 
00 00 00 00 00 A7 0A 3F 3F 0E AC 00 00 00 00 00 
00 00 00 00 00 00 00 00 00 00 00 A2 0A 3F 3F 0F 
AC 00 00 00 06 01 BC 07 1F 0A 00 BC 07 1F 0A 00 
00 00 00 00 00 00 A9 0A 3F 3F 06 AC 00 00 00 00 
00 00 00 00 00 00 00 00 AA 0A 3F 3F 08 AC 1D 1E 
1F 20 01 02 03 04 05 06 07 08 00 00 00 00 55 55 
55 00 00 00 0B 34 FA 0A 3F 3F 0A AC 00 00 00 00 
00 00 00 00 00 00 00 00 A6 0A 3F 3F 0B AC 00 00 
00 00 00 00 00 00 00 00 3F 3F 04 AC 00 00 00 00 
00 00 00 00 00 00 00 00 00 00 00 00 A8 0A 3F 3F 
05 AC 00 00 00 00 00 00 00 00 00 00 AA 0A 3F 3F 
08 AC 1D 1E 1F 20 01 02 03 04 05 06 07 08 00 00 
00 00 55 55 55 00 00 00 0B 34 FA 0A 3F 3F 0A AC 
00 00 00 00 00 00 00 00 00 00 00 00 A6 0A 3F 3F 
0B AC 00 00 00 00 00 00 00 00 A7 0A 3F 3F 0E AC 
00 00 00 00 00 00 00 00 00 00 00 00 00 00 00 00 
A2 0A 3F 3F 0F AC 00 00 00 06 01 BC 07 1F 0A 00 
00 00 00 00 00 00 00 00 00 00 00 00 A6 0A 3F 3F 
0B AC 00 00 00 00 00 00 00 00 00 00 3F 3F 04 AC 
00 00 00 00 00 00 00 00 00 00 00 00 00 00 00 00 
A8 0A 3F 3F 05 AC 00 00 00 00 00 00 00 00 00 00 
AA 0A 3F 3F 08 AC 1D 1E 1F 20 01 02 03 04 05 06 
07 08 00 00 00 00 55 55 55 00 00 00 0B 34 FA 0A 
3F 3F 0A AC 00 00 00 00 00 00 00 00 00 00 00 00 
A6 0A 3F 3F 0B AC 00 00 00 00 00 00 00 00 A7 0A 
3F 3F 0E AC 00 00 00 00 00 00 00 00 00 00 00 00 
00 00 00 00 A2 0A 3F 3F 0F AC 00 00 00 06 01 BC 
07 1F 0A 00 00 00 00 00 00 00 00 00 00 00 00 00 
A6 0A 3F 3F 0B AC 00 00 00 00 00 00 00 00 00 00 
3F 3F 04 AC 00 00 00 00 00 00 00 00 00 00 00 00 
00 00 00 00 A8 0A 3F 3F 05 AC 00 00 00 00 00 00 
00 00 00 00 AA 0A 3F 3F 08 AC 1D 1E 1F 20 01 02 
03 04 05 06 07 08 00 00 00 00 55 55 55 00 00 00 
0B 35 FB 0A 3F 3F 0A AC 00 00 00 00 00 00 00 00 
00 00 00 00 A6 0A 3F 3F 0B AC 00 00 00 00 00 00 
00 00 A7 0A 3F 3F 0E AC 00 00 00 00 00 00 00 00 
00 00 00 00 00 00 00 00 A2 0A 3F 3F 0F AC 00 00 
00 06 01 BC 07 1F 0A 00 00 00 00 00 00 00 00 00 
00 00 00 00 A6 0A 3F 3F 0B AC 00 00 00 00 00 00 
00 00 00 00 3F 3F 04 AC 00 00 00 00 00 00 00 00 
00 00 00 00 00 00 00 00 A8 0A 3F 3F 05 AC 00 00 
00 00 00 00 00 00 AA 0A 3F 3F 08 AC 1D 1E 1F 20 
01 02 03 04 05 06 07 08 00 00 00 00 55 55 55 00 
00 00 0B 35 FB 0A 3F 3F 0A AC 00 00 00 00 00 00 
00 00 00 00 00 00 A6 0A 3F 3F 0B AC 00 00 00 00 
00 00 00 00 A7 0A 3F 3F 0E AC 00 00 00 00 00 00 
00 00 00 00 00 00 00 00 00 00 A2 0A 3F 3F 0F AC 
00 00 00 06 01 BC 07 1F 0A 00 0A AC 00 00 00 00 
00 00 00 00 00 00 00 00 A6 0A 3F 3F 0B AC 00 00 
00 00 00 00 00 00 00 00 3F 3F 04 AC 00 00 00 00 
00 00 00 00 00 00 00 00 00 00 00 00 A8 0A 3F 3F 
05 AC 00 00 00 00 00 00 00 00 00 00 A7 0A 3F 3F 
0E AC 00 00 00 00 00 00 00 00 00 00 00 00 00 00 
00 00 A2 0A 3F 3F 0F AC 00 00 00 06 01 BC 07 1F 
0A 00 0A 00 00 00 00 00 00 00 A9 0A 3F 3F 06 AC 
00 00 00 00 00 00 00 00 00 00 00 00 AA 0A 3F 3F 
08 AC 1D 1E 1F 20 01 02 03 04 05 06 07 08 00 00 
00 00 55 55 55 00 00 00 0B 35 FB 0A 3F 3F 0A AC 
00 00 00 00 00 00 00 00 00 00 00 00 A6 0A 3F 3F 
0B AC 00 00 00 00 00 00 00 00 00 00 3F 3F 04 AC 
00 00 00 00 00 00 00 00 00 00 00 00 00 00 00 00 
A8 0A 3F 3F 05 AC 00 00 00 00 00 00 00 00 A7 0A 
3F 3F 0E AC 00 00 00 00 00 00 00 00 00 00 00 00 
00 00 00 00 A2 0A 3F 3F 0F AC 00 00 00 06 01 BC 
07 1F 0A 00 07 1F 0A 00 00 00 00 00 00 00 A9 0A 
3F 3F 06 AC 00 00 00 00 00 00 00 00 00 00 00 00 
AA 0A 3F 3F 08 AC 1D 1E 1F 20 01 02 03 04 05 06 
07 08 00 00 00 00 55 55 55 00 00 00 0B 34 FA 0A 
3F 3F 0A AC 00 00 00 00 00 00 00 00 00 00 00 00 
A6 0A 3F 3F 0B AC 00 00 00 00 00 00 00 00 00 00 
3F 3F 04 AC 00 00 00 00 00 00 00 00 00 00 00 00 
00 00 00 00 A8 0A 3F 3F 05 AC 00 00 00 00 00 00 
00 00 00 A7 0A 3F 3F 0E AC 00 00 00 00 00 00 00 
00 00 00 00 00 00 00 00 00 A2 0A 3F 3F 0F AC 00 
00 00 06 01 BC 07 1F 0A 00 1F 0A 00 00 00 00 00 
00 00 A9 0A 3F 3F 06 AC 00 00 00 00 00 00 00 00 
00 00 00 00 AA 0A 3F 3F 08 AC 1D 1E 1F 20 01 02 
03 04 05 06 07 08 00 00 00 00 55 55 55 00 00 00 
0B 34 FA 0A 3F 3F 0A AC 00 00 00 00 00 00 00 00 
00 00 00 00 A6 0A 3F 3F 0B AC 00 00 00 00 00 00 
00 00 00 00 3F 3F 04 AC 00 00 00 00 00 00 00 00 
00 00 00 00 00 00 00 00 A8 0A 3F 3F 05 AC 00 00 
00 00 00 00 00 00 00 00 00 00 AA 0A 3F 3F 08 AC 
1D 1E 1F 20 01 02 03 04 05 06 07 08 00 00 00 00 
55 55 55 00 00 00 0B 34 FA 0A 3F 3F 0A AC 00 00 
00 00 00 00 00 00 00 00 00 00 A6 0A 3F 3F 0B AC 
00 00 00 00 00 00 00 00 A7 0A 3F 3F 0E AC 00 00 
00 00 00 00 00 00 00 00 00 00 00 00 00 00 A2 0A 
3F 3F 0F AC 00 00 00 06 01 BC 07 1F 0A 00 00 00 
00 00 00 00 00 00 00 00 A6 0A 3F 3F 0B AC 00 00 
00 00 00 00 00 00 00 00 3F 3F 04 AC 00 00 00 00 
00 00 00 00 00 00 00 00 00 00 00 00 A8 0A 3F 3F 
05 AC 00 00 00 00 00 00 00 00 00 AA 0A 3F 3F 08 
AC 1D 1E 1F 20 01 02 03 04 05 06 07 08 00 00 00 
00 55 55 55 00 00 00 0B 35 FB 0A 3F 3F 0A AC 00 
00 00 00 00 00 00 00 00 00 00 00 A6 0A 3F 3F 0B 
AC 00 00 00 00 00 00 00 00 A7 0A 3F 3F 0E AC 00 
00 00 00 00 00 00 00 00 00 00 00 00 00 00 00 A2 
0A 3F 3F 0F AC 00 00 00 06 01 BC 07 1F 0A 00 AC 
00 00 00 00 00 00 00 00 00 00 00 00 A6 0A 3F 3F 
0B AC 00 00 00 00 00 00 00 00 00 00 3F 3F 04 AC 
00 00 00 00 00 00 00 00 00 00 00 00 00 00 00 00 
A8 0A 3F 3F 05 AC 00 00 00 00 00 00 00 00 00 00 
AA 0A 3F 3F 08 AC 09 0A 0B 0C 0D 0E 0F 10 11 12 
13 14 00 00 00 00 55 55 55 00 00 00 0B 35 D3 0A 
3F 3F 0A AC 00 00 00 00 00 00 00 00 00 00 00 00 
A6 0A 3F 3F 0B AC 00 00 00 00 00 00 00 00 A7 0A 
3F 3F 0E AC 00 00 00 00 00 00 00 00 00 00 00 00 
00 00 00 00 A2 0A 3F 3F 0F AC 00 00 00 06 01 BC 
07 1F 0A 00 00 00 00 00 00 00 00 00 00 00 00 00 
A6 0A 3F 3F 0B AC 00 00 00 00 00 00 00 00 00 00 
3F 3F 04 AC 00 00 00 00 00 00 00 00 00 00 00 00 
00 00 00 00 A8 0A 3F 3F 05 AC 00 00 00 00 00 00 
00 AA 0A 3F 3F 08 AC 09 0A 0B 0C 0D 0E 0F 10 11 
12 13 14 00 00 00 00 55 55 55 00 00 00 0B 35 D3 
0A 3F 3F 0A AC 00 00 00 00 00 00 00 00 00 00 00 
00 A6 0A 3F 3F 0B AC 00 00 00 00 00 00 00 00 A7 
0A 3F 3F 0E AC 00 00 00 00 00 00 00 00 00 00 00 
00 00 00 00 00 A2 0A 3F 3F 0F AC 00 00 00 06 01 
BC 07 1F 0A 00 3F 0A AC 00 00 00 00 00 00 00 00 
00 00 00 00 A6 0A 3F 3F 0B AC 00 00 00 00 00 00 
00 00 00 00 3F 3F 04 AC 00 00 00 00 00 00 00 00 
00 00 00 00 00 00 00 00 A8 0A 3F 3F 05 AC 00 00 
00 00 00 00 00 00 00 00 A7 0A 3F 3F 0E AC 00 00 
00 00 00 00 00 00 00 00 00 00 00 00 00 00 A2 0A 
3F 3F 0F AC 00 00 00 06 01 BC 07 1F 0A 00 0A 00 
00 00 00 00 00 00 A9 0A 3F 3F 06 AC 00 00 00 00 
00 00 00 00 00 00 00 00 AA 0A 3F 3F 08 AC 09 0A 
0B 0C 0D 0E 0F 10 11 12 13 14 00 00 00 00 55 55 
55 00 00 00 0B 34 D2 0A 3F 3F 0A AC 00 00 00 00 
00 00 00 00 00 00 00 00 A6 0A 3F 3F 0B AC 00 00 
00 00 00 00 00 00 00 00 3F 3F 04 AC 00 00 00 00 
00 00 00 00 00 00 00 00 00 00 00 00 A8 0A 3F 3F 
05 AC 00 00 00 00 00 00 00 00 00 00 A7 0A 3F 3F 
0E AC 00 00 00 00 00 00 00 00 00 00 00 00 00 00 
00 00 A2 0A 3F 3F 0F AC 00 00 00 06 01 BC 07 1F 
0A 00 0A 00 00 00 00 00 00 00 A9 0A 3F 3F 06 AC 
00 00 00 00 00 00 00 00 00 00 00 00 AA 0A 3F 3F 
08 AC 09 0A 0B 0C 0D 0E 0F 10 11 12 13 14 00 00 
00 00 55 55 55 00 00 00 0B 34 D2 0A 3F 3F 0A AC 
00 00 00 00 00 00 00 00 00 00 00 00 A6 0A 3F 3F 
0B AC 00 00 00 00 00 00 00 00 00 00 3F 3F 04 AC 
00 00 00 00 00 00 00 00 00 00 00 00 00 00 00 00 
A8 0A 3F 3F 05 AC 00 00 00 00 00 00 00 00 A7 0A 
3F 3F 0E AC 00 00 00 00 00 00 00 00 00 00 00 00 
00 00 00 00 A2 0A 3F 3F 0F AC 00 00 00 06 01 BC 
07 1F 0A 00 07 1F 0A 00 00 00 00 00 00 00 A9 0A 
3F 3F 06 AC 00 00 00 00 00 00 00 00 00 00 00 00 
AA 0A 3F 3F 08 AC 09 0A 0B 0C 0D 0E 0F 10 11 12 
13 14 00 00 00 00 55 55 55 00 00 00 0B 34 D2 0A 
3F 3F 0A AC 00 00 00 00 00 00 00 00 00 00 00 00 
A6 0A 3F 3F 0B AC 00 00 00 00 00 00 00 00 00 00 
3F 3F 04 AC 00 00 00 00 00 00 00 00 00 00 00 00 
00 00 00 00 A8 0A 3F 3F 05 AC 00 00 00 00 00 00 
00 00 00 00 AA 0A 3F 3F 08 AC 09 0A 0B 0C 0D 0E 
0F 10 11 12 13 14 00 00 00 00 55 55 55 00 00 00 
0B 35 D3 0A 3F 3F 0A AC 00 00 00 00 00 00 00 00 
00 00 00 00 A6 0A 3F 3F 0B AC 00 00 00 00 00 00 
00 00 A7 0A 3F 3F 0E AC 00 00 00 00 00 00 00 00 
00 00 00 00 00 00 00 00 A2 0A 3F 3F 0F AC 00 00 
00 06 01 BC 07 1F 0A 00 00 00 00 00 00 00 00 00 
00 00 00 00 A6 0A 3F 3F 0B AC 00 00 00 00 00 00 
00 00 00 00 3F 3F 04 AC 00 00 00 00 00 00 00 00 
00 00 00 00 00 00 00 00 A8 0A 3F 3F 05 AC 00 00 
00 00 00 00 00 00 00 00 00 00 AA 0A 3F 3F 08 AC 
09 0A 0B 0C 0D 0E 0F 10 11 12 13 14 00 00 00 00 
55 55 55 00 00 00 0B 35 D3 0A 3F 3F 0A AC 00 00 
00 00 00 00 00 00 00 00 00 00 A6 0A 3F 3F 0B AC 
00 00 00 00 00 00 00 00 A7 0A 3F 3F 0E AC 00 00 
00 00 00 00 00 00 00 00 00 00 00 00 00 00 A2 0A 
3F 3F 0F AC 00 00 00 06 01 BC 07 1F 0A 00 00 00 
00 00 00 00 00 00 00 00 A6 0A 3F 3F 0B AC 00 00 
00 00 00 00 00 00 00 00 3F 3F 04 AC 00 00 00 00 
00 00 00 00 00 00 00 00 00 00 00 00 A8 0A 3F 3F 
05 AC 00 00 00 00 00 00 00 AA 0A 3F 3F 08 AC 09 
0A 0B 0C 0D 0E 0F 10 11 12 13 14 00 00 00 00 55 
55 55 00 00 00 0B 35 D3 0A 3F 3F 0A AC 00 00 00 
00 00 00 00 00 00 00 00 00 A6 0A 3F 3F 0B AC 00 
00 00 00 00 00 00 00 A7 0A 3F 3F 0E AC 00 00 00 
00 00 00 00 00 00 00 00 00 00 00 00 00 A2 0A 3F 
3F 0F AC 00 00 00 06 01 BC 07 1F 0A 00 3F 0A AC 
00 00 00 00 00 00 00 00 00 00 00 00 A6 0A 3F 3F 
0B AC 00 00 00 00 00 00 00 00 00 00 3F 3F 04 AC 
00 00 00 00 00 00 00 00 00 00 00 00 00 00 00 00 
A8 0A 3F 3F 05 AC 00 00 00 00 00 00 00 00 00 00 
AA 0A 3F 3F 08 AC 09 0A 0B 0C 0D 0E 0F 10 11 12 
13 14 00 00 00 00 55 55 55 00 00 00 0B 34 D2 0A 
3F 3F 0A AC 00 00 00 00 00 00 00 00 00 00 00 00 
A6 0A 3F 3F 0B AC 00 00 00 00 00 00 00 00 A7 0A 
3F 3F 0E AC 00 00 00 00 00 00 00 00 00 00 00 00 
00 00 00 00 A2 0A 3F 3F 0F AC 00 00 00 06 01 BC 
07 1F 0A 00 00 00 00 00 00 00 00 00 00 00 00 00 
A6 0A 3F 3F 0B AC 00 00 00 00 00 00 00 00 00 00 
3F 3F 04 AC 00 00 00 00 00 00 00 00 00 00 00 00 
00 00 00 00 A8 0A 3F 3F 05 AC 00 00 00 00 00 00 
00 00 A7 0A 3F 3F 0E AC 00 00 00 00 00 00 00 00 
00 00 00 00 00 00 00 00 A2 0A 3F 3F 0F AC 00 00 
00 06 01 BC 07 1F 0A 00 07 1F 0A 00 00 00 00 00 
00 00 A9 0A 3F 3F 06 AC 00 00 00 00 00 00 00 00 
00 00 00 00 AA 0A 3F 3F 08 AC 09 0A 0B 0C 0D 0E 
0F 10 11 12 13 14 00 00 00 00 55 55 55 00 00 00 
0B 34 D2 0A 3F 3F 0A AC 00 00 00 00 00 00 00 00 
00 00 00 00 A6 0A 3F 3F 0B AC 00 00 00 00 00 00 
00 00 00 00 3F 3F 04 AC 00 00 00 00 00 00 00 00 
00 00 00 00 00 00 00 00 A8 0A 3F 3F 05 AC 00 00 
00 00 00 00 00 00 00 00 A7 0A 3F 3F 0E AC 00 00 
00 00 00 00 00 00 00 00 00 00 00 00 00 00 A2 0A 
3F 3F 0F AC 00 00 00 06 01 BC 07 1F 0A 00 0A 00 
00 00 00 00 00 00 A9 0A 3F 3F 06 AC 00 00 00 00 
00 00 00 00 00 00 00 00 AA 0A 3F 3F 08 AC 09 0A 
0B 0C 0D 0E 0F 10 11 12 13 14 00 00 00 00 55 55 
55 00 00 00 0B 34 D2 0A 3F 3F 0A AC 00 00 00 00 
00 00 00 00 00 00 00 00 A6 0A 3F 3F 0B AC 00 00 
00 00 00 00 00 00 00 00 3F 3F 04 AC 00 00 00 00 
00 00 00 00 00 00 00 00 00 00 00 00 A8 0A 3F 3F 
05 AC 00 00 00 00 00 00 00 00 00 A7 0A 3F 3F 0E 
AC 00 00 00 00 00 00 00 00 00 00 00 00 00 00 00 
00 A2 0A 3F 3F 0F AC 00 00 00 06 01 BC 07 1F 0A 
00 1F 0A 00 00 00 00 00 00 00 A9 0A 3F 3F 06 AC 
00 00 00 00 00 00 00 00 00 00 00 00 AA 0A 3F 3F 
08 AC 09 0A 0B 0C 0D 0E 0F 10 11 12 13 14 00 00 
00 00 55 55 55 00 00 00 0B 35 D3 0A 3F 3F 0A AC 
00 00 00 00 00 00 00 00 00 00 00 00 A6 0A 3F 3F 
0B AC 00 00 00 00 00 00 00 00 00 00 3F 3F 04 AC 
00 00 00 00 00 00 00 00 00 00 00 00 00 00 00 00 
A8 0A 3F 3F 05 AC 00 00 00 00 00 00 00 00 00 00 
AA 0A 3F 3F 08 AC 09 0A 0B 0C 0D 0E 0F 10 11 12 
13 14 00 00 00 00 55 55 55 00 00 00 0B 35 D3 0A 
3F 3F 0A AC 00 00 00 00 00 00 00 00 00 00 00 00 
A6 0A 3F 3F 0B AC 00 00 00 00 00 00 00 00 A7 0A 
3F 3F 0E AC 00 00 00 00 00 00 00 00 00 00 00 00 
00 00 00 00 A2 0A 3F 3F 0F AC 00 00 00 06 01 BC 
07 1F 0A 00 00 00 00 00 00 00 00 00 00 00 00 00 
A6 0A 3F 3F 0B AC 00 00 00 00 00 00 00 00 00 00 
3F 3F 04 AC 00 00 00 00 00 00 00 00 00 00 00 00 
00 00 00 00 A8 0A 3F 3F 05 AC 00 00 00 00 00 00 
00 00 AA 0A 3F 3F 08 AC 09 0A 0B 0C 0D 0E 0F 10 
11 12 13 14 00 00 00 00 55 55 55 00 00 00 0B 35 
D3 0A 3F 3F 0A AC 00 00 00 00 00 00 00 00 00 00 
00 00 A6 0A 3F 3F 0B AC 00 00 00 00 00 00 00 00 
A7 0A 3F 3F 0E AC 00 00 00 00 00 00 00 00 00 00 
00 00 00 00 00 00 A2 0A 3F 3F 0F AC 00 00 00 06 
01 BC 07 1F 0A 00 0A AC 00 00 00 00 00 00 00 00 
00 00 00 00 A6 0A 3F 3F 0B AC 00 00 00 00 00 00 
00 00 00 00 3F 3F 04 AC 00 00 00 00 00 00 00 00 
00 00 00 00 00 00 00 00 A8 0A 3F 3F 05 AC 00 00 
00 00 00 00 00 00 00 00 00 AA 0A 3F 3F 08 AC 09 
0A 0B 0C 0D 0E 0F 10 11 12 13 14 00 00 00 00 55 
55 55 00 00 00 0B 34 D2 0A 3F 3F 0A AC 00 00 00 
00 00 00 00 00 00 00 00 00 A6 0A 3F 3F 0B AC 00 
00 00 00 00 00 00 00 A7 0A 3F 3F 0E AC 00 00 00 
00 00 00 00 00 00 00 00 00 00 00 00 00 A2 0A 3F 
3F 0F AC 00 00 00 06 01 BC 07 1F 0A 00 00 00 00 
00 00 00 00 00 00 00 00 A6 0A 3F 3F 0B AC 00 00 
00 00 00 00 00 00 00 00 3F 3F 04 AC 00 00 00 00 
00 00 00 00 00 00 00 00 00 00 00 00 A8 0A 3F 3F 
05 AC 00 00 00 00 00 00 00 00 AA 0A 3F 3F 08 AC 
09 0A 0B 0C 0D 0E 0F 10 11 12 13 14 00 00 00 00 
55 55 55 00 00 00 0B 34 D2 0A 3F 3F 0A AC 00 00 
00 00 00 00 00 00 00 00 00 00 A6 0A 3F 3F 0B AC 
00 00 00 00 00 00 00 00 A7 0A 3F 3F 0E AC 00 00 
00 00 00 00 00 00 00 00 00 00 00 00 00 00 A2 0A 
3F 3F 0F AC 00 00 00 06 01 BC 07 1F 0A 00 0A AC 
00 00 00 00 00 00 00 00 00 00 00 00 A6 0A 3F 3F 
0B AC 00 00 00 00 00 00 00 00 00 00 3F 3F 04 AC 
00 00 00 00 00 00 00 00 00 00 00 00 00 00 00 00 
A8 0A 3F 3F 05 AC 00 00 00 00 00 00 00 00 A7 0A 
3F 3F 0E AC 00 00 00 00 00 00 00 00 00 00 00 00 
00 00 00 00 A2 0A 3F 3F 0F AC 00 00 00 06 01 BC 
07 1F 0A 00 07 1F 0A 00 00 00 00 00 00 00 A9 0A 
3F 3F 06 AC 00 00 00 00 00 00 00 00 00 00 00 00 
AA 0A 3F 3F 08 AC 15 16 17 18 19 1A 1B 1C 1D 1E 
1F 20 00 00 00 00 55 55 55 00 00 00 0B 34 FA 0A 
3F 3F 0A AC 00 00 00 00 00 00 00 00 00 00 00 00 
A6 0A 3F 3F 0B AC 00 00 00 00 00 00 00 00 00 00 
3F 3F 04 AC 00 00 00 00 00 00 00 00 00 00 00 00 
00 00 00 00 A8 0A 3F 3F 05 AC 00 00 00 00 00 00 
00 00 00 00 00 A7 0A 3F 3F 0E AC 00 00 00 00 00 
00 00 00 00 00 00 00 00 00 00 00 A2 0A 3F 3F 0F 
AC 00 00 00 06 01 BC 07 1F 0A 00 00 00 00 00 00 
00 00 A9 0A 3F 3F 06 AC 00 00 00 00 00 00 00 00 
00 00 00 00 AA 0A 3F 3F 08 AC 15 16 17 18 19 1A 
1B 1C 1D 1E 1F 20 00 00 00 00 55 55 55 00 00 00 
0B 35 FB 0A 3F 3F 0A AC 00 00 00 00 00 00 00 00 
00 00 00 00 A6 0A 3F 3F 0B AC 00 00 00 00 00 00 
00 00 00 00 3F 3F 04 AC 00 00 00 00 00 00 00 00 
00 00 00 00 00 00 00 00 A8 0A 3F 3F 05 AC 00 00 
00 00 00 00 00 A7 0A 3F 3F 0E AC 00 00 00 00 00 
00 00 00 00 00 00 00 00 00 00 00 A2 0A 3F 3F 0F 
AC 00 00 00 06 01 BC 07 1F 0A 00 BC 07 1F 0A 00 
00 00 00 00 00 00 A9 0A 3F 3F 06 AC 00 00 00 00 
00 00 00 00 00 00 00 00 AA 0A 3F 3F 08 AC 15 16 
17 18 19 1A 1B 1C 1D 1E 1F 20 00 00 00 00 55 55 
55 00 00 00 0B 35 FB 0A 3F 3F 0A AC 00 00 00 00 
00 00 00 00 00 00 00 00 A6 0A 3F 3F 0B AC 00 00 
00 00 00 00 00 00 00 00 3F 3F 04 AC 00 00 00 00 
00 00 00 00 00 00 00 00 00 00 00 00 A8 0A 3F 3F 
05 AC 00 00 00 00 00 00 00 00 00 00 AA 0A 3F 3F 
08 AC 15 16 17 18 19 1A 1B 1C 1D 1E 1F 20 00 00 
00 00 55 55 55 00 00 00 0B 35 FB 0A 3F 3F 0A AC 
00 00 00 00 00 00 00 00 00 00 00 00 A6 0A 3F 3F 
0B AC 00 00 00 00 00 00 00 00 A7 0A 3F 3F 0E AC 
00 00 00 00 00 00 00 00 00 00 00 00 00 00 00 00 
A2 0A 3F 3F 0F AC 00 00 00 06 01 BC 07 1F 0A 00 
00 00 00 00 00 00 00 00 00 00 00 00 A6 0A 3F 3F 
0B AC 00 00 00 00 00 00 00 00 00 00 3F 3F 04 AC 
00 00 00 00 00 00 00 00 00 00 00 00 00 00 00 00 
A8 0A 3F 3F 05 AC 00 00 00 00 00 00 00 00 00 00 
00 00 AA 0A 3F 3F 08 AC 15 16 17 18 19 1A 1B 1C 
1D 1E 1F 20 00 00 00 00 55 55 55 00 00 00 0B 34 
FA 0A 3F 3F 0A AC 00 00 00 00 00 00 00 00 00 00 
00 00 A6 0A 3F 3F 0B AC 00 00 00 00 00 00 00 00 
A7 0A 3F 3F 0E AC 00 00 00 00 00 00 00 00 00 00 
00 00 00 00 00 00 A2 0A 3F 3F 0F AC 00 00 00 06 
01 BC 07 1F 0A 00 00 00 00 00 00 00 00 00 00 00 
A6 0A 3F 3F 0B AC 00 00 00 00 00 00 00 00 00 00 
3F 3F 04 AC 00 00 00 00 00 00 00 00 00 00 00 00 
00 00 00 00 A8 0A 3F 3F 05 AC 00 00 00 00 00 00 
00 00 AA 0A 3F 3F 08 AC 15 16 17 18 19 1A 1B 1C 
1D 1E 1F 20 00 00 00 00 55 55 55 00 00 00 0B 34 
FA 0A 3F 3F 0A AC 00 00 00 00 00 00 00 00 00 00 
00 00 A6 0A 3F 3F 0B AC 00 00 00 00 00 00 00 00 
A7 0A 3F 3F 0E AC 00 00 00 00 00 00 00 00 00 00 
00 00 00 00 00 00 A2 0A 3F 3F 0F AC 00 00 00 06 
01 BC 07 1F 0A 00 0A AC 00 00 00 00 00 00 00 00 
00 00 00 00 A6 0A 3F 3F 0B AC 00 00 00 00 00 00 
00 00 00 00 3F 3F 04 AC 00 00 00 00 00 00 00 00 
00 00 00 00 00 00 00 00 A8 0A 3F 3F 05 AC 00 00 
00 00 00 00 00 00 00 00 AA 0A 3F 3F 08 AC 15 16 
17 18 19 1A 1B 1C 1D 1E 1F 20 00 00 00 00 55 55 
55 00 00 00 0B 34 FA 0A 3F 3F 0A AC 00 00 00 00 
00 00 00 00 00 00 00 00 A6 0A 3F 3F 0B AC 00 00 
00 00 00 00 00 00 A7 0A 3F 3F 0E AC 00 00 00 00 
00 00 00 00 00 00 00 00 00 00 00 00 A2 0A 3F 3F 
0F AC 00 00 00 06 01 BC 07 1F 0A 00 00 00 00 00 
00 00 00 00 00 00 00 00 A6 0A 3F 3F 0B AC 00 00 
00 00 00 00 00 00 00 00 3F 3F 04 AC 00 00 00 00 
00 00 00 00 00 00 00 00 00 00 00 00 A8 0A 3F 3F 
05 AC 00 00 00 00 00 00 00 00 00 00 A7 0A 3F 3F 
0E AC 00 00 00 00 00 00 00 00 00 00 00 00 00 00 
00 00 A2 0A 3F 3F 0F AC 00 00 00 06 01 BC 07 1F 
0A 00 0A 00 00 00 00 00 00 00 A9 0A 3F 3F 06 AC 
00 00 00 00 00 00 00 00 00 00 00 00 AA 0A 3F 3F 
08 AC 15 16 17 18 19 1A 1B 1C 1D 1E 1F 20 00 00 
00 00 55 55 55 00 00 00 0B 35 FB 0A 3F 3F 0A AC 
00 00 00 00 00 00 00 00 00 00 00 00 A6 0A 3F 3F 
0B AC 00 00 00 00 00 00 00 00 00 00 3F 3F 04 AC 
00 00 00 00 00 00 00 00 00 00 00 00 00 00 00 00 
A8 0A 3F 3F 05 AC 00 00 00 00 00 00 00 00 00 A7 
0A 3F 3F 0E AC 00 00 00 00 00 00 00 00 00 00 00 
00 00 00 00 00 A2 0A 3F 3F 0F AC 00 00 00 06 01 
BC 07 1F 0A 00 1F 0A 00 00 00 00 00 00 00 A9 0A 
3F 3F 06 AC 00 00 00 00 00 00 00 00 00 00 00 00 
AA 0A 3F 3F 08 AC 15 16 17 18 19 1A 1B 1C 1D 1E 
1F 20 00 00 00 00 55 55 55 00 00 00 0B 35 FB 0A 
3F 3F 0A AC 00 00 00 00 00 00 00 00 00 00 00 00 
A6 0A 3F 3F 0B AC 00 00 00 00 00 00 00 00 00 00 
3F 3F 04 AC 00 00 00 00 00 00 00 00 00 00 00 00 
00 00 00 00 A8 0A 3F 3F 05 AC 00 00 00 00 00 00 
00 00 A7 0A 3F 3F 0E AC 00 00 00 00 00 00 00 00 
00 00 00 00 00 00 00 00 A2 0A 3F 3F 0F AC 00 00 
00 06 01 BC 07 1F 0A 00 07 1F 0A 00 00 00 00 00 
00 00 A9 0A 3F 3F 06 AC 00 00 00 00 00 00 00 00 
00 00 00 00 AA 0A 3F 3F 08 AC 15 16 17 18 19 1A 
1B 1C 1D 1E 1F 20 00 00 00 00 55 55 55 00 00 00 
0B 35 FB 0A 3F 3F 0A AC 00 00 00 00 00 00 00 00 
00 00 00 00 A6 0A 3F 3F 0B AC 00 00 00 00 00 00 
00 00 00 00 3F 3F 04 AC 00 00 00 00 00 00 00 00 
00 00 00 00 00 00 00 00 A8 0A 3F 3F 05 AC 00 00 
00 AA 0A 3F 3F 08 AC 15 16 17 18 19 1A 1B 1C 1D 
1E 1F 20 00 00 00 00 55 55 55 00 00 00 0B 34 FA 
0A 3F 3F 0A AC 00 00 00 00 00 00 00 00 00 00 00 
00 A6 0A 3F 3F 0B AC 00 00 00 00 00 00 00 00 A7 
0A 3F 3F 0E AC 00 00 00 00 00 00 00 00 00 00 00 
00 00 00 00 00 A2 0A 3F 3F 0F AC 00 00 00 06 01 
BC 07 1F 0A 00 34 FA 0A 3F 3F 0A AC 00 00 00 00 
00 00 00 00 00 00 00 00 A6 0A 3F 3F 0B AC 00 00 
00 00 00 00 00 00 00 00 3F 3F 04 AC 00 00 00 00 
00 00 00 00 00 00 00 00 00 00 00 00 A8 0A 3F 3F 
05 AC 00 00 00 AA 0A 3F 3F 08 AC 15 16 17 18 19 
1A 1B 1C 1D 1E 1F 20 00 00 00 00 55 55 55 00 00 
00 0B 34 FA 0A 3F 3F 0A AC 00 00 00 00 00 00 00 
00 00 00 00 00 A6 0A 3F 3F 0B AC 00 00 00 00 00 
00 00 00 A7 0A 3F 3F 0E AC 00 00 00 00 00 00 00 
00 00 00 00 00 00 00 00 00 A2 0A 3F 3F 0F AC 00 
00 00 06 01 BC 07 1F 0A 00 34 FA 0A 3F 3F 0A AC 
00 00 00 00 00 00 00 00 00 00 00 00 A6 0A 3F 3F 
0B AC 00 00 00 00 00 00 00 00 00 00 3F 3F 04 AC 
00 00 00 00 00 00 00 00 00 00 00 00 00 00 00 00 
A8 0A 3F 3F 05 AC 00 00 00 00 00 00 00 00 00 00 
00 00 AA 0A 3F 3F 08 AC 15 16 17 18 19 1A 1B 1C 
1D 1E 1F 20 00 00 00 00 55 55 55 00 00 00 0B 34 
FA 0A 3F 3F 0A AC 00 00 00 00 00 00 00 00 00 00 
00 00 A6 0A 3F 3F 0B AC 00 00 00 00 00 00 00 00 
A7 0A 3F 3F 0E AC 00 00 00 00 00 00 00 00 00 00 
00 00 00 00 00 00 A2 0A 3F 3F 0F AC 00 00 00 06 
01 BC 07 1F 0A 00 00 00 00 00 00 00 00 00 00 00 
A6 0A 3F 3F 0B AC 00 00 00 00 00 00 
-----------------------------------------------
Date: 01-10-2017 - 15:49:58
End log file
