Terminal log file
Date: 21-08-2017 - 22:25:46
-----------------------------------------------
74 69 6D 65 00 00 00 00 
01 BC 07 70 6F 73 69 74 69 6F 6E BC 00 00 00 00 
00 00 00 00 00 00 A8 74 69 6D 65 00 00 00 00 01 
BC 07 70 6F 73 69 74 69 6F 6E BC 00 00 00 00 00 
00 00 00 00 00 A8 76 65 6C 6F 63 69 74 79 00 00 
00 00 00 00 00 00 00 00 00 00 74 69 6D 65 00 00 
00 00 01 BC 07 70 6F 73 69 74 69 6F 6E BC 00 00 
00 00 00 00 00 00 00 00 A8 70 6F 73 69 74 69 6F 
6E 00 00 00 00 00 00 00 00 AC 00 00 00 74 69 6D 
65 00 00 00 00 01 BC 07 70 6F 73 69 74 69 6F 6E 
BC 00 00 00 00 00 00 00 00 00 00 A8 74 69 6D 65 
00 00 00 00 01 BC 07 70 6F 73 69 74 69 6F 6E BC 
00 00 00 00 00 00 00 00 00 00 A8 74 69 6D 65 00 
00 00 00 01 BC 07 70 6F 73 69 74 69 6F 6E BC 00 
00 00 00 00 00 00 00 00 00 A8 74 69 6D 65 00 00 
00 00 01 BC 07 70 6F 73 69 74 69 6F 6E BC 00 00 
00 00 00 00 00 00 00 00 A8 74 69 6D 65 00 00 00 
00 01 BC 07 70 6F 73 69 74 69 6F 6E BC 00 00 00 
00 00 00 00 00 00 00 A8 74 69 6D 65 00 00 00 00 
01 BC 07 70 6F 73 69 74 69 6F 6E BC 00 00 00 00 
00 00 00 00 00 00 A8 44 4F 50 00 00 00 00 00 00 
00 00 74 69 6D 65 00 0E 00 00 00 AC 06 74 69 6D 
65 00 00 00 00 01 BC 07 70 6F 73 69 74 69 6F 6E 
BC 00 00 00 00 00 00 00 00 00 00 A8 74 69 6D 65 
00 00 00 00 01 BC 07 70 6F 73 69 74 69 6F 6E BC 
00 00 00 00 00 00 00 00 00 00 A8 74 69 6D 65 00 
00 00 00 01 BC 07 70 6F 73 69 74 69 6F 6E BC 00 
00 00 00 00 00 00 00 00 00 A8 70 6F 73 69 74 69 
6F 6E 00 00 00 00 00 00 00 00 35 00 00 00 74 69 
6D 65 00 00 00 00 01 BC 07 70 6F 73 69 74 69 6F 
6E BC 00 00 00 00 00 00 00 00 00 00 A8 74 69 6D 
65 00 00 00 00 01 BC 07 70 6F 73 69 74 69 6F 6E 
BC 00 00 00 00 00 00 00 00 00 00 A8 76 65 6C 6F 
63 69 74 79 00 00 00 00 00 00 00 00 00 00 00 00 
74 69 6D 65 00 00 00 00 01 BC 07 70 6F 73 69 74 
69 6F 6E BC 00 00 00 00 00 00 00 00 00 00 A8 70 
6F 73 69 74 69 6F 6E 00 00 00 00 00 00 00 00 00 
00 00 AC 74 69 6D 65 00 00 00 00 01 BC 07 70 6F 
73 69 74 69 6F 6E BC 00 00 00 00 00 00 00 00 00 
00 A8 76 65 6C 6F 63 69 74 79 00 00 00 00 00 00 
00 00 00 00 00 00 74 69 6D 65 00 00 00 00 01 BC 
07 70 6F 73 69 74 69 6F 6E BC 00 00 00 00 00 00 
00 00 00 00 A8 44 4F 50 00 00 00 00 00 00 00 00 
74 69 6D 65 00 0E 00 00 00 AC 06 74 69 6D 65 00 
00 00 00 01 BC 07 70 6F 73 69 74 69 6F 6E BC 00 
00 00 00 00 00 00 00 00 00 A8 74 69 6D 65 00 00 
00 00 01 BC 07 70 6F 73 69 74 69 6F 6E BC 00 00 
00 00 00 00 00 00 00 00 A8 70 6F 73 69 74 69 6F 
6E 00 00 00 00 00 00 00 00 00 00 00 00 74 69 6D 
65 00 00 00 00 01 BC 07 70 6F 73 69 74 69 6F 6E 
BC 00 00 00 00 00 00 00 00 00 00 A8 74 69 6D 65 
00 00 00 06 01 BC 00 74 69 6D 65 00 00 00 00 01 
BC 07 70 6F 73 69 74 69 6F 6E BC 00 00 00 00 00 
00 00 00 00 00 A8 76 65 6C 6F 63 69 74 79 00 00 
00 00 00 00 00 00 00 00 00 00 74 69 6D 65 00 00 
00 00 01 BC 07 70 6F 73 69 74 69 6F 6E BC 00 00 
00 00 00 00 00 00 00 00 A8 70 6F 73 69 74 69 6F 
6E 00 00 00 00 00 00 00 00 00 00 00 A7 74 69 6D 
65 00 00 00 00 01 BC 07 70 6F 73 69 74 69 6F 6E 
BC 00 00 00 00 00 00 00 00 00 00 A8 70 6F 73 69 
74 69 6F 6E 00 00 00 00 00 00 00 00 00 00 00 00 
74 69 6D 65 00 00 00 00 01 BC 07 70 6F 73 69 74 
69 6F 6E BC 00 00 00 00 00 00 00 00 00 00 A8 44 
4F 50 00 00 00 00 00 00 00 00 74 69 6D 65 00 0E 
00 00 00 AC 06 74 69 6D 65 00 00 00 00 01 BC 07 
70 6F 73 69 74 69 6F 6E BC 00 00 00 00 00 00 00 
00 00 00 A8 74 69 6D 65 00 00 00 00 01 BC 07 70 
6F 73 69 74 69 6F 6E BC 00 00 00 00 00 00 00 00 
00 00 A8 70 6F 73 69 74 69 6F 6E 00 00 00 00 00 
00 00 00 00 00 00 00 74 69 6D 65 00 00 00 00 01 
BC 07 70 6F 73 69 74 69 6F 6E BC 00 00 00 00 00 
00 00 00 00 00 A8 76 65 6C 6F 63 69 74 79 00 00 
00 00 00 00 00 00 00 00 00 00 74 69 6D 65 00 00 
00 00 01 BC 07 70 6F 73 69 74 69 6F 6E BC 00 00 
00 00 00 00 00 00 00 00 A8 70 6F 73 69 74 69 6F 
6E 00 00 00 00 00 00 00 00 00 00 00 AA 74 69 6D 
65 00 00 00 00 01 BC 07 70 6F 73 69 74 69 6F 6E 
BC 00 00 00 00 00 00 00 00 00 00 A8 76 65 6C 6F 
63 69 74 79 00 00 00 00 00 00 00 00 00 00 00 00 
74 69 6D 65 00 00 00 00 01 BC 07 70 6F 73 69 74 
69 6F 6E BC 00 00 00 00 00 00 00 00 00 00 A8 70 
6F 73 69 74 69 6F 6E 00 00 00 00 00 00 00 00 00 
00 00 A7 74 69 6D 65 00 00 00 00 01 BC 07 70 6F 
73 69 74 69 6F 6E BC 00 00 00 00 00 00 00 00 00 
00 A8 44 4F 50 00 00 00 00 00 00 00 00 74 69 6D 
65 00 0E 00 00 00 AC 06 74 69 6D 65 00 00 00 00 
01 BC 07 70 6F 73 69 74 69 6F 6E BC 00 00 00 00 
00 00 00 00 00 00 A8 70 6F 73 69 74 69 6F 6E 00 
00 00 00 00 00 00 00 00 00 00 A7 74 69 6D 65 00 
00 00 00 01 BC 07 70 6F 73 69 74 69 6F 6E BC 00 
00 00 00 00 00 00 00 00 00 A8 70 6F 73 69 74 69 
6F 6E 00 00 00 00 00 00 00 00 06 00 00 00 74 69 
6D 65 00 00 00 00 01 BC 07 70 6F 73 69 74 69 6F 
6E BC 00 00 00 00 00 00 00 00 00 00 A8 74 69 6D 
65 00 00 00 00 01 BC 07 70 6F 73 69 74 69 6F 6E 
BC 00 00 00 00 00 00 00 00 00 00 A8 74 69 6D 65 
00 00 00 00 01 BC 07 70 6F 73 69 74 69 6F 6E BC 
00 00 00 00 00 00 00 00 00 00 A8 76 65 6C 6F 63 
69 74 79 00 00 00 00 00 00 00 00 00 00 00 00 74 
69 6D 65 00 00 00 00 01 BC 07 70 6F 73 69 74 69 
6F 6E BC 00 00 00 00 00 00 00 00 00 00 A8 70 6F 
73 69 74 69 6F 6E 00 00 00 00 00 00 00 00 00 00 
00 00 74 69 6D 65 00 00 00 00 01 BC 07 70 6F 73 
69 74 69 6F 6E BC 00 00 00 00 00 00 00 00 00 00 
A8 44 4F 50 00 00 00 00 00 00 00 00 74 69 6D 65 
00 0E 00 00 00 AC 06 74 69 6D 65 00 00 00 00 01 
BC 07 70 6F 73 69 74 69 6F 6E BC 00 00 00 00 00 
00 00 00 00 00 A8 74 69 6D 65 00 00 00 06 00 BC 
07 70 6F 73 69 74 69 6F 6E 00 00 00 00 00 00 00 
00 1D 00 00 00 74 69 6D 65 00 00 00 00 01 BC 07 
70 6F 73 69 74 69 6F 6E BC 00 00 00 00 00 00 00 
00 00 00 A8 74 69 6D 65 00 00 00 00 01 BC 07 70 
6F 73 69 74 69 6F 6E BC 00 00 00 00 00 00 00 00 
00 00 A8 74 69 6D 65 00 00 00 06 01 BC 07 74 69 
6D 65 00 00 00 00 01 BC 07 70 6F 73 69 74 69 6F 
6E BC 00 00 00 00 00 00 00 00 00 00 A8 70 6F 73 
69 74 69 6F 6E 00 00 00 00 00 00 00 00 00 00 00 
00 74 69 6D 65 00 00 00 00 01 BC 07 70 6F 73 69 
74 69 6F 6E BC 00 00 00 00 00 00 00 00 00 00 A8 
76 65 6C 6F 63 69 74 79 00 00 00 00 00 00 00 00 
00 00 00 00 74 69 6D 65 00 00 00 00 01 BC 07 70 
6F 73 69 74 69 6F 6E BC 00 00 00 00 00 00 00 00 
00 00 A8 70 6F 73 69 74 69 6F 6E 00 00 00 00 00 
00 00 00 00 00 00 00 74 69 6D 65 00 00 00 00 01 
BC 07 70 6F 73 69 74 69 6F 6E BC 00 00 00 00 00 
00 00 00 00 00 A8 74 69 6D 65 00 00 00 06 01 BC 
07 74 69 6D 65 00 00 00 00 01 BC 07 70 6F 73 69 
74 69 6F 6E BC 00 00 00 00 00 00 00 00 00 00 A8 
70 6F 73 69 74 69 6F 6E 00 00 00 00 00 00 00 00 
00 00 00 00 74 69 6D 65 00 00 00 00 01 BC 07 70 
6F 73 69 74 69 6F 6E BC 00 00 00 00 00 00 00 00 
00 00 A8 76 65 6C 6F 63 69 74 79 00 00 00 00 00 
00 00 00 00 00 00 00 74 69 6D 65 00 00 00 00 01 
BC 07 70 6F 73 69 74 69 6F 6E BC 00 00 00 00 00 
00 00 00 00 00 A8 70 6F 73 69 74 69 6F 6E 00 00 
00 00 00 00 00 00 00 00 00 00 74 69 6D 65 00 00 
00 00 01 BC 07 70 6F 73 69 74 69 6F 6E BC 00 00 
00 00 00 00 00 00 00 00 A8 74 69 6D 65 00 00 00 
06 01 BC 07 74 69 6D 65 00 00 00 00 01 BC 07 70 
6F 73 69 74 69 6F 6E BC 00 00 00 00 00 00 00 00 
00 00 A8 70 6F 73 69 74 69 6F 6E 00 00 00 00 00 
00 00 00 00 00 00 00 74 69 6D 65 00 00 00 00 01 
BC 07 70 6F 73 69 74 69 6F 6E BC 00 00 00 00 00 
00 00 00 00 00 A8 76 65 6C 6F 63 69 74 79 00 00 
00 00 00 00 00 00 00 00 00 00 74 69 6D 65 00 00 
00 00 01 BC 07 70 6F 73 69 74 69 6F 6E BC 00 00 
00 00 00 00 00 00 00 00 A8 70 6F 73 69 74 69 6F 
6E 00 00 00 00 00 00 00 00 00 00 00 00 74 69 6D 
65 00 00 00 00 01 BC 07 70 6F 73 69 74 69 6F 6E 
BC 00 00 00 00 00 00 00 00 00 00 A8 74 69 6D 65 
00 00 00 06 01 BC 07 74 69 6D 65 00 00 00 00 01 
BC 07 70 6F 73 69 74 69 6F 6E BC 00 00 00 00 00 
00 00 00 00 00 A8 44 4F 50 00 00 00 00 06 00 00 
00 74 69 6D 65 00 00 00 3F 00 00 06 74 69 6D 65 
00 00 00 00 01 BC 07 70 6F 73 69 74 69 6F 6E BC 
00 00 00 00 00 00 00 00 00 00 A8 74 69 6D 65 00 
00 00 06 01 BC 07 74 69 6D 65 00 00 00 00 01 BC 
07 70 6F 73 69 74 69 6F 6E BC 00 00 00 00 00 00 
00 00 00 00 A8 70 6F 73 69 74 69 6F 6E 00 00 00 
00 00 00 00 00 00 00 00 00 74 69 6D 65 00 00 00 
00 01 BC 07 70 6F 73 69 74 69 6F 6E BC 00 00 00 
00 00 00 00 00 00 00 A8 76 65 6C 6F 63 69 74 79 
00 00 00 00 00 00 00 00 00 00 00 00 74 69 6D 65 
00 00 00 00 01 BC 07 70 6F 73 69 74 69 6F 6E BC 
00 00 00 00 00 00 00 00 00 00 A8 70 6F 73 69 74 
69 6F 6E 00 00 00 00 00 00 00 00 00 00 00 00 74 
69 6D 65 00 00 00 00 01 BC 07 70 6F 73 69 74 69 
6F 6E BC 00 00 00 00 00 00 00 00 00 00 A8 74 69 
6D 65 00 00 00 06 01 BC 07 74 69 6D 65 00 00 00 
00 01 BC 07 70 6F 73 69 74 69 6F 6E BC 00 00 00 
00 00 00 00 00 00 00 A8 70 6F 73 69 74 69 6F 6E 
00 00 00 00 00 00 00 00 00 00 00 00 74 69 6D 65 
00 00 00 00 01 BC 07 70 6F 73 69 74 69 6F 6E BC 
00 00 00 00 00 00 00 00 00 00 A8 76 65 6C 6F 63 
69 74 79 00 00 00 00 00 00 00 00 00 00 00 00 74 
69 6D 65 00 00 00 00 01 BC 07 70 6F 73 69 74 69 
6F 6E BC 00 00 00 00 00 00 00 00 00 00 A8 70 6F 
73 69 74 69 6F 6E 00 00 00 00 00 00 00 00 00 00 
00 00 74 69 6D 65 00 00 00 00 01 BC 07 70 6F 73 
69 74 69 6F 6E BC 00 00 00 00 00 00 00 00 00 00 
A8 74 69 6D 65 00 00 00 06 01 BC 07 74 69 6D 65 
00 00 00 00 01 BC 07 70 6F 73 69 74 69 6F 6E BC 
00 00 00 00 00 00 00 00 00 00 A8 70 6F 73 69 74 
69 6F 6E 00 00 00 00 00 00 00 00 00 00 00 00 74 
69 6D 65 00 00 00 00 01 BC 07 70 6F 73 69 74 69 
6F 6E BC 00 00 00 00 00 00 00 00 00 00 A8 76 65 
6C 6F 63 69 74 79 00 00 00 00 00 00 00 00 00 00 
00 00 74 69 6D 65 00 00 00 00 01 BC 07 70 6F 73 
69 74 69 6F 6E BC 00 00 00 00 00 00 00 00 00 00 
A8 70 6F 73 69 74 69 6F 6E 00 00 00 00 00 00 00 
00 00 00 00 00 74 69 6D 65 00 00 00 00 01 BC 07 
70 6F 73 69 74 69 6F 6E BC 00 00 00 00 00 00 00 
00 00 00 A8 74 69 6D 65 00 00 00 06 01 BC 07 74 
69 6D 65 00 00 00 00 01 BC 07 70 6F 73 69 74 69 
6F 6E BC 00 00 00 00 00 00 00 00 00 00 A8 70 6F 
73 69 74 69 6F 6E 00 00 00 00 00 00 00 00 00 00 
00 00 74 69 6D 65 00 00 00 00 01 BC 07 70 6F 73 
69 74 69 6F 6E BC 00 00 00 00 00 00 00 00 00 00 
A8 76 65 6C 6F 63 69 74 79 00 00 00 00 00 00 00 
00 00 00 00 00 74 69 6D 65 00 00 00 00 01 BC 07 
70 6F 73 69 74 69 6F 6E BC 00 00 00 00 00 00 00 
00 00 00 A8 70 6F 73 69 74 69 6F 6E 00 00 00 00 
00 00 00 00 00 00 00 00 74 69 6D 65 00 00 00 00 
01 BC 07 70 6F 73 69 74 69 6F 6E BC 00 00 00 00 
00 00 00 00 00 00 A8 74 69 6D 65 00 00 00 06 01 
BC 07 
-----------------------------------------------
Date: 21-08-2017 - 22:29:50
End log file
