Terminal log file
Date: 03-10-2017 - 23:42:00
-----------------------------------------------
00 00 00 00 3F 3F 04 AC 34 C2 8D 0A 8F 4E 58 22 
B0 56 61 0C BD A2 03 00 F5 0A 3F 3F 05 AC FB 00 
00 DC 0A 3F 3F 08 AC 09 03 13 11 0E 0F 17 1B 0D 
12 10 07 C1 0C C1 0C 5A A5 A5 00 00 00 0B F8 00 
0A 3F 3F 0A AC 2A 2C 00 00 00 00 2F 2A 00 00 2B 
31 BF 0A 3F 3F 0B AC DE 00 7B 01 00 00 00 00 03 
0A 3F 3F 0E AC 00 00 00 00 70 2B 67 0B 00 7B 76 
2B 93 FA FF FF DA 0A 3F 3F 0F AC 12 0B 09 03 0A 
E1 07 5C 0A 00 F8 00 0A 3F 3F 0A AC 2A 2C 00 00 
00 00 2F 2A 00 00 2B 31 BF 0A 3F 3F 0B AC DE 00 
7B 01 00 00 00 00 00 00 3F 3F 04 AC 87 C1 8D 0A 
17 4D 58 22 31 59 61 0C BE A2 03 00 53 0A 3F 3F 
05 AC DE FF FF FF 00 00 93 0A 3F 3F 08 AC 09 03 
13 11 0E 0F 17 1B 14 12 10 07 C1 0C C1 0C 5A A5 
A5 00 00 00 0B F9 18 0A 3F 3F 00 00 03 0A 3F 3F 
0E AC 00 00 00 00 20 2E 67 0B 40 7B 76 2B E1 F9 
FF FF BE 0A 3F 3F 0F AC 12 0B 0A 03 0A E1 07 5F 
0A 00 07 5F 0A 00 00 00 00 00 2F 2A 00 00 2B 30 
BE 0A 3F 3F 0B AC DE 00 7B 01 00 00 0A E1 07 5F 
0A 00 00 00 00 00 2F 2A 00 00 2B 30 BE 0A 3F 3F 
0B AC DE 00 7B 01 00 00 00 00 00 00 3F 3F 04 AC 
71 C1 8D 0A D0 4D 58 22 1C 5B 61 0C BF A2 03 00 
4C 0A 3F 3F 05 AC FB FF FF FF E7 00 00 03 0A 3F 
3F 0E AC 00 00 00 00 90 2F 67 0B 80 7B 76 2B 23 
FB FF FF 0F 0A 3F 3F 0F AC 12 0B 0B 03 0A E1 07 
5E 0A 00 E1 07 5E 0A 00 FF FF 00 00 00 00 A7 0A 
3F 3F 06 AC 8D 28 03 00 BF A2 03 00 B1 07 00 00 
A4 0A 3F 3F 08 AC 09 03 13 11 0E 0F 17 1B 14 12 
10 07 C1 0C C1 0C 5A A5 A5 00 00 00 0B F9 18 0A 
3F 3F 0A AC 2B 2D 00 00 00 00 2D 2A 00 00 2B 30 
BC 0A 3F 3F 0B AC DE 00 7B 01 00 00 00 00 00 00 
3F 3F 04 AC 8E C1 8D 0A B9 4C 58 22 09 59 61 0C 
C0 A2 03 00 B3 0A 3F 3F 05 AC F3 FF FF FF D6 00 
00 03 0A 3F 3F 0E AC 00 00 00 00 10 2E 67 0B 00 
7B 76 2B 80 F9 FF FF AF 0A 3F 3F 0F AC 12 0B 0C 
03 0A E1 07 59 0A 00 E1 07 59 0A 00 FF FF 00 00 
00 00 9C 0A 3F 3F 06 AC 61 30 03 00 C0 A2 03 00 
B1 07 00 00 2F 0A 3F 3F 08 AC 09 03 13 11 0E 0F 
17 1B 14 12 10 07 C1 0C C1 0C 5A A5 A5 00 00 00 
0B F9 18 0A 3F 3F 0A AC 2B 2D 00 00 00 00 2D 2A 
00 00 2D 31 BB 0A 3F 3F 0B AC DE 00 7B 01 00 00 
00 00 00 00 3F 3F 04 AC 2D C3 8D 0A 0E 50 58 22 
55 58 61 0C C1 A2 03 00 E5 0A 3F 3F 05 AC 13 00 
00 00 23 00 00 00 00 00 15 0A 3F 3F 08 AC 09 03 
13 11 15 0F 17 1B 14 12 10 07 C3 0C C3 0C 5A A5 
A5 00 00 00 0B F8 02 0A 3F 3F 0A AC 2B 2E 00 00 
00 00 2E 2A 00 00 2D 31 BB 0A 3F 3F 0B AC 76 00 
3C 01 00 00 00 00 EC 0A 3F 3F 0E AC 00 00 00 00 
70 2C 67 0B C0 7A 76 2B BB FC FF FF 32 0A 3F 3F 
0F AC 12 0B 0D 03 0A E1 07 58 0A 00 2B 2E 00 00 
00 00 2E 2A 00 00 2D 31 BB 0A 3F 3F 0B AC 76 00 
3C 01 00 00 00 00 00 00 3F 3F 04 AC 01 C2 8D 0A 
FA 4C 58 22 B7 57 61 0C C2 A2 03 00 CE 0A 3F 3F 
05 AC 08 00 00 00 14 00 00 00 00 15 0A 3F 3F 08 
AC 09 03 13 11 15 0F 17 1B 14 12 10 07 C3 0C C3 
0C 5A A5 A5 00 00 00 0B F8 02 0A 3F 3F 0A AC 2B 
2E 00 00 00 00 2E 2A 00 00 2D 30 BA 0A 3F 3F 0B 
AC 76 00 3C 01 00 00 00 00 EC 0A 3F 3F 0E AC 00 
00 00 00 D0 2C 67 0B 00 7B 76 2B 6C F9 FF FF 81 
0A 3F 3F 0F AC 12 0B 0E 03 0A E1 07 5B 0A 00 AC 
2B 2E 00 00 00 00 2E 2A 00 00 2D 30 BA 0A 3F 3F 
0B AC 76 00 3C 01 00 00 00 00 00 00 3F 3F 04 AC 
07 C1 8D 0A F3 4C 58 22 D9 56 61 0C C3 A2 03 00 
AC 0A 3F 3F 05 AC 03 00 00 00 02 00 00 2E 0A 3F 
3F 08 AC 09 03 13 11 15 16 17 1B 14 12 10 07 C3 
0C C3 0C 5A A5 A5 00 00 00 0B F8 1B 0A 3F 3F 0A 
AC 2B 2D 00 00 00 00 2E 2A 00 00 2D 30 B9 0A 3F 
3F 0B AC 76 00 3C 01 00 00 00 00 EC 0A 3F 3F 0E 
AC 00 00 00 00 30 2C 67 0B 80 7B 76 2B D8 F8 FF 
FF 54 0A 3F 3F 0F AC 12 0B 0F 03 0A E1 07 5A 0A 
00 3F 0A AC 2B 2D 00 00 00 00 2E 2A 00 00 2D 30 
B9 0A 3F 3F 0B AC 76 00 3C 01 00 00 00 00 00 00 
3F 3F 04 AC BA C0 8D 0A 01 4D 58 22 0A 57 61 0C 
C4 A2 03 00 36 0A 3F 3F 05 AC 0F 00 00 00 2E 00 
00 00 00 29 0A 3F 3F 08 AC 09 03 13 11 15 16 17 
1B 14 12 10 07 C3 0C C3 0C 5A A5 A5 00 00 00 0B 
F9 1A 0A 3F 3F 0A AC 2B 2D 00 00 00 00 2E 2A 00 
00 2C 2E A6 0A 3F 3F 0B AC 76 00 3C 01 00 00 00 
00 EC 0A 3F 3F 0E AC 00 00 00 00 60 2C 67 0B 00 
7C 76 2B E0 F8 FF FF BB 0A 3F 3F 0F AC 12 0B 10 
03 0A E1 07 45 0A 00 AC 2B 2D 00 00 00 00 2E 2A 
00 00 2C 2E A6 0A 3F 3F 0B AC 76 00 3C 01 00 00 
00 00 00 00 3F 3F 04 AC 1C C0 8D 0A 00 4D 58 22 
0C 56 61 0C C5 A2 03 00 97 0A 3F 3F 05 AC 04 00 
00 00 0F 00 00 00 04 00 00 EC 0A 3F 3F 0E AC 00 
00 00 00 A0 2B 67 0B 80 7C 76 2B 60 F8 FF FF 7C 
0A 3F 3F 0F AC 12 0B 11 03 0A E1 07 44 0A 00 00 
00 00 00 00 00 00 A6 0A 3F 3F 06 AC E4 57 03 00 
C5 A2 03 00 B1 07 00 00 C8 0A 3F 3F 08 AC 09 03 
13 11 15 16 17 1B 14 12 10 07 C3 0C C3 0C 5A A5 
A5 00 00 00 0B F9 1A 0A 3F 3F 0A AC 2D 2E 00 00 
00 00 2E 2B 00 00 2C 2E A2 0A 3F 3F 0B AC 76 00 
3C 01 00 00 00 00 00 00 3F 3F 04 AC 0B C0 8D 0A 
49 4E 58 22 B1 56 61 0C C6 A2 03 00 74 0A 3F 3F 
05 AC 03 00 00 00 00 EC 0A 3F 3F 0E AC 00 00 00 
00 C0 2B 67 0B 00 7D 76 2B BA F9 FF FF 46 0A 3F 
3F 0F AC 12 0B 12 03 0A E1 07 47 0A 00 03 0A E1 
07 47 0A 00 00 00 00 00 00 00 AF 0A 3F 3F 06 AC 
C9 5F 03 00 C6 A2 03 00 B1 07 00 00 EE 0A 3F 3F 
08 AC 09 03 13 11 15 16 17 1B 14 12 10 07 C3 0C 
C3 0C 5A A5 A5 00 00 00 0B F9 1A 0A 3F 3F 0A AC 
2D 2E 00 00 00 00 2E 2B 00 00 2B 2E A5 0A 3F 3F 
0B AC 76 00 3C 01 00 00 00 00 00 00 3F 3F 04 AC 
B7 BE 8D 0A 3A 4D 58 22 0F 55 61 0C C7 A2 03 00 
7A 0A 3F 3F 05 AC FB FF FF FF 05 00 00 EC 0A 3F 
3F 0E AC 00 00 00 00 D0 2A 67 0B C0 7D 76 2B DE 
F7 FF FF FD 0A 3F 3F 0F AC 12 0B 13 03 0A E1 07 
46 0A 00 E1 07 46 0A 00 FF FF 00 00 00 00 A9 0A 
3F 3F 06 AC A5 67 03 00 C7 A2 03 00 B1 07 00 00 
BB 0A 3F 3F 08 AC 09 03 13 11 15 16 17 1B 14 12 
10 07 C3 0C C3 0C 5A A5 A5 00 00 00 0B F8 1B 0A 
3F 3F 0A AC 2B 2F 00 00 00 00 2D 29 00 00 2B 2E 
A3 0A 3F 3F 0B AC 76 00 3C 01 00 00 00 00 00 00 
3F 3F 04 AC A7 BE 8D 0A 1E 4C 58 22 43 54 61 0C 
C8 A2 03 00 0D 0A 3F 3F 05 AC 09 00 00 00 F8 FF 
FF FF FA FF 00 00 8E 0A 3F 3F 08 AC 09 03 13 11 
15 16 17 1B 14 12 10 07 C3 0C C3 0C 5A A5 A5 00 
00 00 0B F8 1B 0A 3F 3F 0A AC 2B 2F 00 00 00 00 
2D 29 00 00 2C 2E A4 0A 3F 3F 0B AC 76 00 3C 01 
00 00 00 00 EC 0A 3F 3F 0E AC 00 00 00 00 70 2A 
67 0B C0 7D 76 2B 96 F6 FF FF 14 0A 3F 3F 0F AC 
12 0B 14 03 0A E1 07 41 0A 00 00 00 00 00 2D 29 
00 00 2C 2E A4 0A 3F 3F 0B AC 76 00 3C 01 00 00 
00 00 00 00 3F 3F 04 AC 87 BE 8D 0A 63 4B 58 22 
BB 53 61 0C C9 A2 03 00 A9 0A 3F 3F 05 AC F3 FF 
FF FF E0 FF FF FF 00 00 7F 0A 3F 3F 08 AC 09 03 
13 11 15 16 17 1B 14 12 10 07 C3 0C C3 0C 5A A5 
A5 00 00 00 0B F8 1B 0A 3F 3F 0A AC 2B 2E 00 00 
00 00 2E 26 00 00 2C 2E A9 0A 3F 3F 0B AC 76 00 
3C 01 00 00 00 00 EC 0A 3F 3F 0E AC 00 00 00 00 
30 2A 67 0B C0 7D 76 2B B8 F5 FF FF 79 0A 3F 3F 
0F AC 12 0B 15 03 0A E1 07 40 0A 00 2B 2E 00 00 
00 00 2E 26 00 00 2C 2E A9 0A 3F 3F 0B AC 76 00 
3C 01 00 00 00 00 00 00 3F 3F 04 AC 70 C1 8D 0A 
35 4E 58 22 0A 56 61 0C CA A2 03 00 C5 0A 3F 3F 
05 AC F8 FF FF FF FE 00 00 63 0A 3F 3F 08 AC 09 
03 13 18 15 16 17 1B 14 19 10 07 C3 0C C3 0C 5A 
A5 A5 00 00 00 0B F9 18 0A 3F 3F 0A AC 2B 2E 00 
00 00 00 2E 26 00 00 2C 2D AA 0A 3F 3F 0B AC 76 
00 3C 01 00 00 00 00 EC 0A 3F 3F 0E AC 00 00 00 
00 30 2B 67 0B 80 7B 76 2B D5 F9 FF FF 5F 0A 3F 
3F 0F AC 12 0B 16 03 0A E1 07 43 0A 00 3F 0A AC 
2B 2E 00 00 00 00 2E 26 00 00 2C 2D AA 0A 3F 3F 
0B AC 76 00 3C 01 00 00 00 00 00 00 3F 3F 04 AC 
1A C2 8D 0A AF 4D 58 22 05 56 61 0C CB A2 03 00 
3B 0A 3F 3F 05 AC 03 00 00 00 07 00 00 C1 0A 3F 
3F 08 AC 09 03 13 18 15 16 17 1B 14 19 10 07 C3 
0C C3 0C 5A A5 A5 00 00 00 0B F9 18 0A 3F 3F 0A 
AC 2B 2D 00 00 00 00 2E 26 00 00 2C 2D A9 0A 3F 
3F 0B AC 76 00 3C 01 00 00 00 00 EC 0A 3F 3F 0E 
AC 00 00 00 00 40 2B 67 0B 00 7B 76 2B 89 F9 FF 
FF F3 0A 3F 3F 0F AC 12 0B 17 03 0A E1 07 42 0A 
00 3F 0A AC 2B 2D 00 00 00 00 2E 26 00 00 2C 2D 
A9 0A 3F 3F 0B AC 76 00 3C 01 00 00 00 00 00 00 
3F 3F 04 AC 47 C1 8D 0A 83 4C 58 22 4B 56 61 0C 
CC A2 03 00 01 0A 3F 3F 05 AC F5 FF FF FF 00 00 
E9 0A 3F 3F 08 AC 09 03 13 18 15 16 17 1B 14 19 
10 07 C3 0C C3 0C 5A A5 A5 00 00 00 0B F9 18 0A 
3F 3F 0A AC 00 00 EB 0A 3F 3F 0E AC 00 00 00 00 
D0 2B 67 0B 40 7B 76 2B 57 F8 FF FF FC 0A 3F 3F 
0F AC 12 0B 18 03 0A E1 07 4D 0A 00 0A 00 00 00 
00 00 2E 26 00 00 2B 2E AD 0A 3F 3F 0B AC 76 00 
3B 01 00 00 0A E1 07 4D 0A 00 00 00 00 00 2E 26 
00 00 2B 2E AD 0A 3F 3F 0B AC 76 00 3B 01 00 00 
00 00 00 00 3F 3F 04 AC 98 C0 8D 0A 11 4C 58 22 
72 56 61 0C CD A2 03 00 75 0A 3F 3F 05 AC E1 FF 
FF FF 00 00 EB 0A 3F 3F 0E AC 00 00 00 00 20 2C 
67 0B 00 7C 76 2B CC F7 FF FF D8 0A 3F 3F 0F AC 
12 0B 19 03 0A E1 07 4C 0A 00 0A E1 07 4C 0A 00 
FF FF 00 00 00 00 96 0A 3F 3F 06 AC FE 96 03 00 
CD A2 03 00 B1 07 00 00 1B 0A 3F 3F 08 AC 09 03 
1A 18 15 16 17 1B 14 19 10 07 C3 0C C3 0C 5A A5 
A5 00 00 00 0B F8 10 0A 3F 3F 0A AC 2B 2E 00 00 
00 00 2E 26 00 00 2B 2E AE 0A 3F 3F 0B AC 76 00 
3B 01 00 00 00 00 00 00 3F 3F 04 AC C3 C3 8D 0A 
A3 50 58 22 FB 57 61 0C CE A2 03 00 08 0A 3F 3F 
05 AC F6 FF FF FF 07 00 00 00 EB 0A 3F 3F 0E AC 
00 00 00 00 F0 2B 67 0B 80 7A 76 2B 4E FD FF FF 
01 0A 3F 3F 0F AC 12 0B 1A 03 0A E1 07 4F 0A 00 
07 4F 0A 00 FF FF 00 00 00 00 B5 0A 3F 3F 06 AC 
E6 9E 03 00 CE A2 03 00 B1 07 00 00 08 0A 3F 3F 
08 AC 09 03 1A 18 15 16 17 1B 14 19 10 07 C3 0C 
C3 0C 5A A5 A5 00 00 00 0B F8 10 0A 3F 3F 0A AC 
2B 2E 00 00 00 00 2E 26 00 00 2B 2E AE 0A 3F 3F 
0B AC 76 00 3B 01 00 00 00 00 00 00 3F 3F 04 AC 
A9 C3 8D 0A C8 4E 58 22 86 57 61 0C CF A2 03 00 
6B 0A 3F 3F 05 AC 00 00 00 00 05 00 00 00 7F 0A 
3F 3F 08 AC 09 03 1A 18 15 16 17 1B 1C 19 10 07 
C3 0C C3 0C 5A A5 A5 00 00 00 0B F8 18 0A 3F 3F 
0A AC 2A 2D 00 00 00 00 2F 26 00 00 2B 2E AD 0A 
3F 3F 0B AC 76 00 3B 01 00 00 00 00 EB 0A 3F 3F 
0E AC 00 00 00 00 00 2C 67 0B C0 79 76 2B 73 FB 
FF FF 8E 0A 3F 3F 0F AC 12 0B 1B 03 0A E1 07 4E 
0A 00 0A AC 2A 2D 00 00 00 00 2F 26 00 00 2B 2E 
AD 0A 3F 3F 0B AC 76 00 3B 01 00 00 00 00 00 00 
3F 3F 04 AC 34 C3 8D 0A 8A 4D 58 22 D0 58 61 0C 
D0 A2 03 00 F1 0A 3F 3F 05 AC FE FF FF FF 00 00 
00 00 00 00 59 0A 3F 3F 08 AC 09 03 1A 18 15 16 
17 1B 1C 19 10 07 C3 0C C3 0C 5A A5 A5 00 00 00 
0B F9 19 0A 3F 3F 0A AC 2A 2D 00 00 00 00 2F 27 
00 00 2B 2E AC 0A 3F 3F 0B AC 76 00 3B 01 00 00 
00 00 EB 0A 3F 3F 0E AC 00 00 00 00 90 2D 67 0B 
00 7A 76 2B A0 FA FF FF 0E 0A 3F 3F 0F AC 12 0B 
1C 03 0A E1 07 49 0A 00 2A 2D 00 00 00 00 2F 27 
00 00 2B 2E AC 0A 3F 3F 0B AC 76 00 3B 01 00 00 
00 00 00 00 3F 3F 04 AC 79 C3 8D 0A 96 4F 58 22 
9C 59 61 0C D1 A2 03 00 EE 0A 3F 3F 05 AC 00 00 
00 00 0B 00 00 00 00 00 A1 0A 3F 3F 08 AC 09 03 
1A 18 15 16 17 1B 1C 19 10 07 C3 0C C3 0C 5A A5 
A5 00 00 00 0B F9 19 0A 3F 3F 0A AC 2B 2E 00 00 
00 00 2F 27 00 00 2B 2E AE 0A 3F 3F 0B AC 76 00 
3B 01 00 00 00 00 EB 0A 3F 3F 0E AC 00 00 00 00 
A0 2D 67 0B 80 7A 76 2B CF FC FF FF D7 0A 3F 3F 
0F AC 12 0B 1D 03 0A E1 07 48 0A 00 2B 2E 00 00 
00 00 2F 27 00 00 2B 2E AE 0A 3F 3F 0B AC 76 00 
3B 01 00 00 00 00 00 00 3F 3F 04 AC 4A C4 8D 0A 
90 50 58 22 C8 59 61 0C D2 A2 03 00 94 0A 3F 3F 
05 AC FA FF FF FF F3 FF FF 00 00 9D 0A 3F 3F 08 
AC 09 03 1A 18 1D 16 17 1B 1C 19 10 07 C3 0C C3 
0C 5A A5 A5 00 00 00 0B F9 11 0A 3F 3F 0A AC 2B 
2E 00 00 00 00 2F 26 00 00 2A 2E AE 0A 3F 3F 0B 
AC 76 00 3B 01 00 00 00 00 EB 0A 3F 3F 0E AC 00 
00 00 00 60 2D 67 0B C0 79 76 2B FA FD FF FF 60 
0A 3F 3F 0F AC 12 0B 1E 03 0A E1 07 4B 0A 00 AC 
2B 2E 00 00 00 00 2F 26 00 00 2A 2E AE 0A 3F 3F 
0B AC 76 00 3B 01 00 00 00 00 00 00 3F 3F 04 AC 
9D C5 8D 0A 9C 51 58 22 D7 5A 61 0C D3 A2 03 00 
52 0A 3F 3F 05 AC 07 00 00 00 EC FF FF FF F6 FF 
00 00 EB 0A 3F 3F 0E AC 00 00 00 00 E0 2D 67 0B 
00 79 76 2B A3 FF FF FF 7B 0A 3F 3F 0F AC 12 0B 
1F 03 0A E1 07 4A 0A 00 FF FF 00 00 00 00 B4 0A 
3F 3F 06 AC 30 C6 03 00 D3 A2 03 00 B1 07 00 00 
9B 0A 3F 3F 08 AC 09 03 1A 18 1D 16 17 1B 1C 19 
10 07 C3 0C C3 0C 5A A5 A5 00 00 00 0B F8 10 0A 
3F 3F 0A AC 2B 2E 00 00 00 00 2F 26 00 00 2A 2E 
AE 0A 3F 3F 0B AC 76 00 3B 01 00 00 00 00 00 00 
3F 3F 04 AC 25 C3 8D 0A B4 50 58 22 60 5A 61 0C 
D4 A2 03 00 75 0A 3F 3F 05 AC EC FF FF FF DB FF 
FF 00 00 EB 0A 3F 3F 0E AC 00 00 00 00 F0 2D 67 
0B 00 7B 76 2B FB FD FF FF 33 0A 3F 3F 0F AC 12 
0B 20 03 0A E1 07 75 0A 00 75 0A 00 FF FF 00 00 
00 00 8C 0A 3F 3F 06 AC 0C CE 03 00 D4 A2 03 00 
B1 07 00 00 A8 0A 3F 3F 08 AC 09 03 1A 18 1D 1E 
17 1B 1C 19 10 07 C3 0C C3 0C 5A A5 A5 00 00 00 
0B F8 18 0A 3F 3F 0A AC 2B 2E 00 00 00 00 2F 27 
00 00 2B 2F AF 0A 3F 3F 0B AC 76 00 3B 01 00 00 
00 00 00 00 3F 3F 04 AC 5A C2 8D 0A 92 4F 58 22 
EF 59 61 0C D5 A2 03 00 BF 0A 3F 3F 05 AC 04 00 
00 00 03 00 00 EB 0A 3F 3F 0E AC 00 00 00 00 F0 
2D 67 0B 40 7B 76 2B 98 FC FF FF 11 0A 3F 3F 0F 
AC 12 0B 21 03 0A E1 07 74 0A 00 E1 07 74 0A 00 
00 00 00 00 00 00 AC 0A 3F 3F 06 AC FB D5 03 00 
D5 A2 03 00 B1 07 00 00 45 0A 3F 3F 08 AC 09 03 
1A 18 1D 1E 17 1B 1C 19 10 07 C3 0C C3 0C 5A A5 
A5 00 00 00 0B F8 18 0A 3F 3F 0A AC 2B 2E 00 00 
00 00 2F 27 00 00 2B 2F AF 0A 3F 3F 0B AC 76 00 
3B 01 00 00 00 00 00 00 3F 3F 04 AC F2 C3 8D 0A 
CD 51 58 22 53 5A 61 0C D6 A2 03 00 EB 0A 3F 3F 
05 AC 0F 00 00 00 11 00 00 00 03 00 00 59 0A 3F 
3F 08 AC 09 03 1A 18 1D 1E 17 1B 1C 19 10 07 C3 
0C C3 0C 5A A5 A5 00 00 00 0B F9 19 0A 3F 3F 0A 
AC 2B 2E 00 00 00 00 2F 27 00 00 2A 30 B1 0A 3F 
3F 0B AC 76 00 3B 01 00 00 00 00 EB 0A 3F 3F 0E 
AC 00 00 00 00 90 2D 67 0B 80 7A 76 2B 2D FF FF 
FF 06 0A 3F 3F 0F AC 12 0B 22 03 0A E1 07 77 0A 
00 2E 00 00 00 00 2F 27 00 00 2A 30 B1 0A 3F 3F 
0B AC 76 00 3B 01 00 00 00 00 00 00 3F 3F 04 AC 
8A C3 8D 0A 75 51 58 22 F6 59 61 0C D7 A2 03 00 
8C 0A 3F 3F 05 AC 09 00 00 00 2C 00 00 00 00 4F 
0A 3F 3F 08 AC 09 03 1A 18 1D 1E 17 1B 1C 19 10 
07 C3 0C C3 0C 5A A5 A5 00 00 00 0B F9 19 0A 3F 
3F 0A AC 2B 2E 00 00 00 00 2E 27 00 00 2A 30 B0 
0A 3F 3F 0B AC 76 00 3B 01 00 00 00 00 EB 0A 3F 
3F 0E AC 00 00 00 00 50 2D 67 0B C0 7A 76 2B A2 
FE FF FF 08 0A 3F 3F 0F AC 12 0B 23 03 0A E1 07 
76 0A 00 AC 2B 2E 00 00 00 00 2E 27 00 00 2A 30 
B0 0A 3F 3F 0B AC 76 00 3B 01 00 00 00 00 00 00 
3F 3F 04 AC F1 C3 8D 0A B5 50 58 22 FF 58 61 0C 
D8 A2 03 00 31 0A 3F 3F 05 AC 07 00 00 00 13 00 
00 00 25 0A 3F 3F 08 AC 09 03 1A 18 1D 1E 17 1B 
1C 19 10 07 C3 0C C3 0C 5A A5 A5 00 00 00 0B F9 
19 0A 3F 3F 0A AC 2B 2E 00 00 00 00 2E 27 00 00 
27 2E A3 0A 3F 3F 0B AC 76 00 3B 01 00 00 00 00 
EB 0A 3F 3F 0E AC 00 00 00 00 C0 2C 67 0B 00 7A 
76 2B C1 FD FF FF 39 0A 3F 3F 0F AC 12 0B 24 03 
0A E1 07 71 0A 00 0A AC 2B 2E 00 00 00 00 2E 27 
00 00 27 2E A3 0A 3F 3F 0B AC 76 00 3B 01 00 00 
00 00 00 00 3F 3F 04 AC F0 C3 8D 0A 21 53 58 22 
F0 59 61 0C D9 A2 03 00 A8 0A 3F 3F 05 AC E7 FF 
FF FF F9 00 00 09 0A 3F 3F 08 AC 09 03 1A 18 1D 
1E 17 1B 1C 19 10 07 C3 0C C3 0C 5A A5 A5 00 00 
00 0B F8 18 0A 3F 3F 0A AC 2B 2E 00 00 00 00 2E 
27 00 00 27 2E A3 0A 3F 3F 0B AC 76 00 3B 01 00 
00 00 00 EB 0A 3F 3F 0E AC 00 00 00 00 D0 2C 67 
0B 00 7B 76 2B 3E 00 00 00 2A 0A 3F 3F 0F AC 12 
0B 25 03 0A E1 07 70 0A 00 3F 0A AC 2B 2E 00 00 
00 00 2E 27 00 00 27 2E A3 0A 3F 3F 0B AC 76 00 
3B 01 00 00 00 00 00 00 3F 3F 04 AC E5 C0 8D 0A 
07 4F 58 22 67 57 61 0C DA A2 03 00 1E 0A 3F 3F 
00 00 EB 0A 3F 3F 0E AC 00 00 00 00 10 2C 67 0B 
80 7C 76 2B DD FA FF FF 74 0A 3F 3F 0F AC 12 0B 
26 03 0A E1 07 73 0A 00 0F AC 12 0B 26 03 0A E1 
07 73 0A 00 00 00 00 00 00 00 9C 0A 3F 3F 06 AC 
74 FD 03 00 DA A2 03 00 B1 07 00 00 ED 0A 3F 3F 
08 AC 09 03 1A 18 1D 1E 17 1B 1C 19 10 07 C3 0C 
C3 0C 5A A5 A5 00 00 00 0B F8 18 0A 3F 3F 0A AC 
2B 2E 00 00 00 00 2E 26 00 00 27 30 BC 0A 3F 3F 
0B AC 76 00 3B 01 00 00 00 00 00 00 3F 3F 04 AC 
EF C0 8D 0A AF 4D 58 22 9A 57 61 0C DB A2 03 00 
42 0A 3F 3F 05 AC F8 FF FF FF FA FF FF FF 00 00 
EB 0A 3F 3F 0E AC 00 00 00 00 90 2C 67 0B 00 7C 
76 2B BB F9 FF FF 11 0A 3F 3F 0F AC 12 0B 27 03 
0A E1 07 72 0A 00 0A 00 FF FF 00 00 00 00 AC 0A 
3F 3F 06 AC 7F 05 04 00 DB A2 03 00 B1 07 00 00 
18 0A 3F 3F 08 AC 09 03 1A 1F 1D 1E 17 1B 1C 20 
10 07 C3 0C C3 0C 5A A5 A5 00 00 00 0B F8 26 0A 
3F 3F 0A AC 2A 2E 00 00 00 00 2E 26 00 00 27 30 
BD 0A 3F 3F 0B AC 76 00 3B 01 00 00 00 00 00 00 
3F 3F 04 AC 40 C4 8D 0A 52 52 58 22 AF 58 61 0C 
DC A2 03 00 36 0A 3F 3F 05 AC 03 00 00 00 00 00 
EB 0A 3F 3F 0E AC 00 00 00 00 F0 2B 67 0B 80 7A 
76 2B 31 FF FF FF 7C 0A 3F 3F 0F AC 12 0B 28 03 
0A E1 07 7D 0A 00 0A E1 07 7D 0A 00 FF FF 00 00 
00 00 A5 0A 3F 3F 06 AC 6A 0D 04 00 DC A2 03 00 
B1 07 00 00 02 0A 3F 3F 08 AC 09 03 1A 1F 1D 1E 
17 1B 1C 20 10 07 C3 0C C3 0C 5A A5 A5 00 00 00 
0B F9 27 0A 3F 3F 0A AC 2A 2E 00 00 00 00 2E 25 
00 00 29 2F AF 0A 3F 3F 0B AC 76 00 3B 01 00 00 
00 00 00 00 3F 3F 04 AC A4 C2 8D 0A 84 51 58 22 
95 58 61 0C DD A2 03 00 3A 0A 3F 3F 05 AC FD FF 
FF FF 10 00 00 00 00 00 5C 0A 3F 3F 08 AC 09 03 
01 1F 1D 1E 17 1B 1C 20 10 07 C3 0C C3 0C 5A A5 
A5 00 00 00 0B F9 3C 0A 3F 3F 0A AC 2C 2E 00 00 
00 00 2E 25 00 00 29 2F A9 0A 3F 3F 0B AC 76 00 
3B 01 00 00 00 00 EB 0A 3F 3F 0E AC 00 00 00 00 
50 2C 67 0B 80 7B 76 2B FC FD FF FF 15 0A 3F 3F 
0F AC 12 0B 29 03 0A E1 07 7C 0A 00 2C 2E 00 00 
00 00 2E 25 00 00 29 2F A9 0A 3F 3F 0B AC 76 00 
3B 01 00 00 00 00 00 00 3F 3F 04 AC 65 C4 8D 0A 
BE 51 58 22 9F 59 61 0C DE A2 03 00 CF 0A 3F 3F 
05 AC 14 00 00 00 0D 00 00 00 5B 0A 3F 3F 08 AC 
09 03 01 1F 1D 1E 17 1B 1C 20 10 07 C3 0C C3 0C 
5A A5 A5 00 00 00 0B F9 3C 0A 3F 3F 0A AC 2C 2E 
00 00 00 00 2E 25 00 00 28 2E A9 0A 3F 3F 0B AC 
76 00 3B 01 00 00 00 00 EB 0A 3F 3F 0E AC 00 00 
00 00 F0 2C 67 0B 00 7A 76 2B 04 FF FF FF CE 0A 
3F 3F 0F AC 12 0B 2A 03 0A E1 07 7F 0A 00 0A AC 
2C 2E 00 00 00 00 2E 25 00 00 28 2E A9 0A 3F 3F 
0B AC 76 00 3B 01 00 00 00 00 00 00 3F 3F 04 AC 
64 C4 8D 0A D3 51 58 22 EE 58 61 0C DF A2 03 00 
D2 0A 3F 3F 05 AC 10 00 00 00 1E 00 00 00 00 BF 
0A 3F 3F 08 AC 09 03 01 1F 1D 1E 17 1B 02 20 10 
07 C3 0C C3 0C 5A A5 A5 00 00 00 0B F8 23 0A 3F 
3F 0A AC 2D 2E 00 00 00 00 2E 25 00 00 28 2E A8 
0A 3F 3F 0B AC 76 00 3B 01 00 00 00 00 EB 0A 3F 
3F 0E AC 00 00 00 00 50 2C 67 0B 00 7A 76 2B DC 
FE FF FF B7 0A 3F 3F 0F AC 12 0B 2B 03 0A E1 07 
7E 0A 00 AC 2D 2E 00 00 00 00 2E 25 00 00 28 2E 
A8 0A 3F 3F 0B AC 76 00 3B 01 00 00 00 00 00 00 
3F 3F 04 AC F6 C3 8D 0A 10 51 58 22 32 58 61 0C 
E0 A2 03 00 67 0A 3F 3F 05 AC 0A 00 00 00 02 00 
00 00 9D 0A 3F 3F 08 AC 09 03 01 1F 1D 1E 17 1B 
02 20 10 07 C3 0C C3 0C 5A A5 A5 00 00 00 0B F8 
23 0A 3F 3F 0A AC 2D 2E 00 00 00 00 2D 26 00 00 
29 2F A8 0A 3F 3F 0B AC 76 00 3B 01 00 00 00 00 
EB 0A 3F 3F 0E AC 00 00 00 00 F0 2B 67 0B 80 7A 
76 2B D0 FD FF FF 9F 0A 3F 3F 0F AC 12 0B 2C 03 
0A E1 07 79 0A 00 0A AC 2D 2E 00 00 00 00 2D 26 
00 00 29 2F A8 0A 3F 3F 0B AC 76 00 3B 01 00 00 
00 00 00 00 3F 3F 04 AC 52 C4 8D 0A 6B 52 58 22 
0A 59 61 0C E1 A2 03 00 84 0A 3F 3F 05 AC FA FF 
FF FF FE FF FF FF FC 00 00 EB 0A 3F 3F 0E AC 00 
00 00 00 30 2C 67 0B 80 7A 76 2B 6A FF FF FF E0 
0A 3F 3F 0F AC 12 0B 2D 03 0A E1 07 78 0A 00 00 
FF FF 00 00 00 00 AE 0A 3F 3F 06 AC D8 34 04 00 
E1 A2 03 00 B1 07 00 00 B4 0A 3F 3F 08 AC 09 03 
01 1F 1D 1E 17 1B 02 20 10 07 C3 0C C3 0C 5A A5 
A5 00 00 00 0B F8 23 0A 3F 3F 0A AC 2B 2E 00 00 
00 00 2D 26 00 00 29 2F AE 0A 3F 3F 0B AC 76 00 
3B 01 00 00 00 00 00 00 3F 3F 04 AC AF C4 8D 0A 
84 51 58 22 40 59 61 0C E2 A2 03 00 DC 0A 3F 3F 
05 AC 13 00 00 00 23 00 00 00 EB 0A 3F 3F 0E AC 
00 00 00 00 90 2C 67 0B C0 79 76 2B C5 FE FF FF 
AD 0A 3F 3F 0F AC 12 0B 2E 03 0A E1 07 7B 0A 00 
07 7B 0A 00 00 00 00 00 00 00 92 0A 3F 3F 06 AC 
B8 3C 04 00 E2 A2 03 00 B1 07 00 00 DF 0A 3F 3F 
08 AC 09 03 01 1F 05 1E 17 1B 02 20 10 07 C3 0C 
C3 0C 5A A5 A5 00 00 00 0B F9 3A 0A 3F 3F 0A AC 
2B 2D 00 00 00 00 2E 2B 00 00 2A 2F A0 0A 3F 3F 
0B AC 76 00 3B 01 00 00 00 00 00 00 3F 3F 04 AC 
90 C4 8D 0A 2F 52 58 22 AB 58 61 0C E3 A2 03 00 
A0 0A 3F 3F 05 AC 0C 00 00 00 1E 00 00 00 00 EB 
0A 3F 3F 0E AC 00 00 00 00 F0 2B 67 0B 00 7A 76 
2B 26 FF FF FF EB 0A 3F 3F 0F AC 12 0B 2F 03 0A 
E1 07 7A 0A 00 7A 0A 00 00 00 00 00 00 00 A3 0A 
3F 3F 06 AC A4 44 04 00 E3 A2 03 00 B1 07 00 00 
BA 0A 3F 3F 08 AC 09 03 01 1F 05 1E 17 1B 02 20 
10 07 C3 0C C3 0C 5A A5 A5 00 00 00 0B F9 3A 0A 
3F 3F 0A AC 2C 2D 00 00 00 00 2E 2B 00 00 2A 2F 
A7 0A 3F 3F 0B AC 76 00 3B 01 00 00 00 00 00 00 
3F 3F 04 AC A2 C5 8D 0A 55 53 58 22 F1 59 61 0C 
E4 A2 03 00 B4 0A 3F 3F 05 AC FB FF FF FF E6 FF 
FF FF 00 00 9A 0A 3F 3F 08 AC 09 03 01 1F 05 06 
17 1B 02 20 10 07 C3 0C C3 0C 5A A5 A5 00 00 00 
0B F9 22 0A 3F 3F 0A AC 2C 2E 00 00 00 00 2E 2A 
00 00 29 31 B8 0A 3F 3F 0B AC 76 00 3B 01 00 00 
00 00 EB 0A 3F 3F 0E AC 00 00 00 00 90 2C 67 0B 
40 79 76 2B E7 00 00 00 F1 0A 3F 3F 0F AC 12 0B 
30 03 0A E1 07 65 0A 00 2C 2E 00 00 00 00 2E 2A 
00 00 29 31 B8 0A 3F 3F 0B AC 76 00 3B 01 00 00 
00 00 00 00 3F 3F 04 AC D0 C4 8D 0A D7 50 58 22 
05 59 61 0C E5 A2 03 00 B3 0A 3F 3F 05 AC E4 FF 
FF FF C0 FF FF 00 00 6F 0A 3F 3F 08 AC 09 03 01 
1F 05 06 17 1B 02 20 10 07 C3 0C C3 0C 5A A5 A5 
00 00 00 0B F8 23 0A 3F 3F 0A AC 2C 2E 00 00 00 
00 2E 2A 00 00 29 31 B8 0A 3F 3F 0B AC 76 00 3B 
01 00 00 00 00 EB 0A 3F 3F 0E AC 00 00 00 00 90 
2C 67 0B 40 79 76 2B 1F FE FF FF F7 0A 3F 3F 0F 
AC 12 0B 31 03 0A E1 07 64 0A 00 AC 2C 2E 00 00 
00 00 2E 2A 00 00 29 31 B8 0A 3F 3F 0B AC 76 00 
3B 01 00 00 00 00 00 00 3F 3F 04 AC 3B C5 8D 0A 
79 52 58 22 FD 58 61 0C E6 A2 03 00 0F 0A 3F 3F 
05 AC 1E 00 00 00 17 00 00 00 09 00 00 67 0A 3F 
3F 08 AC 09 03 01 1F 05 06 17 1B 02 20 10 07 C3 
0C C3 0C 5A A5 A5 00 00 00 0B F8 23 0A 3F 3F 0A 
AC 2C 30 00 00 00 00 2E 28 00 00 29 2F BA 0A 3F 
3F 0B AC 76 00 3B 01 00 00 00 00 EB 0A 3F 3F 0E 
AC 00 00 00 00 10 2C 67 0B 80 79 76 2B B3 FF FF 
FF 1A 0A 3F 3F 0F AC 12 0B 32 03 0A E1 07 67 0A 
00 30 00 00 00 00 2E 28 00 00 29 2F BA 0A 3F 3F 
0B AC 76 00 3B 01 00 00 00 00 00 00 3F 3F 04 AC 
27 C5 8D 0A 3E 53 58 22 2A 58 61 0C E7 A2 03 00 
83 0A 3F 3F 05 AC E2 FF FF FF D1 FF FF FF 00 00 
7F 0A 3F 3F 08 AC 09 03 01 1F 05 06 17 1B 02 20 
10 07 C3 0C C3 0C 5A A5 A5 00 00 00 0B F8 23 0A 
3F 3F 0A AC 2C 30 00 00 00 00 2E 28 00 00 29 2F 
BA 0A 3F 3F 0B AC 76 00 3B 01 00 00 00 00 EB 0A 
3F 3F 0E AC 00 00 00 00 40 2B 67 0B C0 79 76 2B 
1B 00 00 00 5A 0A 3F 3F 0F AC 12 0B 33 03 0A E1 
07 66 0A 00 2C 30 00 00 00 00 2E 28 00 00 29 2F 
BA 0A 3F 3F 0B AC 76 00 3B 01 00 00 00 00 00 00 
3F 3F 04 AC 60 C4 8D 0A EA 51 58 22 98 57 61 0C 
E8 A2 03 00 A1 0A 3F 3F 05 AC 05 00 00 00 11 00 
00 00 EB 0A 3F 3F 0E AC 00 00 00 00 30 2B 67 0B 
00 7A 76 2B 80 FE FF FF 8C 0A 3F 3F 0F AC 12 0B 
34 03 0A E1 07 61 0A 00 07 61 0A 00 00 00 00 00 
00 00 B5 0A 3F 3F 06 AC 31 6C 04 00 E8 A2 03 00 
B1 07 00 00 0C 0A 3F 3F 08 AC 09 03 01 1F 05 06 
17 1B 02 20 10 07 C3 0C C3 0C 5A A5 A5 00 00 00 
0B F9 22 0A 3F 3F 0A AC 2C 2E 00 00 00 00 2D 28 
00 00 2B 30 BA 0A 3F 3F 0B AC 76 00 3B 01 00 00 
00 00 00 00 3F 3F 04 AC 9C C4 8D 0A 65 52 58 22 
38 58 61 0C E9 A2 03 00 7F 0A 3F 3F 05 AC EA FF 
FF FF E5 FF FF FF 00 00 EB 0A 3F 3F 0E AC 00 00 
00 00 90 2B 67 0B 00 7A 76 2B 35 FF FF FF 98 0A 
3F 3F 0F AC 12 0B 35 03 0A E1 07 60 0A 00 0A 00 
FF FF 00 00 00 00 BF 0A 3F 3F 06 AC 29 74 04 00 
E9 A2 03 00 B1 07 00 00 0D 0A 3F 3F 08 AC 09 03 
01 1F 05 06 17 1B 02 20 10 07 C3 0C C3 0C 5A A5 
A5 00 00 00 0B F9 22 0A 3F 3F 0A AC 2B 2E 00 00 
00 00 2D 28 00 00 2B 30 BD 0A 3F 3F 0B AC 76 00 
3B 01 00 00 00 00 00 00 3F 3F 04 AC F0 C4 8D 0A 
13 53 58 22 C9 57 61 0C EA A2 03 00 99 0A 3F 3F 
05 AC EC FF FF FF CC FF 00 00 EB 0A 3F 3F 0E AC 
00 00 00 00 F0 2A 67 0B C0 79 76 2B C4 FF FF FF 
CB 0A 3F 3F 0F AC 12 0B 36 03 0A E1 07 63 0A 00 
07 63 0A 00 FF FF 00 00 00 00 94 0A 3F 3F 06 AC 
10 7C 04 00 EA A2 03 00 B1 07 00 00 3F 0A 3F 3F 
08 AC 09 03 01 1F 05 06 17 1B 02 20 10 07 C3 0C 
C3 0C 5A A5 A5 00 00 00 0B F9 22 0A 3F 3F 0A AC 
2B 2E 00 00 00 00 2D 29 00 00 2D 2F A5 0A 3F 3F 
0B AC 76 00 3B 01 00 00 00 00 00 00 3F 3F 04 AC 
AC C4 8D 0A 40 53 58 22 B1 58 61 0C EB A2 03 00 
E0 0A 3F 3F 05 AC 0E 00 00 00 1B 00 00 00 00 00 
28 0A 3F 3F 08 AC 09 03 01 08 05 06 17 1B 02 0A 
10 07 C3 0C C3 0C 5A A5 A5 00 00 00 0B F8 1E 0A 
3F 3F 0A AC 2A 2E 00 00 00 00 2D 29 00 00 2D 2F 
A4 0A 3F 3F 0B AC 76 00 3B 01 00 00 00 00 EB 0A 
3F 3F 0E AC 00 00 00 00 B0 2B 67 0B 00 7A 76 2B 
26 00 00 00 54 0A 3F 3F 0F AC 12 0B 37 03 0A E1 
07 62 0A 00 2A 2E 00 00 00 00 2D 29 00 00 2D 2F 
A4 0A 3F 3F 0B AC 76 00 3B 01 00 00 00 00 00 00 
3F 3F 04 AC 22 C2 8D 0A 53 50 58 22 34 56 61 0C 
EC A2 03 00 F4 0A 3F 3F 05 AC 00 00 00 00 0A 00 
00 00 03 00 00 00 00 3A 0A 3F 3F 08 AC 09 03 01 
08 05 06 17 1B 02 0A 10 07 C3 0C C3 0C 5A A5 A5 
00 00 00 0B F8 1E 0A 3F 3F 0A AC 2A 2D 00 00 00 
00 2E 29 00 00 2E 31 B9 0A 3F 3F 0B AC 76 00 3B 
01 00 00 00 00 EB 0A 3F 3F 0E AC 00 00 00 00 A0 
2A 67 0B 80 7B 76 2B FC FB FF FF E5 0A 3F 3F 0F 
AC 12 0B 38 03 0A E1 07 6D 0A 00 00 00 00 2E 29 
00 00 2E 31 B9 0A 3F 3F 0B AC 76 00 3B 01 00 00 
00 00 00 00 3F 3F 04 AC 28 C4 8D 0A 07 51 58 22 
87 56 61 0C ED A2 03 00 1F 0A 3F 3F 05 AC 1D 00 
00 00 2B 0A 3F 3F 08 AC 09 03 01 08 05 06 17 1B 
02 0A 10 07 C3 0C C3 0C 5A A5 A5 00 00 00 0B F8 
1E 0A 3F 3F 0A AC 2B 2D 00 00 00 00 2E 29 00 00 
2E 31 B8 0A 3F 3F 0B AC 76 00 3B 01 00 00 00 00 
EB 0A 3F 3F 0E AC 00 00 00 00 80 2A 67 0B 00 7A 
76 2B 4A FD FF FF F4 0A 3F 3F 0F AC 12 0B 39 03 
0A E1 07 6C 0A 00 1E 0A 3F 3F 0A AC 2B 2D 00 00 
00 00 2E 29 00 00 2E 31 B8 0A 3F 3F 0B AC 76 00 
3B 01 00 00 00 00 00 00 3F 3F 04 AC E2 C3 8D 0A 
4D 51 58 22 87 56 61 0C EE A2 03 00 9B 0A 3F 3F 
05 AC 15 00 00 00 2F 00 00 00 03 0A 3F 3F 08 AC 
09 03 0B 08 05 06 17 1B 02 0A 10 07 C3 0C C3 0C 
5A A5 A5 00 00 00 0B F9 15 0A 3F 3F 0A AC 2B 30 
00 00 00 00 2D 28 00 00 2E 32 A4 0A 3F 3F 0B AC 
76 00 3B 01 00 00 00 00 EB 0A 3F 3F 0E AC 00 00 
00 00 80 2A 67 0B 80 7A 76 2B 76 FD FF FF 48 0A 
3F 3F 0F AC 12 0B 3A 03 0A E1 07 6F 0A 00 0A AC 
2B 30 00 00 00 00 2D 28 00 00 2E 32 A4 0A 3F 3F 
0B AC 76 00 3B 01 00 00 00 00 00 00 3F 3F 04 AC 
25 C4 8D 0A F9 51 58 22 BA 55 61 0C EF A2 03 00 
D0 0A 3F 3F 05 AC 00 00 00 00 01 00 00 00 0D 00 
00 00 4C 0A 3F 3F 08 AC 09 03 0B 08 05 06 17 1B 
02 0A 10 07 C3 0C C3 0C 5A A5 A5 00 00 00 0B F9 
15 0A 3F 3F 0A AC 2B 00 00 EB 0A 3F 3F 0E AC 00 
00 00 00 80 29 67 0B 80 7A 76 2B E1 FD FF FF DC 
0A 3F 3F 0F AC 12 0B 3B 03 0A E1 07 6E 0A 00 00 
00 00 00 00 2D 28 00 00 2E 32 A4 0A 3F 3F 0B AC 
76 00 3B 01 00 00 00 00 00 00 2D 28 00 00 2E 32 
A4 0A 3F 3F 0B AC 76 00 3B 01 00 00 00 00 00 00 
3F 3F 04 AC 15 C3 8D 0A 52 50 58 22 EA 56 61 0C 
F0 A2 03 00 01 00 00 EB 0A 3F 3F 0E AC 00 00 00 
00 30 2B 67 0B 00 7B 76 2B 7B FC FF FF 74 0A 3F 
3F 0F AC 12 0C 00 03 0A E1 07 52 0A 00 0A 3F 3F 
0F AC 12 0C 00 03 0A E1 07 52 0A 00 00 00 00 00 
00 00 BA 0A 3F 3F 06 AC AB AB 04 00 F0 A2 03 00 
B1 07 00 00 49 0A 3F 3F 08 AC 09 03 0B 08 05 06 
17 1B 0C 0A 10 07 C3 0C C3 0C 5A A5 A5 00 00 00 
0B F9 1B 0A 3F 3F 0A AC 2B 2D 00 00 00 00 2D 2B 
00 00 2D 32 B9 0A 3F 3F 0B AC 76 00 3B 01 00 00 
00 00 00 00 3F 3F 04 AC 60 C3 8D 0A 16 51 58 22 
B9 56 61 0C F1 A2 03 00 63 0A 3F 3F 05 AC FA FF 
FF FF 03 00 00 00 EB 0A 3F 3F 0E AC 00 00 00 00 
C0 2A 67 0B 00 7B 76 2B 31 FD FF FF CE 0A 3F 3F 
0F AC 12 0C 01 03 0A E1 07 53 0A 00 07 53 0A 00 
FF FF 00 00 00 00 A5 0A 3F 3F 06 AC 99 B3 04 00 
F1 A2 03 00 B1 07 00 00 62 0A 3F 3F 08 AC 09 03 
0B 08 05 06 17 1B 0C 0A 10 07 C3 0C C3 0C 5A A5 
A5 00 00 00 0B F8 1A 0A 3F 3F 0A AC 2C 2D 00 00 
00 00 2D 2B 00 00 2D 32 BE 0A 3F 3F 0B AC 76 00 
3B 01 00 00 00 00 00 00 3F 3F 04 AC 44 C2 8D 0A 
0A 50 58 22 16 57 61 0C F2 A2 03 00 F6 0A 3F 3F 
05 AC 06 00 00 00 FC FF FF FF 00 00 73 0A 3F 3F 
08 AC 09 03 0B 08 05 06 17 1B 0C 0A 10 07 C3 0C 
C3 0C 5A A5 A5 00 00 00 0B F8 1A 0A 3F 3F 0A AC 
2C 2E 00 00 00 00 2F 2A 00 00 2C 30 BD 0A 3F 3F 
0B AC 76 00 3B 01 00 00 00 00 EB 0A 3F 3F 0E AC 
00 00 00 00 60 2B 67 0B 40 7B 76 2B 0E FC FF FF 
11 0A 3F 3F 0F AC 12 0C 02 03 0A E1 07 50 0A 00 
2C 2E 00 00 00 00 2F 2A 00 00 2C 30 BD 0A 3F 3F 
0B AC 76 00 3B 01 00 00 00 00 00 00 3F 3F 04 AC 
BA C1 8D 0A B8 4E 58 22 46 56 61 0C F3 A2 03 00 
F7 0A 3F 3F 05 AC FE FF FF FF D8 FF 00 00 F5 0A 
3F 3F 08 AC 09 03 0B 08 0D 06 17 1B 0C 0A 10 07 
C3 0C C3 0C 5A A5 A5 00 00 00 0B F8 12 0A 3F 3F 
0A AC 2B 2E 00 00 00 00 2F 2A 00 00 2C 30 BA 0A 
3F 3F 0B AC 76 00 3B 01 00 00 00 00 EB 0A 3F 3F 
0E AC 00 00 00 00 30 2B 67 0B 80 7B 76 2B 73 FA 
FF FF FA 0A 3F 3F 0F AC 12 0C 03 03 0A E1 07 51 
0A 00 0A AC 2B 2E 00 00 00 00 2F 2A 00 00 2C 30 
BA 0A 3F 3F 0B AC 76 00 3B 01 00 00 00 00 00 00 
3F 3F 04 AC BE C2 8D 0A D0 4F 58 22 8D 56 61 0C 
F4 A2 03 00 55 0A 3F 3F 05 AC 10 00 00 00 FF FF 
FF FF F6 FF 00 00 E9 0A 3F 3F 08 AC 09 03 0B 08 
0D 06 17 1B 0C 0A 10 07 C3 0C C3 0C 5A A5 A5 00 
00 00 0B F9 13 0A 3F 3F 0A AC 2B 2E 00 00 00 00 
2E 2A 00 00 2C 32 B9 0A 3F 3F 0B AC 76 00 3B 01 
00 00 00 00 EB 0A 3F 3F 0E AC 00 00 00 00 00 2B 
67 0B 00 7B 76 2B CF FB FF FF F7 0A 3F 3F 0F AC 
12 0C 04 03 0A E1 07 56 0A 00 00 00 00 00 2E 2A 
00 00 2C 32 B9 0A 3F 3F 0B AC 76 00 3B 01 00 00 
00 00 00 00 3F 3F 04 AC 7A C1 8D 0A 3A 4D 58 22 
06 56 61 0C F5 A2 03 00 F0 0A 3F 3F 05 AC 11 00 
00 00 24 00 00 00 C6 0A 3F 3F 08 AC 09 03 0B 08 
0D 0E 17 1B 0C 0A 10 07 C3 0C C3 0C 5A A5 A5 00 
00 00 0B F9 1B 0A 3F 3F 0A AC 2B 2E 00 00 00 00 
2E 2A 00 00 2C 32 B9 0A 3F 3F 0B AC 76 00 3B 01 
00 00 00 00 EB 0A 3F 3F 0E AC 00 00 00 00 60 2B 
67 0B 40 7B 76 2B F3 F8 FF FF E8 0A 3F 3F 0F AC 
12 0C 05 03 0A E1 07 57 0A 00 0A AC 2B 2E 00 00 
00 00 2E 2A 00 00 2C 32 B9 0A 3F 3F 0B AC 76 00 
3B 01 00 00 00 00 00 00 3F 3F 04 AC 8D C1 8D 0A 
09 50 58 22 DF 56 61 0C F6 A2 03 00 F3 0A 3F 3F 
05 AC 06 00 00 00 FE 00 00 EB 0A 3F 3F 0E AC 00 
00 00 00 50 2B 67 0B 40 7C 76 2B C9 FB FF FF E6 
0A 3F 3F 0F AC 12 0C 06 03 0A E1 07 54 0A 00 E1 
07 54 0A 00 FF FF 00 00 00 00 AD 0A 3F 3F 06 AC 
58 DB 04 00 F6 A2 03 00 B1 07 00 00 CC 0A 3F 3F 
08 AC 09 03 0B 08 0D 0E 17 1B 0C 0A 10 07 C3 0C 
C3 0C 5A A5 A5 00 00 00 0B F9 1B 0A 3F 3F 0A AC 
2B 2D 00 00 00 00 2E 28 00 00 2A 30 BC 0A 3F 3F 
0B AC 76 00 3B 01 00 00 00 00 00 00 3F 3F 04 AC 
C1 C1 8D 0A F6 4E 58 22 A3 56 61 0C F7 A2 03 00 
23 0A 3F 3F 05 AC F3 FF FF FF E2 FF 00 00 EB 0A 
3F 3F 0E AC 00 00 00 00 60 2B 67 0B 80 7B 76 2B 
CB FA FF FF 12 0A 3F 3F 0F AC 12 0C 07 03 0A E1 
07 55 0A 00 07 55 0A 00 FF FF 00 00 00 00 B6 0A 
3F 3F 06 AC 3A E3 04 00 F7 A2 03 00 B1 07 00 00 
97 0A 3F 3F 08 AC 09 03 0B 08 0D 0E 17 1B 0C 0A 
10 07 C3 0C C3 0C 5A A5 A5 00 00 00 0B F8 1A 0A 
3F 3F 0A AC 2B 2D 00 00 00 00 2E 28 00 00 2A 30 
BC 0A 3F 3F 0B AC 76 00 3B 01 00 00 00 00 00 00 
3F 3F 04 AC 25 C2 8D 0A BC 4F 58 22 4A 57 61 0C 
F8 A2 03 00 68 0A 3F 3F 05 AC 00 00 00 00 00 00 
EB 0A 3F 3F 0E AC 00 00 00 00 B0 2B 67 0B 40 7B 
76 2B D0 FB FF FF 18 0A 3F 3F 0F AC 12 0C 08 03 
0A E1 07 5A 0A 00 0A E1 07 5A 0A 00 00 00 00 00 
00 00 A0 0A 3F 3F 06 AC 2C EB 04 00 F8 A2 03 00 
B1 07 00 00 86 0A 3F 3F 08 AC 09 03 0B 08 0D 0E 
17 1B 0C 0A 10 07 C3 0C C3 0C 5A A5 A5 00 00 00 
0B F8 1A 0A 3F 3F 0A AC 2B 2F 00 00 00 00 2E 28 
00 00 2D 31 B8 0A 3F 3F 0B AC 76 00 3B 01 00 00 
00 00 00 00 3F 3F 04 AC 6B C0 8D 0A 8D 4E 58 22 
94 56 61 0C F9 A2 03 00 CA 0A 3F 3F 05 AC F6 FF 
FF FF F2 00 00 AA 0A 3F 3F 08 AC 09 03 0B 08 0D 
0E 17 1B 0C 0A 10 07 C3 0C C3 0C 5A A5 A5 00 00 
00 0B F8 1A 0A 3F 3F 0A AC 2B 2F 00 00 00 00 2E 
28 00 00 2D 31 B8 0A 3F 3F 0B AC 76 00 3B 01 00 
00 00 00 EB 0A 3F 3F 0E AC 00 00 00 00 90 2B 67 
0B C0 7C 76 2B 08 FA FF FF 66 0A 3F 3F 0F AC 12 
0C 09 03 0A E1 07 5B 0A 00 3F 0A AC 2B 2F 00 00 
00 00 2E 28 00 00 2D 31 B8 0A 3F 3F 0B AC 76 00 
3B 01 00 00 00 00 00 00 3F 3F 04 AC 69 C0 8D 0A 
95 4D 58 22 7C 57 61 0C FA A2 03 00 39 0A 3F 3F 
05 AC 02 00 00 00 F9 FF FF FF F4 00 00 AD 0A 3F 
3F 08 AC 09 03 0B 08 0D 0E 17 1B 0C 0A 10 07 C3 
0C C3 0C 5A A6 A5 00 00 00 0B F9 18 0A 3F 3F 0A 
AC 2B 30 00 00 00 00 2C 28 00 00 2D 2F BB 0A 3F 
3F 0B AC 76 00 3B 01 00 00 00 00 EB 0A 3F 3F 0E 
AC 00 00 00 00 90 2C 67 0B 80 7C 76 2B 74 F9 FF 
FF 5E 0A 3F 3F 0F AC 12 0C 0A 03 0A E1 07 58 0A 
00 30 00 00 00 00 2C 28 00 00 2D 2F BB 0A 3F 3F 
0B AC 76 00 3B 01 00 00 
-----------------------------------------------
Date: 03-10-2017 - 23:43:06
End log file
