Terminal log file
Date: 05-11-2017 - 15:12:06
-----------------------------------------------
04 AC 00 00 00 00 00 00 00 00 00 00 00 00 05 AC 
00 00 00 00 00 00 00 00 00 00 00 0B 00 00 0E 00 
00 00 00 00 00 00 00 00 00 00 00 0F AC 00 00 00 
06 01 BC 04 AC 00 00 00 00 00 00 00 00 00 00 00 
00 05 AC 00 00 00 00 00 00 00 00 00 00 00 0B 00 
00 0E 00 00 00 00 00 00 00 00 00 00 00 00 0F AC 
00 00 00 06 01 BC 04 AC 00 00 00 00 00 00 00 00 
00 00 00 00 05 AC 00 00 00 00 00 00 00 00 00 00 
00 0B 00 00 0E 00 00 00 00 00 00 00 00 00 00 00 
00 0F AC 00 00 00 06 01 BC 04 AC 00 00 00 00 00 
00 00 00 00 00 00 00 05 AC 00 00 00 00 00 00 00 
00 00 00 00 0B 00 00 0E 00 00 00 00 00 00 00 00 
00 00 00 00 0F AC 00 00 00 06 01 BC 04 AC 00 00 
00 00 00 00 00 00 00 00 00 00 05 AC 00 00 00 00 
00 00 00 00 00 00 00 0B 00 00 0E 00 00 00 00 00 
00 00 00 00 00 00 00 0F AC 00 00 00 06 01 BC 04 
AC 00 00 00 00 00 00 00 00 00 00 00 00 05 AC 00 
00 00 00 00 00 00 00 00 00 00 0B 00 00 0E 00 00 
00 00 00 00 00 00 00 00 00 00 0F AC 00 00 00 06 
01 BC 04 AC 00 00 00 00 00 00 00 00 00 00 00 00 
05 AC 00 00 00 00 00 00 00 00 00 00 00 0B 00 00 
0E 00 00 00 00 00 00 00 00 00 00 00 00 0F AC 00 
00 00 06 01 BC 04 AC 00 00 00 00 00 00 00 00 00 
00 00 00 05 AC 00 00 00 00 00 00 00 00 00 00 00 
0B 00 00 0E 00 00 00 00 00 00 00 00 00 00 00 00 
0F AC 00 00 00 06 01 BC 04 AC 00 00 00 00 00 00 
00 00 00 00 00 00 05 AC 00 00 00 00 00 00 00 00 
00 00 00 0B 00 00 0E 00 00 00 00 00 00 00 00 00 
00 00 00 0F AC 00 00 00 06 01 BC 04 AC 00 00 00 
00 00 00 00 00 00 00 00 00 05 AC 00 00 00 00 00 
00 00 00 0B 00 00 0E 00 00 00 00 00 00 00 00 00 
00 00 00 0F AC 00 00 00 06 01 BC 00 00 00 04 AC 
00 00 00 00 00 00 00 00 00 00 00 00 05 AC 00 00 
00 00 00 00 00 00 00 00 00 0B 00 00 0E 00 00 00 
00 00 00 00 00 00 00 00 00 0F AC 00 00 00 06 01 
BC 04 AC 00 00 00 00 00 00 00 00 00 00 00 00 05 
AC 00 00 00 00 00 00 00 00 00 00 00 0B 00 00 0E 
00 00 00 00 00 00 00 00 00 00 00 00 0F AC 00 00 
00 06 01 BC 04 AC 00 00 00 00 00 00 00 00 00 00 
00 00 05 AC 00 00 00 00 00 00 00 00 00 00 00 0B 
00 00 0E 00 00 00 00 00 00 00 00 00 00 00 00 0F 
AC 00 00 00 06 01 BC 04 AC 00 00 00 00 00 00 00 
00 00 00 00 00 05 AC 00 00 00 00 00 00 00 00 00 
00 00 0B 00 00 0E 00 00 00 00 00 00 00 00 00 00 
00 00 0F AC 00 00 00 06 01 BC 04 AC 00 00 00 00 
00 00 00 00 00 00 00 00 05 AC 00 00 00 00 00 00 
00 00 00 00 00 0B 00 00 0E 00 00 00 00 00 00 00 
00 00 00 00 00 0F AC 00 00 00 06 01 BC 04 AC 00 
00 00 00 00 00 00 00 00 00 00 00 05 AC 00 00 00 
00 00 00 00 00 00 00 00 0B 00 00 0E 00 00 00 00 
00 00 00 00 00 00 00 00 0F AC 00 00 00 06 01 BC 
04 AC 00 00 00 00 00 00 00 00 00 00 00 00 05 AC 
00 00 00 00 00 00 00 00 00 00 00 0B 00 00 0E 00 
00 00 00 00 00 00 00 00 00 00 00 0F AC 00 00 00 
06 01 BC 04 AC 00 00 00 00 00 00 00 00 00 00 00 
00 05 AC 00 00 00 00 00 00 00 00 00 00 00 0B 00 
00 0E 00 00 00 00 00 00 00 00 00 00 00 00 0F AC 
00 00 00 06 01 BC 04 AC 00 00 00 00 00 00 00 00 
00 00 00 00 05 AC 00 00 00 00 00 00 00 00 00 00 
00 0B 00 00 0E 00 00 00 00 00 00 00 00 00 00 00 
00 0F AC 00 00 00 06 01 BC 04 AC 00 00 00 00 00 
00 00 00 00 00 00 00 05 AC 00 00 00 00 00 00 00 
00 00 00 00 0B 00 00 0E 00 00 00 00 00 00 00 00 
00 00 00 00 0F AC 00 00 00 06 01 BC 04 AC 00 00 
00 00 00 00 00 00 00 00 00 00 05 AC 00 00 00 00 
00 00 00 00 00 00 00 0B 00 00 0E 00 00 00 00 00 
00 00 00 00 00 00 00 0F AC 00 00 00 06 01 BC 04 
AC 00 00 00 00 00 00 00 00 00 00 00 00 05 AC 00 
00 00 00 00 00 00 00 00 00 00 0B 00 00 0E 00 00 
00 00 00 00 00 00 00 00 00 00 0F AC 00 00 00 06 
01 BC 04 AC 00 00 00 00 00 00 00 00 00 00 00 00 
05 AC 00 00 00 00 00 00 00 00 00 00 00 0B 00 00 
0E 00 00 00 00 00 00 00 00 00 00 00 00 0F AC 00 
00 00 06 01 BC 04 AC 00 00 00 00 00 00 00 00 00 
00 00 00 05 AC 00 00 00 00 00 00 00 00 00 00 00 
0B 00 00 0E 00 00 00 00 00 00 00 00 00 00 00 00 
0F AC 00 00 00 06 01 BC 04 AC 00 00 00 00 00 00 
00 00 00 00 00 00 05 AC 00 00 00 00 00 00 00 00 
00 00 00 0B 00 00 0E 00 00 00 00 00 00 00 00 00 
00 00 00 0F AC 00 00 00 06 01 BC 04 AC 00 00 00 
00 00 00 00 00 00 00 00 00 05 AC 00 00 00 00 00 
00 00 00 00 00 00 0B 00 00 0E 00 00 00 00 00 00 
00 00 00 00 00 00 0F AC 00 00 00 06 01 BC 04 AC 
00 00 00 00 00 00 00 00 00 00 00 00 05 AC 00 00 
00 00 00 00 00 00 00 00 00 0B 00 00 0E 00 00 00 
00 00 00 00 00 00 00 00 00 0F AC 00 00 00 06 01 
BC 04 AC 00 00 00 00 00 00 00 00 00 00 00 00 05 
AC 00 00 00 00 00 00 00 00 00 00 00 0B 00 00 0E 
00 00 00 00 00 00 00 00 00 00 00 00 0F AC 00 00 
00 06 01 BC 04 AC 00 00 00 00 00 00 00 00 00 00 
00 00 05 AC 00 00 00 00 00 00 00 00 00 00 00 0B 
00 00 0E 00 00 00 00 00 00 00 00 00 00 00 00 0F 
AC 00 00 00 06 01 BC 04 AC 00 00 00 00 00 00 00 
00 00 00 00 00 05 AC 00 00 00 00 00 00 00 00 00 
00 00 0B 00 00 0E 00 00 00 00 00 00 00 00 00 00 
00 00 0F AC 00 00 00 06 01 BC 04 AC 00 00 00 00 
00 00 00 00 00 00 00 00 05 AC 00 00 00 00 00 00 
00 00 00 00 00 0B 00 00 0E 00 00 00 00 00 00 00 
00 00 00 00 00 0F AC 00 00 00 06 01 BC 04 AC 00 
00 00 00 00 00 00 00 00 00 00 00 05 AC 00 00 00 
00 00 00 00 00 00 00 00 0B 00 00 0E 00 00 00 00 
00 00 00 00 00 00 00 00 0F AC 00 00 00 06 01 BC 
04 AC 00 00 00 00 00 00 00 00 00 00 00 00 05 AC 
00 00 00 00 00 00 00 00 00 00 00 0B 00 00 0E 00 
00 00 00 00 00 00 00 00 00 00 00 0F AC 00 00 00 
06 01 BC 
-----------------------------------------------
Date: 05-11-2017 - 15:12:57
End log file
