Terminal log file
Date: 02-10-2017 - 15:56:30
-----------------------------------------------
3F 3F 0B 
AC 00 2D 00 00 29 00 00 00 00 2D 00 00 29 00 00 
00 3F 05 AC 00 3F 3F 0F AC 00 00 00 00 00 00 00 
3F 3F 05 AC 00 00 00 00 00 00 00 00 00 00 00 00 
3F 3F 0B AC 00 2D 00 00 29 00 00 00 3F 3F 0F AC 
0A 19 24 00 00 00 00 3F 3F 05 AC 00 00 00 00 00 
00 00 00 00 00 00 00 3F 3F 0B AC 00 2D 00 00 29 
00 00 00 3F 3F 0F AC 0A 19 25 00 00 00 00 3F 3F 
05 AC 00 00 00 00 00 00 00 00 00 00 00 00 3F 3F 
0B AC 00 2D 00 00 29 00 00 00 3F 3F 0F AC 0A 19 
26 00 00 00 00 3F 3F 05 AC 00 00 00 00 00 00 00 
00 00 00 00 00 3F 3F 0B AC 00 2D 00 00 29 00 00 
00 3F 3F 0F AC 0A 19 27 00 00 00 00 3F 3F 05 AC 
00 00 00 00 00 00 00 00 00 00 00 00 3F 3F 0B AC 
00 2D 00 00 29 00 00 00 3F 3F 0F AC 0A 19 28 00 
00 00 00 3F 3F 05 AC 00 00 00 00 00 00 00 00 00 
00 00 00 3F 3F 0B AC 00 2D 00 00 29 00 00 00 3F 
3F 0F AC 0A 19 29 00 00 00 00 3F 3F 05 AC 00 00 
00 00 00 00 00 00 00 00 00 00 3F 3F 0B AC 00 2E 
00 00 2A 00 00 00 3F 3F 0F AC 0A 19 2A 00 00 00 
00 3F 3F 05 AC 00 00 00 00 00 00 00 00 00 00 00 
00 3F 3F 0B AC 00 2E 00 00 2A 00 00 00 3F 3F 0F 
AC 0A 19 2B 00 00 00 00 3F 3F 05 AC 00 00 00 00 
00 00 00 00 00 00 00 00 3F 3F 0B AC 00 2D 00 00 
29 00 00 00 3F 3F 0F AC 0A 19 2C 00 00 00 00 3F 
3F 05 AC 00 00 00 00 00 00 00 00 00 00 00 00 3F 
3F 0B AC 00 2D 00 00 29 2E 00 00 3F 3F 0F AC 0A 
19 2D 00 00 00 00 3F 3F 05 AC 00 00 00 00 00 00 
00 00 00 00 00 00 3F 3F 0B AC 00 2C 00 00 29 2E 
00 00 3F 3F 0F AC 0A 19 2E 00 00 00 00 3F 3F 05 
AC 00 00 00 00 00 00 00 00 00 00 00 00 3F 3F 0B 
AC 00 2C 00 00 29 28 00 00 3F 3F 0F AC 0A 19 2F 
00 00 00 00 3F 3F 05 AC 00 00 00 00 00 00 00 00 
00 00 00 00 3F 3F 0B AC 00 2D 00 00 2A 28 00 00 
3F 3F 0F AC 0A 19 30 00 00 00 00 3F 3F 05 AC 00 
00 00 00 00 00 00 00 00 00 00 00 3F 3F 0B AC 00 
2D 00 00 2A 27 00 00 3F 3F 0F AC 0A 19 31 00 00 
00 00 3F 3F 05 AC 00 00 00 00 00 00 00 00 00 00 
00 00 3F 3F 0B AC 00 2E 00 00 2A 27 00 00 3F 3F 
0F AC 0A 19 32 00 00 00 00 3F 3F 05 AC 00 00 00 
00 00 00 00 00 00 00 00 00 3F 3F 0B AC 00 2E 00 
00 2A 26 00 00 3F 3F 0F AC 0A 19 33 00 00 00 00 
3F 3F 05 AC 00 00 00 00 00 00 00 00 00 00 00 00 
3F 3F 0B AC 00 2E 00 00 2A 26 00 00 3F 3F 0F AC 
0A 19 34 00 00 00 00 3F 3F 05 AC 00 00 00 00 00 
00 00 00 00 00 00 00 3F 3F 0B AC 00 2E 00 00 2A 
25 00 00 3F 3F 0F AC 0A 19 35 00 00 00 00 3F 3F 
05 AC 00 00 00 00 00 00 00 00 00 00 00 00 3F 3F 
0B AC 00 2E 00 00 2B 25 00 00 3F 3F 0F AC 0A 19 
36 00 00 00 00 3F 3F 05 AC 00 00 00 00 00 00 00 
00 00 00 00 00 3F 3F 0B AC 00 2E 00 00 2B 26 00 
00 3F 3F 0F AC 0A 19 37 00 00 00 00 3F 3F 05 AC 
00 00 00 00 00 00 00 00 00 00 00 00 3F 3F 0B AC 
00 2E 00 00 2B 26 00 00 3F 3F 0F AC 0A 19 38 00 
00 00 00 3F 3F 05 AC 00 00 00 00 00 00 00 00 00 
00 00 00 3F 3F 0B AC 00 2E 00 00 2B 25 00 00 3F 
3F 0F AC 0A 19 39 00 00 00 00 3F 3F 05 AC 00 00 
00 00 00 00 00 00 00 00 00 00 3F 3F 0B AC 00 2F 
00 00 2B 25 00 00 3F 3F 0F AC 0A 19 3A 00 00 00 
00 3F 3F 05 AC 00 00 00 00 00 00 00 00 00 00 00 
00 3F 3F 0B AC 00 2F 00 00 2B 26 00 00 3F 3F 0F 
AC 0A 19 3B 00 00 00 00 3F 3F 05 AC 00 00 00 00 
00 00 00 00 00 00 00 00 3F 3F 0B AC 00 2E 00 00 
2B 26 00 00 3F 3F 0F AC 0A 1A 00 00 00 00 00 3F 
3F 05 AC 00 00 00 00 00 00 00 00 00 00 00 00 3F 
3F 0B AC 00 2E 00 00 2B 26 00 00 3F 3F 0F AC 0A 
1A 01 00 00 00 00 3F 3F 05 AC 00 00 00 00 00 00 
00 00 00 00 00 00 3F 3F 0B AC 00 2E 00 00 2B 26 
00 00 3F 3F 0F AC 0A 1A 02 00 00 00 00 3F 3F 05 
AC 00 00 00 00 00 00 00 00 00 00 00 00 3F 3F 0B 
AC 00 2E 00 00 2B 26 00 00 3F 3F 0F AC 0A 1A 03 
00 00 00 00 3F 3F 05 AC 00 00 00 00 00 00 00 00 
00 00 00 00 3F 3F 0B AC 00 2D 00 00 2B 26 00 00 
3F 3F 0F AC 0A 1A 04 00 00 00 00 3F 3F 05 AC 00 
00 00 00 00 00 00 00 00 00 00 00 3F 3F 0B AC 00 
2D 00 00 2B 26 00 00 3F 3F 0F AC 0A 1A 05 00 00 
00 00 3F 3F 05 AC 00 00 00 00 00 00 00 00 00 00 
00 00 3F 3F 0B AC 00 2D 00 00 2B 26 00 00 3F 3F 
0F AC 0A 1A 06 00 00 00 00 3F 3F 05 AC 00 00 00 
00 00 00 00 00 00 00 00 00 3F 3F 0B AC 00 2D 00 
00 2B 26 00 00 3F 3F 0F AC 0A 1A 07 00 00 00 00 
3F 3F 05 AC 00 00 00 00 00 00 00 00 00 00 00 00 
3F 3F 0B AC 00 2D 00 00 2A 26 00 00 3F 3F 0F AC 
0A 1A 08 00 00 00 00 3F 3F 05 AC 00 00 00 00 00 
00 00 00 00 00 00 00 3F 3F 0B AC 00 2D 00 00 2A 
26 00 00 3F 3F 0F AC 0A 1A 09 00 00 00 00 3F 3F 
05 AC 00 00 00 00 00 00 00 00 00 00 00 00 3F 3F 
0B AC 00 2D 00 00 2A 26 00 00 3F 3F 0F AC 0A 1A 
0A 00 00 00 00 3F 3F 05 AC 00 00 00 00 00 00 00 
00 00 00 00 00 3F 3F 0B AC 00 2D 00 00 2A 27 00 
00 3F 3F 0F AC 0A 1A 0B 00 00 00 00 3F 3F 05 AC 
00 00 00 00 00 00 00 00 00 00 00 00 3F 3F 0B AC 
00 2D 00 00 29 27 00 00 3F 3F 0F AC 0A 1A 0C 00 
00 00 00 3F 3F 05 AC 00 00 00 00 00 00 00 00 00 
00 00 00 3F 3F 0B AC 00 2D 00 00 29 27 00 00 3F 
3F 0F AC 0A 1A 0D 00 00 00 00 3F 3F 05 AC 00 00 
00 00 00 00 00 00 00 00 00 00 3F 3F 0B AC 00 2E 
00 00 2A 27 00 00 3F 3F 0F AC 0A 1A 0E 00 00 00 
00 3F 3F 05 AC 00 00 00 00 00 00 00 00 00 00 00 
00 3F 3F 0B AC 00 2E 00 00 2A 28 00 00 3F 3F 0F 
AC 0A 1A 0F 00 00 00 00 3F 3F 05 AC 00 00 00 00 
00 00 00 00 00 00 00 00 3F 3F 0B AC 2C 2D 00 00 
2B 28 00 00 3F 3F 0F AC 0A 1A 10 00 00 00 00 3F 
3F 05 AC 00 00 00 00 00 00 00 00 00 00 00 00 3F 
3F 0B AC 2C 2D 00 00 2B 29 00 00 3F 3F 0F AC 0A 
1A 11 00 00 00 00 3F 3F 05 AC 00 00 00 00 00 00 
00 00 00 00 00 00 3F 3F 0B AC 2D 2D 00 00 2A 29 
00 00 3F 3F 0F AC 0A 1A 12 00 00 00 00 3F 3F 05 
AC 9B F8 FF FF 14 F5 FF FF 75 F7 FF FF 3F 3F 0B 
AC 2D 2D 00 00 2A 28 F4 09 3F 3F 0F AC 0A 1A 13 
2B EC 6B 00 3F 3F 05 AC 15 0A 00 00 3A 0F 00 00 
33 0C 00 00 3F 3F 0B AC 2C 2D 00 00 2B 28 EC 09 
3F 3F 0F AC 0A 1A 14 2B 0C 94 00 3F 3F 05 AC 97 
FB FF FF 85 FA FF FF 89 FB FF FF 3F 3F 0B AC 2C 
2D 00 00 2B 28 E4 09 3F 3F 0F AC 0A 1A 15 2B 48 
C4 00 3F 3F 05 AC 1E F6 FF FF 01 F2 FF FF 72 F4 
FF FF 3F 3F 0B AC 2B 2D 00 00 2B 28 DC 09 3F 3F 
0F AC 0A 1A 16 2B 24 87 00 3F 3F 05 AC 10 EE FF 
FF 5E E5 FF FF C8 EA FF FF 3F 3F 0B AC 2B 2D 00 
00 2B 28 D3 09 3F 3F 0F AC 0A 1A 17 2B 35 CD 00 
3F 3F 05 AC 94 FB FF FF 87 F9 FF FF D9 FA FF FF 
3F 3F 0B AC 2E 2C 00 00 29 28 CB 09 3F 3F 0F AC 
0A 1A 18 2B FC 89 00 3F 3F 05 AC 58 FC FF FF EE 
FA FF FF 14 FC FF FF 3F 3F 0B AC 2E 2C 00 00 29 
29 C3 09 3F 3F 0F AC 0A 1A 19 2B AE ED 00 3F 3F 
05 AC 5C FC FF FF E1 FA FF FF E8 FB FF FF 3F 3F 
0B AC 2D 2C 00 00 2A 29 BC 09 3F 3F 0F AC 0A 1A 
1A 2B 54 7E 00 3F 3F 05 AC 13 F9 FF FF 2E F6 FF 
FF 62 F8 FF FF 3F 3F 0B AC 2D 2C 00 00 2A 27 B4 
09 3F 3F 0F AC 0A 1A 1B 2B CD 0F 01 3F 3F 05 AC 
AF FA FF FF BE F8 FF FF 5E FA FF FF 3F 3F 0B AC 
2E 2C 00 00 2A 27 AC 09 3F 3F 0F AC 0A 1A 1C 2B 
03 6F 01 3F 3F 05 AC 5B FA FF FF 61 F8 FF FF 1D 
FA FF FF 3F 3F 0B AC 2E 2C 00 00 2A 27 A4 09 3F 
3F 0F AC 0A 1A 1D 2B 5B 78 01 3F 3F 05 AC CA F9 
FF FF 98 F7 FF FF 78 F9 FF FF 3F 3F 0B AC 2E 2C 
00 00 2B 27 9C 09 3F 3F 0F AC 0A 1A 1E 2B A5 90 
01 3F 3F 05 AC AF F6 FF FF D7 F2 FF FF C8 F5 FF 
FF 3F 3F 0B AC 2E 2C 00 00 2B 26 94 09 3F 3F 0F 
AC 0A 1A 1F 2B B2 D5 01 3F 3F 05 AC BE F9 FF FF 
7F F7 FF FF 63 F9 FF FF 3F 3F 0B AC 2D 2D 00 00 
2B 26 8D 09 3F 3F 0F AC 0A 1A 20 2B A5 BA 01 3F 
3F 05 AC 4A FA FF FF 0A F8 FF FF 87 3F 3F 0B AC 
2D 2D 00 00 2B 26 85 09 F9 FF FF 3F 3F 0F AC 0A 
1A 21 2B 81 F4 00 3F 3F 05 AC 9C F7 FF FF 98 F3 
FF FF 56 F6 FF FF 3F 3F 0B AC 2C 2E 00 00 2B 26 
7E 09 3F 3F 0F AC 0A 1A 22 2B F1 EB 00 3F 3F 05 
AC C9 FE FF FF 70 FE FF FF CE FE FF FF 3F 3F 0B 
AC 2C 2E 00 00 2B 25 76 09 3F 3F 0F AC 0A 1A 23 
2B EF CF 00 3F 3F 05 AC BA FA FF FF 7D F8 FF FF 
2E FA FF FF 3F 3F 0B AC 2C 2E 00 00 2C 25 6F 09 
3F 3F 0F AC 0A 1A 24 2B 38 FD 00 3F 3F 05 AC 58 
FC FF FF FC FA FF FF 1E FC FF FF 3F 3F 0B AC 2C 
2E 00 00 2C 24 67 09 3F 3F 0F AC 0A 1A 25 2B 04 
D1 00 3F 3F 05 AC 79 FC FF FF 04 FB FF FF EB FB 
FF FF 3F 3F 0B AC 2C 2D 00 00 2C 24 60 09 3F 3F 
0F AC 0A 1A 26 2B 2C 6E 00 3F 3F 05 AC B2 FD FF 
FF D0 FC FF FF 97 FD FF FF 3F 3F 0B AC 2C 2D 00 
00 2C 25 58 09 3F 3F 0F AC 0A 1A 27 2B 42 9C 00 
3F 3F 05 AC F4 FC FF FF CD FB FF FF B4 FC FF FF 
3F 3F 0B AC 2C 2E 00 00 2B 25 51 09 3F 3F 0F AC 
0A 1A 28 2B 59 D4 00 3F 3F 05 AC C7 FD FF FF FE 
FC FF FF BF FD FF FF 3F 3F 0B AC 2C 2E 00 00 2B 
26 4A 09 3F 3F 0F AC 0A 1A 29 2B 0B A8 00 3F 3F 
05 AC 34 FE FF FF 93 FD FF FF 07 FE FF FF 3F 3F 
0B AC 2B 2E 00 00 2B 26 42 09 3F 3F 0F AC 0A 1A 
2A 2B 55 96 00 3F 3F 05 AC F3 FA FF FF C4 F8 FF 
FF 5A FA FF FF 3F 3F 0B AC 2B 2E 00 00 2B 25 3B 
09 3F 3F 0F AC 0A 1A 2B 2B 56 D0 00 3F 3F 05 AC 
3A FC FF FF FB FA FF FF 0B FC FF FF 3F 3F 0B AC 
2B 2E 00 00 2B 25 34 09 3F 3F 0F AC 0A 1A 2C 2B 
9A 34 01 3F 3F 05 AC 90 FA FF FF F6 F7 FF FF C1 
F9 FF FF 3F 3F 0B AC 2B 2E 00 00 2B 26 2D 09 3F 
3F 0F AC 0A 1A 2D 2B E6 AA 00 3F 3F 05 AC F4 FB 
FF FF 66 FA FF FF 86 FB FF FF 3F 3F 0B AC 2B 2E 
00 00 2B 26 26 09 3F 3F 0F AC 0A 1A 2E 2B E3 C4 
00 3F 3F 05 AC DB FE FF FF AA FE FF FF 0C FF FF 
FF 3F 3F 0B AC 2B 2E 00 00 2B 27 1F 09 3F 3F 0F 
AC 0A 1A 2F 2B D6 D4 00 3F 3F 05 AC 0D FD FF FF 
E0 FB FF FF C9 FC FF FF 3F 3F 0B AC 2A 2C 00 00 
2B 27 18 09 3F 3F 0F AC 0A 1A 30 2B BD CC 00 3F 
3F 05 AC 55 00 00 00 66 00 00 00 7A 00 00 00 3F 
3F 0B AC 2A 2C 00 00 2B 28 B1 00 3F 3F 0F AC 0A 
1A 31 2B 0B 06 00 3F 3F 05 AC EE FF FF FF BE FF 
FF FF B8 FF FF FF 3F 3F 0B AC 28 2D 00 00 2C 28 
B1 00 3F 3F 0F AC 0A 1A 32 2B B9 02 00 3F 3F 05 
AC 07 00 00 00 23 00 00 00 0B 00 00 00 3F 3F 0B 
AC 28 2D 00 00 2C 29 B1 00 3F 3F 0F AC 0A 1A 33 
2B 1B 04 00 3F 3F 05 AC 03 00 00 00 FA FF FF FF 
07 00 00 00 3F 3F 0B AC 2C 2F 00 00 2A 29 B1 00 
3F 3F 0F AC 0A 1A 34 2B 91 02 00 3F 3F 05 AC 0D 
00 00 00 FA FF FF FF 01 00 00 00 3F 3F 0B AC 2C 
2F 00 00 2A 28 B1 00 3F 3F 0F AC 0A 1A 35 2B 15 
09 00 3F 3F 05 AC 05 00 00 00 15 00 00 00 18 00 
00 00 3F 3F 0B AC 2C 2F 00 00 2A 28 B1 00 3F 3F 
0F AC 0A 1A 36 2B 97 05 00 3F 3F 05 AC 11 00 00 
00 40 00 00 00 00 00 00 00 3F 3F 0B AC 2C 2F 00 
00 2A 26 B1 00 3F 3F 0F AC 0A 1A 37 2B FD 01 00 
3F 3F 05 AC D7 FE FF FF 8F FE FF FF E8 FE FF FF 
3F 3F 0B AC 00 2E 00 00 2A 26 E0 08 3F 3F 0F AC 
0A 1A 38 2B 58 BA 00 3F 3F 05 AC F3 01 00 00 4E 
03 00 00 DF 02 00 00 3F 3F 0B AC 00 2E 00 00 2A 
27 DA 08 3F 3F 0F AC 0A 1A 39 2B 28 C7 00 3F 3F 
05 AC B6 FC FF FF 0B FC FF FF 9C FC FF FF 3F 3F 
0B AC 00 2E 00 00 29 27 D3 08 3F 3F 0F AC 0A 1A 
3A 2B B8 21 01 3F 3F 05 AC 00 00 00 00 00 00 00 
00 00 00 00 00 3F 3F 0B AC 00 2C 00 00 29 27 00 
00 3F 3F 0F AC 0A 1A 3B 2B B8 21 01 3F 3F 05 AC 
00 00 00 00 00 00 00 00 00 00 00 00 3F 3F 0B AC 
00 2C 00 00 29 27 00 00 3F 3F 0F AC 0A 1B 00 2B 
B8 21 01 3F 3F 05 AC 00 00 00 00 00 00 00 00 00 
00 00 00 3F 3F 0B AC 00 2C 00 00 29 27 00 00 3F 
3F 0F AC 0A 1B 01 2B B8 21 01 3F 3F 05 AC B9 02 
00 00 0F 05 00 00 FB 03 00 00 3F 3F 0B AC 00 2C 
00 00 28 27 B8 08 3F 3F 0F AC 0A 1B 02 2B 94 FB 
00 3F 3F 05 AC FD FC FF FF 45 FC FF FF 8C FC FF 
FF 3F 3F 0B AC 00 2C 00 00 28 26 B2 00 3F 3F 0F 
AC 0A 1B 03 2B 8C 07 00 3F 3F 05 AC 29 00 00 00 
FB FF FF FF 15 00 00 00 3F 3F 0B AC 00 2C 00 00 
28 26 B2 00 3F 3F 0F AC 0A 1B 04 2B 21 FF FF 3F 
3F 05 AC 68 00 00 00 00 00 00 00 60 00 00 00 3F 
3F 0B AC 00 2B 00 00 28 26 B2 00 3F 3F 0F AC 0A 
1B 05 2B 11 FF FF 3F 3F 05 AC 1B 00 00 00 D4 FF 
FF FF 24 00 00 00 3F 3F 0B AC 00 2B 00 00 28 27 
B2 00 3F 3F 0F AC 0A 1B 06 2B 5B 00 00 3F 3F 05 
AC 25 00 00 00 61 00 00 00 3A 00 00 00 3F 3F 0B 
AC 30 2B 00 00 28 27 B2 00 3F 3F 0F AC 0A 1B 07 
2B 8E 03 00 3F 3F 05 AC DD FF FF FF 88 FF FF FF 
CF FF FF FF 3F 3F 0B AC 30 2B 00 00 28 27 B2 00 
3F 3F 0F AC 0A 1B 08 2B 1E 06 00 3F 3F 05 AC E4 
FF FF FF 0E 00 00 00 F8 FF FF FF 3F 3F 0B AC 31 
2A 00 00 28 27 B2 00 3F 3F 0F AC 0A 1B 09 2B BA 
05 00 3F 3F 05 AC 0F 00 00 00 34 00 00 00 2B 00 
00 00 3F 3F 0B AC 31 2A 00 00 28 27 B2 00 3F 3F 
0F AC 0A 1B 0A 2B E3 0A 00 3F 3F 05 AC EA FF FF 
FF 22 00 00 00 03 00 00 00 3F 3F 0B AC 30 2A 00 
00 28 27 B2 00 3F 3F 0F AC 0A 1B 0B 2B 22 0A 00 
3F 3F 05 AC F2 FF FF FF E5 FF FF FF F7 FF FF FF 
3F 3F 0B AC 30 2A 00 00 28 27 B2 00 3F 3F 0F AC 
0A 1B 0C 2B 33 0B 00 3F 3F 05 AC FB FF FF FF F9 
FF FF FF 0D 00 00 00 3F 3F 0B AC 2F 2A 00 00 28 
27 B2 00 3F 3F 0F AC 0A 1B 0D 2B 04 09 00 3F 3F 
05 AC F1 FF FF FF DE FF FF FF EF FF FF FF 3F 3F 
0B AC 2F 2A 00 00 29 27 B2 00 3F 3F 0F AC 0A 1B 
0E 2B 94 05 00 3F 3F 05 AC FA FF FF FF 10 00 00 
00 03 00 00 00 3F 3F 0B AC 30 2A 00 00 29 27 B2 
00 3F 3F 0F AC 0A 1B 0F 2B 31 01 00 3F 3F 05 AC 
05 00 00 00 07 00 00 00 19 00 00 00 3F 3F 0B AC 
30 2A 00 00 29 28 B2 00 3F 3F 0F AC 0A 1B 10 2B 
AB FF FF 3F 3F 05 AC FB FF FF FF E3 FF FF FF F4 
FF FF FF 3F 3F 0B AC 30 2A 00 00 29 28 B2 00 3F 
3F 0F AC 0A 1B 11 2B 12 03 00 3F 3F 05 AC FE FF 
FF FF 0B 00 00 00 20 00 00 00 3F 3F 0B AC 30 2A 
00 00 29 27 B2 00 3F 3F 0F AC 0A 1B 12 2B F2 02 
00 3F 3F 05 AC 02 00 00 00 0C 00 00 00 2B 00 00 
00 3F 3F 0B AC 2E 2B 00 00 29 27 DE 00 3F 3F 0F 
AC 0A 1B 13 2B E3 FB FF 3F 3F 05 AC 98 FF FF FF 
0E 01 00 00 62 FF FF FF 3F 3F 0B AC 2E 2B 00 00 
29 27 DE 00 3F 3F 0F AC 0A 1B 14 2B 3B FE FF 3F 
3F 05 AC FD FF FF FF F0 FF FF FF E2 FF FF FF 3F 
3F 0B AC 2E 29 00 00 29 27 DE 00 3F 3F 0F AC 0A 
1B 15 2B 19 FB FF 3F 3F 05 AC F0 FF FF FF 3A 00 
00 00 2E 00 00 00 3F 3F 0B AC 2E 29 00 00 29 27 
DE 00 3F 3F 0F AC 0A 1B 16 2B 5F 01 00 3F 3F 05 
AC F6 FF FF FF 31 00 00 00 07 00 00 00 3F 3F 0B 
AC 2D 29 00 00 29 27 B2 00 3F 3F 0F AC 0A 1B 17 
2B A7 04 00 3F 3F 05 AC E7 FF FF FF 38 00 00 00 
FA FF FF FF 3F 3F 0B AC 2D 29 00 00 29 27 B2 00 
3F 3F 0F AC 0A 1B 18 2B 68 03 00 3F 3F 05 AC 00 
00 00 00 CD FF FF FF FD FF FF FF 3F 3F 0B AC 2D 
29 00 00 29 27 B3 00 3F 3F 0F AC 0A 1B 19 2B 01 
06 00 3F 3F 05 AC 1A 00 00 00 B3 FF FF FF 0E 00 
00 00 3F 3F 0B AC 2D 29 00 00 29 28 B3 00 3F 3F 
0F AC 0A 1B 1A 2B 7F 07 00 3F 3F 05 AC 09 00 00 
00 D5 FF FF FF 07 00 00 00 3F 3F 0B AC 2E 2A 00 
00 2A 28 B3 00 3F 3F 0F AC 0A 1B 1B 2B E0 05 00 
3F 3F 05 AC E9 FF FF FF F3 FF FF FF ED FF FF FF 
3F 3F 0B AC 2E 2A 00 00 2A 28 B3 00 3F 3F 0F AC 
0A 1B 1C 2B 34 05 00 3F 3F 05 AC 03 00 00 00 13 
00 00 00 11 00 00 00 3F 3F 0B AC 2E 2B 00 00 2B 
28 B3 00 3F 3F 0F AC 0A 1B 1D 2B C4 04 00 3F 3F 
05 AC 0C 00 00 00 FA FF FF FF EF FF FF FF 3F 3F 
0B AC 2E 2B 00 00 2B 27 B3 00 3F 3F 0F AC 0A 1B 
1E 2B 12 07 00 3F 3F 05 AC 09 00 00 00 F8 FF FF 
FF 17 00 00 00 3F 3F 0B AC 2D 2B 00 00 2B 27 B3 
00 3F 3F 0F AC 0A 1B 1F 2B A1 04 00 3F 3F 05 AC 
FB FF FF FF FA FF FF FF 0B 00 00 00 3F 3F 0B AC 
2D 2B 00 00 2B 27 B3 00 3F 3F 0F AC 0A 1B 20 2B 
B4 04 00 3F 3F 05 AC 00 00 00 00 06 00 00 00 1E 
00 00 00 3F 3F 0B AC 2F 2C 00 00 2A 27 B3 00 3F 
3F 0F AC 0A 1B 21 2B C1 07 00 3F 3F 05 AC 06 00 
00 00 1E 00 00 00 11 00 00 00 3F 3F 0B AC 2F 2C 
00 00 2A 26 B3 00 3F 3F 0F AC 0A 1B 22 2B 44 04 
00 3F 3F 05 AC 12 00 00 00 3B 00 00 00 49 00 00 
00 3F 3F 0B AC 2E 2A 00 00 2B 26 B3 00 3F 3F 0F 
AC 0A 1B 23 2B 35 05 00 3F 3F 05 AC 12 00 00 00 
43 00 00 00 71 00 00 00 3F 3F 0B AC 2E 2A 00 00 
2B 27 B3 00 3F 3F 0F AC 0A 1B 24 2B 79 09 00 3F 
3F 05 AC 1B 00 00 00 53 00 00 00 4D 00 00 00 3F 
3F 0B AC 2F 2A 00 00 2B 27 B3 00 3F 3F 0F AC 0A 
1B 25 2B 56 0A 00 3F 3F 05 AC DC FF FF FF E4 FF 
FF FF F3 FF FF FF 3F 3F 0B AC 2F 2A 00 00 00 2B 
27 B3 3F 3F 0F AC 0A 1B 26 2B F1 06 00 3F 3F 05 
AC 0A 00 00 00 10 00 00 00 26 00 00 00 3F 3F 0B 
AC 27 2D 00 00 2C 27 B3 00 3F 3F 0F AC 0A 1B 27 
2B 86 08 00 3F 3F 05 AC EE FF FF FF DB FF FF FF 
EF FF FF FF 3F 3F 0B AC 27 2D 00 00 2C 25 B3 00 
3F 3F 0F AC 0A 1B 28 2B 68 03 00 3F 3F 05 AC FC 
FF FF FF F4 FF FF FF D7 FF FF FF 3F 3F 0B AC 26 
2D 00 00 2C 25 B3 00 3F 3F 0F AC 0A 1B 29 2B 79 
01 00 3F 3F 05 AC FA FF FF FF 03 00 00 00 E4 FF 
FF FF 3F 3F 0B AC 26 2D 00 00 2C 24 B3 00 3F 3F 
0F AC 0A 1B 2A 2B 58 0B 00 3F 3F 05 AC F7 FF FF 
FF 03 00 00 00 11 00 00 00 3F 3F 0B AC 26 2D 00 
00 2D 24 B3 00 3F 3F 0F AC 0A 1B 2B 2B C0 05 00 
3F 3F 05 AC 02 00 00 00 F9 FF FF FF FA FF FF FF 
3F 3F 0B AC 26 2D 00 00 2D 26 B3 00 3F 3F 0F AC 
0A 1B 2C 2B 39 09 00 3F 3F 05 AC F5 FF FF FF CB 
FF FF FF DC FF FF FF 3F 3F 0B AC 26 2E 00 00 2D 
26 B3 00 3F 3F 0F AC 0A 1B 2D 2B 59 09 00 3F 3F 
05 AC E8 FF FF FF CE FF FF FF D9 FF FF FF 3F 3F 
0B AC 26 2E 00 00 2D 27 B3 00 3F 3F 0F AC 0A 1B 
2E 2B C0 0B 00 3F 3F 05 AC FD FF FF FF E8 FF FF 
FF F5 FF FF FF 3F 3F 0B AC 2B 2B 00 00 2B 27 B4 
00 3F 3F 0F AC 0A 1B 2F 2B 36 09 00 3F 3F 05 AC 
07 00 00 00 2B 00 00 00 2C 00 00 00 3F 3F 0B AC 
2B 2B 00 00 2B 25 B4 00 3F 3F 0F AC 0A 1B 30 2B 
CC 07 00 3F 3F 05 AC 10 00 00 00 2E 00 00 00 34 
00 00 00 3F 3F 0B AC 2D 2A 00 00 2B 25 B4 00 3F 
3F 0F AC 0A 1B 31 2B 0F 04 00 3F 3F 05 AC 07 00 
00 00 CB FF FF FF 0F 00 00 00 3F 3F 0B AC 2D 2A 
00 00 2B 25 B4 00 3F 3F 0F AC 0A 1B 32 2B 8D 0B 
00 3F 3F 05 AC 16 00 00 00 FD FF FF FF F7 FF FF 
FF 3F 3F 0B AC 2E 2C 00 00 2B 00 FA 00 3F 3F 0F 
AC 0A 1B 33 2B F9 07 00 3F 3F 05 AC 05 00 00 00 
F0 FF FF FF DE FF FF FF 3F 3F 0B AC 2E 2C 00 00 
2B 00 FA 00 3F 3F 0F AC 0A 1B 34 2B 2B 08 00 3F 
3F 05 AC F9 FF FF FF F7 FF FF FF F5 FF FF FF 3F 
3F 0B AC 2D 2A 00 00 2B 00 FA 00 3F 3F 0F AC 0A 
1B 35 2B 2C 0A 00 3F 3F 05 AC 8F FF FF FF C1 FF 
FF FF 53 01 00 00 3F 3F 0B AC 2D 2A 00 00 2B 00 
B4 00 3F 3F 0F AC 0A 1B 36 2B 2B 0C 00 3F 3F 05 
AC 2D 00 00 00 13 00 00 00 80 FF FF FF 3F 3F 0B 
AC 2E 2A 00 00 2B 00 B4 00 3F 3F 0F AC 0A 1B 37 
2B A4 0A 00 3F 3F 05 AC 0D 00 00 00 0D 00 00 00 
D0 FF FF FF 3F 3F 0B AC 2E 2A 00 00 2B 27 B4 00 
3F 3F 0F AC 0A 1B 38 2B 75 08 00 3F 3F 05 AC 15 
00 00 00 11 00 00 00 0E 00 00 00 3F 3F 0B AC 28 
2D 00 00 2C 27 B4 00 3F 3F 0F AC 0A 1B 39 2B F0 
02 00 3F 3F 05 AC 11 00 00 00 2F 00 00 00 2E 00 
00 00 3F 3F 0B AC 28 2D 00 00 2C 28 B4 00 3F 3F 
0F AC 0A 1B 3A 2B 20 02 00 3F 3F 05 AC 03 00 00 
00 1A 00 00 00 3D 00 00 00 3F 3F 0B AC 24 2E 00 
00 2B 28 B4 00 3F 3F 0F AC 0A 1B 3B 2B 8D FE FF 
3F 3F 05 AC 0B 00 00 00 07 00 00 00 2D 00 00 00 
3F 3F 0B AC 24 2E 00 00 2B 25 B4 00 3F 3F 0F AC 
0A 1C 00 2B D9 02 00 3F 3F 05 AC F5 FF FF FF D2 
FF FF FF E2 FF FF FF 3F 3F 0B AC 27 2E 00 00 2B 
25 B4 00 3F 3F 0F AC 0A 1C 01 2B FE 04 00 3F 3F 
05 AC 0D 00 00 00 26 00 00 00 2B 00 00 00 3F 3F 
0B AC 27 2E 00 00 2B 27 B4 00 3F 3F 0F AC 0A 1C 
02 2B 52 03 00 3F 3F 05 AC EC FF FF FF F3 FF FF 
FF AC 00 00 00 3F 3F 0B AC 2D 2B 00 00 2B 27 B4 
00 3F 3F 0F AC 0A 1C 03 2B A6 02 00 3F 3F 05 AC 
00 00 00 00 FE FF FF FF EF FF FF FF 3F 3F 0B AC 
2D 2B 00 00 2B 27 B4 00 3F 3F 0F AC 0A 1C 04 2B 
2C FF FF 3F 3F 05 AC 07 00 00 00 FD FF FF FF 00 
00 00 00 3F 3F 0B AC 2D 2D 00 00 2C 27 B4 00 3F 
3F 0F AC 0A 1C 05 2B D2 04 00 3F 3F 05 AC 03 00 
00 00 0A 00 00 00 13 00 00 00 3F 3F 0B AC 2D 2D 
00 00 2C 28 B4 00 3F 3F 0F AC 0A 1C 06 2B 03 05 
00 3F 3F 05 AC 0D 00 00 00 FE FF FF FF 0D 00 00 
00 3F 3F 0B AC 2E 2E 00 00 2C 28 B4 00 3F 3F 0F 
AC 0A 1C 07 2B 27 02 00 3F 3F 05 AC 08 00 00 00 
0B 00 00 00 0C 00 00 00 3F 3F 0B AC 2E 2E 00 00 
2C 28 B4 00 3F 3F 0F AC 0A 1C 08 2B 3B FF FF 3F 
3F 05 AC 03 00 00 00 F0 FF FF FF F7 FF FF FF 3F 
3F 0B AC 2D 2D 00 00 2D 28 B4 00 3F 3F 0F AC 0A 
1C 09 2B A0 00 00 3F 3F 05 AC 0F 00 00 00 07 00 
00 00 2D 00 00 00 3F 3F 0B AC 2D 2D 00 00 2D 27 
B5 00 3F 3F 0F AC 0A 1C 0A 2B E0 FF FF 3F 3F 05 
AC 10 00 00 00 26 00 00 00 58 00 00 00 3F 3F 0B 
AC 2E 2C 00 00 2C 27 B5 00 3F 3F 0F AC 0A 1C 0B 
2B 8A FF FF 3F 3F 05 AC 15 00 00 00 11 00 00 00 
F7 FF FF FF 3F 3F 0B AC 2E 2C 00 00 2C 26 B5 00 
3F 3F 0F AC 0A 1C 0C 2B 13 FB FF 3F 3F 05 AC 00 
00 00 00 07 00 00 00 06 00 00 00 3F 3F 0B AC 2B 
2D 00 00 2B 26 B5 00 3F 3F 0F AC 0A 1C 0D 2B 26 
00 00 3F 3F 05 AC FF FF FF FF 05 00 00 00 27 00 
00 00 3F 3F 0B AC 2B 2D 00 00 2B 26 B5 00 3F 3F 
0F AC 0A 1C 0E 2B D3 01 00 3F 3F 05 AC 0D 00 
-----------------------------------------------
Date: 02-10-2017 - 15:59:09
End log file
