Terminal log file
Date: 02-10-2017 - 15:46:47
-----------------------------------------------
00 00 00 00 3F 3F 04 AC C1 CD 8D 0A 
C7 5C 58 22 64 62 61 0C DC E1 01 00 95 0A 3F 3F 
05 AC F0 FF 00 00 C9 0A 3F 3F 0E AC 00 00 00 00 
70 30 67 0B C0 74 76 2B 74 0E 00 00 1D 0A 3F 3F 
0F AC 0A 0F 38 02 0A E1 07 70 0A 00 38 02 0A E1 
07 70 0A 00 FF FF 00 00 00 00 BE 0A 3F 3F 06 AC 
FF B3 08 00 DC E1 01 00 B1 07 00 00 64 0A 3F 3F 
08 AC 15 1B 1E 1C 1F 12 20 01 03 0A 02 18 23 0A 
23 02 5A 59 59 00 00 00 0B F8 36 0A 3F 3F 0A AC 
29 2D 00 00 00 30 00 00 00 2F 00 00 BD 0A 3F 3F 
0B AC 0B 02 62 05 00 00 00 00 00 00 3F 3F 04 AC 
B9 C3 8D 0A 1B 4F 58 22 05 5F 61 0C DD E1 01 00 
71 0A 3F 3F 05 AC 33 00 00 00 30 00 00 00 07 0A 
3F 3F 08 AC 15 1B 05 1C 06 12 07 01 03 0A 08 18 
23 0A 23 02 5A 59 59 00 00 00 0B F9 18 0A 3F 3F 
0A AC 29 2D 00 00 00 30 00 00 00 2F 00 00 BD 0A 
3F 3F 0B AC 0B 02 62 05 00 00 00 00 C9 0A 3F 3F 
0E AC 00 00 00 00 50 32 67 0B C0 79 76 2B 38 FE 
FF FF 8E 0A 3F 3F 0F AC 0A 0F 39 02 0A E1 07 71 
0A 00 0A AC 29 2D 00 00 00 30 00 00 00 2F 00 00 
BD 0A 3F 3F 0B AC 0B 02 62 05 00 00 00 00 00 00 
3F 3F 04 AC 6C C1 8D 0A 05 4B 58 22 3F 5A 61 0C 
DE E1 01 00 80 0A 3F 3F 05 AC 8D FF FF FF 30 FF 
FF FF 84 FF FF 00 00 63 0A 3F 3F 08 AC 15 1B 05 
1C 06 12 07 01 03 0A 08 18 23 0A 23 02 5A 59 59 
00 00 00 0B F9 18 0A 3F 3F 0A AC 28 2D 00 00 00 
30 00 00 00 31 00 00 A2 0A 3F 3F 0B AC 0B 02 62 
05 00 00 00 00 C9 0A 3F 3F 0E AC 00 00 00 00 A0 
2F 67 0B 00 7B 76 2B 53 F8 FF FF CC 0A 3F 3F 0F 
AC 0A 0F 3A 02 0A E1 07 72 0A 00 00 00 30 00 00 
00 31 00 00 A2 0A 3F 3F 0B AC 0B 02 62 05 00 00 
00 00 00 00 3F 3F 04 AC 50 C6 8D 0A 95 51 58 22 
13 5C 61 0C DF E1 01 00 1A 0A 3F 3F 05 AC DE FF 
FF FF BD FF FF FF D4 FF FF 00 00 B9 0A 3F 3F 08 
AC 15 1B 05 1C 06 12 07 01 03 0A 08 18 23 0A 23 
02 5A 59 59 00 00 00 0B F9 18 0A 3F 3F 0A AC 28 
2D 00 00 00 30 00 00 00 31 00 00 A2 0A 3F 3F 0B 
AC 0B 02 63 05 00 00 00 00 C8 0A 3F 3F 0E AC 00 
00 00 00 E0 2E 67 0B 40 78 76 2B 35 00 00 00 50 
0A 3F 3F 0F AC 0A 0F 3B 02 0A E1 07 73 0A 00 00 
00 30 00 00 00 31 00 00 A2 0A 3F 3F 0B AC 0B 02 
63 05 00 00 00 00 00 00 3F 3F 04 AC 6A C0 8D 0A 
00 47 58 22 D3 57 61 0C E0 E1 01 00 51 0A 3F 3F 
05 AC D9 FF FF FF B9 FF FF FF B8 00 00 0A 0A 3F 
3F 08 AC 15 1B 05 1C 06 12 07 01 03 0A 08 18 23 
0A 23 02 5A 59 59 00 00 00 0B F8 19 0A 3F 3F 0A 
AC 27 2D 00 00 00 33 00 00 00 31 00 00 AE 0A 3F 
3F 0B AC 0B 02 63 05 00 00 00 00 C8 0A 3F 3F 0E 
AC 00 00 00 00 C0 2E 67 0B C0 7A 76 2B 9F F3 FF 
FF AB 0A 3F 3F 0F AC 0A 10 00 02 0A E1 07 57 0A 
00 2D 00 00 00 33 00 00 00 31 00 00 AE 0A 3F 3F 
0B AC 0B 02 63 05 00 00 00 00 00 00 3F 3F 04 AC 
0B BC 8D 0A 97 41 58 22 73 55 61 0C E1 E1 01 00 
7E 0A 3F 3F 05 AC E3 FF FF FF E1 FF FF FF F0 FF 
00 00 7C 0A 3F 3F 08 AC 15 1B 05 1C 06 12 07 01 
03 0A 08 18 23 0A 23 02 5A 59 59 00 00 00 0B F8 
19 0A 3F 3F 0A AC 27 2D 00 00 00 00 C8 0A 3F 3F 
0E AC 00 00 00 00 B0 2E 67 0B 00 7D 76 2B BF EC 
FF FF 23 0A 3F 3F 0F AC 0A 10 01 02 0A E1 07 56 
0A 00 00 33 00 00 00 31 00 00 AE 0A 3F 3F 0B AC 
0B 02 63 05 00 00 00 00 00 33 00 00 00 31 00 00 
AE 0A 3F 3F 0B AC 0B 02 63 05 00 00 00 00 00 00 
3F 3F 04 AC 46 BA 8D 0A 7B 40 58 22 A2 52 61 0C 
E2 E1 01 00 0D 0A 3F 3F 05 AC 99 FF FF FF 00 00 
C8 0A 3F 3F 0E AC 00 00 00 00 C0 2C 67 0B 40 7E 
76 2B 54 EA FF FF FF 0A 3F 3F 0F AC 0A 10 02 02 
0A E1 07 55 0A 00 0A E1 07 55 0A 00 FF FF 00 00 
00 00 04 0A 3F 3F 06 AC 7D E8 08 00 E2 E1 01 00 
B1 07 00 00 83 0A 3F 3F 08 AC 15 1B 05 1C 06 12 
07 01 03 0A 08 09 23 02 23 02 5A 59 59 00 00 00 
0B F8 00 0A 3F 3F 0A AC 28 2D 00 00 00 2E 00 00 
00 30 00 00 BD 0A 3F 3F 0B AC 0B 02 63 05 00 00 
00 00 00 00 3F 3F 04 AC DF BE 8D 0A 9D 46 58 22 
DF 56 61 0C E3 E1 01 00 08 0A 3F 3F 05 AC 99 FF 
FF FF 79 FF FF FF AE 00 00 C8 0A 3F 3F 0E AC 00 
00 00 00 40 2E 67 0B 00 7C 76 2B 88 F2 FF FF FB 
0A 3F 3F 0F AC 0A 10 03 02 0A E1 07 54 0A 00 00 
FF FF 00 00 00 00 18 0A 3F 3F 06 AC 39 F1 08 00 
E3 E1 01 00 B1 07 00 00 DF 0A 3F 3F 08 AC 15 1B 
05 1C 06 12 07 01 03 0A 08 09 23 02 23 02 5A 59 
59 00 00 00 0B F9 01 0A 3F 3F 0A AC 28 2D 00 00 
00 2E 00 00 00 30 00 00 BD 0A 3F 3F 0B AC 0B 02 
63 05 00 00 00 00 00 00 3F 3F 04 AC 75 C4 8D 0A 
70 4E 58 22 23 5E 61 0C E4 E1 01 00 CE 0A 3F 3F 
05 AC 30 00 00 00 3B 00 00 00 57 00 00 00 C8 0A 
3F 3F 0E AC 00 00 00 00 A0 31 67 0B 00 79 76 2B 
87 FD FF FF 01 0A 3F 3F 0F AC 0A 10 04 02 0A E1 
07 53 0A 00 00 00 00 00 00 00 F5 0A 3F 3F 06 AC 
9B F9 08 00 E4 E1 01 00 B1 07 00 00 72 0A 3F 3F 
08 AC 15 1B 05 1C 06 12 07 01 03 0A 08 09 23 02 
23 02 5A 59 59 00 00 00 0B F9 01 0A 3F 3F 0A AC 
28 2D 00 00 00 2F 00 00 00 31 00 00 BD 0A 3F 3F 
0B AC 0B 02 63 05 00 00 00 00 00 00 3F 3F 04 AC 
83 BF 8D 0A 71 48 58 22 71 5A 61 0C E5 E1 01 00 
13 0A 3F 3F 05 AC 0D 00 00 00 10 00 00 00 03 00 
00 00 F3 0A 3F 3F 08 AC 15 1B 05 0B 06 12 07 01 
03 0A 08 09 23 02 23 02 5A 59 59 00 00 00 0B F9 
16 0A 3F 3F 0A AC 28 2D 00 00 00 2F 00 00 00 31 
00 00 BD 0A 3F 3F 0B AC 0B 02 63 05 00 00 00 00 
C8 0A 3F 3F 0E AC 00 00 00 00 B0 30 67 0B 00 7C 
76 2B 88 F5 FF FF 12 0A 3F 3F 0F AC 0A 10 05 02 
0A E1 07 52 0A 00 00 00 00 2F 00 00 00 31 00 00 
BD 0A 3F 3F 0B AC 0B 02 63 05 00 00 00 00 00 00 
3F 3F 04 AC 7F C3 8D 0A 2F 4C 58 22 05 60 61 0C 
E6 E1 01 00 84 0A 3F 3F 05 AC BB FF FF FF 9B FF 
FF FF C4 FF 00 00 A5 0A 3F 3F 08 AC 15 1B 05 0B 
06 12 07 01 03 0A 08 09 23 02 23 02 5A 59 59 00 
00 00 0B F8 17 0A 3F 3F 0A AC 27 2D 00 00 00 2F 
00 00 00 32 00 00 B1 0A 3F 3F 0B AC 0B 02 63 05 
00 00 00 00 C8 0A 3F 3F 0E AC 00 00 00 00 10 34 
67 0B 40 79 76 2B D8 FB FF FF AD 0A 3F 3F 0F AC 
0A 10 06 02 0A E1 07 51 0A 00 00 00 00 2F 00 00 
00 32 00 00 B1 0A 3F 3F 0B AC 0B 02 63 05 00 00 
00 00 00 00 3F 3F 04 AC 72 C7 8D 0A 4E 52 58 22 
97 5F 61 0C E7 E1 01 00 5E 0A 3F 3F 05 AC 77 FF 
FF FF 23 FF FF FF 34 FF FF FF 00 00 1E 0A 3F 3F 
08 AC 15 1B 05 0B 06 12 07 01 03 0A 08 09 23 02 
23 02 5A 59 59 00 00 00 0B F8 17 0A 3F 3F 0A AC 
27 2D 00 00 00 2F 00 00 00 32 00 00 B1 0A 3F 3F 
0B AC 0B 02 63 05 00 00 00 00 C8 0A 3F 3F 0E AC 
00 00 00 00 A0 31 67 0B 80 77 76 2B 54 02 00 00 
A3 0A 3F 3F 0F AC 0A 10 07 02 0A E1 07 50 0A 00 
00 2F 00 00 00 32 00 00 B1 0A 3F 3F 0B AC 0B 02 
63 05 00 00 00 00 00 00 3F 3F 04 AC 31 C7 8D 0A 
1B 54 58 22 C3 5F 61 0C E8 E1 01 00 15 0A 3F 3F 
05 AC 14 00 00 00 31 00 00 00 23 00 00 A7 0A 3F 
3F 08 AC 15 1B 05 0B 06 12 07 01 0C 0A 08 09 23 
02 23 02 5A 59 59 00 00 00 0B F8 18 0A 3F 3F 0A 
AC 28 00 00 CF 0A 3F 3F 0E AC 00 00 00 00 30 31 
67 0B 40 78 76 2B F0 03 00 00 59 0A 3F 3F 0F AC 
0A 10 08 02 0A E1 07 5F 0A 00 00 00 00 00 2F 00 
00 00 32 00 00 BE 0A 3F 3F 0B AC 0B 02 64 05 00 
00 00 00 00 00 2F 00 00 00 32 00 00 BE 0A 3F 3F 
0B AC 0B 02 64 05 00 00 00 00 00 00 3F 3F 04 AC 
C0 C9 8D 0A 32 57 58 22 C0 63 61 0C E9 E1 01 00 
FE 0A 3F 3F 05 AC CA FF FF FF C8 FF FF 00 00 CE 
0A 3F 3F 0E AC 00 00 00 00 90 33 67 0B 80 76 76 
2B BF 08 00 00 71 0A 3F 3F 0F AC 0A 10 09 02 0A 
E1 07 5E 0A 00 5E 0A 00 FF FF 00 00 00 00 9C 0A 
3F 3F 06 AC 37 24 09 00 E9 E1 01 00 B1 07 00 00 
0F 0A 3F 3F 08 AC 15 1B 05 0B 06 12 07 01 0C 0A 
08 09 23 02 23 02 5A 59 59 00 00 00 0B F9 19 0A 
3F 3F 0A AC 28 2E 00 00 00 2F 00 00 00 33 00 00 
BC 0A 3F 3F 0B AC 0A 02 64 05 00 00 00 00 00 00 
3F 3F 04 AC 2E C9 8D 0A F0 57 58 22 E1 63 61 0C 
EA E1 01 00 F0 0A 3F 3F 05 AC 0B 00 00 00 0D 00 
00 00 E9 FF FF FF 00 00 CE 0A 3F 3F 0E AC 00 00 
00 00 80 33 67 0B 80 77 76 2B 4D 09 00 00 93 0A 
3F 3F 0F AC 0A 10 0A 02 0A E1 07 5D 0A 00 00 00 
00 00 B9 0A 3F 3F 06 AC AC 2C 09 00 EA E1 01 00 
B1 07 00 00 9F 0A 3F 3F 08 AC 15 1B 05 0B 06 12 
07 01 0C 0A 08 09 23 02 23 02 5A 59 59 00 00 00 
0B F9 19 0A 3F 3F 0A AC 29 2E 00 00 00 33 00 00 
00 33 00 00 A1 0A 3F 3F 0B AC 0A 02 64 05 00 00 
00 00 00 00 3F 3F 04 AC A1 C4 8D 0A 6F 52 58 22 
87 5C 61 0C EB E1 01 00 B0 0A 3F 3F 05 AC 06 00 
00 00 2A 00 00 00 FE 00 00 63 0A 3F 3F 08 AC 15 
1B 05 0B 06 12 07 01 0C 0A 08 09 23 02 23 02 5A 
59 59 00 00 00 0B F9 19 0A 3F 3F 0A AC 29 2E 00 
00 00 33 00 00 00 32 00 00 A0 0A 3F 3F 0B AC 0A 
02 64 05 00 00 00 00 CE 0A 3F 3F 0E AC 00 00 00 
00 30 2F 67 0B 00 7A 76 2B A8 00 00 00 5E 0A 3F 
3F 0F AC 0A 10 0B 02 0A E1 07 5C 0A 00 2E 00 00 
00 33 00 00 00 32 00 00 A0 0A 3F 3F 0B AC 0A 02 
64 05 00 00 00 00 00 00 3F 3F 04 AC C7 C2 8D 0A 
F1 52 58 22 82 56 61 0C EC E1 01 00 46 0A 3F 3F 
05 AC 5A 00 00 00 8F 00 00 00 82 00 00 00 00 14 
0A 3F 3F 08 AC 15 1B 05 0B 06 12 07 01 0C 0A 08 
09 23 02 23 02 5A 59 59 00 00 00 0B F8 18 0A 3F 
3F 0A AC 28 2E 00 00 00 30 00 00 00 32 00 00 A2 
0A 3F 3F 0B AC 0A 02 64 05 00 00 00 00 CE 0A 3F 
3F 0E AC 00 00 00 00 10 2A 67 0B 00 7C 76 2B A1 
FE FF FF 8A 0A 3F 3F 0F AC 0A 10 0C 02 0A E1 07 
5B 0A 00 00 00 30 00 00 00 32 00 00 A2 0A 3F 3F 
0B AC 0A 02 64 05 00 00 00 00 00 00 3F 3F 04 AC 
17 C3 8D 0A AE 54 58 22 64 56 61 0C ED E1 01 00 
29 0A 3F 3F 05 AC 0C 00 00 00 00 00 5E 0A 3F 3F 
08 AC 15 1B 05 0B 06 12 07 01 0C 0A 08 09 23 02 
23 02 5A 59 59 00 00 00 0B F8 18 0A 3F 3F 0A AC 
28 2D 00 00 00 30 00 00 00 32 00 00 A1 0A 3F 3F 
0B AC 0A 02 64 05 00 00 00 00 CE 0A 3F 3F 0E AC 
00 00 00 00 60 29 67 0B 00 7C 76 2B 3F 00 00 00 
99 0A 3F 3F 0F AC 0A 10 0D 02 0A E1 07 5A 0A 00 
3F 3F 0A AC 28 2D 00 00 00 30 00 00 00 32 00 00 
A1 0A 3F 3F 0B AC 0A 02 64 05 00 00 00 00 00 00 
3F 3F 04 AC 79 BD 8D 0A 23 4A 58 22 56 51 61 0C 
EE E1 01 00 9C 0A 3F 3F 05 AC 00 00 00 00 F5 FF 
FF FF C9 00 00 CD 0A 3F 3F 08 AC 15 1B 0D 0B 0E 
12 0F 10 0C 0A 11 09 23 02 23 02 5A 59 59 00 00 
00 0B F8 18 0A 3F 3F 0A AC 26 2D 00 00 00 30 00 
00 00 32 00 00 AF 0A 3F 3F 0B AC 0A 02 64 05 00 
00 00 00 CE 0A 3F 3F 0E AC 00 00 00 00 A0 28 67 
0B 00 7E 76 2B 83 F3 FF FF 15 0A 3F 3F 0F AC 0A 
10 0E 02 0A E1 07 59 0A 00 2D 00 00 00 30 00 00 
00 32 00 00 AF 0A 3F 3F 0B AC 0A 02 64 05 00 00 
00 00 00 00 3F 3F 04 AC CA BA 8D 0A 70 45 58 22 
52 50 61 0C EF E1 01 00 70 0A 3F 3F 05 AC 20 00 
00 00 45 00 00 00 39 00 00 00 00 CE 0A 3F 3F 08 
AC 15 1B 0D 0B 0E 12 0F 10 0C 0A 11 09 23 02 23 
02 5A 59 59 00 00 00 0B F9 19 0A 3F 3F 0A AC 26 
2E 00 00 00 00 CE 0A 3F 3F 0E AC 00 00 00 00 50 
29 67 0B 80 7F 76 2B 30 EE FF FF CB 0A 3F 3F 0F 
AC 0A 10 0F 02 0A E1 07 58 0A 00 00 30 00 00 00 
32 00 00 AC 0A 3F 3F 0B AC 0A 02 64 05 00 00 00 
00 30 00 00 00 32 00 00 AC 0A 3F 3F 0B AC 0A 02 
64 05 00 00 00 00 00 00 3F 3F 04 AC DA BC 8D 0A 
1F 4A 58 22 B1 54 61 0C F0 E1 01 00 FE 0A 3F 3F 
05 AC 00 00 CE 0A 3F 3F 0E AC 00 00 00 00 90 2B 
67 0B 00 7F 76 2B 6D F4 FF FF CE 0A 3F 3F 0F AC 
0A 10 10 02 0A E1 07 47 0A 00 0A 10 10 02 0A E1 
07 47 0A 00 00 00 00 00 00 00 AB 0A 3F 3F 06 AC 
47 61 09 00 F0 E1 01 00 B1 07 00 00 23 0A 3F 3F 
08 AC 15 1B 0D 0B 0E 12 0F 10 0C 0A 11 09 23 02 
23 02 5A 59 59 00 00 00 0B F9 19 0A 3F 3F 0A AC 
27 2E 00 00 00 30 00 00 00 32 00 00 AD 0A 3F 3F 
0B AC 0A 02 64 05 00 00 00 00 00 00 3F 3F 04 AC 
18 C6 8D 0A 5D 57 58 22 6E 5C 61 0C F1 E1 01 00 
CF 0A 3F 3F 05 AC 38 00 00 00 61 00 00 00 07 00 
00 00 00 00 00 CF 0A 3F 3F 0E AC 00 00 00 00 90 
2D 67 0B 00 7A 76 2B 7C 05 00 00 2D 0A 3F 3F 0F 
AC 0A 10 11 02 0A E1 07 46 0A 00 00 00 00 F7 0A 
3F 3F 06 AC B7 69 09 00 F1 E1 01 00 B1 07 00 00 
DA 0A 3F 3F 08 AC 15 1B 0D 0B 0E 12 0F 10 0C 0A 
11 09 23 02 23 02 5A 69 59 00 00 00 0B F9 29 0A 
3F 3F 0A AC 27 2D 00 00 00 2E 00 00 00 31 00 00 
B3 0A 3F 3F 0B AC 0A 02 65 05 00 00 00 00 00 00 
3F 3F 04 AC FD C1 8D 0A 58 4E 58 22 07 5C 61 0C 
F2 E1 01 00 5B 0A 3F 3F 05 AC C9 FF FF FF C9 FF 
FF FF DD FF FF 00 00 CF 0A 3F 3F 0E AC 00 00 00 
00 30 30 67 0B 00 7B 76 2B 12 FC FF FF 06 0A 3F 
3F 0F AC 0A 10 12 02 0A E1 07 45 0A 00 FF 00 00 
00 00 8B 0A 3F 3F 06 AC DD 71 09 00 F2 E1 01 00 
B1 07 00 00 AB 0A 3F 3F 08 AC 15 1B 0D 0B 0E 12 
0F 10 0C 0A 11 09 23 02 23 02 5A 69 59 00 00 00 
0B F8 28 0A 3F 3F 0A AC 26 2D 00 00 00 2E 00 00 
00 31 00 00 B2 0A 3F 3F 0B AC 0A 02 65 05 00 00 
00 00 00 00 3F 3F 04 AC AF C2 8D 0A 2B 4F 58 22 
57 5B 61 0C F3 E1 01 00 2E 0A 3F 3F 05 AC FA FF 
FF FF F9 FF FF FF F7 FF FF 00 00 DA 0A 3F 3F 08 
AC 15 1B 0D 0B 0E 12 0F 10 0C 0A 11 13 23 02 23 
02 5A 69 59 00 00 00 0B F8 32 0A 3F 3F 0A AC 26 
2D 00 00 00 30 00 00 00 32 00 00 AF 0A 3F 3F 0B 
AC 0A 02 65 05 00 00 00 00 CF 0A 3F 3F 0E AC 00 
00 00 00 40 2F 67 0B 00 7B 76 2B C8 FC FF FF B3 
0A 3F 3F 0F AC 0A 10 13 02 0A E1 07 44 0A 00 00 
00 30 00 00 00 32 00 00 AF 0A 3F 3F 0B AC 0A 02 
65 05 00 00 00 00 00 00 3F 3F 04 AC 99 C0 8D 0A 
4B 4C 58 22 9F 57 61 0C F4 E1 01 00 BA 0A 3F 3F 
05 AC 37 00 00 00 7D 00 00 00 55 00 00 00 00 C5 
0A 3F 3F 08 AC 15 1B 0D 0B 0E 12 0F 10 0C 0A 11 
13 23 02 23 02 5A 69 59 00 00 00 0B F8 32 0A 3F 
3F 0A AC 27 2D 00 00 00 30 2C 00 00 32 00 00 82 
0A 3F 3F 0B AC 0A 02 65 05 00 00 00 00 CF 0A 3F 
3F 0E AC 00 00 00 00 20 2D 67 0B 00 7C 76 2B 63 
F8 FF FF 79 0A 3F 3F 0F AC 0A 10 14 02 0A E1 07 
43 0A 00 00 00 30 2C 00 00 32 00 00 82 0A 3F 3F 
0B AC 0A 02 65 05 00 00 00 00 00 00 3F 3F 04 AC 
CB C1 8D 0A 75 4F 58 22 1C 56 61 0C F5 E1 01 00 
57 0A 3F 3F 05 AC 10 00 00 00 DE FF FF FF E5 FF 
FF 00 00 9D 0A 3F 3F 08 AC 15 1B 0D 0B 0E 12 0F 
10 0C 0A 11 13 23 02 23 02 5A 69 59 00 00 00 0B 
F9 33 0A 3F 3F 0A AC 27 2D 00 00 00 36 2C 00 00 
32 00 00 84 0A 3F 3F 0B AC 0A 02 65 05 00 00 00 
00 CF 0A 3F 3F 0E AC 00 00 00 00 D0 2A 67 0B 80 
7B 76 2B 14 FB FF FF 7D 0A 3F 3F 0F AC 0A 10 15 
02 0A E1 07 42 0A 00 00 00 36 2C 00 00 32 00 00 
84 0A 3F 3F 0B AC 0A 02 65 05 00 00 00 00 00 00 
3F 3F 04 AC C1 BC 8D 0A 4F 46 58 22 5F 55 61 0C 
F6 E1 01 00 50 0A 3F 3F 05 AC 4F 00 00 00 69 00 
00 00 00 00 39 0A 3F 3F 08 AC 15 1B 0D 0B 0E 12 
0F 10 0C 0A 11 13 23 02 23 02 5A 69 59 00 00 00 
0B F9 33 0A 3F 3F 0A AC 26 2D 00 00 00 36 2D 00 
00 32 00 00 84 0A 3F 3F 0B AC 0A 02 65 05 00 00 
00 00 CF 0A 3F 3F 0E AC 00 00 00 00 30 2D 67 0B 
C0 7D 76 2B 2D F1 FF FF EF 0A 3F 3F 0F AC 0A 10 
16 02 0A E1 07 41 0A 00 26 2D 00 00 00 36 2D 00 
00 32 00 00 84 0A 3F 3F 0B AC 0A 02 65 05 00 00 
00 00 00 00 3F 3F 04 AC 6F C5 8D 0A 32 53 58 22 
7A 5C 61 0C F7 E1 01 00 C2 0A 3F 3F 05 AC E5 FF 
FF FF DA FF FF FF E2 FF 00 00 CF 0A 3F 3F 0E AC 
00 00 00 00 E0 2E 67 0B 80 79 76 2B 8D 01 00 00 
28 0A 3F 3F 0F AC 0A 10 17 02 0A E1 07 40 0A 00 
FF FF 00 00 00 00 8B 0A 3F 3F 06 AC 7E 9D 09 00 
F7 E1 01 00 B1 07 00 00 E1 0A 3F 3F 08 AC 15 1B 
0D 0B 0E 12 0F 10 0C 0A 11 13 23 02 23 02 5A 69 
59 00 00 00 0B F9 33 0A 3F 3F 0A AC 26 2D 00 00 
00 31 2D 00 00 34 00 00 85 0A 3F 3F 0B AC 0A 02 
65 05 00 00 00 00 00 00 3F 3F 04 AC 58 C0 8D 0A 
69 4A 58 22 62 58 61 0C F8 E1 01 00 A1 0A 3F 3F 
05 AC 71 00 00 00 BE 00 00 00 86 00 00 00 00 00 
00 CF 0A 3F 3F 0E AC 00 00 00 00 50 2E 67 0B 80 
7B 76 2B DD F6 FF FF 3D 0A 3F 3F 0F AC 0A 10 18 
02 0A E1 07 4F 0A 00 00 00 00 E0 0A 3F 3F 06 AC 
B0 A5 09 00 F8 E1 01 00 B1 07 00 00 18 0A 3F 3F 
08 AC 15 1B 0D 0B 0E 12 0F 10 0C 0A 11 13 23 02 
23 02 5A 69 59 00 00 00 0B F8 32 0A 3F 3F 0A AC 
26 2D 00 00 00 31 2D 00 00 34 00 00 85 0A 3F 3F 
0B AC 0A 02 65 05 00 00 00 00 00 00 3F 3F 04 AC 
AB C7 8D 0A A1 54 58 22 C8 5C 61 0C F9 E1 01 00 
2C 0A 3F 3F 05 AC DA FF FF FF B1 FF FF FF FB 00 
00 CC 0A 3F 3F 0E AC 00 00 00 00 80 2E 67 0B 00 
78 76 2B 91 03 00 00 D7 0A 3F 3F 0F AC 0A 10 19 
02 0A E1 07 4E 0A 00 00 FF FF 00 00 00 00 C6 0A 
3F 3F 06 AC 94 AE 09 00 F9 E1 01 00 B1 07 00 00 
36 0A 3F 3F 08 AC 15 1B 0D 0B 0E 12 0F 10 14 0A 
11 13 23 02 23 02 6A 69 59 00 00 00 0B F8 1A 0A 
3F 3F 0A AC 26 2D 00 00 00 33 2D 00 00 30 00 00 
83 0A 3F 3F 0B AC 09 02 65 05 00 00 00 00 00 00 
3F 3F 04 AC DA BF 8D 0A D9 47 58 22 42 57 61 0C 
FA E1 01 00 CC 0A 3F 3F 05 AC 42 00 00 00 5F 00 
00 00 35 00 00 00 00 00 00 5F 0A 3F 3F 08 AC 15 
1B 16 0B 0E 12 0F 10 14 0A 11 13 23 02 23 02 5A 
69 59 00 00 00 0B F8 31 0A 3F 3F 0A AC 26 2D 00 
00 00 33 2D 00 00 30 00 00 83 0A 3F 3F 0B AC 09 
02 66 05 00 00 00 00 CF 0A 3F 3F 0E AC 00 00 00 
00 10 2E 67 0B 40 7B 76 2B 0C F4 FF FF 6E 0A 3F 
3F 0F AC 0A 10 1A 02 0A E1 07 4D 0A 00 33 2D 00 
00 30 00 00 83 0A 3F 3F 0B AC 09 02 66 05 00 00 
00 00 00 00 3F 3F 04 AC 83 C7 8D 0A A7 57 58 22 
9F 5A 61 0C FB E1 01 00 52 0A 3F 3F 05 AC 25 00 
00 00 18 00 00 00 22 00 00 00 5D 0A 3F 3F 08 AC 
15 1B 16 0B 0E 12 0F 10 14 0A 11 13 23 02 23 02 
5A 69 59 00 00 00 0B F9 30 0A 3F 3F 0A AC 26 2C 
00 00 00 30 2D 00 00 31 00 00 80 0A 3F 3F 0B AC 
09 02 66 05 00 00 00 00 CF 0A 3F 3F 0E AC 00 00 
00 00 D0 2B 67 0B C0 78 76 2B 8C 05 00 00 59 0A 
3F 3F 0F AC 0A 10 1B 02 0A E1 07 4C 0A 00 00 00 
00 30 2D 00 00 31 00 00 80 0A 3F 3F 0B AC 09 02 
66 05 00 00 00 00 00 00 3F 3F 04 AC E7 C5 8D 0A 
4C 55 58 22 02 59 61 0C FC E1 01 00 44 0A 3F 3F 
05 AC 95 FF FF FF 4B FF FF FF 6B FF 00 00 F0 0A 
3F 3F 08 AC 15 1B 16 0B 0E 12 0F 10 14 0A 11 13 
23 02 23 02 5A 69 59 00 00 00 0B F9 30 0A 3F 3F 
0A AC 25 2C 00 00 00 30 2D 00 00 31 00 00 83 0A 
3F 3F 0B AC 09 02 66 05 00 00 00 00 CF 0A 3F 3F 
0E AC 00 00 00 00 50 2B 67 0B 80 79 76 2B 72 02 
00 00 61 0A 3F 3F 0F AC 0A 10 1C 02 0A E1 07 4B 
0A 00 00 00 00 30 2D 00 00 31 00 00 83 0A 3F 3F 
0B AC 09 02 66 05 00 00 00 00 00 00 3F 3F 04 AC 
97 C5 8D 0A C5 52 58 22 E3 56 61 0C FD E1 01 00 
55 0A 3F 3F 05 AC F8 FF FF FF 14 00 00 00 26 00 
00 00 32 0A 3F 3F 08 AC 15 1B 16 0B 0E 12 0F 10 
14 0A 11 13 23 02 23 02 5A 69 59 00 00 00 0B F9 
30 0A 3F 3F 0A AC 25 2B 00 00 00 00 CF 0A 3F 3F 
0E AC 00 00 00 00 30 2A 67 0B 40 79 76 2B 61 FF 
FF FF 2E 0A 3F 3F 0F AC 0A 10 1D 02 0A E1 07 4A 
0A 00 00 32 2D 00 00 35 00 00 82 0A 3F 3F 0B AC 
09 02 66 05 00 00 00 00 00 32 2D 00 00 35 00 00 
82 0A 3F 3F 0B AC 09 02 66 05 00 00 00 00 00 00 
3F 3F 04 AC 42 C4 8D 0A 14 4F 58 22 CE 56 61 0C 
FE E1 01 00 63 0A 3F 3F 05 AC 00 00 00 00 00 00 
00 00 00 00 00 CF 0A 3F 3F 0E AC 00 00 00 00 50 
2B 67 0B 80 79 76 2B A6 FB FF FF 4C 0A 3F 3F 0F 
AC 0A 10 1E 02 0A E1 07 49 0A 00 00 00 00 00 00 
00 00 A9 0A 3F 3F 06 AC A4 D9 09 00 FE E1 01 00 
B1 07 00 00 76 0A 3F 3F 08 AC 15 1B 16 0B 17 12 
0F 10 14 0A 18 13 23 06 23 02 5A 69 59 00 00 00 
0B F8 25 0A 3F 3F 0A AC 26 2B 00 00 00 32 2D 00 
00 35 00 00 81 0A 3F 3F 0B AC 09 02 66 05 00 00 
00 00 00 00 3F 3F 04 AC 2C C5 8D 0A C3 51 58 22 
22 57 61 0C FF E1 01 00 29 0A 3F 3F 05 AC 27 00 
00 00 4B 00 00 00 29 00 00 CF 0A 3F 3F 0E AC 00 
00 00 00 C0 2A 67 0B 40 79 76 2B 6F FE FF FF D1 
0A 3F 3F 0F AC 0A 10 1F 02 0A E1 07 48 0A 00 00 
00 00 00 00 00 00 EC 0A 3F 3F 06 AC 59 E2 09 00 
FF E1 01 00 B1 07 00 00 B1 0A 3F 3F 08 AC 15 1B 
16 0B 17 12 0F 10 14 0A 18 13 23 06 23 02 5A 69 
59 00 00 00 0B F8 25 0A 3F 3F 0A AC 26 2C 00 00 
00 34 2D 00 00 32 00 00 87 0A 3F 3F 0B AC 09 02 
66 05 00 00 00 00 00 00 3F 3F 04 AC 05 C8 8D 0A 
DB 58 58 22 FE 56 61 0C 00 E2 01 00 3D 0A 3F 3F 
05 AC 22 00 00 00 44 00 00 00 11 00 00 CF 0A 3F 
3F 0E AC 00 00 00 00 50 28 67 0B C0 78 76 2B 95 
05 00 00 C3 0A 3F 3F 0F AC 0A 10 20 02 0A E1 07 
77 0A 00 00 00 00 00 00 00 00 DE 0A 3F 3F 06 AC 
EF EA 09 00 00 E2 01 00 B1 07 00 00 F3 0A 3F 3F 
08 AC 15 1B 16 0B 17 12 0F 10 14 0A 18 13 23 06 
23 02 5A 69 59 00 00 00 0B F8 25 0A 3F 3F 0A AC 
25 2C 00 00 00 34 2E 00 00 32 00 00 87 0A 3F 3F 
0B AC 09 02 66 05 00 00 00 00 00 00 3F 3F 04 AC 
2E C5 8D 0A 67 52 58 22 6D 53 61 0C 01 E2 01 00 
3A 0A 3F 3F 05 AC 00 00 7C 0A 3F 3F 08 AC 15 1B 
16 0B 17 12 0F 10 14 0A 18 13 23 06 23 02 5A 69 
59 00 00 00 0B F9 24 0A 3F 3F 0A AC 25 2E 00 00 
00 33 2E 00 00 31 00 00 81 0A 3F 3F 0B AC 09 02 
66 05 00 00 00 00 CF 0A 3F 3F 0E AC 00 00 00 00 
60 27 67 0B 80 79 76 2B CD FD FF FF 1D 0A 3F 3F 
0F AC 0A 10 21 02 0A E1 07 76 0A 00 0B F9 24 0A 
3F 3F 0A AC 25 2E 00 00 00 33 2E 00 00 31 00 00 
81 0A 3F 3F 0B AC 09 02 66 05 00 00 00 00 00 00 
3F 3F 04 AC 86 C5 8D 0A ED 55 58 22 BE 54 61 0C 
02 E2 01 00 C8 0A 3F 3F 05 AC 30 00 00 00 2B 00 
00 00 12 00 00 00 42 0A 3F 3F 08 AC 15 1B 16 0B 
17 12 0F 10 14 0A 18 13 23 06 23 02 5A 69 59 00 
00 00 0B F9 24 0A 3F 3F 0A AC 25 2E 00 00 00 33 
2E 00 00 31 00 00 81 0A 3F 3F 0B AC 09 02 66 05 
00 00 00 00 CF 0A 3F 3F 0E AC 00 00 00 00 80 27 
67 0B 00 7A 76 2B 82 01 00 00 CD 0A 3F 3F 0F AC 
0A 10 22 02 0A E1 07 75 0A 00 00 00 00 33 2E 00 
00 31 00 00 81 0A 3F 3F 0B AC 09 02 66 05 00 00 
00 00 00 00 3F 3F 04 AC CB C2 8D 0A 1A 4E 58 22 
6E 54 61 0C 03 E2 01 00 BF 0A 3F 3F 05 AC 74 00 
00 00 8D 00 00 00 48 00 00 00 2C 0A 3F 3F 08 AC 
15 1B 16 0B 17 12 0F 10 14 0A 18 19 23 06 23 02 
5A 69 59 00 00 00 0B F9 2E 0A 3F 3F 0A AC 25 2C 
00 00 00 31 2E 00 00 32 00 00 82 0A 3F 3F 0B AC 
09 02 67 05 00 00 00 00 CE 0A 3F 3F 0E AC 00 00 
00 00 B0 29 67 0B 80 7A 76 2B 95 F9 FF FF 9C 0A 
3F 3F 0F AC 0A 10 23 02 0A E1 07 74 0A 00 00 00 
00 31 2E 00 00 32 00 00 82 0A 3F 3F 0B AC 09 02 
67 05 00 00 00 00 00 00 3F 3F 04 AC B5 C3 8D 0A 
DA 4E 58 22 88 56 61 0C 04 E2 01 00 E3 0A 3F 3F 
05 AC 9B FF FF FF 69 FF FF FF 7B 00 00 5E 0A 3F 
3F 08 AC 15 1B 16 0B 17 12 0F 10 14 0A 18 19 23 
06 23 02 5A 69 59 00 00 00 0B F8 2F 0A 3F 3F 0A 
AC 00 00 CE 0A 3F 3F 0E AC 00 00 00 00 30 2B 67 
0B C0 79 76 2B 34 FB FF FF FE 0A 3F 3F 0F AC 0A 
10 24 02 0A E1 07 73 0A 00 0A 00 00 00 00 31 2E 
00 00 32 00 00 81 0A 3F 3F 0B AC 09 02 67 05 00 
00 00 00 00 00 31 2E 00 00 32 00 00 81 0A 3F 3F 
0B AC 09 02 67 05 00 00 00 00 00 00 3F 3F 04 AC 
43 C0 8D 0A B1 4B 58 22 E2 53 61 0C 05 E2 01 00 
16 0A 3F 3F 05 AC FC FF FF FF F2 FF 00 00 CE 0A 
3F 3F 0E AC 00 00 00 00 10 2A 67 0B 40 7C 76 2B 
87 F6 FF FF E4 0A 3F 3F 0F AC 0A 10 25 02 0A E1 
07 72 0A 00 07 72 0A 00 FF FF 00 00 00 00 B7 0A 
3F 3F 06 AC 35 16 0A 00 05 E2 01 00 B1 07 00 00 
D3 0A 3F 3F 08 AC 15 1B 16 0B 17 12 0F 10 14 0A 
18 19 23 06 23 02 5A 69 59 00 00 00 0B F8 2F 0A 
3F 3F 0A AC 26 2D 00 00 00 2F 2E 00 00 30 00 00 
9C 0A 3F 3F 0B AC 09 02 67 05 00 00 00 00 00 00 
3F 3F 04 AC AE C3 8D 0A A5 4F 58 22 B7 58 61 0C 
06 E2 01 00 B5 0A 3F 3F 05 AC D9 FF FF FF 00 00 
CE 0A 3F 3F 0E AC 00 00 00 00 D0 2C 67 0B 00 7A 
76 2B A1 FC FF FF 48 0A 3F 3F 0F AC 0A 10 26 02 
0A E1 07 71 0A 00 0A E1 07 71 0A 00 FF FF 00 00 
00 00 E1 0A 3F 3F 06 AC FB 1E 0A 00 06 E2 01 00 
B1 07 00 00 16 0A 3F 3F 08 AC 15 1B 16 1A 17 12 
0F 10 14 0A 18 19 23 06 23 02 5A 69 59 00 00 00 
0B F8 3E 0A 3F 3F 0A AC 27 2D 00 00 00 2F 2E 00 
00 30 00 00 9D 0A 3F 3F 0B AC 09 02 67 05 00 00 
00 00 00 00 3F 3F 04 AC A1 C5 8D 0A A1 51 58 22 
83 5C 61 0C 07 E2 01 00 97 0A 3F 3F 05 AC FC FF 
FF FF 00 00 00 00 11 00 00 00 B3 0A 3F 3F 08 AC 
15 1B 16 1A 17 12 0F 10 14 0A 18 19 23 06 23 02 
5A 69 59 00 00 00 0B F9 3F 0A 3F 3F 0A AC 27 2D 
00 00 00 32 2E 00 00 32 00 00 82 0A 3F 3F 0B AC 
09 02 67 05 00 00 00 00 CE 0A 3F 3F 0E AC 00 00 
00 00 40 2F 67 0B 00 79 76 2B 34 00 00 00 B1 0A 
3F 3F 0F AC 0A 10 27 02 0A E1 07 70 0A 00 00 00 
00 32 2E 00 00 32 00 00 82 0A 3F 3F 0B AC 09 02 
67 05 00 00 00 00 00 00 3F 3F 04 AC 6D C1 8D 0A 
84 4C 58 22 19 59 61 0C 08 E2 01 00 F7 0A 3F 3F 
05 AC E6 FF FF FF ED FF FF FF F7 FF FF 00 00 3B 
0A 3F 3F 08 AC 15 1B 16 1A 17 12 0F 10 14 0A 18 
19 23 06 23 02 9A 69 59 00 00 00 0B F9 FF 0A 3F 
3F 0A AC 27 2D 00 00 00 32 2D 00 00 32 00 00 81 
0A 3F 3F 0B AC 09 02 67 05 00 00 00 00 CE 0A 3F 
3F 0E AC 00 00 00 00 40 2E 67 0B 00 7B 76 2B 4D 
F9 FF FF 32 0A 3F 3F 0F AC 0A 10 28 02 0A E1 07 
7F 0A 00 00 00 32 2D 00 00 32 00 00 81 
-----------------------------------------------
Date: 02-10-2017 - 15:47:35
End log file
