Terminal log file
Date: 03-10-2017 - 22:53:39
-----------------------------------------------
00 00 00 00 3F 3F 04 AC 00 00 00 00 00 00 00 00 
00 00 00 00 00 00 00 00 A8 0A 3F 3F 05 00 00 AA 
0A 3F 3F 08 AC 0D 0E 0F 10 11 12 13 14 15 16 17 
18 00 00 00 00 55 55 55 00 00 00 0B 35 DB 0A 3F 
3F 0A AC 00 00 00 00 00 00 00 00 00 00 00 00 A6 
0A 3F 3F 0B AC 00 00 00 00 00 00 00 00 A7 0A 3F 
3F 0E AC 00 00 00 00 00 00 00 00 00 00 00 00 00 
00 00 00 A2 0A 3F 3F 0F AC 00 00 00 06 01 BC 07 
1F 0A 00 00 0B 35 DB 0A 3F 3F 0A AC 00 00 00 00 
00 00 00 00 00 00 00 00 A6 0A 3F 3F 0B AC 00 00 
00 00 00 00 00 00 00 00 3F 3F 04 AC 00 00 00 00 
00 00 00 00 00 00 00 00 00 00 00 00 A8 0A 3F 3F 
05 AC 00 00 00 00 00 00 AA 0A 3F 3F 08 AC 0D 0E 
0F 10 11 12 13 14 15 16 17 18 00 00 00 00 55 55 
55 00 00 00 0B 34 DA 0A 3F 3F 0A AC 00 00 00 00 
00 00 00 00 00 00 00 00 A6 0A 3F 3F 0B AC 00 00 
00 00 00 00 00 00 A7 0A 3F 3F 0E AC 00 00 00 00 
00 00 00 00 00 00 00 00 00 00 00 00 A2 0A 3F 3F 
0F AC 00 00 00 06 01 BC 07 1F 0A 00 3F 3F 0A AC 
00 00 00 00 00 00 00 00 00 00 00 00 A6 0A 3F 3F 
0B AC 00 00 00 00 00 00 00 00 00 00 3F 3F 04 AC 
00 00 00 00 00 00 00 00 00 00 00 00 00 00 00 00 
A8 0A 3F 3F 05 AC 00 00 A7 0A 3F 3F 0E AC 00 00 
00 00 00 00 00 00 00 00 00 00 00 00 00 00 A2 0A 
3F 3F 0F AC 00 00 00 06 01 BC 07 1F 0A 00 00 00 
00 06 01 BC 07 1F 0A 00 00 00 00 00 00 00 A9 0A 
3F 3F 06 AC 00 00 00 00 00 00 00 00 00 00 00 00 
AA 0A 3F 3F 08 AC 0D 0E 0F 10 11 12 13 14 15 16 
17 18 00 00 00 00 55 55 55 00 00 00 0B 34 DA 0A 
3F 3F 0A AC 00 00 00 00 00 00 00 00 00 00 00 00 
A6 0A 3F 3F 0B AC 00 00 00 00 00 00 00 00 00 00 
3F 3F 04 AC 00 00 00 00 00 00 00 00 00 00 00 00 
00 00 00 00 A8 0A 3F 3F 05 AC 00 00 00 00 00 00 
00 00 00 00 00 00 A7 0A 3F 3F 0E AC 00 00 00 00 
00 00 00 00 00 00 00 00 00 00 00 00 A2 0A 3F 3F 
0F AC 00 00 00 06 01 BC 07 1F 0A 00 00 00 00 00 
00 00 A9 0A 3F 3F 06 AC 00 00 00 00 00 00 00 00 
00 00 00 00 AA 0A 3F 3F 08 AC 0D 0E 0F 10 11 12 
13 14 15 16 17 18 00 00 00 00 55 55 55 00 00 00 
0B 34 DA 0A 3F 3F 0A AC 00 00 00 00 00 00 00 00 
00 00 00 00 A6 0A 3F 3F 0B AC 00 00 00 00 00 00 
00 00 00 00 3F 3F 04 AC 00 00 00 00 00 00 00 00 
00 00 00 00 00 00 00 00 A8 0A 3F 3F 05 AC 00 00 
00 00 00 A7 0A 3F 3F 0E AC 00 00 00 00 00 00 00 
00 00 00 00 00 00 00 00 00 A2 0A 3F 3F 0F AC 00 
00 00 06 01 BC 07 1F 0A 00 06 01 BC 07 1F 0A 00 
00 00 00 00 00 00 A9 0A 3F 3F 06 AC 00 00 00 00 
00 00 00 00 00 00 00 00 AA 0A 3F 3F 08 AC 0D 0E 
0F 10 11 12 13 14 15 16 17 18 00 00 00 00 55 55 
55 00 00 00 0B 35 DB 0A 3F 3F 0A AC 00 00 00 00 
00 00 00 00 00 00 00 00 A6 0A 3F 3F 0B AC 00 00 
00 00 00 00 00 00 00 00 3F 3F 04 AC 00 00 00 00 
00 00 00 00 00 00 00 00 00 00 00 00 A8 0A 3F 3F 
05 AC 00 00 00 00 00 00 00 AA 0A 3F 3F 08 AC 0D 
0E 0F 10 11 12 13 14 15 16 17 18 00 00 00 00 55 
55 55 00 00 00 0B 35 DB 0A 3F 3F 0A AC 00 00 00 
00 00 00 00 00 00 00 00 00 A6 0A 3F 3F 0B AC 00 
00 00 00 00 00 00 00 A7 0A 3F 3F 0E AC 00 00 00 
00 00 00 00 00 00 00 00 00 00 00 00 00 A2 0A 3F 
3F 0F AC 00 00 00 06 01 BC 07 1F 0A 00 3F 0A AC 
00 00 00 00 00 00 00 00 00 00 00 00 A6 0A 3F 3F 
0B AC 00 00 00 00 00 00 00 00 00 00 3F 3F 04 AC 
00 00 00 00 00 00 00 00 00 00 00 00 00 00 00 00 
A8 0A 3F 3F 05 AC 00 00 00 00 00 00 AA 0A 3F 3F 
08 AC 0D 0E 0F 10 11 12 13 14 15 16 17 18 00 00 
00 00 55 55 55 00 00 00 0B 35 DB 0A 3F 3F 0A AC 
00 00 00 00 00 00 00 00 00 00 00 00 A6 0A 3F 3F 
0B AC 00 00 00 00 00 00 00 00 A7 0A 3F 3F 0E AC 
00 00 00 00 00 00 00 00 00 00 00 00 00 00 00 00 
A2 0A 3F 3F 0F AC 00 00 00 06 01 BC 07 1F 0A 00 
3F 3F 0A AC 00 00 00 00 00 00 00 00 00 00 00 00 
A6 0A 3F 3F 0B AC 00 00 00 00 00 00 00 00 00 00 
3F 3F 04 AC 00 00 00 00 00 00 00 00 00 00 00 00 
00 00 00 00 A8 0A 3F 3F 05 AC 00 00 00 00 00 AA 
0A 3F 3F 08 AC 0D 0E 0F 10 11 12 13 14 15 16 17 
18 00 00 00 00 55 55 55 00 00 00 0B 34 DA 0A 3F 
3F 0A AC 00 00 00 00 00 00 00 00 00 00 00 00 A6 
0A 3F 3F 0B AC 00 00 00 00 00 00 00 00 A7 0A 3F 
3F 0E AC 00 00 00 00 00 00 00 00 00 00 00 00 00 
00 00 00 A2 0A 3F 3F 0F AC 00 00 00 06 01 BC 07 
1F 0A 00 0A 3F 3F 0A AC 00 00 00 00 00 00 00 00 
00 00 00 00 A6 0A 3F 3F 0B AC 00 00 00 00 00 00 
00 00 00 00 3F 3F 04 AC 00 00 00 00 00 00 00 00 
00 00 00 00 00 00 00 00 A8 0A 3F 3F 05 AC 00 00 
00 00 00 00 00 00 00 00 00 00 AA 0A 3F 3F 08 AC 
0D 0E 0F 10 11 12 13 14 15 16 17 18 00 00 00 00 
55 55 55 00 00 00 0B 34 DA 0A 3F 3F 0A AC 00 00 
00 00 00 00 00 00 00 00 00 00 A6 0A 3F 3F 0B AC 
00 00 00 00 00 00 00 00 A7 0A 3F 3F 0E AC 00 00 
00 00 00 00 00 00 00 00 00 00 00 00 00 00 A2 0A 
3F 3F 0F AC 00 00 00 06 01 BC 07 1F 0A 00 00 00 
00 00 00 00 00 00 00 00 A6 0A 3F 3F 0B AC 00 00 
00 00 00 00 00 00 00 00 3F 3F 04 AC 00 00 00 00 
00 00 00 00 00 00 00 00 00 00 00 00 A8 0A 3F 3F 
05 AC 00 00 00 00 00 00 00 00 A7 0A 3F 3F 0E AC 
00 00 00 00 00 00 00 00 00 00 00 00 00 00 00 00 
A2 0A 3F 3F 0F AC 00 00 00 06 01 BC 07 1F 0A 00 
07 1F 0A 00 00 00 00 00 00 00 A9 0A 3F 3F 06 AC 
00 00 00 00 00 00 00 00 00 00 00 00 AA 0A 3F 3F 
08 AC 0D 0E 0F 10 11 12 13 14 15 16 17 18 00 00 
00 00 55 55 55 00 00 00 0B 34 DA 0A 3F 3F 0A AC 
00 00 00 00 00 00 00 00 00 00 00 00 A6 0A 3F 3F 
0B AC 00 00 00 00 00 00 00 00 00 00 3F 3F 04 AC 
00 00 00 00 00 00 00 00 00 00 00 00 00 00 00 00 
A8 0A 3F 3F 05 AC 00 00 00 00 A7 0A 3F 3F 0E AC 
00 00 00 00 00 00 00 00 00 00 00 00 00 00 00 00 
A2 0A 3F 3F 0F AC 00 00 00 06 01 BC 07 1F 0A 00 
00 06 01 BC 07 1F 0A 00 00 00 00 00 00 00 A9 0A 
3F 3F 06 AC 00 00 00 00 00 00 00 00 00 00 00 00 
AA 0A 3F 3F 08 AC 0D 0E 0F 10 11 12 13 14 15 16 
17 18 00 00 00 00 55 55 55 00 00 00 0B 35 DB 0A 
3F 3F 0A AC 00 00 00 00 00 00 00 00 00 00 00 00 
A6 0A 3F 3F 0B AC 00 00 00 00 00 00 00 00 00 00 
3F 3F 04 AC 00 00 00 00 00 00 00 00 00 00 00 00 
00 00 00 00 A8 0A 3F 3F 05 AC 00 00 00 00 00 00 
00 00 00 00 00 00 A7 0A 3F 3F 0E AC 00 00 00 00 
00 00 00 00 00 00 00 00 00 00 00 00 A2 0A 3F 3F 
0F AC 00 00 00 06 01 BC 07 1F 0A 00 00 00 00 00 
00 00 A9 0A 3F 3F 06 AC 00 00 00 00 00 00 00 00 
00 00 00 00 AA 0A 3F 3F 08 AC 0D 0E 0F 10 11 12 
13 14 15 16 17 18 00 00 00 00 55 55 55 00 00 00 
0B 35 DB 0A 3F 3F 0A AC 00 00 00 00 00 00 00 00 
00 00 00 00 A6 0A 3F 3F 0B AC 00 00 00 00 00 00 
00 00 00 00 3F 3F 04 AC 00 00 00 00 00 00 00 00 
00 00 00 00 00 00 00 00 A8 0A 3F 3F 05 AC 00 00 
00 00 00 00 00 00 00 AA 0A 3F 3F 08 AC 0D 0E 0F 
10 11 12 13 14 15 16 17 18 00 00 00 00 55 55 55 
00 00 00 0B 35 DB 0A 3F 3F 0A AC 00 00 00 00 00 
00 00 00 00 00 00 00 A6 0A 3F 3F 0B AC 00 00 00 
00 00 00 00 00 A7 0A 3F 3F 0E AC 00 00 00 00 00 
00 00 00 00 00 00 00 00 00 00 00 A2 0A 3F 3F 0F 
AC 00 00 00 06 01 BC 07 1F 0A 00 AC 00 00 00 00 
00 00 00 00 00 00 00 00 A6 0A 3F 3F 0B AC 00 00 
00 00 00 00 00 00 00 00 3F 3F 04 AC 00 00 00 00 
00 00 00 00 00 00 00 00 00 00 00 00 A8 0A 3F 3F 
05 AC 00 00 00 00 00 00 00 00 00 00 AA 0A 3F 3F 
08 AC 0D 0E 0F 10 11 12 13 14 15 16 17 18 00 00 
00 00 55 55 55 00 00 00 0B 34 DA 0A 3F 3F 0A AC 
00 00 00 00 00 00 00 00 00 00 00 00 A6 0A 3F 3F 
0B AC 00 00 00 00 00 00 00 00 A7 0A 3F 3F 0E AC 
00 00 00 00 00 00 00 00 00 00 00 00 00 00 00 00 
A2 0A 3F 3F 0F AC 00 00 00 06 01 BC 07 1F 0A 00 
00 00 00 00 00 00 00 00 00 00 00 00 A6 0A 3F 3F 
0B AC 00 00 00 00 00 00 00 00 00 00 3F 3F 04 AC 
00 00 00 00 00 00 00 00 00 00 00 00 00 00 00 00 
A8 0A 3F 3F 05 AC 00 00 00 00 AA 0A 3F 3F 08 AC 
0D 0E 0F 10 11 12 13 14 15 16 17 18 00 00 00 00 
55 55 55 00 00 00 0B 34 DA 0A 3F 3F 0A AC 00 00 
00 00 00 00 00 00 00 00 00 00 A6 0A 3F 3F 0B AC 
00 00 00 00 00 00 00 00 A7 0A 3F 3F 0E AC 00 00 
00 00 00 00 00 00 00 00 00 00 00 00 00 00 A2 0A 
3F 3F 0F AC 00 00 00 06 01 BC 07 1F 0A 00 DA 0A 
3F 3F 0A AC 00 00 00 00 00 00 00 00 00 00 00 00 
A6 0A 3F 3F 0B AC 00 00 00 00 00 00 00 00 00 00 
3F 3F 04 AC 00 00 00 00 00 00 00 00 00 00 00 00 
00 00 00 00 A8 0A 3F 3F 05 AC 00 00 00 00 00 00 
00 AA 0A 3F 3F 08 AC 0D 0E 0F 10 11 12 13 14 15 
16 17 18 00 00 00 00 55 55 55 00 00 00 0B 34 DA 
0A 3F 3F 0A AC 00 00 00 00 00 00 00 00 00 00 00 
00 A6 0A 3F 3F 0B AC 00 00 00 00 00 00 00 00 A7 
0A 3F 3F 0E AC 00 00 00 00 00 00 00 00 00 00 00 
00 00 00 00 00 A2 0A 3F 3F 0F AC 00 00 00 06 01 
BC 07 1F 0A 00 3F 0A AC 00 00 00 00 00 00 00 00 
00 00 00 00 A6 0A 3F 3F 0B AC 00 00 00 00 00 00 
00 00 00 00 3F 3F 04 AC 00 00 00 00 00 00 00 00 
00 00 00 00 00 00 00 00 A8 0A 3F 3F 05 AC 00 00 
00 00 00 00 00 00 00 A7 0A 3F 3F 0E AC 00 00 00 
00 00 00 00 00 00 00 00 00 00 00 00 00 A2 0A 3F 
3F 0F AC 00 00 00 06 01 BC 07 1F 0A 00 1F 0A 00 
00 00 00 00 00 00 A9 0A 3F 3F 06 AC 00 00 00 00 
00 00 00 00 00 00 00 00 AA 0A 3F 3F 08 AC 0D 0E 
0F 10 11 12 13 14 15 16 17 18 00 00 00 00 55 55 
55 00 00 00 0B 35 DB 0A 3F 3F 0A AC 00 00 00 00 
00 00 00 00 00 00 00 00 A6 0A 3F 3F 0B AC 00 00 
00 00 00 00 00 00 00 00 3F 3F 04 AC 00 00 00 00 
00 00 00 00 00 00 00 00 00 00 00 00 A8 0A 3F 3F 
05 AC 00 00 00 00 00 00 00 A7 0A 3F 3F 0E AC 00 
00 00 00 00 00 00 00 00 00 00 00 00 00 00 00 A2 
0A 3F 3F 0F AC 00 00 00 06 01 BC 07 1F 0A 00 BC 
07 1F 0A 00 00 00 00 00 00 00 A9 0A 3F 3F 06 AC 
00 00 00 00 00 00 00 00 00 00 00 00 AA 0A 3F 3F 
08 AC 19 1A 1B 1C 1D 1E 1F 20 01 02 03 04 00 00 
00 00 55 55 55 00 00 00 0B 35 F3 0A 3F 3F 0A AC 
00 00 00 00 00 00 00 00 00 00 00 00 A6 0A 3F 3F 
0B AC 00 00 00 00 00 00 00 00 00 00 3F 3F 04 AC 
00 00 00 00 00 00 00 00 00 00 00 00 00 00 00 00 
A8 0A 3F 3F 05 AC 00 00 00 00 00 00 00 00 00 A7 
0A 3F 3F 0E AC 00 00 00 00 00 00 00 00 00 00 00 
00 00 00 00 00 A2 0A 3F 3F 0F AC 00 00 00 06 01 
BC 07 1F 0A 00 1F 0A 00 00 00 00 00 00 00 A9 0A 
3F 3F 06 AC 00 00 00 00 00 00 00 00 00 00 00 00 
AA 0A 3F 3F 08 AC 19 1A 1B 1C 1D 1E 1F 20 01 02 
03 04 00 00 00 00 55 55 55 00 00 00 0B 35 F3 0A 
3F 3F 0A AC 00 00 00 00 00 00 00 00 00 00 00 00 
A6 0A 3F 3F 0B AC 00 00 00 00 00 00 00 00 00 00 
3F 3F 04 AC 00 00 00 00 00 00 00 00 00 00 00 00 
00 00 00 00 A8 0A 3F 3F 05 AC 00 00 00 00 00 00 
00 00 00 00 00 00 AA 0A 3F 3F 08 AC 19 1A 1B 1C 
1D 1E 1F 20 01 02 03 04 00 00 00 00 55 55 55 00 
00 00 0B 34 F2 0A 3F 3F 0A AC 00 00 00 00 00 00 
00 00 00 00 00 00 A6 0A 3F 3F 0B AC 00 00 00 00 
00 00 00 00 A7 0A 3F 3F 0E AC 00 00 00 00 00 00 
00 00 00 00 00 00 00 00 00 00 A2 0A 3F 3F 0F AC 
00 00 00 06 01 BC 07 1F 0A 00 00 00 00 00 00 00 
00 00 00 00 A6 0A 3F 3F 0B AC 00 00 00 00 00 00 
00 00 00 00 3F 3F 04 AC 00 00 00 00 00 00 00 00 
00 00 00 00 00 00 00 00 A8 0A 3F 3F 05 AC 00 00 
00 AA 0A 3F 3F 08 AC 19 1A 1B 1C 1D 1E 1F 20 01 
02 03 04 00 00 00 00 55 55 55 00 00 00 0B 34 F2 
0A 3F 3F 0A AC 00 00 00 00 00 00 00 00 00 00 00 
00 A6 0A 3F 3F 0B AC 00 00 00 00 00 00 00 00 A7 
0A 3F 3F 0E AC 00 00 00 00 00 00 00 00 00 00 00 
00 00 00 00 00 A2 0A 3F 3F 0F AC 00 00 00 06 01 
BC 07 1F 0A 00 34 F2 0A 3F 3F 0A AC 00 00 00 00 
00 00 00 00 00 00 00 00 A6 0A 3F 3F 0B AC 00 00 
00 00 00 00 00 00 00 00 3F 3F 04 AC 00 00 00 00 
00 00 00 00 00 00 00 00 00 00 00 00 A8 0A 3F 3F 
05 AC 00 00 00 AA 0A 3F 3F 08 AC 19 1A 1B 1C 1D 
1E 1F 20 01 02 03 04 00 00 00 00 55 55 55 00 00 
00 0B 34 F2 0A 3F 3F 0A AC 00 00 00 00 00 00 00 
00 00 00 00 00 A6 0A 3F 3F 0B AC 00 00 00 00 00 
00 00 00 A7 0A 3F 3F 0E AC 00 00 00 00 00 00 00 
00 00 00 00 00 00 00 00 00 A2 0A 3F 3F 0F AC 00 
00 00 06 01 BC 07 1F 0A 00 34 F2 0A 3F 3F 0A AC 
00 00 00 00 00 00 00 00 00 00 00 00 A6 0A 3F 3F 
0B AC 00 00 00 00 00 00 00 00 00 00 3F 3F 04 AC 
00 00 00 00 00 00 00 00 00 00 00 00 00 00 00 00 
A8 0A 3F 3F 05 AC 00 00 00 AA 0A 3F 3F 08 AC 19 
1A 1B 1C 1D 1E 1F 20 01 02 03 04 00 00 00 00 55 
55 55 00 00 00 0B 35 F3 0A 3F 3F 0A AC 00 00 00 
00 00 00 00 00 00 00 00 00 A6 0A 3F 3F 0B AC 00 
00 00 00 00 00 00 00 A7 0A 3F 3F 0E AC 00 00 00 
00 00 00 00 00 00 00 00 00 00 00 00 00 A2 0A 3F 
3F 0F AC 00 00 00 06 01 BC 07 1F 0A 00 35 F3 0A 
3F 3F 0A AC 00 00 00 00 00 00 00 00 00 00 00 00 
A6 0A 3F 3F 0B AC 00 00 00 00 00 00 00 00 00 00 
3F 3F 04 AC 00 00 00 00 00 00 00 00 00 00 00 00 
00 00 00 00 A8 0A 3F 3F 05 AC 00 00 A7 0A 3F 3F 
0E AC 00 00 00 00 00 00 00 00 00 00 00 00 00 00 
00 00 A2 0A 3F 3F 0F AC 00 00 00 06 01 BC 07 1F 
0A 00 00 00 00 06 01 BC 07 1F 0A 00 00 00 00 00 
00 00 A9 0A 3F 3F 06 AC 00 00 00 00 00 00 00 00 
00 00 00 00 AA 0A 3F 3F 08 AC 19 1A 1B 1C 1D 1E 
1F 20 01 02 03 04 00 00 00 00 55 55 55 00 00 00 
0B 35 F3 0A 3F 3F 0A AC 00 00 00 00 00 00 00 00 
00 00 00 00 A6 0A 3F 3F 0B AC 00 00 00 00 00 00 
00 00 00 00 3F 3F 04 AC 00 00 00 00 00 00 00 00 
00 00 00 00 00 00 00 00 A8 0A 3F 3F 05 AC 00 00 
00 00 00 00 A7 0A 3F 3F 0E AC 00 00 00 00 00 00 
00 00 00 00 00 00 00 00 00 00 A2 0A 3F 3F 0F AC 
00 00 00 06 01 BC 07 1F 0A 00 01 BC 07 1F 0A 00 
00 00 00 00 00 00 A9 0A 3F 3F 06 AC 00 00 00 00 
00 00 00 00 00 00 00 00 AA 0A 3F 3F 08 AC 19 1A 
1B 1C 1D 1E 1F 20 01 02 03 04 00 00 00 00 55 55 
55 00 00 00 0B 35 F3 0A 3F 3F 0A AC 00 00 00 00 
00 00 00 00 00 00 00 00 A6 0A 3F 3F 0B AC 00 00 
00 00 00 00 00 00 00 00 3F 3F 04 AC 00 00 00 00 
00 00 00 00 00 00 00 00 00 00 00 00 A8 0A 3F 3F 
05 AC 00 00 00 00 00 00 00 00 00 00 00 A7 0A 3F 
3F 0E AC 00 00 00 00 00 00 00 00 00 00 00 00 00 
00 00 00 A2 0A 3F 3F 0F AC 00 00 00 06 01 BC 07 
1F 0A 00 00 00 00 00 00 00 00 A9 0A 3F 3F 06 AC 
00 00 00 00 00 00 00 00 00 00 00 00 AA 0A 3F 3F 
08 AC 19 1A 1B 1C 1D 1E 1F 20 01 02 03 04 00 00 
00 00 55 55 55 00 00 00 0B 34 F2 0A 3F 3F 0A AC 
00 00 00 00 00 00 00 00 00 00 00 00 A6 0A 3F 3F 
0B AC 00 00 00 00 00 00 00 00 00 00 3F 3F 04 AC 
00 00 00 00 00 00 00 00 00 00 00 00 00 00 00 00 
A8 0A 3F 3F 05 AC 00 00 00 00 00 00 00 AA 0A 3F 
3F 08 AC 19 1A 1B 1C 1D 1E 1F 20 01 02 03 04 00 
00 00 00 55 55 55 00 00 00 0B 34 F2 0A 3F 3F 0A 
AC 00 00 00 00 00 00 00 00 00 00 00 00 A6 0A 3F 
3F 0B AC 00 00 00 00 00 00 00 00 A7 0A 3F 3F 0E 
AC 00 00 00 00 00 00 00 00 00 00 00 00 00 00 00 
00 A2 0A 3F 3F 0F AC 00 00 00 06 01 BC 07 1F 0A 
00 3F 0A AC 00 00 00 00 00 00 00 00 00 00 00 00 
A6 0A 3F 3F 0B AC 00 00 00 00 00 00 00 00 00 00 
3F 3F 04 AC 00 00 00 00 00 00 00 00 00 00 00 00 
00 00 00 00 A8 0A 3F 3F 05 AC 00 00 00 00 AA 0A 
3F 3F 08 AC 19 1A 1B 1C 1D 1E 1F 20 01 02 03 04 
00 00 00 00 55 55 55 00 00 00 0B 34 F2 0A 3F 3F 
0A AC 00 00 00 00 00 00 00 00 00 00 00 00 A6 0A 
3F 3F 0B AC 00 00 00 00 00 00 00 00 A7 0A 3F 3F 
0E AC 00 00 00 00 00 00 00 00 00 00 00 00 00 00 
00 00 A2 0A 3F 3F 0F AC 00 00 00 06 01 BC 07 1F 
0A 00 F2 0A 3F 3F 0A AC 00 00 00 00 00 00 00 00 
00 00 00 00 A6 0A 3F 3F 0B AC 00 00 00 00 00 00 
00 00 00 00 3F 3F 04 AC 00 00 00 00 00 00 00 00 
00 00 00 00 00 00 00 00 A8 0A 3F 3F 05 AC 00 00 
00 00 00 00 00 00 AA 0A 3F 3F 08 AC 19 1A 1B 1C 
1D 1E 1F 20 01 02 03 04 00 00 00 00 55 55 55 00 
00 00 0B 35 F3 0A 3F 3F 0A AC 00 00 00 00 00 00 
00 00 00 00 00 00 A6 0A 3F 3F 0B AC 00 00 00 00 
00 00 00 00 A7 0A 3F 3F 0E AC 00 00 00 00 00 00 
00 00 00 00 00 00 00 00 00 00 A2 0A 3F 3F 0F AC 
00 00 00 06 01 BC 07 1F 0A 00 0A AC 00 00 00 00 
00 00 00 00 00 00 00 00 A6 0A 3F 3F 0B AC 00 00 
00 00 00 00 00 00 00 00 3F 3F 04 AC 00 00 00 00 
00 00 00 00 00 00 00 00 00 00 00 00 A8 0A 3F 3F 
05 AC 00 00 00 00 00 AA 0A 3F 3F 08 AC 19 1A 1B 
1C 1D 1E 1F 20 01 02 03 04 00 00 00 00 55 55 55 
00 00 00 0B 35 F3 0A 3F 3F 0A AC 00 00 00 00 00 
00 00 00 00 00 00 00 A6 0A 3F 3F 0B AC 00 00 00 
00 00 00 00 00 A7 0A 3F 3F 0E AC 00 00 00 00 00 
00 00 00 00 00 00 00 00 00 00 00 A2 0A 3F 3F 0F 
AC 00 00 00 06 01 BC 07 1F 0A 00 0A 3F 3F 0A AC 
00 00 00 00 00 00 00 00 00 00 00 00 A6 0A 3F 3F 
0B AC 00 00 00 00 00 00 00 00 00 00 3F 3F 04 AC 
00 00 00 00 00 00 00 00 00 00 00 00 00 00 00 00 
A8 0A 3F 3F 05 AC 00 00 00 00 00 00 00 00 00 00 
A7 0A 3F 3F 0E AC 00 00 00 00 00 00 00 00 00 00 
00 00 00 00 00 00 A2 0A 3F 3F 0F AC 00 00 00 06 
01 BC 07 1F 0A 00 0A 00 00 00 00 00 00 00 A9 0A 
3F 3F 06 AC 00 00 00 00 00 00 00 00 00 00 00 00 
AA 0A 3F 3F 08 AC 19 1A 1B 1C 1D 1E 1F 20 01 02 
03 04 00 00 00 00 55 55 55 00 00 00 0B 35 F3 0A 
3F 3F 0A AC 00 00 00 00 00 00 00 00 00 00 00 00 
A6 0A 3F 3F 0B AC 00 00 00 00 00 00 00 00 00 00 
3F 3F 04 AC 00 00 00 00 00 00 00 00 00 00 00 00 
00 00 00 00 A8 0A 3F 3F 05 AC 00 00 00 00 00 00 
A7 0A 3F 3F 0E AC 00 00 00 00 00 00 00 00 00 00 
00 00 00 00 00 00 A2 0A 3F 3F 0F AC 00 00 00 06 
01 BC 07 1F 0A 00 01 BC 07 1F 0A 00 00 00 00 00 
00 00 A9 0A 3F 3F 06 AC 00 00 00 00 00 00 00 00 
00 00 00 00 AA 0A 3F 3F 08 AC 19 1A 1B 1C 1D 1E 
1F 20 01 02 03 04 00 00 00 00 55 55 55 00 00 00 
0B 34 F2 0A 3F 3F 0A AC 00 00 00 00 00 00 00 00 
00 00 00 00 A6 0A 3F 3F 0B AC 00 00 00 00 00 00 
00 00 00 00 3F 3F 04 AC 00 00 00 00 00 00 00 00 
00 00 00 00 00 00 00 00 A8 0A 3F 3F 05 AC 00 00 
00 00 00 00 00 A7 0A 3F 3F 0E AC 00 00 00 00 00 
00 00 00 00 00 00 00 00 00 00 00 A2 0A 3F 3F 0F 
AC 00 00 00 06 01 BC 07 1F 0A 00 BC 07 1F 0A 00 
00 00 00 00 00 00 A9 0A 3F 3F 06 AC 00 00 00 00 
00 00 00 00 00 00 00 00 AA 0A 3F 3F 08 AC 19 1A 
1B 1C 1D 1E 1F 20 01 02 03 04 00 00 00 00 55 55 
55 00 00 00 0B 34 F2 0A 3F 3F 0A AC 00 00 00 00 
00 00 00 00 00 00 00 00 A6 0A 3F 3F 0B AC 00 00 
00 00 00 00 00 00 00 00 3F 3F 04 AC 00 00 00 00 
00 00 00 00 00 00 00 00 00 00 00 00 A8 0A 3F 3F 
05 AC 00 00 00 00 00 00 00 00 00 AA 0A 3F 3F 08 
AC 05 06 07 08 09 0A 0B 0C 0D 0E 0F 10 00 00 00 
00 55 55 55 00 00 00 0B 34 DA 0A 3F 3F 0A AC 00 
00 00 00 00 00 00 00 00 00 00 00 A6 0A 3F 3F 0B 
AC 00 00 00 00 00 00 00 00 A7 0A 3F 3F 0E AC 00 
00 00 00 00 00 00 00 00 00 00 00 00 00 00 00 A2 
0A 3F 3F 0F AC 00 00 00 06 01 BC 07 1F 0A 00 AC 
00 00 00 00 00 00 00 00 00 00 00 00 A6 0A 3F 3F 
0B AC 00 00 00 00 00 00 00 00 00 00 3F 3F 04 AC 
00 00 00 00 00 00 00 00 00 00 00 00 00 00 00 00 
A8 0A 3F 3F 05 AC 00 00 AA 0A 3F 3F 08 AC 05 06 
07 08 09 0A 0B 0C 0D 0E 0F 10 00 00 00 00 55 56 
55 00 00 00 0B 35 D8 0A 3F 3F 0A AC 00 00 00 00 
00 00 00 00 00 00 00 00 A6 0A 3F 3F 0B AC 00 00 
00 00 00 00 00 00 A7 0A 3F 3F 0E AC 00 00 00 00 
00 00 00 00 00 00 00 00 00 00 00 00 A2 0A 3F 3F 
0F AC 00 00 00 06 01 BC 07 1F 0A 00 0B 35 D8 0A 
3F 3F 0A AC 00 00 00 00 00 00 00 00 00 00 00 00 
A6 0A 3F 3F 0B AC 00 00 00 00 00 00 00 00 00 00 
3F 3F 04 AC 00 00 00 00 00 00 00 00 00 00 00 00 
00 00 00 00 A8 0A 3F 3F 05 AC 00 00 00 00 00 00 
00 00 00 00 AA 0A 3F 3F 08 AC 05 06 07 08 11 0A 
0B 0C 0D 0E 0F 10 00 00 00 00 55 55 55 00 00 00 
0B 35 C3 0A 3F 3F 0A AC 00 00 00 00 00 00 00 00 
00 00 00 00 A6 0A 3F 3F 0B AC 00 00 00 00 00 00 
00 00 A7 0A 3F 3F 0E AC 00 00 00 00 00 00 00 00 
00 00 00 00 00 00 00 00 A2 0A 3F 3F 0F AC 00 00 
00 06 01 BC 07 1F 0A 00 00 00 00 00 00 00 00 00 
00 00 00 00 A6 0A 3F 3F 0B AC 00 00 00 00 00 00 
00 00 00 00 3F 3F 04 AC 00 00 00 00 00 00 00 00 
00 00 00 00 00 00 00 00 A8 0A 3F 3F 05 AC 00 00 
00 00 00 00 00 00 00 00 00 AA 0A 3F 3F 08 AC 05 
06 07 08 11 0A 0B 0C 0D 0E 0F 10 00 00 00 00 55 
55 55 00 00 00 0B 35 C3 0A 3F 3F 0A AC 00 00 00 
00 00 00 00 00 00 00 00 00 A6 0A 3F 3F 0B AC 00 
00 00 00 00 00 00 00 A7 0A 3F 3F 0E AC 00 00 00 
00 00 00 00 00 00 00 00 00 00 00 00 00 A2 0A 3F 
3F 0F AC 00 00 00 06 01 BC 07 1F 0A 00 00 00 00 
00 00 00 00 00 00 00 00 A6 0A 3F 3F 0B AC 00 00 
00 00 00 00 00 00 00 00 3F 3F 04 AC 00 00 00 00 
00 00 00 00 00 00 00 00 00 00 00 00 A8 0A 3F 3F 
05 AC 00 00 00 00 00 00 00 A7 0A 3F 3F 0E AC 00 
00 00 00 00 00 00 00 00 00 00 00 00 00 00 00 A2 
0A 3F 3F 0F AC 00 00 00 06 01 BC 07 1F 0A 00 BC 
07 1F 0A 00 00 00 00 00 00 00 A9 0A 3F 3F 06 AC 
00 00 00 00 00 00 00 00 00 00 00 00 AA 0A 3F 3F 
08 AC 05 06 07 08 11 0A 0B 0C 0D 0E 0F 10 00 00 
00 00 55 55 55 00 00 00 0B 34 C2 0A 3F 3F 0A AC 
00 00 00 00 00 00 00 00 00 00 00 00 A6 0A 3F 3F 
0B AC 00 00 00 00 00 00 00 00 00 00 3F 3F 04 AC 
00 00 00 00 00 00 00 00 00 00 00 00 00 00 00 00 
A8 0A 3F 3F 05 AC 00 00 00 00 00 00 00 00 00 00 
00 A7 0A 3F 3F 0E AC 00 00 00 00 00 00 00 00 00 
00 00 00 00 00 00 00 A2 0A 3F 3F 0F AC 00 00 00 
06 01 BC 07 1F 0A 00 00 00 00 00 00 00 00 A9 0A 
3F 3F 06 AC 00 00 00 00 00 00 00 00 00 00 00 00 
AA 0A 3F 3F 08 AC 05 06 07 08 11 0A 0B 0C 0D 0E 
0F 10 00 00 00 00 55 55 55 00 00 00 0B 34 C2 0A 
3F 3F 0A AC 00 00 00 00 00 00 00 00 00 00 00 00 
A6 0A 3F 3F 0B AC 00 00 00 00 00 00 00 00 00 00 
3F 3F 04 AC 00 00 00 00 00 00 00 00 00 00 00 00 
00 00 00 00 A8 0A 3F 3F 05 AC 00 00 00 00 00 00 
00 00 A7 0A 3F 3F 0E AC 00 00 00 00 00 00 00 00 
00 00 00 00 00 00 00 00 A2 0A 3F 3F 0F AC 00 00 
00 06 01 BC 07 1F 0A 00 07 1F 0A 00 00 00 00 00 
00 00 A9 0A 3F 3F 06 AC 00 00 00 00 00 00 00 00 
00 00 00 00 AA 0A 3F 3F 08 AC 05 06 07 08 11 0A 
0B 0C 0D 0E 0F 10 00 00 00 00 55 55 55 00 00 00 
0B 34 C2 0A 3F 3F 0A AC 00 00 00 00 00 00 00 00 
00 00 00 00 A6 0A 3F 3F 0B AC 00 00 00 00 00 00 
00 00 00 00 3F 3F 04 AC 00 00 00 00 00 00 00 00 
00 00 00 00 00 00 00 00 A8 0A 3F 3F 05 AC 00 00 
00 00 00 00 00 00 00 00 AA 0A 3F 3F 08 AC 05 06 
07 08 11 0A 0B 0C 0D 0E 0F 10 00 00 00 00 55 55 
55 00 00 00 0B 35 C3 0A 3F 3F 0A AC 00 00 00 00 
00 00 00 00 00 00 00 00 A6 0A 3F 3F 0B AC 00 00 
00 00 00 00 00 00 A7 0A 3F 3F 0E AC 00 00 00 00 
00 00 00 00 00 00 00 00 00 00 00 00 A2 0A 3F 3F 
0F AC 00 00 00 06 01 BC 07 1F 0A 00 00 00 00 00 
00 00 00 00 00 00 00 00 A6 0A 3F 3F 0B AC 00 00 
00 00 00 00 00 00 00 00 3F 3F 04 AC 00 00 00 00 
00 00 00 00 00 00 00 00 00 00 00 00 A8 0A 3F 3F 
05 AC 00 00 00 00 00 00 00 00 00 AA 0A 3F 3F 08 
AC 05 06 07 08 11 0A 0B 0C 0D 0E 0F 10 00 00 00 
00 55 55 55 00 00 00 0B 35 C3 0A 3F 3F 0A AC 00 
00 00 00 00 00 00 00 00 00 00 00 A6 0A 3F 3F 0B 
AC 00 00 00 00 00 00 00 00 A7 0A 3F 3F 0E AC 00 
00 00 00 00 00 00 00 00 00 00 00 00 00 00 00 A2 
0A 3F 3F 0F AC 00 00 00 06 01 BC 07 1F 0A 00 AC 
00 00 00 00 00 00 00 00 00 00 00 00 A6 0A 3F 3F 
0B AC 00 00 00 00 00 00 00 00 00 00 3F 3F 04 AC 
00 00 00 00 00 00 00 00 00 00 00 00 00 00 00 00 
A8 00 00 AA 0A 3F 3F 08 AC 05 06 07 08 11 0A 0B 
0C 0D 0E 0F 10 00 00 00 00 55 55 55 00 00 00 0B 
35 C3 0A 3F 3F 0A AC 00 00 00 00 00 00 00 00 00 
00 00 00 A6 0A 3F 3F 0B AC 00 00 00 00 00 00 00 
00 A7 0A 3F 3F 0E AC 00 00 00 00 00 00 00 00 00 
00 00 00 00 00 00 00 A2 0A 3F 3F 0F AC 00 00 00 
06 01 BC 07 1F 0A 00 55 55 00 00 00 0B 35 C3 0A 
3F 3F 0A AC 00 00 00 00 00 00 00 00 00 00 00 00 
A6 0A 3F 3F 0B AC 00 00 00 00 00 00 00 00 00 00 
3F 3F 04 AC 00 00 00 00 00 00 00 00 00 00 00 00 
00 00 00 00 A8 00 00 AA 0A 3F 3F 08 AC 05 06 07 
08 11 0A 0B 0C 0D 0E 0F 10 00 00 00 00 55 55 55 
00 00 00 0B 34 C2 0A 3F 3F 0A AC 00 00 00 00 00 
00 00 00 00 00 00 00 A6 0A 3F 3F 0B AC 00 00 00 
00 00 00 00 00 A7 0A 3F 3F 0E AC 00 00 00 00 00 
00 00 00 00 00 00 00 00 00 00 00 A2 0A 3F 3F 0F 
AC 00 00 00 06 01 BC 07 1F 0A 00 55 55 00 00 00 
0B 34 C2 0A 3F 3F 0A AC 00 00 00 00 00 00 00 00 
00 00 00 00 A6 0A 3F 3F 0B AC 00 00 00 00 00 00 
00 00 00 00 3F 3F 04 AC 00 00 00 00 00 00 00 00 
00 00 00 00 00 00 00 00 A8 0A 3F 3F 05 AC 00 00 
00 00 00 00 00 00 A7 0A 3F 3F 0E AC 00 00 00 00 
00 00 00 00 00 00 00 00 00 00 00 00 A2 0A 3F 3F 
0F AC 00 00 00 06 01 BC 07 1F 0A 00 07 1F 0A 00 
00 00 00 00 00 00 A9 0A 3F 3F 06 AC 00 00 00 00 
00 00 00 00 00 00 00 00 AA 0A 3F 3F 08 AC 05 06 
07 08 11 0A 0B 0C 0D 0E 0F 10 00 00 00 00 55 55 
55 00 00 00 0B 34 C2 0A 3F 3F 0A AC 00 00 00 00 
00 00 00 00 00 00 00 00 A6 0A 3F 3F 0B AC 00 00 
00 00 00 00 00 00 00 00 3F 3F 04 AC 00 00 00 00 
00 00 00 00 00 00 00 00 00 00 00 00 A8 0A 3F 3F 
05 AC 00 00 00 00 00 00 00 00 00 A7 0A 3F 3F 0E 
AC 00 00 00 00 00 00 00 00 00 00 00 00 00 00 00 
00 A2 0A 3F 3F 0F AC 00 00 00 06 01 BC 07 1F 0A 
00 1F 0A 00 00 00 00 00 00 00 A9 0A 3F 3F 06 AC 
00 00 00 00 00 00 00 00 00 00 00 00 AA 0A 3F 3F 
08 AC 05 06 07 08 11 0A 0B 0C 0D 0E 0F 10 00 00 
00 00 55 55 55 00 00 00 0B 34 C2 0A 3F 3F 0A AC 
00 00 00 00 00 00 00 00 00 00 00 00 A6 0A 3F 3F 
0B AC 00 00 00 00 00 00 00 00 00 00 3F 3F 04 AC 
00 00 00 00 00 00 00 00 00 00 00 00 00 00 00 00 
A8 0A 3F 3F 05 AC 00 00 00 00 00 00 00 A7 0A 3F 
3F 0E AC 00 00 00 00 00 00 00 00 00 00 00 00 00 
00 00 00 A2 0A 3F 3F 0F AC 00 00 00 06 01 BC 07 
1F 0A 00 BC 07 1F 0A 00 00 00 00 00 00 00 A9 0A 
3F 3F 06 AC 00 00 00 00 00 00 00 00 00 00 00 00 
AA 0A 3F 3F 08 AC 05 06 07 08 11 0A 0B 0C 0D 0E 
0F 10 00 00 00 00 55 55 55 00 00 00 0B 35 C3 0A 
3F 3F 0A AC 00 00 00 00 00 00 00 00 00 00 00 00 
A6 0A 3F 3F 0B AC 00 00 00 00 00 00 00 00 00 00 
3F 3F 04 AC 00 00 00 00 00 00 00 00 00 00 00 00 
00 00 00 00 A8 0A 3F 3F 05 AC 00 00 00 00 00 00 
00 00 00 AA 0A 3F 3F 08 AC 05 06 07 08 11 0A 0B 
0C 0D 0E 0F 10 00 00 00 00 55 55 55 00 00 00 0B 
35 C3 0A 3F 3F 0A AC 00 00 00 00 00 00 00 00 00 
00 00 00 A6 0A 3F 3F 0B AC 00 00 00 00 00 00 00 
00 A7 0A 3F 3F 0E AC 00 00 00 00 00 00 00 00 00 
00 00 00 00 00 00 00 A2 0A 3F 3F 0F AC 00 00 00 
06 01 BC 07 1F 0A 00 AC 00 00 00 00 00 00 00 00 
00 00 00 00 A6 0A 3F 3F 0B AC 00 00 00 00 00 00 
00 00 00 00 3F 3F 04 AC 00 00 00 00 00 00 00 00 
00 00 00 00 00 00 00 00 A8 0A 3F 3F 05 AC 00 00 
00 00 00 00 00 00 00 AA 0A 3F 3F 08 AC 05 06 07 
08 11 0A 0B 0C 0D 0E 0F 10 00 00 00 00 55 55 55 
00 00 00 0B 35 C3 0A 3F 3F 0A AC 00 00 00 00 00 
00 00 00 00 00 00 00 A6 0A 3F 3F 0B AC 00 00 00 
00 00 00 00 00 A7 0A 3F 3F 0E AC 00 00 00 00 00 
00 00 00 00 00 00 00 00 00 00 00 A2 0A 3F 3F 0F 
AC 00 00 00 06 01 BC 07 1F 0A 00 AC 00 00 00 00 
00 00 00 00 00 00 00 00 A6 0A 3F 3F 0B AC 00 00 
00 00 00 00 00 00 00 00 3F 3F 04 AC 00 00 00 00 
00 00 00 00 00 00 00 00 00 00 00 00 A8 0A 3F 3F 
05 AC 00 00 00 00 00 00 00 00 00 00 AA 0A 3F 3F 
08 AC 05 06 07 08 11 0A 0B 0C 0D 0E 0F 10 00 00 
00 00 55 55 55 00 00 00 0B 34 C2 0A 3F 3F 0A AC 
00 00 00 00 00 00 00 00 00 00 00 00 A6 0A 3F 3F 
0B AC 00 00 00 00 00 00 00 00 A7 0A 3F 3F 0E AC 
00 00 00 00 00 00 00 00 00 00 00 00 00 00 00 00 
A2 0A 3F 3F 0F AC 00 00 00 06 01 BC 07 1F 0A 00 
00 00 00 00 00 00 00 00 00 00 00 00 A6 0A 3F 3F 
0B AC 00 00 00 00 00 00 00 00 00 00 3F 3F 04 AC 
00 00 00 00 00 00 00 00 00 00 00 00 00 00 00 00 
A8 0A 3F 3F 05 AC 00 00 00 00 00 00 00 00 00 00 
00 00 AA 0A 3F 3F 08 AC 12 13 14 15 11 16 17 18 
19 1A 1B 1C 00 00 00 00 55 55 55 00 00 00 0B 34 
C2 0A 3F 3F 0A AC 00 00 00 00 00 00 00 00 00 00 
00 00 A6 0A 3F 3F 0B AC 00 00 00 00 00 00 00 00 
A7 0A 3F 3F 0E AC 00 00 00 00 00 00 00 00 00 00 
00 00 00 00 00 00 A2 0A 3F 3F 0F AC 00 00 00 06 
01 BC 07 1F 0A 00 00 00 00 00 00 00 00 00 00 00 
A6 0A 3F 3F 0B AC 00 00 00 00 00 00 00 00 00 00 
3F 3F 04 AC 00 00 00 00 00 00 00 00 00 00 00 00 
00 00 00 00 A8 0A 3F 3F 05 AC 00 00 00 A7 0A 3F 
3F 0E AC 00 00 00 00 00 00 00 00 00 00 00 00 00 
00 00 00 A2 0A 3F 3F 0F AC 00 00 00 06 01 BC 07 
1F 0A 00 00 00 06 01 BC 07 1F 0A 00 00 00 00 00 
00 00 A9 0A 3F 3F 06 AC 00 00 00 00 00 00 00 00 
00 00 00 00 AA 0A 3F 3F 08 AC 12 13 14 15 11 16 
17 18 19 1A 1B 1C 00 00 00 00 55 55 55 00 00 00 
0B 34 C2 0A 3F 3F 0A AC 00 00 00 00 00 00 00 00 
00 00 00 00 A6 0A 3F 3F 0B AC 00 00 00 00 00 00 
00 00 00 00 3F 3F 04 AC 00 00 00 00 00 00 00 00 
00 00 00 00 00 00 00 00 A8 0A 3F 3F 05 AC 00 00 
00 00 00 00 00 00 00 00 A7 0A 3F 3F 0E AC 00 00 
00 00 00 00 00 00 00 00 00 00 00 00 00 00 A2 0A 
3F 3F 0F AC 00 00 00 06 01 BC 07 1F 0A 00 0A 00 
00 00 00 00 00 00 A9 0A 3F 3F 06 AC 00 00 00 00 
00 00 00 00 00 00 00 00 AA 0A 3F 3F 08 AC 12 13 
14 15 1D 16 17 18 19 1A 1B 1C 00 00 00 00 55 55 
55 00 00 00 0B 35 CF 0A 3F 3F 0A AC 00 00 00 00 
00 00 00 00 00 00 00 00 A6 0A 3F 3F 0B AC 00 00 
00 00 00 00 00 00 00 00 3F 3F 04 AC 00 00 00 00 
00 00 00 00 00 00 00 00 00 00 00 00 A8 0A 3F 3F 
05 AC 00 00 00 A7 0A 3F 3F 0E AC 00 00 00 00 00 
00 00 00 00 00 00 00 00 00 00 00 A2 0A 3F 3F 0F 
AC 00 00 00 06 01 BC 07 1F 0A 00 00 00 06 01 BC 
07 1F 0A 00 00 00 00 00 00 00 A9 0A 3F 3F 06 AC 
00 00 00 00 00 00 00 00 00 00 00 00 AA 0A 3F 3F 
08 AC 12 13 14 15 1D 16 17 18 19 1A 1B 1C 00 00 
00 00 55 65 55 00 00 00 0B 35 FF 0A 3F 3F 0A AC 
00 00 00 00 00 00 00 00 00 00 00 00 A6 0A 3F 3F 
0B AC 00 00 00 00 00 00 00 00 00 00 3F 3F 04 AC 
00 00 00 00 00 00 00 00 00 00 00 00 00 00 00 00 
A8 0A 3F 3F 05 AC 00 00 00 00 00 00 00 00 00 00 
00 AA 0A 3F 3F 08 AC 12 13 14 15 1D 16 17 18 19 
1A 1B 1C 00 00 00 00 55 65 55 00 00 00 0B 35 FF 
0A 3F 3F 0A AC 00 00 00 00 00 00 00 00 00 00 00 
00 A6 0A 3F 3F 0B AC 00 00 00 00 00 00 00 00 A7 
0A 3F 3F 0E AC 00 00 00 00 00 00 00 00 00 00 00 
00 00 00 00 00 A2 0A 3F 3F 0F AC 00 00 00 06 01 
BC 07 1F 0A 00 00 00 00 00 00 00 00 00 00 00 00 
A6 0A 3F 3F 0B AC 00 00 00 00 00 00 00 00 00 00 
3F 3F 04 AC 00 00 00 00 00 00 00 00 00 00 00 00 
00 00 00 00 A8 0A 3F 3F 05 AC 00 00 00 00 00 00 
00 00 00 00 AA 0A 3F 3F 08 AC 12 13 14 15 1D 16 
17 18 19 1A 1B 1C 00 00 00 00 55 65 55 00 00 00 
0B 34 FE 0A 3F 3F 0A AC 00 00 00 00 00 00 00 00 
00 00 00 00 A6 0A 3F 3F 0B AC 00 00 00 00 00 00 
00 00 A7 0A 3F 3F 0E AC 00 00 00 00 00 00 00 00 
00 00 00 00 00 00 00 00 A2 0A 3F 3F 0F AC 00 00 
00 06 01 BC 07 1F 0A 00 00 00 00 00 00 00 00 00 
00 00 00 00 A6 0A 3F 3F 0B AC 00 00 00 00 00 00 
00 00 00 00 3F 3F 04 AC 00 00 00 00 00 00 00 00 
00 00 00 00 00 00 00 00 A8 0A 3F 3F 05 AC 00 00 
00 00 00 00 00 AA 0A 3F 3F 08 AC 12 13 14 15 1D 
16 17 18 19 1A 1B 1C 00 00 00 00 55 65 55 00 00 
00 0B 34 FE 0A 3F 3F 0A AC 00 00 00 00 00 00 2B 
00 00 00 00 00 8D 0A 3F 3F 0B AC 00 00 00 00 00 
00 00 00 A7 0A 3F 3F 0E AC 00 00 00 00 00 00 00 
00 00 00 00 00 00 00 00 00 A2 0A 3F 3F 0F AC 00 
00 00 06 01 BC 07 1F 0A 00 3F 0A AC 00 00 00 00 
00 00 2B 00 00 00 00 00 8D 0A 3F 3F 0B AC 00 00 
00 00 00 00 00 00 00 00 3F 3F 04 AC 00 00 00 00 
00 00 00 00 00 00 00 00 00 00 00 00 A8 0A 00 00 
AA 0A 3F 3F 08 AC 12 13 14 15 1D 16 17 18 19 1A 
1B 1C 00 00 00 00 55 65 55 00 00 00 0B 34 FE 0A 
3F 3F 0A AC 00 00 00 00 00 00 2B 00 00 00 00 00 
8D 0A 3F 3F 0B AC 00 00 00 00 00 00 00 00 A7 0A 
3F 3F 0E AC 00 00 00 00 00 00 00 00 00 00 00 00 
00 00 00 00 A2 0A 3F 3F 0F AC 00 00 00 06 01 BC 
07 1F 0A 00 55 00 00 00 0B 34 FE 0A 3F 3F 0A AC 
00 00 00 00 00 00 2B 00 00 00 00 00 8D 0A 3F 3F 
0B AC 00 00 00 00 00 00 00 00 00 00 3F 3F 04 AC 
00 00 00 00 00 00 00 00 00 00 00 00 00 00 00 00 
00 00 A7 0A 3F 3F 0E AC 00 00 00 00 00 00 00 00 
00 00 00 00 00 00 00 00 A2 0A 3F 3F 0F AC 00 00 
00 06 01 BC 07 1F 0A 00 A2 0A 3F 3F 0F AC 00 00 
00 06 01 BC 07 1F 0A 00 00 00 00 00 00 00 A9 0A 
3F 3F 06 AC 00 00 00 00 00 00 00 00 00 00 00 00 
AA 0A 3F 3F 08 AC 12 13 14 15 1D 16 17 18 19 1A 
1B 1C 00 00 00 00 55 65 55 00 00 00 0B 35 FF 0A 
3F 3F 0A AC 00 00 00 00 00 00 2E 00 00 00 00 00 
88 0A 3F 3F 0B AC 00 00 00 00 00 00 00 00 00 00 
3F 3F 04 AC 00 00 00 00 00 00 00 00 00 00 00 00 
00 00 00 00 A8 0A 3F 3F 05 AC 00 00 A7 0A 3F 3F 
0E AC 00 00 00 00 00 00 00 00 00 00 00 00 00 00 
00 00 A2 0A 3F 3F 0F AC 00 00 00 06 01 BC 07 1F 
0A 00 00 00 00 06 01 BC 07 1F 0A 00 00 00 00 00 
00 00 A9 0A 3F 3F 06 AC 00 00 00 00 00 00 00 00 
00 00 00 00 AA 0A 3F 3F 08 AC 12 13 14 15 1D 16 
17 18 19 1A 1B 1C 00 00 00 00 55 65 55 00 00 00 
0B 35 FF 0A 3F 3F 0A AC 00 00 00 00 00 00 2E 00 
00 00 00 00 88 0A 3F 3F 0B AC 00 00 00 00 00 00 
00 00 00 00 3F 3F 04 AC 00 00 00 00 00 00 00 00 
00 00 00 00 00 00 00 00 A8 0A 3F 3F 05 AC 00 00 
00 00 00 00 00 00 00 00 00 A7 0A 3F 3F 0E AC 00 
00 00 00 00 00 00 00 00 00 00 00 00 00 00 00 A2 
0A 3F 3F 0F AC 00 00 00 06 01 BC 07 1F 0A 00 00 
00 00 00 00 00 00 A9 0A 3F 3F 06 AC 00 00 00 00 
00 00 00 00 00 00 00 00 AA 0A 3F 3F 08 AC 12 13 
14 15 1D 16 17 18 19 1A 1B 1C 00 00 00 00 55 65 
55 00 00 00 0B 35 FF 0A 3F 3F 0A AC 00 00 00 00 
00 00 2E 00 00 00 00 00 88 0A 3F 3F 0B AC 00 00 
00 00 00 00 00 00 00 00 3F 3F 04 AC 00 00 00 00 
00 00 00 00 00 00 00 00 00 00 00 00 A8 0A 3F 3F 
05 AC 00 00 00 00 00 00 00 00 00 AA 0A 3F 3F 08 
AC 12 13 14 15 1D 16 17 18 19 1A 1B 1C 00 00 00 
00 55 65 55 00 00 00 0B 34 FE 0A 3F 3F 0A AC 00 
00 00 00 00 00 2E 00 00 00 00 00 88 0A 3F 3F 0B 
AC 00 00 00 00 00 00 00 00 A7 0A 3F 3F 0E AC 00 
00 00 00 00 00 00 00 00 00 00 00 00 00 00 00 A2 
0A 3F 3F 0F AC 00 00 00 06 01 BC 07 1F 0A 00 AC 
00 00 00 00 00 00 2E 00 00 00 00 00 88 0A 3F 3F 
0B AC 00 00 00 00 00 00 
-----------------------------------------------
Date: 03-10-2017 - 23:39:28
End log file
