Terminal log file
Date: 21-08-2017 - 22:12:33
-----------------------------------------------
00 00 00 00 3F 3F 04 AC 00 00 00 00 00 00 00 00 
00 00 00 00 00 00 00 00 A8 0A 3F 3F 05 AC 00 00 
00 00 00 00 00 00 00 00 00 00 00 00 00 00 A9 0A 
3F 3F 06 AC 00 00 00 00 00 00 00 00 00 00 00 00 
AA 0A 3F 3F 08 AC 01 02 03 3F 0E AC 00 00 00 00 
00 00 00 00 00 00 00 00 00 00 00 00 A2 0A 3F 3F 
0F AC 00 00 00 06 01 BC 07 1F 0A 00 04 05 06 07 
08 09 0A 0B 0C 00 00 00 00 55 55 55 00 00 00 0B 
34 C2 0A 3F 3F 0A AC 00 00 00 00 00 00 00 00 00 
00 00 00 A6 0A 3F 3F 0B AC 00 00 00 00 00 00 00 
00 A7 0A 3F 00 00 00 00 3F 3F 04 AC 00 00 00 00 
00 00 00 00 00 00 00 00 00 00 00 00 A8 0A 3F 3F 
05 AC 00 00 00 00 00 00 00 00 00 00 00 00 00 00 
00 00 A9 0A 3F 3F 06 AC 00 00 0B AC 00 00 00 00 
00 00 00 00 A7 0A 3F 3F 0E AC 00 00 00 00 00 00 
00 00 00 00 00 00 00 00 00 00 A2 0A 3F 3F 0F AC 
00 00 00 06 01 BC 07 1F 0A 00 3F 3F 0F AC 00 00 
00 06 01 BC 07 1F 0A 00 08 AC 01 02 03 04 05 06 
07 08 09 0A 0B 0C 00 00 00 00 55 55 55 00 00 00 
0B 34 C2 0A 3F 3F 0A AC 00 00 00 00 00 00 00 00 
00 00 00 00 A6 0A 3F 3F 00 00 00 00 3F 3F 04 AC 
00 00 00 00 00 00 00 00 00 00 00 00 00 00 00 00 
A8 0A 3F 3F 05 AC 00 00 00 00 00 00 00 00 00 00 
00 00 00 00 00 00 00 00 00 00 00 A6 0A 3F 3F 0B 
AC 00 00 00 00 00 00 00 00 A7 0A 3F 3F 0E AC 00 
00 00 00 00 00 00 00 00 00 00 00 00 00 00 00 A2 
0A 3F 3F 0F AC 00 00 00 06 01 BC 07 1F 0A 00 00 
00 00 00 00 00 00 00 00 00 00 A2 0A 3F 3F 0F AC 
00 00 00 06 01 BC 07 1F 0A 00 08 AC 01 02 03 04 
05 06 07 08 09 0A 0B 0C 00 00 00 00 55 55 55 00 
00 00 0B 35 C3 0A 3F 3F 0A AC 00 00 00 00 00 00 
3F 3F 04 AC 00 00 00 00 00 00 00 00 00 00 00 00 
00 00 00 00 A8 0A 3F 3F 05 AC 00 00 00 00 00 00 
00 00 00 00 0B 35 C3 0A 3F 3F 0A AC 00 00 00 00 
00 00 00 00 00 00 00 00 A6 0A 3F 3F 0B AC 00 00 
00 00 00 00 00 00 A7 0A 3F 3F 0E AC 00 00 00 00 
00 00 00 00 00 00 00 00 00 00 00 00 A2 0A 3F 3F 
0F AC 00 00 00 06 01 BC 07 1F 0A 00 A7 0A 3F 3F 
0E AC 00 00 00 00 00 00 00 00 00 00 00 00 00 00 
00 00 A2 0A 3F 3F 0F AC 00 00 00 06 01 BC 07 1F 
0A 00 06 07 08 09 0A 0B 0C 00 00 00 00 55 55 55 
00 00 00 00 3F 3F 04 AC 00 00 00 00 00 00 00 00 
00 00 00 00 00 00 00 00 A8 0A 3F 3F 05 AC 00 00 
00 00 00 00 00 04 05 06 07 08 09 0A 0B 0C 00 00 
00 00 55 55 55 00 00 00 0B 35 C3 0A 3F 3F 0A AC 
00 00 00 00 00 00 00 00 00 00 00 00 A6 0A 3F 3F 
0B AC 00 00 00 00 00 00 00 00 A7 0A 3F 3F 0E AC 
00 00 00 00 00 00 00 00 00 00 00 00 00 00 00 00 
A2 0A 3F 3F 0F AC 00 00 00 06 01 BC 07 1F 0A 00 
00 00 A6 0A 3F 3F 0B AC 00 00 00 00 00 00 00 00 
A7 0A 3F 3F 0E AC 00 00 00 00 00 00 00 00 00 00 
00 00 00 00 00 00 00 00 3F 3F 04 AC 00 00 00 00 
00 00 00 00 00 00 00 00 00 00 00 00 A8 0A 3F 3F 
05 AC 00 00 00 00 00 00 00 00 00 00 AA 0A 3F 3F 
08 AC 01 02 03 04 05 06 07 08 09 0A 0B 0C 00 00 
00 00 55 55 55 00 00 00 0B 34 C2 0A 3F 3F 0A BC 
07 1F 0A 00 AC 00 00 00 00 00 00 00 00 00 00 00 
00 A6 0A 3F 3F 0B AC 00 00 00 00 00 00 00 00 A7 
0A 3F 3F 0E AC 00 00 00 00 00 00 00 00 00 00 00 
00 00 00 00 00 A2 0A 3F 3F 0F AC 00 00 00 06 01 
3F 3F 0A AC 00 00 00 00 00 00 00 00 00 00 00 00 
A6 0A 3F 3F 0B AC 00 00 00 00 00 00 3F 3F 04 AC 
00 00 00 00 00 00 00 00 00 00 00 00 00 00 00 00 
A8 0A 3F 3F 05 AC 00 00 00 3F 06 AC 00 00 00 00 
00 00 00 00 00 00 00 00 AA 0A 3F 3F 08 AC 01 02 
03 04 05 06 07 08 09 0A 0B 0C 00 00 00 00 55 55 
55 00 00 00 00 A2 0A 3F 3F 0F AC 00 00 00 06 01 
BC 07 1F 0A 00 00 00 00 0B 34 C2 0A 3F 3F 0A AC 
00 00 00 00 00 00 00 00 00 00 00 00 A6 0A 3F 3F 
0B AC 00 00 00 00 00 00 00 00 A7 0A 3F 3F 0E AC 
00 00 00 00 00 00 00 00 00 00 00 00 00 00 00 00 
55 55 55 00 00 00 0B 34 C2 0A 3F 3F 00 00 00 00 
3F 3F 04 AC 00 00 00 00 00 00 00 00 00 00 00 00 
00 00 00 00 A8 0A 3F 3F 05 AC 00 00 00 00 00 00 
00 00 00 00 00 00 00 00 00 00 A9 0A 3F 3F 06 AC 
00 00 00 00 00 00 00 00 00 00 00 00 AA 0A 3F 3F 
08 AC 01 3F 0E AC 00 00 00 00 00 00 00 00 00 00 
00 00 00 00 00 00 A2 0A 3F 3F 0F AC 00 00 00 06 
01 BC 07 1F 0A 00 02 03 04 05 06 07 08 09 0A 0B 
0C 00 00 00 00 55 55 55 00 00 00 0B 34 C2 0A 3F 
3F 0A AC 00 00 00 00 00 00 00 00 00 00 00 00 A6 
0A 3F 3F 0B AC 00 00 00 00 00 00 00 00 A7 0A 3F 
00 00 00 00 3F 3F 04 AC 00 00 00 00 00 00 00 00 
00 00 00 00 00 00 00 00 A8 0A 3F 3F 05 AC 00 00 
00 00 00 00 00 00 00 00 00 00 00 00 00 00 A9 0A 
3F 3F 06 AC 3F 0B AC 00 00 00 00 00 00 00 00 A7 
0A 3F 3F 0E AC 00 00 00 00 00 00 00 00 00 00 00 
00 00 00 00 00 A2 0A 3F 3F 0F AC 00 00 00 06 01 
BC 07 1F 0A 00 A2 0A 3F 3F 0F AC 00 00 00 06 01 
BC 07 1F 0A 00 08 AC 01 02 03 04 05 06 07 08 09 
0A 0B 0C 00 00 00 00 55 55 55 00 00 00 0B 35 C3 
0A 3F 3F 0A AC 00 00 00 00 00 00 00 00 00 00 00 
00 A6 0A 3F 00 00 00 00 3F 3F 04 AC 00 00 00 00 
00 00 00 00 00 00 00 00 00 00 00 00 A8 0A 3F 3F 
05 AC 00 00 00 00 00 00 00 00 00 00 00 00 00 00 
00 00 00 00 00 00 00 A6 0A 3F 3F 0B AC 00 00 00 
00 00 00 00 00 A7 0A 3F 3F 0E AC 00 00 00 00 00 
00 00 00 00 00 00 00 00 00 00 00 A2 0A 3F 3F 0F 
AC 00 00 00 06 01 BC 07 1F 0A 00 00 00 00 00 00 
00 00 00 00 00 00 00 A2 0A 3F 3F 0F AC 00 00 00 
06 01 BC 07 1F 0A 00 AC 01 02 03 04 05 06 07 08 
09 0A 0B 0C 00 00 00 00 55 55 55 00 00 00 0B 35 
C3 0A 3F 3F 0A AC 00 00 00 00 00 00 3F 3F 04 AC 
00 00 00 00 00 00 00 00 00 00 00 00 00 00 00 00 
A8 0A 3F 3F 05 AC 00 00 00 00 00 00 00 00 00 00 
0B 35 C3 0A 3F 3F 0A AC 00 00 00 00 00 00 00 00 
00 00 00 00 A6 0A 3F 3F 0B AC 00 00 00 00 00 00 
00 00 A7 0A 3F 3F 0E AC 00 00 00 00 00 00 00 00 
00 00 00 00 00 00 00 00 A2 0A 3F 3F 0F AC 00 00 
00 06 01 BC 07 1F 0A 00 A7 0A 3F 3F 0E AC 00 00 
00 00 00 00 00 00 00 00 00 00 00 00 00 00 A2 0A 
3F 3F 0F AC 00 00 00 06 01 BC 07 1F 0A 00 06 07 
08 09 0A 0B 0C 00 00 00 00 55 55 55 00 00 00 00 
3F 3F 04 AC 00 00 00 00 00 00 00 00 00 00 00 00 
00 00 00 00 A8 0A 3F 3F 05 AC 00 00 00 00 00 00 
05 06 07 08 09 0A 0B 0C 00 00 00 00 55 55 55 00 
00 00 0B 34 C2 0A 3F 3F 0A AC 00 00 00 00 00 00 
00 00 00 00 00 00 A6 0A 3F 3F 0B AC 00 00 00 00 
00 00 00 00 A7 0A 3F 3F 0E AC 00 00 00 00 00 00 
00 00 00 00 00 00 00 00 00 00 A2 0A 3F 3F 0F AC 
00 00 00 06 01 BC 07 1F 0A 00 00 00 A6 0A 3F 3F 
0B AC 00 00 00 00 00 00 00 00 A7 0A 3F 3F 0E AC 
00 00 00 00 00 00 00 00 00 00 00 00 00 00 00 00 
00 00 00 00 3F 3F 04 AC 00 00 00 00 00 00 00 00 
00 00 00 00 00 00 00 00 A8 0A 3F 3F 05 AC 00 00 
00 00 00 00 00 00 AA 0A 3F 3F 08 AC 01 02 03 04 
05 06 07 08 09 0A 0B 0C 00 00 00 00 55 55 55 00 
00 00 0B 34 C2 0A 3F 3F 0A AC 0A 00 00 00 00 00 
00 00 00 00 00 00 00 00 A6 0A 3F 3F 0B AC 00 00 
00 00 00 00 00 00 A7 0A 3F 3F 0E AC 00 00 00 00 
00 00 00 00 00 00 00 00 00 00 00 00 A2 0A 3F 3F 
0F AC 00 00 00 06 01 BC 07 1F 00 00 00 00 00 00 
00 00 00 00 00 00 A6 0A 3F 3F 0B AC 00 00 00 00 
00 00 00 00 00 00 00 00 3F 3F 04 AC 00 00 00 00 
00 00 00 00 00 00 00 00 00 00 00 00 A8 0A 3F 3F 
05 AC 00 00 00 00 00 00 0A 3F 3F 06 AC 00 00 00 
00 00 00 00 00 00 00 00 00 AA 0A 3F 3F 08 AC 01 
02 03 04 05 06 07 08 09 0A 0B 0C 00 00 00 00 00 
00 00 A2 0A 3F 3F 0F AC 00 00 00 06 01 BC 07 1F 
0A 00 00 55 55 55 00 00 00 0B 34 C2 0A 3F 3F 0A 
AC 00 00 00 00 00 00 00 00 00 00 00 00 A6 0A 3F 
3F 0B AC 00 00 00 00 00 00 00 00 A7 0A 3F 3F 0E 
AC 00 00 00 00 00 00 00 00 00 00 00 00 00 00 00 
55 55 55 00 00 00 0B 34 00 00 00 00 3F 3F 04 AC 
00 00 00 00 00 00 00 00 00 00 00 00 00 00 00 00 
A8 0A 3F 3F 05 AC 00 00 00 00 00 00 00 00 00 00 
00 00 00 00 00 00 A9 0A 3F 3F 06 AC 00 00 00 00 
00 00 00 00 00 00 00 00 AA 0A 3F 3F 08 AC 01 02 
03 3F 3F 0E AC 00 00 00 00 00 00 00 00 00 00 00 
00 00 00 00 00 A2 0A 3F 3F 0F AC 00 00 00 06 01 
BC 07 1F 0A 00 04 05 06 07 08 09 0A 0B 0C 00 00 
00 00 55 55 55 00 00 00 0B 35 C3 0A 3F 3F 0A AC 
00 00 00 00 00 00 00 00 00 00 00 00 A6 0A 3F 3F 
0B AC 00 00 00 00 00 00 00 00 A7 0A 00 00 00 00 
3F 3F 04 AC 00 00 00 00 00 00 00 00 00 00 00 00 
00 00 00 00 A8 0A 3F 3F 05 AC 00 00 00 00 00 00 
00 00 00 00 00 00 00 00 00 00 A9 0A 3F 3F 06 AC 
00 00 00 0B AC 00 00 00 00 00 00 00 00 A7 0A 3F 
3F 0E AC 00 00 00 00 00 00 00 00 00 00 00 00 00 
00 00 00 A2 0A 3F 3F 0F AC 00 00 00 06 01 BC 07 
1F 0A 00 3F 0F AC 00 00 00 06 01 BC 07 1F 0A 00 
08 AC 01 02 03 04 05 06 07 08 09 0A 0B 0C 00 00 
00 00 55 55 55 00 00 00 0B 35 C3 0A 3F 3F 0A AC 
00 00 00 00 00 00 00 00 00 00 00 00 A6 0A 3F 3F 
00 00 00 00 3F 3F 04 AC 00 00 00 00 00 00 00 00 
00 00 00 00 00 00 00 00 A8 0A 3F 3F 05 AC 00 00 
00 00 00 00 00 00 00 00 00 00 00 00 00 00 A6 0A 
3F 3F 0B AC 00 00 00 00 00 00 00 00 A7 0A 3F 3F 
0E AC 00 00 00 00 00 00 00 00 00 00 00 00 00 00 
00 00 A2 0A 3F 3F 0F AC 00 00 00 06 01 BC 07 1F 
0A 00 00 00 00 00 00 00 00 A2 0A 3F 3F 0F AC 00 
00 00 06 01 BC 07 1F 0A 00 AA 0A 3F 3F 08 AC 0D 
0E 0F 10 11 12 13 14 15 16 17 18 00 00 00 00 55 
55 55 00 00 00 0B 35 DB 0A 3F 3F 0A AC 00 00 00 
00 00 00 00 00 00 00 00 3F 3F 04 AC 00 00 00 00 
00 00 00 00 00 00 00 00 00 00 00 00 A8 0A 3F 3F 
05 AC 00 00 00 00 00 00 00 00 00 00 00 0B 34 DA 
0A 3F 3F 0A AC 00 00 00 00 00 00 00 00 00 00 00 
00 A6 0A 3F 3F 0B AC 00 00 00 00 00 00 00 00 A7 
0A 3F 3F 0E AC 00 00 00 00 00 00 00 00 00 00 00 
00 00 00 00 00 A2 0A 3F 3F 0F AC 00 00 00 06 01 
BC 07 1F 0A 00 0A 3F 3F 0E AC 00 00 00 00 00 00 
00 00 00 00 00 00 00 00 00 00 A2 0A 3F 3F 0F AC 
00 00 00 06 01 BC 07 1F 0A 00 12 13 14 15 16 17 
18 00 00 00 00 55 55 55 00 00 00 00 3F 3F 04 AC 
00 00 00 00 00 00 00 00 00 00 00 00 00 00 00 00 
A8 0A 3F 3F 05 AC 00 00 00 00 00 11 12 13 14 15 
16 17 18 00 00 00 00 55 55 55 00 00 00 0B 34 DA 
0A 3F 3F 0A AC 00 00 00 00 00 00 00 00 00 00 00 
00 A6 0A 3F 3F 0B AC 00 00 00 00 00 00 00 00 A7 
0A 3F 3F 0E AC 00 00 00 00 00 00 00 00 00 00 00 
00 00 00 00 00 A2 0A 3F 3F 0F AC 00 00 00 06 01 
BC 07 1F 0A 00 00 00 00 A6 0A 3F 3F 0B AC 00 00 
00 00 00 00 00 00 A7 0A 3F 3F 0E AC 00 00 00 00 
00 00 00 00 00 00 00 00 00 00 00 00 00 00 00 00 
3F 3F 04 AC 00 00 00 00 00 00 00 00 00 00 00 00 
00 00 00 00 A8 0A 3F 3F 05 AC 00 00 00 00 00 00 
00 00 00 AA 0A 3F 3F 08 AC 0D 0E 0F 10 11 12 13 
14 15 16 17 18 00 00 00 00 55 55 55 00 00 00 0B 
34 DA 0A 3F 3F 0A AC 00 07 1F 0A 00 00 00 00 00 
00 00 00 00 00 00 00 A6 0A 3F 3F 0B AC 00 00 00 
00 00 00 00 00 A7 0A 3F 3F 0E AC 00 00 00 00 00 
00 00 00 00 00 00 00 00 00 00 00 A2 0A 3F 3F 0F 
AC 00 00 00 06 01 BC 00 00 00 00 00 00 00 00 00 
00 00 A6 0A 3F 3F 0B AC 00 00 00 00 00 00 00 00 
00 00 00 00 3F 3F 04 AC 00 00 00 00 00 00 00 00 
00 00 00 00 00 00 00 00 A8 0A 3F 3F 05 AC 00 00 
00 00 00 06 AC 00 00 00 00 00 00 00 00 00 00 00 
00 AA 0A 3F 3F 08 AC 0D 0E 0F 10 11 12 13 14 15 
16 17 18 00 00 00 00 55 55 55 00 00 00 A2 0A 3F 
3F 0F AC 00 00 00 06 01 BC 07 1F 0A 00 00 00 00 
0B 35 DB 0A 3F 3F 0A AC 00 00 00 00 00 00 00 00 
00 00 00 00 A6 0A 3F 3F 0B AC 00 00 00 00 00 00 
00 00 A7 0A 3F 3F 0E AC 00 00 00 00 00 00 00 00 
00 00 00 00 00 00 55 55 55 00 00 00 0B 35 DB 0A 
3F 3F 0A AC 00 00 00 00 3F 3F 04 AC 00 00 00 00 
00 00 00 00 00 00 00 00 00 00 00 00 A8 0A 3F 3F 
00 00 00 00 00 00 00 00 00 00 00 00 A9 0A 3F 3F 
06 AC 00 00 00 00 00 00 00 00 00 00 00 00 AA 0A 
3F 3F 08 AC 0D 00 00 00 00 00 00 00 00 00 00 00 
00 00 00 00 A2 0A 3F 3F 0F AC 00 00 00 06 01 BC 
07 1F 0A 00 0E 0F 10 11 12 13 14 15 16 17 18 00 
00 00 00 55 55 55 00 00 00 0B 35 DB 0A 3F 3F 0A 
AC 00 00 00 00 00 00 00 00 00 00 00 00 A6 0A 3F 
3F 0B AC 00 00 00 00 00 00 00 00 A7 0A 3F 3F 0E 
AC 00 1F 0A 00 0A 3F 3F 00 00 00 00 3F 3F 04 AC 
00 00 00 00 00 00 00 00 00 00 00 00 00 00 00 00 
A8 0A 3F 3F 05 AC 00 00 00 00 00 00 00 00 00 00 
00 00 00 00 00 00 A9 0A 3F 3F 06 AC 00 00 00 00 
00 AC 00 00 00 00 00 00 00 00 A7 0A 3F 3F 0E AC 
00 00 00 00 00 00 00 00 00 00 00 00 00 00 00 00 
A2 0A 3F 3F 0F AC 00 00 00 06 01 BC 07 1F 0A 00 
00 00 00 06 01 BC 07 1F 0A 00 3F 08 AC 0D 0E 0F 
10 11 12 13 14 15 16 17 18 00 00 00 00 55 55 55 
00 00 00 0B 35 DB 0A 3F 3F 0A AC 00 00 00 00 00 
00 00 00 00 00 00 00 A6 0A 3F 3F 0B 00 00 00 00 
3F 3F 04 AC 00 00 00 00 00 00 00 00 00 00 00 00 
00 00 00 00 A8 0A 3F 3F 05 AC 00 00 00 00 00 00 
00 00 00 00 00 00 00 A6 0A 3F 3F 0B AC 00 00 00 
00 00 00 00 00 A7 0A 3F 3F 0E AC 00 00 00 00 00 
00 00 00 00 00 00 00 00 00 00 00 A2 0A 3F 3F 0F 
AC 00 00 00 06 01 BC 07 1F 0A 00 00 00 00 00 00 
00 00 A2 0A 3F 3F 0F AC 00 00 00 06 01 BC 07 1F 
0A 00 00 00 AA 0A 3F 3F 08 AC 0D 0E 0F 10 11 12 
13 14 15 16 17 18 00 00 00 00 55 56 55 00 00 00 
0B 34 D9 0A 3F 3F 0A AC 00 00 00 00 00 00 00 00 
00 00 00 00 3F 3F 04 AC 00 00 00 00 00 00 00 00 
00 00 00 00 00 00 00 00 A8 0A 3F 3F 05 AC 00 00 
00 00 00 00 00 00 00 00 0B 34 D2 0A 3F 3F 0A AC 
00 00 00 00 00 00 00 00 00 00 00 00 A6 0A 3F 3F 
0B AC 00 00 00 00 00 00 00 00 A7 0A 3F 3F 0E AC 
00 00 00 00 00 00 00 00 00 00 00 00 00 00 00 00 
A2 0A 3F 3F 0F AC 00 00 00 06 01 BC 07 1F 0A 00 
A7 0A 3F 3F 0E AC 00 00 00 00 00 00 00 00 00 00 
00 00 00 00 00 00 A2 0A 3F 3F 0F AC 00 00 00 06 
01 BC 07 1F 0A 00 12 13 14 15 16 17 18 00 00 00 
00 55 55 55 00 00 00 00 3F 3F 04 AC 00 00 00 00 
00 00 00 00 00 00 00 00 00 00 00 00 A8 0A 3F 3F 
05 AC 00 00 00 00 00 19 12 13 14 15 16 17 18 00 
00 00 00 55 55 55 00 00 00 0B 34 D2 0A 3F 3F 0A 
AC 00 00 00 00 00 00 00 00 00 00 00 00 A6 0A 3F 
3F 0B AC 00 00 00 00 00 00 00 00 A7 0A 3F 3F 0E 
AC 00 00 00 00 00 00 00 00 00 00 00 00 00 00 00 
00 A2 0A 3F 3F 0F AC 00 00 00 06 01 BC 07 1F 0A 
00 00 00 00 A6 0A 3F 3F 0B AC 00 00 00 00 00 00 
00 00 A7 0A 3F 3F 0E AC 00 00 00 00 00 00 00 00 
00 00 00 00 00 00 00 00 00 00 00 00 3F 3F 04 AC 
00 00 00 00 00 00 00 00 00 00 00 00 00 00 00 00 
A8 0A 3F 3F 05 AC 00 00 00 00 00 00 AA 0A 3F 3F 
08 AC 0D 0E 0F 10 19 12 13 14 15 16 17 18 00 00 
00 00 55 55 55 00 00 00 0B 35 0A 00 D3 0A 3F 3F 
0A AC 00 00 00 00 00 00 00 00 00 00 00 00 A6 0A 
3F 3F 0B AC 00 00 00 00 00 00 00 00 A7 0A 3F 3F 
0E AC 00 00 00 00 00 00 00 00 00 00 00 00 00 00 
00 00 A2 0A 3F 3F 0F AC 00 00 00 06 01 BC 07 1F 
D3 0A 3F 3F 0A AC 00 00 00 00 00 00 00 00 00 00 
00 00 A6 0A 3F 3F 0B AC 00 00 00 00 00 00 00 00 
3F 3F 04 AC 00 00 00 00 00 00 00 00 00 00 00 00 
00 00 00 00 A8 0A 3F 3F 05 AC 00 00 00 00 00 00 
00 AC 00 00 00 00 00 00 00 00 00 00 00 00 AA 0A 
3F 3F 08 AC 0D 0E 0F 10 19 12 13 14 15 16 17 18 
00 00 00 00 55 55 55 00 00 00 00 A2 0A 3F 3F 0F 
AC 00 00 00 06 01 BC 07 1F 0A 00 00 00 0B 35 D3 
0A 3F 3F 0A AC 00 00 00 00 00 00 00 00 00 00 00 
00 A6 0A 3F 3F 0B AC 00 00 00 00 00 00 00 00 A7 
0A 3F 3F 0E AC 00 00 00 00 00 00 00 00 00 00 00 
00 00 55 00 00 00 0B 35 D3 0A 3F 3F 0A AC 00 00 
00 00 00 00 3F 3F 04 AC 00 00 00 00 00 00 00 00 
00 00 00 00 00 00 00 00 A8 0A 3F 3F 05 AC 00 00 
00 00 00 00 00 00 00 00 00 00 00 00 00 00 A9 0A 
3F 3F 06 AC 00 00 00 00 00 00 00 00 00 00 00 00 
AA 0A 3F 3F 08 AC 0D 0E 0F 3F 0E AC 00 00 00 00 
00 00 00 00 00 00 00 00 00 00 00 00 A2 0A 3F 3F 
0F AC 00 00 00 06 01 BC 07 1F 0A 00 10 19 12 13 
14 15 16 17 18 00 00 00 00 55 55 55 00 00 00 0B 
35 D3 0A 3F 3F 0A AC 00 00 00 00 00 00 00 00 00 
00 00 00 A6 0A 3F 3F 0B AC 00 00 00 00 00 00 00 
00 A7 0A 3F 00 00 00 00 3F 3F 04 AC 00 00 00 00 
00 00 00 00 00 00 00 00 00 00 00 00 A8 0A 3F 3F 
05 AC 00 00 00 00 00 00 00 00 00 00 00 00 00 00 
00 00 A9 0A 3F 3F 06 AC 00 00 00 0B AC 00 00 00 
00 00 00 00 00 A7 0A 3F 3F 0E AC 00 00 00 00 00 
00 00 00 00 00 00 00 00 00 00 00 A2 0A 3F 3F 0F 
AC 00 00 00 06 01 BC 07 1F 0A 00 3F 0F AC 00 00 
00 06 01 BC 07 1F 0A 00 08 AC 0D 0E 0F 10 19 12 
13 14 15 16 17 18 00 00 00 00 55 55 55 00 00 00 
0B 34 D2 0A 3F 3F 0A AC 00 00 00 00 00 00 00 00 
00 00 00 00 A6 0A 3F 3F 00 00 00 00 3F 3F 04 AC 
00 00 00 00 00 00 00 00 00 00 00 00 00 00 00 00 
A8 0A 3F 3F 05 AC 00 00 00 00 00 00 00 00 00 00 
00 00 00 00 00 00 00 00 00 00 00 00 A6 0A 3F 3F 
0B AC 00 00 00 00 00 00 00 00 A7 0A 3F 3F 0E AC 
00 00 00 00 00 00 00 00 00 00 00 00 00 00 00 00 
A2 0A 3F 3F 0F AC 00 00 00 06 01 BC 07 1F 0A 00 
00 00 00 00 00 00 00 00 00 00 A2 0A 3F 3F 0F AC 
00 00 00 06 01 BC 07 1F 0A 00 08 AC 0D 0E 0F 10 
19 12 13 14 15 16 17 18 00 00 00 00 55 55 55 00 
00 00 0B 34 D2 0A 3F 3F 0A AC 00 00 00 00 00 00 
3F 3F 04 AC 00 00 00 00 00 00 00 00 00 00 00 00 
00 00 00 00 A8 0A 3F 3F 05 AC 00 00 00 00 00 00 
00 00 0B 34 D2 0A 3F 3F 0A AC 00 00 00 00 00 00 
00 00 00 00 00 00 A6 0A 3F 3F 0B AC 00 00 00 00 
00 00 00 00 A7 0A 3F 3F 0E AC 00 00 00 00 00 00 
00 00 00 00 00 00 00 00 00 00 A2 0A 3F 3F 0F AC 
00 00 00 06 01 BC 07 1F 0A 00 00 00 A7 0A 3F 3F 
0E AC 00 00 00 00 00 00 00 00 00 00 00 00 00 00 
00 00 A2 0A 3F 3F 0F AC 00 00 00 06 01 BC 07 1F 
0A 00 12 13 14 15 16 17 18 00 00 00 00 55 55 55 
00 00 00 00 3F 3F 04 AC 00 00 00 00 00 00 00 00 
00 00 00 00 00 00 00 00 A8 0A 3F 3F 05 AC 00 00 
00 00 00 00 13 14 15 16 17 18 00 00 00 00 55 55 
55 00 00 00 0B 35 D3 0A 3F 3F 0A AC 00 00 00 00 
00 00 00 00 00 00 00 00 A6 0A 3F 3F 0B AC 00 00 
00 00 00 00 00 00 A7 0A 3F 3F 0E AC 00 00 00 00 
00 00 00 00 00 00 00 00 00 00 00 00 A2 0A 3F 3F 
0F AC 00 00 00 06 01 BC 07 1F 0A 00 A6 0A 3F 3F 
0B AC 00 00 00 00 00 00 00 00 A7 0A 3F 3F 0E AC 
00 00 00 00 00 00 00 00 00 00 00 00 00 00 00 00 
A2 0A 3F 3F 00 00 00 00 3F 3F 04 AC 00 00 00 00 
00 00 00 00 00 00 00 00 00 00 00 00 A8 0A 3F 3F 
05 AC 00 00 00 00 00 00 00 00 AA 0A 3F 3F 08 AC 
1A 1B 1C 1D 19 1E 1F 20 01 02 03 04 00 00 00 00 
55 55 55 00 00 00 0B 35 F3 0A 3F 3F 0A AC 00 00 
07 1F 0A 00 00 00 00 00 00 00 00 00 00 00 A6 0A 
3F 3F 0B AC 00 00 00 00 00 00 00 00 A7 0A 3F 3F 
0E AC 00 00 00 00 00 00 00 00 00 00 00 00 00 00 
00 00 A2 0A 3F 3F 0F AC 00 00 00 06 01 BC 00 00 
00 00 00 00 00 00 00 00 00 00 A6 0A 3F 3F 0B AC 
00 00 00 00 00 00 00 00 00 00 00 00 3F 3F 04 AC 
00 00 00 00 00 00 00 00 00 00 00 00 00 00 00 00 
A8 0A 3F 3F 05 AC 00 00 00 00 00 00 AC 00 00 00 
00 00 00 00 00 00 00 00 00 AA 0A 3F 3F 08 AC 1A 
1B 1C 1D 19 1E 1F 20 01 02 03 04 00 00 00 00 55 
55 55 00 00 A2 0A 3F 3F 0F AC 00 00 00 06 01 BC 
07 1F 0A 00 00 00 00 0B 35 F3 0A 3F 3F 0A AC 00 
00 00 00 00 00 00 00 00 00 00 00 A6 0A 3F 3F 0B 
AC 00 00 00 00 00 00 00 00 A7 0A 3F 3F 0E AC 00 
00 00 00 00 00 00 00 00 00 00 00 00 00 55 55 00 
00 00 0B 35 F3 0A 3F 3F 0A AC 00 00 00 00 00 00 
3F 3F 04 AC 00 00 00 00 00 00 00 00 00 00 00 00 
00 00 00 00 A8 0A 3F 3F 05 AC 00 00 00 00 00 00 
00 00 00 00 00 00 00 00 00 00 A9 0A 3F 3F 06 AC 
00 00 00 00 00 00 00 00 00 00 00 00 AA 0A 3F 3F 
08 AC 1A 1B 1C 3F 3F 0E AC 00 00 00 00 00 00 00 
00 00 00 00 00 00 00 00 00 A2 0A 3F 3F 0F AC 00 
00 00 06 01 BC 07 1F 0A 00 1D 19 1E 1F 20 01 02 
03 04 00 00 00 00 55 55 55 00 00 00 0B 34 F2 0A 
3F 3F 0A AC 00 00 00 00 00 00 00 00 00 00 00 00 
A6 0A 3F 3F 0B AC 00 00 00 00 00 00 00 00 A7 0A 
00 00 00 00 3F 3F 04 AC 00 00 00 00 00 00 00 00 
00 00 00 00 00 00 00 00 A8 0A 3F 3F 05 AC 00 00 
00 00 00 00 00 00 00 00 00 00 00 00 00 00 A9 0A 
3F 3F 06 AC 00 00 00 00 00 3F 0B AC 00 00 00 00 
00 00 00 00 A7 0A 3F 3F 0E AC 00 00 00 00 00 00 
00 00 00 00 00 00 00 00 00 00 A2 0A 3F 3F 0F AC 
00 00 00 06 01 BC 07 1F 0A 00 AC 00 00 00 06 01 
BC 07 1F 0A 00 08 AC 1A 1B 1C 1D 19 1E 1F 20 01 
02 03 04 00 00 00 00 55 55 55 00 00 00 0B 34 F2 
0A 3F 3F 0A AC 00 00 00 00 00 00 00 00 00 00 00 
00 A6 0A 3F 00 00 00 00 3F 3F 04 AC 00 00 00 00 
00 00 00 00 00 00 00 00 00 00 00 00 A8 0A 3F 3F 
05 AC 00 00 00 00 00 00 00 00 00 00 00 00 00 00 
A6 0A 3F 3F 0B AC 00 00 00 00 00 00 00 00 A7 0A 
3F 3F 0E AC 00 00 00 00 00 00 00 00 00 00 00 00 
00 00 00 00 A2 0A 3F 3F 0F AC 00 00 00 06 01 BC 
07 1F 0A 00 00 00 00 00 00 00 00 A2 0A 3F 3F 0F 
AC 00 00 00 06 01 BC 07 1F 0A 00 00 00 AA 0A 3F 
3F 08 AC 1A 1B 1C 1D 19 1E 1F 20 01 02 03 04 00 
00 00 00 55 55 55 00 00 00 0B 34 F2 0A 3F 3F 0A 
AC 00 00 00 00 00 00 00 00 00 00 00 3F 3F 04 AC 
00 00 00 00 00 00 00 00 00 00 00 00 00 00 00 00 
A8 0A 3F 3F 05 AC 00 00 00 00 00 00 00 00 00 00 
0B 35 F3 0A 3F 3F 0A AC 00 00 00 00 00 00 00 00 
00 00 00 00 A6 0A 3F 3F 0B AC 00 00 00 00 00 00 
00 00 A7 0A 3F 3F 0E AC 00 00 00 00 00 00 00 00 
00 00 00 00 00 00 00 00 A2 0A 3F 3F 0F AC 00 00 
00 06 01 BC 07 1F 0A 00 A7 0A 3F 3F 0E AC 00 00 
00 00 00 00 00 00 00 00 00 00 00 00 00 00 A2 0A 
3F 3F 0F AC 00 00 00 06 01 BC 07 1F 0A 00 1E 1F 
20 01 02 03 04 00 00 00 00 55 55 55 00 00 00 00 
3F 3F 04 AC 00 00 00 00 00 00 00 00 00 00 00 00 
00 00 00 00 A8 0A 3F 3F 05 AC 00 00 00 00 00 00 
00 00 00 1F 20 01 02 03 04 00 00 00 00 55 55 55 
00 00 00 0B 35 F3 0A 3F 3F 0A AC 00 00 00 00 00 
00 00 00 00 00 00 00 A6 0A 3F 3F 0B AC 00 00 00 
00 00 00 00 00 A7 0A 3F 3F 0E AC 00 00 00 00 00 
00 00 00 00 00 00 00 00 00 00 00 A2 0A 3F 3F 0F 
AC 00 00 00 06 01 BC 07 1F 0A 00 3F 0B AC 00 00 
00 00 00 00 00 00 A7 0A 3F 3F 0E AC 00 00 00 00 
00 00 00 00 00 00 00 00 00 00 00 00 A2 0A 3F 3F 
00 00 00 00 3F 3F 04 AC 00 00 00 00 00 00 00 00 
00 00 00 00 00 00 00 00 A8 0A 3F 3F 05 AC 00 00 
00 00 00 00 00 AA 0A 3F 3F 08 AC 1A 1B 1C 1D 05 
1E 1F 20 01 02 03 04 00 00 00 00 55 55 55 00 00 
00 0B 35 EF 0A 3F 3F 0A AC 00 00 00 BC 07 1F 0A 
00 00 00 00 00 00 00 00 00 00 A6 0A 3F 3F 0B AC 
00 00 00 00 00 00 00 00 A7 0A 3F 3F 0E AC 00 00 
00 00 00 00 00 00 00 00 00 00 00 00 00 00 A2 0A 
3F 3F 0F AC 00 00 00 06 01 00 00 00 00 00 00 00 
00 00 00 00 A6 0A 3F 3F 0B AC 00 00 00 00 00 00 
00 00 A7 0A 00 00 00 00 3F 3F 04 AC 00 00 00 00 
00 00 00 00 00 00 00 00 00 00 00 00 A8 0A 3F 3F 
05 AC 00 00 00 00 00 06 AC 00 00 00 00 00 00 00 
00 00 00 00 00 AA 0A 3F 3F 08 AC 1A 1B 1C 1D 05 
1E 1F 20 01 02 03 04 00 00 00 00 55 55 00 00 00 
00 A2 0A 3F 3F 0F AC 00 00 00 06 01 BC 07 1F 0A 
00 55 00 00 00 0B 34 EE 0A 3F 3F 0A AC 00 00 00 
00 00 00 00 00 00 00 00 00 A6 0A 3F 3F 0B AC 00 
00 00 00 00 00 00 00 A7 0A 3F 3F 0E AC 00 00 00 
00 00 00 00 00 00 00 00 00 00 55 55 55 00 00 00 
0B 34 EE 0A 3F 3F 0A AC 00 00 00 00 3F 3F 04 AC 
00 00 00 00 00 00 00 00 00 00 00 00 00 00 00 00 
A8 0A 3F 3F 05 AC 00 00 00 00 00 00 00 00 00 00 
00 00 00 00 00 00 A9 0A 3F 3F 06 AC 00 00 00 00 
00 00 00 00 00 00 00 00 AA 0A 3F 0E AC 00 00 00 
00 00 00 00 00 00 00 00 00 00 00 00 00 A2 0A 3F 
3F 0F AC 00 00 00 06 01 BC 07 1F 0A 00 07 1F 0A 
00 1A 1B 1C 1D 05 1E 1F 20 01 02 03 04 00 00 00 
00 55 55 55 00 00 00 0B 34 EE 0A 3F 3F 0A AC 00 
00 00 00 00 00 00 00 00 00 00 00 A6 0A 3F 3F 0B 
AC 00 00 00 00 00 00 00 00 A7 0A 3F 00 00 00 00 
3F 3F 04 AC 00 00 00 00 00 00 00 00 00 00 00 00 
00 00 00 00 A8 0A 3F 3F 05 AC 00 00 00 00 00 00 
00 00 00 00 00 00 00 00 00 00 A9 0A 3F 3F 06 AC 
00 00 00 00 00 00 00 0B AC 00 00 00 00 00 00 00 
00 A7 0A 3F 3F 0E AC 00 00 00 00 00 00 00 00 00 
00 00 00 00 00 00 00 A2 0A 3F 3F 0F AC 00 00 00 
06 01 BC 07 1F 0A 00 00 00 00 06 01 BC 07 1F 0A 
00 AC 1A 1B 1C 1D 05 1E 1F 20 01 02 03 04 00 00 
00 00 55 55 55 00 00 00 0B 34 EE 0A 3F 3F 0A AC 
00 00 00 00 00 00 00 00 00 00 00 00 A6 0A 3F 3F 
00 00 00 00 3F 3F 04 AC 00 00 00 00 00 00 00 00 
00 00 00 00 00 00 00 00 A8 0A 3F 3F 05 AC 00 00 
00 00 00 00 00 00 00 00 00 00 00 00 00 00 00 00 
00 00 00 00 00 00 A6 0A 3F 3F 0B AC 00 00 00 00 
00 00 00 00 A7 0A 3F 3F 0E AC 00 00 00 00 00 00 
00 00 00 00 00 00 00 00 00 00 A2 0A 3F 3F 0F AC 
00 00 00 06 01 BC 07 1F 0A 00 00 00 00 00 00 00 
00 00 00 00 00 A2 0A 3F 3F 0F AC 00 00 00 06 01 
BC 07 1F 0A 00 1A 1B 1C 1D 05 1E 1F 20 01 02 03 
04 00 00 00 00 55 55 55 00 00 00 0B 35 EF 0A 3F 
3F 0A AC 00 00 00 00 00 3F 3F 04 AC 00 00 00 00 
00 00 00 00 00 00 00 00 00 00 00 00 A8 0A 3F 3F 
05 AC 00 00 00 00 00 00 00 00 0B 35 EF 0A 3F 3F 
0A AC 00 00 00 00 00 00 00 00 00 00 00 00 A6 0A 
3F 3F 0B AC 00 00 00 00 00 00 00 00 A7 0A 3F 3F 
0E AC 00 00 00 00 00 00 00 00 00 00 00 00 00 00 
00 00 A2 0A 3F 3F 0F AC 00 00 00 06 01 BC 07 1F 
0A 00 00 00 A7 0A 3F 3F 0E AC 00 00 00 00 00 00 
00 00 00 00 00 00 00 00 00 00 A2 0A 3F 3F 0F AC 
00 00 00 06 01 BC 07 1F 0A 00 1E 1F 20 01 02 03 
04 00 00 00 00 55 55 55 00 00 00 00 3F 3F 04 AC 
00 00 00 00 00 00 00 00 00 00 00 00 00 00 00 00 
A8 0A 3F 3F 05 AC 00 00 00 00 00 00 00 00 1E 1F 
20 01 02 03 04 00 00 00 00 55 55 55 00 00 00 0B 
35 EF 0A 3F 3F 0A AC 00 00 00 00 00 00 00 00 00 
00 00 00 A6 0A 3F 3F 0B AC 00 00 00 00 00 00 00 
00 A7 0A 3F 3F 0E AC 00 00 00 00 00 00 00 00 00 
00 00 00 00 00 00 00 A2 0A 3F 3F 0F AC 00 00 00 
06 01 BC 07 1F 0A 00 0A 3F 3F 0B AC 00 00 00 00 
00 00 00 00 A7 0A 3F 3F 0E AC 00 00 00 00 00 00 
00 00 00 00 00 00 00 00 00 00 A2 0A 00 00 00 00 
3F 3F 04 AC 00 00 00 00 00 00 00 00 00 00 00 00 
00 00 00 00 A8 0A 3F 3F 05 AC 00 00 00 00 00 00 
00 00 00 00 AA 0A 3F 3F 08 AC 1A 1B 1C 1D 05 1E 
1F 20 01 02 03 04 00 00 00 00 55 55 55 00 00 00 
0B 34 EE 0A 3F 3F 0A AC 01 BC 07 1F 0A 00 00 00 
00 00 00 00 00 00 00 00 00 00 A6 0A 3F 3F 0B AC 
00 00 00 00 00 00 00 00 A7 0A 3F 3F 0E AC 00 00 
00 00 00 00 00 00 00 00 00 00 00 00 00 00 A2 0A 
3F 3F 0F AC 00 00 00 06 0A AC 00 00 00 00 00 00 
00 00 00 00 00 00 A6 0A 3F 3F 0B AC 00 00 00 00 
00 00 00 00 3F 3F 04 AC 00 00 00 00 00 00 00 00 
00 00 00 00 00 00 00 00 A8 0A 3F 3F 05 AC 00 00 
00 AC 00 00 00 00 00 00 00 00 00 00 00 00 AA 0A 
3F 3F 08 AC 1A 1B 1C 1D 05 1E 1F 20 01 02 03 04 
00 00 00 00 55 55 55 00 00 00 A2 0A 3F 3F 0F AC 
00 00 00 06 01 BC 07 1F 0A 00 00 00 00 0B 34 EE 
0A 3F 3F 0A AC 00 00 00 00 00 00 00 00 00 00 00 
00 A6 0A 3F 3F 0B AC 00 00 00 00 00 00 00 00 A7 
0A 3F 3F 0E AC 00 00 00 00 00 00 00 00 00 00 00 
00 00 00 00 55 55 55 00 00 00 0B 34 EE 0A 3F 3F 
0A AC 00 00 00 00 00 00 3F 3F 04 AC 00 00 00 00 
00 00 00 00 00 00 00 00 00 00 00 00 A8 0A 3F 3F 
05 AC 00 00 00 00 00 00 00 00 00 00 00 00 00 00 
00 A9 0A 3F 3F 06 AC 00 00 00 00 00 00 00 00 00 
00 00 00 AA 0A 3F 3F 08 AC 06 07 AC 00 00 00 00 
00 00 00 00 00 00 00 00 00 00 00 00 A2 0A 3F 3F 
0F AC 00 00 00 06 01 BC 07 1F 0A 00 08 09 05 0A 
0B 0C 0D 0E 0F 10 00 00 00 00 55 55 55 00 00 00 
0B 34 DA 0A 3F 3F 0A AC 00 00 00 00 00 00 00 00 
00 00 00 00 A6 0A 3F 3F 0B AC 00 00 00 00 00 00 
00 00 A7 0A 3F 3F 0E 3F 00 00 00 00 3F 3F 04 AC 
00 00 00 00 00 00 00 00 00 00 00 00 00 00 00 00 
A8 0A 3F 3F 05 AC 00 00 00 00 00 00 00 00 00 00 
00 00 00 00 00 00 A9 0A 3F 3F 06 AC 00 00 00 AC 
00 00 00 00 00 00 00 00 A7 0A 3F 3F 0E AC 00 00 
00 00 00 00 00 00 00 00 00 00 00 00 00 00 A2 0A 
3F 3F 0F AC 00 00 00 06 01 BC 07 1F 0A 00 0F AC 
00 00 00 06 01 BC 07 1F 0A 00 3F 08 AC 06 07 08 
09 05 0A 0B 0C 0D 0E 0F 10 00 00 00 00 55 55 55 
00 00 00 0B 35 DB 0A 3F 3F 0A AC 00 00 00 00 00 
00 00 00 00 00 00 00 A6 0A 3F 3F 0B 00 00 00 00 
3F 3F 04 AC 00 00 00 00 00 00 00 00 00 00 00 00 
00 00 00 00 A8 0A 3F 3F 05 AC 00 00 00 00 00 00 
00 00 00 00 00 00 00 00 00 00 00 00 00 00 00 00 
00 A6 0A 3F 3F 0B AC 00 00 00 00 00 00 00 00 A7 
0A 3F 3F 0E AC 00 00 00 00 00 00 00 00 00 00 00 
00 00 00 00 00 A2 0A 3F 3F 0F AC 00 00 00 06 01 
BC 07 1F 0A 00 00 00 00 00 00 00 00 00 00 00 00 
A2 0A 3F 3F 0F AC 00 00 00 06 01 BC 07 1F 0A 00 
06 07 08 09 05 0A 0B 0C 0D 0E 0F 10 00 00 00 00 
55 55 55 00 00 00 0B 35 DB 0A 3F 3F 0A AC 00 00 
00 00 00 00 3F 3F 04 AC 00 00 00 00 00 00 00 00 
00 00 00 00 00 00 00 00 A8 0A 3F 3F 05 AC 00 00 
00 00 00 00 00 00 00 0B 35 DB 0A 3F 3F 0A AC 00 
00 00 00 00 00 00 00 00 00 00 00 A6 0A 3F 3F 0B 
AC 00 00 00 00 00 00 00 00 A7 0A 3F 3F 0E AC 00 
00 00 00 00 00 00 00 00 00 00 00 00 00 00 00 A2 
0A 3F 3F 0F AC 00 00 00 06 01 BC 07 1F 0A 00 0A 
3F 3F 0E AC 00 00 00 00 00 00 00 00 00 00 00 00 
00 00 00 00 A2 0A 3F 3F 0F AC 00 00 00 06 01 BC 
07 1F 0A 00 05 0A 0B 0C 0D 0E 0F 10 00 00 00 00 
55 55 55 00 00 00 00 00 3F 3F 04 AC 00 00 00 00 
00 00 00 00 00 00 00 00 00 00 00 00 A8 0A 3F 3F 
05 AC 00 00 00 00 00 00 00 0A 0B 0C 0D 0E 0F 10 
00 00 00 00 55 55 55 00 00 00 0B 34 DA 0A 3F 3F 
0A AC 00 00 00 00 00 00 00 00 00 00 00 00 A6 0A 
3F 3F 0B AC 00 00 00 00 00 00 00 00 A7 0A 3F 3F 
0E AC 00 00 00 00 00 00 00 00 00 00 00 00 00 00 
00 00 A2 0A 3F 3F 0F AC 00 00 00 06 01 BC 07 1F 
0A 00 A6 0A 3F 3F 0B AC 00 00 00 00 00 00 00 00 
A7 0A 3F 3F 0E AC 00 00 00 00 00 00 00 00 00 00 
00 00 00 00 00 00 A2 0A 00 00 00 00 3F 3F 04 AC 
00 00 00 00 00 00 00 00 00 00 00 00 00 00 00 00 
A8 0A 3F 3F 05 AC 00 00 00 00 00 00 AA 0A 3F 3F 
08 AC 06 07 08 09 05 0A 0B 0C 0D 0E 0F 10 00 00 
00 00 55 55 55 00 00 00 0B 34 DA 0A 3F 3F 0A 07 
1F 0A 00 AC 00 00 00 00 00 00 00 00 00 00 00 00 
A6 0A 3F 3F 0B AC 00 00 00 00 00 00 00 00 A7 0A 
3F 3F 0E AC 00 00 00 00 00 00 00 00 00 00 00 00 
00 00 00 00 A2 0A 3F 3F 0F AC 00 00 00 06 01 BC 
3F 3F 0A AC 00 00 00 00 00 00 00 00 00 00 00 00 
A6 0A 3F 3F 0B AC 00 00 00 00 00 00 00 00 00 00 
3F 3F 04 AC 00 00 00 00 00 00 00 00 00 00 00 00 
00 00 00 00 A8 0A 3F 3F 05 AC 00 00 00 06 AC 00 
00 00 00 00 00 00 00 00 00 00 00 AA 0A 3F 3F 08 
AC 06 07 08 09 05 0A 0B 0C 0D 0E 0F 10 00 00 00 
00 55 55 00 00 00 00 00 00 A2 0A 3F 3F 0F AC 00 
00 00 06 01 BC 07 1F 0A 00 55 00 00 00 0B 34 DA 
0A 3F 3F 0A AC 00 00 00 00 00 00 00 00 00 00 00 
00 A6 0A 3F 3F 0B AC 00 00 00 00 00 00 00 00 A7 
0A 3F 3F 0E AC 00 00 00 00 00 00 00 00 00 00 00 
00 00 55 55 55 00 00 00 0B 34 DA 0A 3F 3F 0A AC 
00 00 00 00 3F 3F 04 AC 00 00 00 00 00 00 00 00 
00 00 00 00 00 00 00 00 A8 0A 3F 3F 05 AC 00 00 
00 00 00 00 00 00 00 00 00 00 00 00 00 A9 0A 3F 
3F 06 AC 00 00 00 00 00 00 00 00 00 00 00 00 AA 
0A 3F 3F 08 AC 06 07 08 09 AC 00 00 00 00 00 00 
00 00 00 00 00 00 00 00 00 00 A2 0A 3F 3F 0F AC 
00 00 00 06 01 BC 07 1F 0A 00 05 0A 0B 0C 0D 0E 
0F 10 00 00 00 00 55 55 55 00 00 00 0B 35 DB 0A 
3F 3F 0A AC 00 00 00 00 00 00 00 00 00 00 00 00 
A6 0A 3F 3F 0B AC 00 00 00 00 00 00 00 00 A7 0A 
3F 3F 0E 3F 00 00 00 00 3F 3F 04 AC 00 00 00 00 
00 00 00 00 00 00 00 00 00 00 00 00 A8 0A 3F 3F 
05 AC 00 00 00 00 00 00 00 00 00 00 00 00 00 00 
00 00 A9 0A 3F 3F 06 AC 00 00 00 00 00 AC 00 00 
00 00 00 00 00 00 A7 0A 3F 3F 0E AC 00 00 00 00 
00 00 00 00 00 00 00 00 00 00 00 00 A2 0A 3F 3F 
0F AC 00 00 00 06 01 BC 07 1F 0A 00 AC 00 00 00 
06 01 BC 07 1F 0A 00 08 AC 06 07 08 09 11 0A 0B 
0C 0D 0E 0F 10 00 00 00 00 55 55 55 00 00 00 0B 
35 CF 0A 3F 3F 0A AC 00 00 00 00 00 00 00 00 00 
00 00 00 A6 0A 3F 3F 0B 00 00 00 00 3F 3F 04 AC 
00 00 00 00 00 00 00 00 00 00 00 00 00 00 00 00 
A8 0A 3F 3F 05 AC 00 00 00 00 00 00 00 00 00 00 
00 00 00 00 00 00 00 00 00 00 A6 0A 3F 3F 0B AC 
00 00 00 00 00 00 00 00 A7 0A 3F 3F 0E AC 00 00 
00 00 00 00 00 00 00 00 00 00 00 00 00 00 A2 0A 
3F 3F 0F AC 00 00 00 06 01 BC 07 1F 0A 00 00 00 
00 00 00 00 00 00 00 A2 0A 3F 3F 0F AC 00 00 00 
06 01 BC 07 1F 0A 00 3F 3F 08 AC 06 07 08 09 11 
0A 0B 0C 0D 0E 0F 10 00 00 00 00 55 55 55 00 00 
00 0B 35 CF 0A 3F 3F 0A AC 00 00 00 00 00 00 00 
3F 3F 04 AC 00 00 00 00 00 00 00 00 00 00 00 00 
00 00 00 00 A8 0A 3F 3F 05 AC 00 00 00 00 00 55 
00 00 00 0B 34 CE 0A 3F 3F 0A AC 00 00 00 00 00 
00 00 00 00 00 00 00 A6 0A 3F 3F 0B AC 00 00 00 
00 00 00 00 00 A7 0A 3F 3F 0E AC 00 00 00 00 00 
00 00 00 00 00 00 00 00 00 00 00 A2 0A 3F 3F 0F 
AC 00 00 00 06 01 BC 07 1F 0A 00 00 00 00 A7 0A 
3F 3F 0E AC 00 00 00 00 00 00 00 00 00 00 00 00 
00 00 00 00 A2 0A 3F 3F 0F AC 00 00 00 06 01 BC 
07 1F 0A 00 0B 0C 0D 0E 0F 10 00 00 00 00 55 55 
00 00 00 00 3F 3F 04 AC 00 00 00 00 00 00 00 00 
00 00 00 00 00 00 00 00 A8 0A 3F 3F 05 AC 00 00 
00 00 00 0B 0C 0D 0E 0F 10 00 00 00 00 55 55 55 
00 00 00 0B 34 CE 0A 3F 3F 0A AC 00 00 00 00 00 
00 00 00 00 00 00 00 A6 0A 3F 3F 0B AC 00 00 00 
00 00 00 00 00 A7 0A 3F 3F 0E AC 00 00 00 00 00 
00 00 00 00 00 00 00 00 00 00 00 A2 0A 3F 3F 0F 
AC 00 00 00 06 01 BC 07 1F 0A 00 00 A6 0A 3F 3F 
0B AC 00 00 00 00 00 00 00 00 A7 0A 3F 3F 0E AC 
00 00 00 00 00 00 00 00 00 00 00 00 00 00 00 00 
A2 0A 3F 3F 00 00 00 00 3F 3F 04 AC 00 00 00 00 
00 00 00 00 00 00 00 00 00 00 00 00 A8 0A 3F 3F 
05 AC 00 00 00 00 00 00 00 00 00 00 00 00 AA 0A 
3F 3F 08 AC 06 07 08 09 11 0A 0B 0C 0D 0E 0F 10 
00 00 00 00 55 55 55 00 00 00 0B 34 CE 0A 3F 3F 
0A 1F 0A 00 AC 00 00 00 00 00 00 00 00 00 00 00 
00 A6 0A 3F 3F 0B AC 00 00 00 00 00 00 00 00 A7 
0A 3F 3F 0E AC 00 00 00 00 00 00 00 00 00 00 00 
00 00 00 00 00 A2 0A 3F 3F 0F AC 00 00 00 06 01 
BC 07 0A AC 00 00 00 00 00 00 00 00 00 00 00 00 
A6 0A 3F 3F 0B AC 00 00 00 00 00 00 3F 3F 04 AC 
00 00 00 00 00 00 00 00 00 00 00 00 00 00 00 00 
A8 0A 3F 3F 05 AC 00 00 00 00 06 AC 00 00 00 00 
00 00 00 00 00 00 00 00 AA 0A 3F 3F 08 AC 06 07 
08 09 11 0A 0B 0C 0D 0E 0F 10 00 00 00 00 00 00 
A2 0A 3F 3F 0F AC 00 00 00 06 01 BC 07 1F 0A 00 
55 55 55 00 00 00 0B 35 CF 0A 3F 3F 0A AC 00 00 
00 00 00 00 00 00 00 00 00 00 A6 0A 3F 3F 0B AC 
00 00 00 00 00 00 00 00 A7 0A 3F 3F 0E AC 00 00 
00 00 00 00 00 00 00 00 00 00 00 00 00 00 55 55 
55 00 00 00 0B 35 CF 0A 3F 3F 0A AC 00 00 00 00 
3F 3F 04 AC 00 00 00 00 00 00 00 00 00 00 00 00 
00 00 00 00 A8 0A 3F 3F 05 AC 00 00 00 00 00 00 
00 00 00 00 00 00 00 00 00 00 A9 0A 3F 3F 06 AC 
00 00 00 00 00 00 00 00 00 00 00 00 AA 0A 3F 3F 
08 AC 06 07 08 09 3F 0E AC 00 00 00 00 00 00 00 
00 00 00 00 00 00 00 00 00 A2 0A 3F 3F 0F AC 00 
00 00 06 01 BC 07 1F 0A 00 11 0A 0B 0C 0D 0E 0F 
10 00 00 00 00 55 55 55 00 00 00 0B 35 CF 0A 3F 
3F 0A AC 00 00 00 00 00 00 00 00 00 00 00 00 A6 
0A 3F 3F 0B AC 00 00 00 00 00 00 00 00 A7 0A 3F 
00 00 00 00 3F 3F 04 AC 00 00 00 00 00 00 00 00 
00 00 00 00 00 00 00 00 A8 0A 3F 3F 05 AC 00 00 
00 00 00 00 00 00 00 00 00 00 00 00 00 00 A9 0A 
3F 3F 06 AC 00 00 00 00 00 00 00 00 00 00 3F 0B 
AC 00 00 00 00 00 00 00 00 A7 0A 3F 3F 0E AC 00 
00 00 00 00 00 00 00 00 00 00 00 00 00 00 00 A2 
0A 3F 3F 0F AC 00 00 00 06 01 BC 07 1F 0A 00 06 
01 BC 07 1F 0A 00 AC 06 07 08 09 11 0A 0B 0C 0D 
0E 0F 10 00 00 00 00 55 55 55 00 00 00 0B 35 CF 
0A 3F 3F 0A AC 00 00 00 00 00 00 00 00 00 00 00 
00 A6 0A 3F 00 00 00 00 3F 3F 04 AC 00 00 00 00 
00 00 00 00 00 00 00 00 00 00 00 00 A8 0A 3F 3F 
00 00 00 00 00 00 00 00 00 00 A6 0A 3F 3F 0B AC 
00 00 00 00 00 00 00 00 A7 0A 3F 3F 0E AC 00 00 
00 00 00 00 00 00 00 00 00 00 00 00 00 00 A2 0A 
3F 3F 0F AC 00 00 00 06 01 BC 07 1F 0A 00 00 00 
00 A7 0A 3F 3F 0E AC 00 00 00 00 00 00 00 00 00 
00 00 00 00 00 00 00 A2 0A 3F 3F 0F AC 00 00 00 
06 01 BC 07 1F 0A 00 AC 06 07 08 09 11 0A 0B 0C 
0D 0E 0F 10 00 00 00 00 55 55 55 00 00 00 0B 34 
CE 0A 3F 3F 0A AC 00 00 
-----------------------------------------------
Date: 21-08-2017 - 22:15:03
End log file
