Terminal log file
Date: 23-08-2017 - 16:34:42
-----------------------------------------------
70 6F 73 69 74 69 6F 6E 00 00 00 00 00 00 00 00 
00 00 00 00 74 69 6D 65 00 00 00 00 01 BC 07 70 
6F 73 69 74 69 6F 6E BC 00 00 00 00 00 00 00 00 
00 00 A8 74 69 6D 65 00 00 00 00 01 BC 07 70 6F 
73 69 74 69 6F 6E BC 00 00 00 00 00 00 00 00 00 
A8 00 74 69 6D 65 00 00 00 00 01 BC 07 70 6F 73 
69 74 69 6F 6E BC 00 00 00 00 00 00 00 00 00 00 
A8 74 69 6D 65 00 00 00 00 01 BC 07 70 6F 73 69 
74 69 6F 6E BC 00 00 00 00 00 00 00 00 00 00 A8 
74 69 6D 65 00 00 00 00 01 BC 07 70 6F 73 69 74 
69 6F 6E BC 00 00 00 00 00 00 00 00 00 00 A8 74 
69 6D 65 00 00 00 00 01 BC 07 70 6F 73 69 74 69 
6F 6E BC 00 00 00 00 00 00 00 00 00 00 A8 74 69 
6D 65 00 00 00 00 01 BC 07 70 6F 73 69 74 69 6F 
6E BC 00 00 00 00 00 00 00 00 00 00 A8 74 69 6D 
65 00 00 00 00 01 BC 07 70 6F 73 69 74 69 6F 6E 
BC 00 00 00 00 00 00 00 00 00 00 A8 74 69 6D 65 
00 00 00 00 01 BC 07 70 6F 73 69 74 69 6F 6E BC 
00 00 00 00 00 00 00 00 00 00 A8 74 69 6D 65 00 
00 00 00 01 BC 07 70 6F 73 69 74 69 6F 6E BC 00 
00 00 00 00 00 00 00 00 00 A8 74 69 6D 65 00 00 
00 00 01 BC 07 70 6F 73 69 74 69 6F 6E BC 00 00 
00 00 00 00 00 00 00 00 A8 74 69 6D 65 00 00 00 
00 01 BC 07 70 6F 73 69 74 69 6F 6E BC 00 00 00 
00 00 00 00 00 00 00 A8 74 69 6D 65 00 00 00 00 
01 BC 07 70 6F 73 69 74 69 6F 6E BC 00 00 00 00 
00 00 00 00 00 00 A8 74 69 6D 65 00 00 00 00 01 
BC 07 70 6F 73 69 74 69 6F 6E BC 00 00 00 00 00 
00 00 00 00 00 A8 74 69 6D 65 00 00 00 00 01 BC 
07 70 6F 73 69 74 69 6F 6E BC 00 00 00 00 00 00 
00 00 00 00 A8 74 69 6D 65 00 00 00 00 01 BC 07 
70 6F 73 69 74 69 6F 6E BC 00 00 00 00 00 00 00 
00 00 00 A8 74 69 6D 65 00 00 00 00 01 BC 07 70 
6F 73 69 74 69 6F 6E BC 00 00 00 00 00 00 00 00 
00 00 A8 74 69 6D 65 00 00 00 00 01 BC 07 70 6F 
73 69 74 69 6F 6E BC 00 00 00 00 00 00 00 00 00 
00 A8 74 69 6D 65 00 00 00 00 01 BC 07 70 6F 73 
69 74 69 6F 6E BC 00 00 00 00 00 00 00 00 00 00 
A8 74 69 6D 65 00 00 00 00 01 BC 07 70 6F 73 69 
74 69 6F 6E BC 00 00 00 00 00 00 00 00 00 00 A8 
74 69 6D 65 00 00 00 00 01 BC 07 70 6F 73 69 74 
69 6F 6E BC 00 00 00 00 00 00 00 00 00 00 A8 74 
69 6D 65 00 00 00 00 01 BC 07 70 6F 73 69 74 69 
6F 6E BC 00 00 00 00 00 00 00 00 00 00 A8 74 69 
6D 65 00 00 00 00 01 BC 07 70 6F 73 69 74 69 6F 
6E BC 00 00 00 00 00 00 00 00 00 00 A8 74 69 6D 
65 00 00 00 00 01 BC 07 70 6F 73 69 74 69 6F 6E 
BC 00 00 00 00 00 00 00 00 00 00 A8 74 69 6D 65 
00 00 00 00 01 BC 07 70 6F 73 69 74 69 6F 6E BC 
00 00 00 00 00 00 00 00 00 00 A8 74 69 6D 65 00 
00 00 00 01 BC 07 70 6F 73 69 74 69 6F 6E BC 00 
00 00 00 00 00 00 00 00 00 A8 74 69 6D 65 00 00 
00 00 01 BC 07 70 6F 73 69 74 69 6F 6E BC 00 00 
00 00 00 00 00 00 00 00 A8 74 69 6D 65 00 00 00 
00 01 BC 07 70 6F 73 69 74 69 6F 6E BC 00 00 00 
00 00 00 00 00 00 00 A8 74 69 6D 65 00 00 00 00 
01 BC 07 70 6F 73 69 74 69 6F 6E BC 00 00 00 00 
00 00 00 00 00 00 A8 74 69 6D 65 00 00 00 00 01 
BC 07 70 6F 73 69 74 69 6F 6E BC 00 00 00 00 00 
00 00 00 00 00 A8 74 69 6D 65 00 00 00 00 01 BC 
07 70 6F 73 69 74 69 6F 6E BC 00 00 00 00 00 00 
00 00 00 00 A8 74 69 6D 65 00 00 00 00 01 BC 07 
70 6F 73 69 74 69 6F 6E BC 00 00 00 00 00 00 00 
00 00 00 A8 74 69 6D 65 00 00 00 00 01 BC 07 70 
6F 73 69 74 69 6F 6E BC 00 00 00 00 00 00 00 00 
00 00 A8 74 69 6D 65 00 00 00 00 01 BC 07 70 6F 
73 69 74 69 6F 6E BC 00 00 00 00 00 00 00 00 00 
00 A8 74 69 6D 65 00 00 00 00 01 BC 07 70 6F 73 
69 74 69 6F 6E BC 00 00 00 00 00 00 00 00 00 00 
A8 74 69 6D 65 00 00 00 00 01 BC 07 70 6F 73 69 
74 69 6F 6E BC 00 00 00 00 00 00 00 00 00 00 A8 
74 69 6D 65 00 00 00 00 01 BC 07 70 6F 73 69 74 
69 6F 6E BC 00 00 00 00 00 00 00 00 00 00 A8 74 
69 6D 65 00 00 00 00 01 BC 07 70 6F 73 69 74 69 
6F 6E BC 00 00 00 00 00 00 00 00 00 00 A8 74 69 
6D 65 00 00 00 00 01 BC 07 70 6F 73 69 74 69 6F 
6E BC 00 00 00 00 00 00 00 00 00 00 A8 74 69 6D 
65 00 00 00 00 01 BC 07 70 6F 73 69 74 69 6F 6E 
BC 00 00 00 00 00 00 00 00 00 00 A8 74 69 6D 65 
00 00 00 00 01 BC 07 70 6F 73 69 74 69 6F 6E BC 
00 00 00 00 00 00 00 00 00 00 A8 74 69 6D 65 00 
00 00 00 01 BC 07 70 6F 73 69 74 69 6F 6E BC 00 
00 00 00 00 00 00 00 00 00 A8 74 69 6D 65 00 00 
00 00 01 BC 07 70 6F 73 69 74 69 6F 6E BC 00 00 
00 00 00 00 00 00 00 00 A8 74 69 6D 65 00 00 00 
00 01 BC 07 70 6F 73 69 74 69 6F 6E BC 00 00 00 
00 00 00 00 00 00 00 A8 74 69 6D 65 00 00 00 00 
01 BC 07 70 6F 73 69 74 69 6F 6E BC 00 00 00 00 
00 00 00 00 00 00 A8 74 69 6D 65 00 00 00 00 01 
BC 07 70 6F 73 69 74 69 6F 6E BC 00 00 00 00 00 
00 00 00 00 00 A8 74 69 6D 65 00 00 00 00 01 BC 
07 70 6F 73 69 74 69 6F 6E BC 00 00 00 00 00 00 
00 00 00 00 A8 74 69 6D 65 00 00 00 00 01 BC 07 
70 6F 73 69 74 69 6F 6E BC 00 00 00 00 00 00 00 
00 00 00 A8 74 69 6D 65 00 00 00 00 01 BC 07 70 
6F 73 69 74 69 6F 6E BC 00 00 00 00 00 00 00 00 
00 00 A8 74 69 6D 65 00 00 00 00 01 BC 07 70 6F 
73 69 74 69 6F 6E BC 00 00 00 00 00 00 00 00 00 
00 A8 74 69 6D 65 00 00 00 00 01 BC 07 70 6F 73 
69 74 69 6F 6E BC 00 00 00 00 00 00 00 00 00 00 
A8 74 69 6D 65 00 00 00 00 01 BC 07 70 6F 73 69 
74 69 6F 6E BC 00 00 00 00 00 00 00 00 00 00 A8 
74 69 6D 65 00 00 00 00 01 BC 07 70 6F 73 69 74 
69 6F 6E BC 00 00 00 00 00 00 00 00 00 00 A8 74 
69 6D 65 00 00 00 00 01 BC 07 70 6F 73 69 74 69 
6F 6E BC 00 00 00 00 00 00 00 00 00 00 A8 74 69 
6D 65 00 00 00 00 01 BC 07 70 6F 73 69 74 69 6F 
6E BC 00 00 00 00 00 00 00 00 00 00 A8 74 69 6D 
65 00 00 00 00 01 BC 07 70 6F 73 69 74 69 6F 6E 
BC 00 00 00 00 00 00 00 00 00 00 A8 74 69 6D 65 
00 00 00 00 01 BC 07 70 6F 73 69 74 69 6F 6E BC 
00 00 00 00 00 00 00 00 00 00 A8 74 69 6D 65 00 
00 00 00 01 BC 07 70 6F 73 69 74 69 6F 6E BC 00 
00 00 00 00 00 00 00 00 00 A8 74 69 6D 65 00 00 
00 00 01 BC 07 70 6F 73 69 74 69 6F 6E BC 00 00 
00 00 00 00 00 00 00 00 A8 74 69 6D 65 00 00 00 
00 01 BC 07 70 6F 73 69 74 69 6F 6E BC 00 00 00 
00 00 00 00 00 00 00 A8 74 69 6D 65 00 00 00 00 
01 BC 07 70 6F 73 69 74 69 6F 6E BC 00 00 00 00 
00 00 00 00 00 00 A8 74 69 6D 65 00 00 00 00 01 
BC 07 70 6F 73 69 74 69 6F 6E BC 00 00 00 00 00 
00 00 00 00 00 A8 74 69 6D 65 00 00 00 00 01 BC 
07 70 6F 73 69 74 69 6F 6E BC 00 00 00 00 00 00 
00 00 00 00 A8 74 69 6D 65 00 00 00 00 01 BC 07 
70 6F 73 69 74 69 6F 6E BC 00 00 00 00 00 00 00 
00 00 00 A8 74 69 6D 65 00 00 00 00 01 BC 07 70 
6F 73 69 74 69 6F 6E BC 00 00 00 00 A8 00 00 00 
00 00 00 74 69 6D 65 00 00 00 00 01 BC 07 70 6F 
73 69 74 69 6F 6E BC 00 00 00 00 00 00 00 00 00 
00 A8 74 69 6D 65 00 00 00 00 01 BC 07 70 6F 73 
69 74 69 6F 6E BC 00 00 00 00 00 00 00 00 00 00 
A8 74 69 6D 65 00 00 00 00 01 BC 07 70 6F 73 69 
74 69 6F 6E BC 00 00 00 00 00 00 00 00 00 00 A8 
74 69 6D 65 00 00 00 00 01 BC 07 70 6F 73 69 74 
69 6F 6E BC 00 00 00 00 00 00 00 00 00 00 A8 74 
69 6D 65 00 00 00 00 01 BC 07 70 6F 73 69 74 69 
6F 6E BC 00 00 00 00 00 00 00 00 00 00 A8 74 69 
6D 65 00 00 00 00 01 BC 07 70 6F 73 69 74 69 6F 
6E BC 00 00 00 00 00 00 00 00 00 00 A8 74 69 6D 
65 00 00 00 00 01 BC 07 70 6F 73 69 74 69 6F 6E 
BC 00 00 00 00 00 00 00 00 00 00 A8 74 69 6D 65 
00 00 00 00 01 BC 07 70 6F 73 69 74 69 6F 6E BC 
00 00 00 00 00 00 00 00 00 00 A8 74 69 6D 65 00 
00 00 00 01 BC 07 70 6F 73 69 74 69 6F 6E BC 00 
00 00 00 00 00 00 00 00 00 A8 74 69 6D 65 00 00 
00 00 01 BC 07 70 6F 73 69 74 69 6F 6E BC 00 00 
00 00 00 00 00 00 00 00 A8 74 69 6D 65 00 00 00 
00 01 BC 07 70 6F 73 69 74 69 6F 6E BC 00 00 00 
00 00 00 00 00 00 00 A8 74 69 6D 65 00 00 00 00 
01 BC 07 70 6F 73 69 74 69 6F 6E BC 00 00 00 00 
00 00 00 00 00 00 A8 74 69 6D 65 00 00 00 00 01 
BC 07 70 6F 73 69 74 69 6F 6E BC 00 00 00 00 00 
00 00 00 00 00 A8 74 69 6D 65 00 00 00 00 01 BC 
07 70 6F 73 69 74 69 6F 6E BC 00 00 00 00 00 00 
00 00 00 00 A8 74 69 6D 65 00 00 00 00 01 BC 07 
70 6F 73 69 74 69 6F 6E BC 00 00 00 00 00 00 00 
00 00 00 A8 74 69 6D 65 00 00 00 00 01 BC 07 70 
6F 73 69 74 69 6F 6E BC 00 00 00 00 00 00 00 00 
00 00 A8 74 69 6D 65 00 00 00 00 01 BC 07 70 6F 
73 69 74 69 6F 6E BC 00 00 00 00 00 00 00 00 00 
00 A8 74 69 6D 65 00 00 00 00 01 BC 07 70 6F 73 
69 74 69 6F 6E BC 00 00 00 00 00 00 00 00 00 00 
A8 74 69 6D 65 00 00 00 00 01 BC 07 70 6F 73 69 
74 69 6F 6E BC 00 00 00 00 00 00 00 00 00 00 A8 
74 69 6D 65 00 00 00 00 01 BC 07 70 6F 73 69 74 
69 6F 6E BC 00 00 00 00 00 00 00 00 00 00 A8 74 
69 6D 65 00 00 00 00 01 BC 07 70 6F 73 69 74 69 
6F 6E BC 00 00 00 00 00 00 00 00 00 00 A8 74 69 
6D 65 00 00 00 00 01 BC 07 70 6F 73 69 74 69 6F 
6E BC 00 00 00 00 00 00 00 00 00 00 A8 74 69 6D 
65 00 00 00 00 01 BC 07 70 6F 73 69 74 69 6F 6E 
BC 00 00 00 00 00 00 00 00 00 00 A8 74 69 6D 65 
00 00 00 00 01 BC 07 70 6F 73 69 74 69 6F 6E BC 
00 00 00 00 00 00 00 00 00 00 A8 74 69 6D 65 00 
00 00 00 01 BC 07 70 6F 73 69 74 69 6F 6E BC 00 
00 00 00 00 00 00 00 00 00 A8 74 69 6D 65 00 00 
00 00 01 BC 07 70 6F 73 69 74 69 6F 6E BC 00 00 
00 00 00 00 00 00 00 00 A8 74 69 6D 65 00 00 00 
00 01 BC 07 70 6F 73 69 74 69 6F 6E BC 00 00 00 
00 00 00 00 00 00 00 A8 74 69 6D 65 00 00 00 00 
01 BC 07 70 6F 73 69 74 69 6F 6E BC 00 00 00 00 
00 00 00 00 00 00 A8 74 69 6D 65 00 00 00 00 01 
BC 07 70 6F 73 69 74 69 6F 6E BC 00 00 00 00 00 
00 00 00 00 00 A8 74 69 6D 65 00 00 00 00 01 BC 
07 70 6F 73 69 74 69 6F 6E BC 00 00 00 00 00 00 
00 00 00 00 A8 74 69 6D 65 00 00 00 00 01 BC 07 
70 6F 73 69 74 69 6F 6E BC 00 00 00 00 00 00 00 
00 00 00 A8 74 69 6D 65 00 00 00 00 01 BC 07 70 
6F 73 69 74 69 6F 6E BC 00 00 00 00 00 00 00 00 
00 00 A8 74 69 6D 65 00 00 00 00 01 BC 07 70 6F 
73 69 74 69 6F 6E BC 00 00 00 00 00 00 00 00 00 
00 A8 74 69 6D 65 00 00 00 00 01 BC 07 70 6F 73 
69 74 69 6F 6E BC 00 00 00 00 00 00 00 00 00 00 
A8 74 69 6D 65 00 00 00 00 01 BC 07 70 6F 73 69 
74 69 6F 6E BC 00 00 00 00 00 00 00 00 00 00 A8 
74 69 6D 65 00 00 00 00 01 BC 07 70 6F 73 69 74 
69 6F 6E BC 00 00 00 00 00 00 00 00 00 00 A8 74 
69 6D 65 00 00 00 00 01 BC 07 70 6F 73 69 74 69 
6F 6E BC 00 00 00 00 00 00 00 00 00 00 A8 74 69 
6D 65 00 00 00 00 01 BC 07 70 6F 73 69 74 69 6F 
6E BC 00 00 00 00 00 00 00 00 00 00 A8 74 69 6D 
65 00 00 00 00 01 BC 07 70 6F 73 69 74 69 6F 6E 
BC 00 00 00 00 00 00 00 00 00 00 A8 74 69 6D 65 
00 00 00 00 01 BC 07 70 6F 73 69 74 69 6F 6E BC 
00 00 00 00 00 00 00 00 00 00 A8 74 69 6D 65 00 
00 00 00 01 BC 07 70 6F 73 69 74 69 6F 6E BC 00 
00 00 00 00 00 00 00 00 00 A8 74 69 6D 65 00 00 
00 00 01 BC 07 70 6F 73 69 74 69 6F 6E BC 00 00 
00 00 00 00 00 00 00 00 A8 74 69 6D 65 00 00 00 
00 01 BC 07 70 6F 73 69 74 69 6F 6E BC 00 00 00 
00 00 00 00 00 00 00 A8 74 69 6D 65 00 00 00 00 
01 BC 07 70 6F 73 69 74 69 6F 6E BC 00 00 00 00 
00 00 00 00 00 00 A8 74 69 6D 65 00 00 00 00 01 
BC 07 70 6F 73 69 74 69 6F 6E BC 00 00 00 00 00 
00 00 00 00 00 A8 74 69 6D 65 00 00 00 00 01 BC 
07 70 6F 73 69 74 69 6F 6E BC 00 00 00 00 00 00 
00 00 00 00 A8 74 69 6D 65 00 00 00 00 01 BC 07 
70 6F 73 69 74 69 6F 6E BC 00 00 00 00 00 00 00 
00 00 00 A8 74 69 6D 65 00 00 00 00 01 BC 07 70 
6F 73 69 74 69 6F 6E BC 00 00 00 00 00 00 00 00 
00 00 A8 74 69 6D 65 00 00 00 00 01 BC 07 70 6F 
73 69 74 69 6F 6E BC 00 00 00 00 00 00 00 00 00 
00 A8 74 69 6D 65 00 00 00 00 01 BC 07 70 6F 73 
69 74 69 6F 6E BC 00 00 00 00 00 00 00 00 00 00 
A8 74 69 6D 65 00 00 00 00 01 BC 07 70 6F 73 69 
74 69 6F 6E BC 00 00 00 00 00 00 00 00 00 00 A8 
74 69 6D 65 00 00 00 00 01 BC 07 70 6F 73 69 74 
69 6F 6E BC 00 00 00 00 00 00 00 00 00 00 A8 74 
69 6D 65 00 00 00 00 01 BC 07 70 6F 73 69 74 69 
6F 6E BC 00 00 00 00 00 00 00 00 00 00 A8 74 69 
6D 65 00 00 00 00 01 BC 07 70 6F 73 69 74 69 6F 
6E BC 00 00 00 00 00 00 00 00 00 00 A8 74 69 6D 
65 00 00 00 00 01 BC 07 70 6F 73 69 74 69 6F 6E 
BC 00 00 00 00 00 00 00 00 00 00 A8 74 69 6D 65 
00 00 00 00 01 BC 07 70 6F 73 69 74 69 6F 6E BC 
00 00 00 00 00 00 00 00 00 00 A8 74 69 6D 65 00 
00 00 00 01 BC 07 70 6F 73 69 74 69 6F 6E BC 00 
00 00 00 00 00 00 00 00 00 A8 74 69 6D 65 00 00 
00 00 01 BC 07 70 6F 73 69 74 69 6F 6E BC 00 00 
00 00 00 00 00 00 00 00 A8 74 69 6D 65 00 00 00 
00 01 BC 07 70 6F 73 69 74 69 6F 6E BC 00 00 00 
00 00 00 00 00 00 00 A8 74 69 6D 65 00 00 00 00 
01 BC 07 70 6F 73 69 74 69 6F 6E BC 00 00 00 00 
00 00 00 00 00 00 A8 74 69 6D 65 00 00 00 00 01 
BC 07 70 6F 73 69 74 69 6F 6E BC 00 00 00 00 00 
00 00 00 00 00 A8 74 69 6D 65 00 00 00 00 01 BC 
07 70 6F 73 69 74 69 6F 6E BC 00 00 00 00 00 00 
00 00 00 00 A8 74 69 6D 65 00 00 00 00 01 BC 07 
70 6F 73 69 74 69 6F 6E BC 00 00 00 00 00 00 00 
00 00 00 A8 74 69 6D 65 00 00 00 00 01 BC 07 70 
6F 73 69 74 69 6F 6E BC 00 00 00 00 00 00 00 00 
00 00 A8 74 69 6D 65 00 00 00 00 01 BC 07 70 6F 
73 69 74 69 6F 6E BC 00 00 00 00 00 00 00 00 00 
00 A8 74 69 6D 65 00 00 00 00 01 BC 07 70 6F 73 
69 74 69 6F 6E BC 00 00 00 00 00 00 00 00 00 00 
A8 74 69 6D 65 00 00 00 00 01 BC 07 70 6F 73 69 
74 69 6F 6E BC 00 00 00 00 00 00 00 00 00 00 A8 
74 69 6D 65 00 00 00 00 01 BC 07 70 6F 73 69 74 
69 6F 6E BC 00 00 00 00 00 00 00 00 00 00 A8 74 
69 6D 65 00 00 00 00 01 BC 07 70 6F 73 69 74 69 
6F 6E BC 00 00 00 00 00 00 00 00 00 00 A8 74 69 
6D 65 00 00 00 00 01 BC 07 70 6F 73 69 74 69 6F 
6E BC 00 00 00 00 00 00 00 00 00 00 A8 74 69 6D 
65 00 00 00 00 01 BC 07 70 6F 73 69 74 69 6F 6E 
BC 00 00 00 00 00 00 00 00 00 00 A8 74 69 6D 65 
00 00 00 00 01 BC 07 70 6F 73 69 74 69 6F 6E BC 
00 00 00 00 00 00 00 00 00 00 A8 
-----------------------------------------------
Date: 23-08-2017 - 16:40:40
End log file
