Terminal log file
Date: 28-10-2017 - 17:55:21
-----------------------------------------------
3F 3F 04 AC 
00 00 00 00 00 00 00 00 00 00 00 00 3F 3F 0B AC 
3F 3F 0B 00 00 00 00 00 3F 3F 0F AC 00 00 00 AC 
00 00 06 3F 3F 05 AC 00 00 05 AC 00 00 00 00 00 
00 00 00 3F 3F 0B AC 3F 3F 0B 00 00 00 00 00 3F 
3F 0F AC 00 00 00 AC 00 00 06 3F 3F 05 AC 00 00 
05 AC 00 00 00 00 00 00 00 00 3F 3F 0B AC 3F 3F 
0B 00 00 00 00 00 3F 3F 0F AC 00 00 00 AC 00 00 
06 3F 3F 05 AC 00 00 05 AC 00 00 00 00 00 00 00 
00 3F 3F 0B AC 3F 3F 0B 00 00 00 00 00 3F 3F 0F 
AC 00 00 00 AC 00 00 06 3F 3F 05 AC 00 00 05 AC 
00 00 00 00 00 00 00 00 3F 3F 0B AC 3F 3F 0B 00 
00 00 00 00 3F 3F 0F AC 00 00 00 AC 00 00 06 3F 
3F 05 AC 00 00 05 AC 00 00 00 00 00 00 00 00 3F 
3F 0B AC 3F 3F 0B 00 00 00 00 00 3F 3F 0F AC 00 
00 00 AC 00 00 06 3F 3F 05 AC 00 00 05 AC 00 00 
00 00 00 00 00 00 3F 3F 0B AC 3F 3F 0B 00 00 00 
00 00 3F 3F 0F AC 00 00 00 AC 00 00 06 3F 3F 05 
AC 00 00 05 AC 00 00 00 00 00 00 00 00 3F 3F 0B 
AC 3F 3F 0B 00 00 00 00 00 3F 3F 0F AC 00 00 00 
AC 00 00 06 3F 3F 05 AC 00 00 05 AC 00 00 00 00 
00 00 00 00 3F 3F 0B AC 3F 3F 0B 00 00 00 00 00 
3F 3F 0F AC 00 00 00 AC 00 00 06 3F 3F 05 AC 00 
00 05 AC 00 00 00 00 00 00 00 00 3F 3F 0B AC 3F 
3F 0B 00 00 00 00 00 3F 3F 0F AC 00 00 00 AC 00 
00 06 3F 3F 05 AC 00 00 05 AC 00 00 00 00 00 00 
00 00 3F 3F 0B AC 3F 3F 0B 00 00 00 00 00 3F 3F 
0F AC 00 00 00 AC 00 00 06 3F 3F 05 AC 00 00 05 
AC 00 00 00 00 00 00 00 00 3F 3F 0B AC 3F 3F 0B 
00 00 00 00 00 3F 3F 0F AC 00 00 00 AC 00 00 06 
3F 3F 05 AC 00 00 05 AC 00 00 00 00 00 00 00 00 
3F 3F 0B AC 3F 3F 0B 00 00 00 00 00 3F 3F 0F AC 
00 00 00 AC 00 00 06 3F 3F 05 AC 00 00 05 AC 00 
00 00 00 00 00 00 00 3F 3F 0B AC 3F 3F 0B 00 00 
00 00 00 3F 3F 0F AC 00 00 00 AC 00 00 06 3F 3F 
05 AC 00 00 05 AC 00 00 00 00 00 00 00 00 3F 3F 
0B AC 3F 3F 0B 00 00 00 00 00 3F 3F 0F AC 00 00 
00 AC 00 00 06 3F 3F 05 AC 00 00 05 AC 00 00 00 
00 00 00 00 00 3F 3F 0B AC 3F 3F 0B 00 00 00 00 
00 3F 3F 0F AC 00 00 00 AC 00 00 06 3F 3F 05 AC 
00 00 05 AC 00 00 00 00 00 00 00 00 3F 3F 0B AC 
3F 3F 0B 00 00 00 00 00 3F 3F 0F AC 00 00 00 AC 
00 00 06 3F 3F 05 AC 00 00 05 AC 00 00 00 00 00 
00 00 00 3F 3F 0B AC 3F 3F 0B 00 00 00 00 00 3F 
3F 0F AC 00 00 00 AC 00 00 06 3F 3F 05 AC 00 00 
05 AC 00 00 00 00 00 00 00 00 3F 3F 0B AC 3F 3F 
0B 00 00 00 00 00 3F 3F 0F AC 00 00 00 AC 00 00 
06 3F 3F 05 AC 00 00 05 AC 00 00 00 00 00 00 00 
00 3F 3F 0B AC 3F 3F 0B 00 00 00 00 00 3F 3F 0F 
AC 00 00 00 AC 00 00 06 3F 3F 05 AC 00 00 05 AC 
00 00 00 00 00 00 00 00 3F 3F 0B AC 3F 3F 0B 00 
00 00 00 00 3F 3F 0F AC 00 00 00 AC 00 00 06 3F 
3F 05 AC 00 00 05 AC 00 00 00 00 00 00 00 00 3F 
3F 0B AC 3F 3F 0B 00 00 00 00 00 3F 3F 0F AC 00 
00 00 AC 00 00 06 3F 3F 05 AC 00 00 05 AC 00 00 
00 00 00 00 00 00 3F 3F 0B AC 3F 3F 0B 00 00 00 
00 00 3F 3F 0F AC 00 00 00 AC 00 00 06 3F 3F 05 
AC 00 00 05 AC 00 00 00 00 00 00 00 00 3F 3F 0B 
AC 3F 3F 0B 00 00 00 00 00 3F 3F 0F AC 00 00 00 
AC 00 00 06 3F 3F 05 AC 00 00 05 AC 00 00 00 00 
00 00 00 00 3F 3F 0B AC 3F 3F 0B 00 00 00 00 00 
3F 3F 0F AC 00 00 00 AC 00 00 06 3F 3F 05 AC 00 
00 05 AC 00 00 00 00 00 00 00 00 3F 3F 0B AC 3F 
3F 0B 00 00 00 00 00 3F 3F 0F AC 00 00 00 AC 00 
00 06 3F 3F 05 AC 00 00 05 AC 00 00 00 00 00 00 
00 00 3F 3F 0B AC 3F 3F 0B 00 00 00 00 00 3F 3F 
0F AC 00 00 00 AC 00 00 06 3F 3F 05 AC 00 00 05 
AC 00 00 00 00 00 00 00 00 3F 3F 0B AC 3F 3F 0B 
00 00 00 00 00 3F 3F 0F AC 00 00 00 AC 00 00 06 
3F 3F 05 AC 00 00 05 AC 00 00 00 00 00 00 00 00 
3F 3F 0B AC 3F 3F 0B 00 00 00 00 00 3F 3F 0F AC 
00 00 00 AC 00 00 06 3F 3F 05 AC 00 00 05 AC 00 
00 00 00 00 00 00 00 3F 3F 0B AC 3F 3F 0B 00 00 
00 00 00 3F 3F 0F AC 00 00 00 AC 00 00 06 3F 3F 
05 AC 00 00 05 AC 00 00 00 00 00 00 00 00 3F 3F 
0B AC 3F 3F 0B 00 00 00 00 00 3F 3F 0F AC 00 00 
00 AC 00 00 06 3F 3F 05 AC 00 00 05 AC 00 00 00 
00 00 00 00 00 3F 3F 0B AC 3F 3F 0B 00 00 00 00 
00 3F 3F 0F AC 00 00 00 AC 00 00 06 3F 3F 05 AC 
00 00 05 AC 00 00 00 00 00 00 00 00 3F 3F 0B AC 
3F 3F 0B 00 00 00 00 00 3F 3F 0F AC 00 00 00 AC 
00 00 06 3F 3F 05 AC 00 00 05 AC 00 00 00 00 00 
00 00 00 3F 3F 0B AC 3F 3F 0B 00 00 00 00 00 3F 
3F 0F AC 00 00 00 AC 00 00 06 3F 3F 05 AC 00 00 
05 AC 00 00 00 00 00 00 00 00 3F 3F 0B AC 3F 3F 
0B 00 00 00 00 00 3F 3F 0F AC 00 00 00 AC 00 00 
06 3F 3F 05 AC 00 00 05 AC 00 00 00 00 00 00 00 
00 3F 3F 0B AC 3F 3F 0B 00 00 00 00 00 3F 3F 0F 
AC 00 00 00 AC 00 00 06 3F 3F 05 AC 00 00 05 AC 
00 00 00 00 00 00 00 00 3F 3F 0B AC 3F 3F 0B 00 
00 00 00 00 3F 3F 0F AC 00 00 00 AC 00 00 06 3F 
3F 05 AC 00 00 05 AC 00 00 00 00 00 00 00 00 3F 
3F 0B AC 3F 3F 0B 00 00 00 00 00 3F 3F 0F AC 00 
00 00 AC 00 00 06 3F 3F 05 AC 00 00 05 AC 00 00 
00 00 00 00 00 00 3F 3F 0B AC 3F 3F 0B 00 00 00 
00 00 3F 3F 0F AC 00 00 00 AC 00 00 06 3F 3F 05 
AC 00 00 05 AC 00 00 00 00 00 00 00 00 3F 3F 0B 
AC 3F 3F 0B 00 00 00 00 00 3F 3F 0F AC 00 00 00 
AC 00 00 06 3F 3F 05 AC 00 00 05 AC 00 00 00 00 
00 00 00 00 3F 3F 0B AC 3F 3F 0B 00 00 00 00 00 
3F 3F 0F AC 00 00 00 AC 00 00 06 3F 3F 05 AC 00 
00 05 AC 00 00 00 00 00 00 00 3F 3F 0B AC 3F 3F 
0B 00 00 00 00 00 00 3F 3F 0F AC 00 00 00 AC 00 
00 06 3F 3F 05 AC 00 00 05 AC 00 00 00 00 00 00 
00 00 3F 3F 0B AC 3F 3F 0B 00 00 00 00 00 3F 3F 
0F AC 00 00 00 AC 00 00 06 3F 3F 05 AC 00 00 05 
AC 00 00 00 00 00 00 00 00 3F 3F 0B AC 3F 3F 0B 
00 00 00 00 00 3F 3F 0F AC 00 00 00 AC 00 00 06 
3F 3F 05 AC 00 00 05 AC 00 00 00 00 00 00 00 00 
3F 3F 0B AC 3F 3F 0B 00 00 00 00 00 3F 3F 0F AC 
00 00 00 AC 00 00 06 3F 3F 05 AC 00 00 05 AC 00 
00 00 00 00 00 00 00 3F 3F 0B AC 3F 3F 0B 00 00 
00 00 00 3F 3F 0F AC 00 00 00 AC 00 00 06 3F 3F 
05 AC 00 00 05 AC 00 00 00 00 00 00 00 00 3F 3F 
0B AC 3F 3F 0B 00 00 00 00 00 3F 3F 0F AC 00 00 
00 AC 00 00 06 3F 3F 05 AC 00 00 05 AC 00 00 00 
00 00 00 00 00 3F 3F 0B AC 3F 3F 0B 00 00 00 00 
00 3F 3F 0F AC 00 00 00 AC 00 00 06 3F 3F 05 AC 
00 00 05 AC 00 00 00 00 00 00 00 00 3F 3F 0B AC 
3F 3F 0B 00 00 00 00 00 3F 3F 0F AC 00 00 00 AC 
00 00 06 3F 3F 05 AC 00 00 05 AC 00 00 00 00 00 
00 00 00 3F 3F 0B AC 3F 3F 0B 00 00 00 00 00 3F 
3F 0F AC 00 00 00 AC 00 00 06 3F 3F 05 AC 00 00 
05 AC 00 00 00 00 00 00 00 00 3F 3F 0B AC 3F 3F 
0B 00 00 00 00 00 3F 3F 0F AC 00 00 00 AC 00 00 
06 3F 3F 05 AC 00 00 05 AC 00 00 00 00 00 00 00 
00 3F 3F 0B AC 3F 3F 0B 00 00 00 00 00 3F 3F 0F 
AC 00 00 00 AC 00 00 06 3F 3F 05 AC 00 00 05 AC 
00 00 00 00 00 00 00 00 3F 3F 0B AC 3F 3F 0B 00 
00 00 00 00 3F 3F 0F AC 00 00 00 AC 00 00 06 3F 
3F 05 AC 00 00 05 AC 00 00 00 00 00 00 00 00 3F 
3F 0B AC 3F 3F 0B 00 00 00 00 00 3F 3F 0F AC 00 
00 00 AC 00 00 06 3F 3F 05 AC 00 00 05 AC 00 00 
00 00 00 00 00 00 3F 3F 0B AC 3F 3F 0B 00 00 00 
00 00 3F 3F 0F AC 00 00 00 AC 00 00 06 3F 3F 05 
AC 00 00 05 AC 00 00 00 00 00 00 00 00 3F 3F 0B 
AC 3F 3F 0B 00 00 00 00 00 3F 3F 0F AC 00 00 00 
AC 00 00 06 3F 3F 05 AC 00 00 05 AC 00 00 00 00 
00 00 00 00 3F 3F 0B AC 3F 3F 0B 00 00 00 00 00 
3F 3F 0F AC 00 00 00 AC 00 00 06 3F 3F 05 AC 00 
00 05 AC 00 00 00 00 00 00 00 00 3F 3F 0B AC 3F 
3F 0B 00 00 00 00 00 3F 3F 0F AC 00 00 00 AC 00 
00 06 3F 3F 05 AC 00 00 05 AC 00 00 00 00 00 00 
00 00 3F 3F 0B AC 3F 3F 0B 00 00 00 00 00 3F 3F 
0F AC 00 00 00 AC 00 00 06 3F 3F 05 AC 00 00 05 
AC 00 00 00 00 00 00 00 00 3F 3F 0B AC 3F 3F 0B 
00 00 00 00 00 3F 3F 0F AC 00 00 00 AC 00 00 06 
3F 3F 05 AC 00 00 05 AC 00 00 00 00 00 00 00 00 
3F 3F 0B AC 3F 3F 0B 00 00 00 00 00 3F 3F 0F AC 
00 00 00 AC 00 00 06 3F 3F 05 AC 00 00 05 AC 00 
00 00 00 00 00 00 00 3F 3F 0B AC 3F 3F 0B 00 00 
00 00 00 3F 3F 0F AC 00 00 00 AC 00 00 06 3F 3F 
05 AC 00 00 05 AC 00 00 00 00 00 00 00 00 3F 3F 
0B AC 3F 3F 0B 00 00 00 00 00 3F 3F 0F AC 00 00 
00 AC 00 00 06 3F 3F 05 AC 00 00 05 AC 00 00 00 
00 00 00 00 00 3F 3F 0B AC 3F 3F 0B 00 00 00 00 
00 
-----------------------------------------------
Date: 28-10-2017 - 17:56:35
End log file
