Terminal log file
Date: 01-10-2017 - 16:09:17
-----------------------------------------------
3F 3F 
04 AC 00 00 00 00 00 00 00 00 00 00 00 00 3F 3F 
0B AC 00 00 00 00 00 00 00 00 3F 3F 0F AC 00 00 
00 06 01 BC 07 3F 3F 04 AC 00 00 00 00 00 00 00 
00 00 00 A8 0A 3F 3F 0B AC 00 00 00 00 00 00 00 
00 3F 3F 0F AC 00 00 00 06 01 BC 07 3F 3F 04 AC 
00 00 00 00 00 00 00 00 00 00 A8 0A 3F 3F 0B AC 
00 00 00 00 00 00 00 00 3F 3F 0F AC 00 00 00 06 
01 BC 07 3F 3F 04 AC 00 00 00 00 00 00 00 00 00 
00 A8 0A 3F 3F 0B AC 00 00 00 00 00 00 00 00 3F 
3F 0F AC 00 00 00 06 01 BC 07 3F 3F 04 AC 00 00 
00 00 00 00 00 00 00 00 A8 0A 3F 3F 0B AC 00 00 
00 00 00 00 00 00 3F 3F 0F AC 00 00 00 06 01 BC 
07 3F 3F 04 AC 00 00 00 00 00 00 00 00 00 00 A8 
0A 3F 3F 0B AC 00 00 00 00 00 00 00 00 3F 3F 0F 
AC 00 00 00 06 01 BC 07 3F 3F 04 AC 00 00 00 00 
00 00 00 00 00 00 A8 0A 3F 3F 0B AC 00 00 00 00 
00 00 00 00 3F 3F 0F AC 00 00 00 06 01 BC 07 3F 
3F 04 AC 00 00 00 00 00 00 00 00 00 00 A8 0A 3F 
3F 0B AC 00 00 00 00 00 00 00 00 3F 3F 0F AC 00 
00 00 06 01 BC 07 3F 3F 04 AC 00 00 00 00 00 00 
00 00 00 00 A8 0A 3F 3F 0B AC 00 00 00 00 00 00 
00 00 3F 3F 0F AC 00 00 00 06 01 BC 07 3F 3F 04 
AC 00 00 00 00 00 00 00 00 00 00 A8 0A 3F 3F 0B 
AC 00 00 00 00 00 00 00 00 3F 3F 0F AC 00 00 00 
06 01 BC 07 3F 3F 04 AC 00 00 00 00 00 00 00 00 
00 00 A8 0A 3F 3F 0B AC 00 00 00 00 00 00 00 00 
3F 3F 0F AC 00 00 00 06 01 BC 07 3F 3F 04 AC 00 
00 00 00 00 00 00 00 00 00 A8 0A 3F 3F 0B AC 00 
00 00 00 00 00 00 00 3F 3F 0F AC 00 00 00 06 01 
BC 07 3F 3F 04 AC 00 00 00 00 00 00 00 00 00 00 
A8 0A 3F 3F 0B AC 00 00 00 00 00 00 00 00 3F 3F 
0F AC 00 00 00 06 01 BC 07 3F 3F 04 AC 00 00 00 
00 00 00 00 00 00 00 A8 0A 3F 3F 0B AC 00 00 00 
00 00 00 00 00 3F 3F 0F AC 00 00 00 06 01 BC 07 
3F 3F 04 AC 00 00 00 00 00 00 00 00 00 00 A8 0A 
3F 3F 0B AC 00 00 00 00 00 00 00 00 3F 3F 0F AC 
00 00 00 06 01 BC 07 3F 3F 04 AC 00 00 00 00 00 
00 00 00 00 00 A8 0A 3F 3F 0B AC 00 00 00 00 00 
00 00 00 3F 3F 0F AC 00 00 00 06 01 BC 07 3F 3F 
04 AC 00 00 00 00 00 00 00 00 00 00 A8 0A 3F 3F 
0B AC 00 00 00 00 00 00 00 00 3F 3F 0F AC 00 00 
00 06 01 BC 07 3F 3F 04 AC 00 00 00 00 00 00 00 
00 00 00 A8 0A 3F 3F 0B AC 00 00 00 00 00 00 00 
00 3F 3F 0F AC 00 00 00 06 01 BC 07 3F 3F 04 AC 
00 00 00 00 00 00 00 00 00 00 A8 0A 3F 3F 0B AC 
00 00 00 00 00 00 00 00 3F 3F 0F AC 00 00 00 06 
01 BC 07 3F 3F 04 AC 00 00 00 00 00 00 00 00 00 
00 A8 0A 3F 3F 0B AC 00 00 00 00 00 00 00 00 3F 
3F 0F AC 00 00 00 06 01 BC 07 3F 3F 04 AC 00 00 
00 00 00 00 00 00 00 00 A8 0A 3F 3F 0B AC 00 00 
00 00 00 00 00 00 3F 3F 0F AC 00 00 00 06 01 BC 
07 3F 3F 04 AC 00 00 00 00 00 00 00 00 00 00 A8 
0A 3F 3F 0B AC 00 00 00 00 00 00 00 00 3F 3F 0F 
AC 00 00 00 06 01 BC 07 3F 3F 04 AC 00 00 00 00 
00 00 00 00 00 00 A8 0A 3F 3F 0B AC 00 00 00 00 
00 00 00 00 3F 3F 0F AC 00 00 00 06 01 BC 07 3F 
3F 04 AC 00 00 00 00 00 00 00 00 00 00 A8 0A 3F 
3F 0B AC 00 00 00 00 00 00 00 00 3F 3F 0F AC 00 
00 00 06 01 BC 07 3F 3F 04 AC 00 00 00 00 00 00 
00 00 00 00 A8 0A 3F 3F 0B AC 00 00 00 00 00 00 
00 00 3F 3F 0F AC 00 00 00 06 01 BC 07 3F 3F 04 
AC 00 00 00 00 00 00 00 00 00 00 A8 0A 3F 3F 0B 
AC 00 00 00 00 00 00 00 00 3F 3F 0F AC 00 00 00 
06 01 BC 07 3F 3F 04 AC 00 00 00 00 00 00 00 00 
00 00 A8 0A 3F 3F 0B AC 00 00 00 00 00 00 00 00 
3F 3F 0F AC 00 00 00 06 01 BC 07 3F 3F 04 AC 00 
00 00 00 00 00 00 00 00 00 A8 0A 3F 3F 0B AC 00 
00 00 00 00 00 00 00 3F 3F 0F AC 00 00 00 06 01 
BC 07 3F 3F 04 AC 00 00 00 00 00 00 00 00 00 00 
A8 0A 3F 3F 0B AC 00 00 00 00 00 00 00 00 3F 3F 
0F AC 00 00 00 06 01 BC 07 3F 3F 04 AC 00 00 00 
00 00 00 00 00 00 00 A8 0A 3F 3F 0B AC 00 00 00 
00 00 00 00 00 3F 3F 0F AC 00 00 00 06 01 BC 07 
3F 3F 04 AC 00 00 00 00 00 00 00 00 00 00 A8 0A 
3F 3F 0B AC 00 00 00 00 00 00 00 00 3F 3F 0F AC 
00 00 00 06 01 BC 07 3F 3F 04 AC 00 00 00 00 00 
00 00 00 00 00 A8 0A 3F 3F 0B AC 00 00 00 00 00 
00 00 00 3F 3F 0F AC 00 00 00 06 01 BC 07 3F 3F 
04 AC 00 00 00 00 00 00 00 00 00 00 A8 0A 3F 3F 
0B AC 00 00 00 00 00 00 00 00 3F 3F 0F AC 00 00 
00 06 01 BC 07 3F 3F 04 AC 00 00 00 00 00 00 00 
00 00 00 A8 0A 3F 3F 0B AC 00 00 00 00 00 00 00 
00 3F 3F 0F AC 00 00 00 06 01 BC 07 3F 3F 04 AC 
00 00 00 00 00 00 00 00 00 00 A8 0A 3F 3F 0B AC 
00 00 00 00 00 00 00 00 3F 3F 0F AC 00 00 00 06 
01 BC 07 3F 3F 04 AC 00 00 00 00 00 00 00 00 00 
00 A8 0A 3F 3F 0B AC 00 00 00 00 00 00 00 00 3F 
3F 0F AC 00 00 00 06 01 BC 07 3F 3F 04 AC 00 00 
00 00 00 00 00 00 00 00 A8 0A 3F 3F 0B AC 00 00 
00 00 00 00 00 00 3F 3F 0F AC 00 00 00 06 01 BC 
07 3F 3F 04 AC 00 00 00 00 00 00 00 00 00 00 A8 
0A 3F 3F 0B AC 00 00 00 00 00 00 00 00 3F 3F 0F 
AC 00 00 00 06 01 BC 07 3F 3F 04 AC 00 00 00 00 
00 00 00 00 00 00 A8 0A 3F 3F 0B AC 00 00 00 00 
00 00 00 00 3F 3F 0F AC 00 00 00 06 01 BC 07 3F 
3F 04 AC 00 00 00 00 00 00 00 00 00 00 A8 0A 3F 
3F 0B AC 00 00 00 00 00 00 00 00 3F 3F 0F AC 00 
00 00 06 01 BC 07 3F 3F 04 AC 00 00 00 00 00 00 
00 00 00 00 A8 0A 3F 3F 0B AC 00 00 00 00 00 00 
00 00 3F 3F 0F AC 00 00 00 06 01 BC 07 3F 3F 04 
AC 00 00 00 00 00 00 00 00 00 00 A8 0A 3F 3F 0B 
AC 00 00 00 00 00 00 00 00 3F 3F 0F AC 00 00 00 
06 01 BC 07 3F 3F 04 AC 00 00 00 00 00 00 00 00 
00 00 A8 0A 3F 3F 0B AC 00 00 00 00 00 00 00 00 
3F 3F 0F AC 00 00 00 06 01 BC 07 3F 3F 04 AC 00 
00 00 00 00 00 00 00 00 00 A8 0A 3F 3F 0B AC 00 
00 00 00 00 00 00 00 3F 3F 0F AC 00 00 00 06 01 
BC 07 3F 3F 04 AC 00 00 00 00 00 00 00 00 00 00 
A8 0A 3F 3F 0B AC 00 00 00 00 00 00 00 00 3F 3F 
0F AC 00 00 00 06 01 BC 07 3F 3F 04 AC 00 00 00 
00 00 00 00 00 00 00 A8 0A 3F 3F 0B AC 00 00 00 
00 00 00 00 00 3F 3F 0F AC 00 00 00 06 01 BC 07 
3F 3F 04 AC 00 00 00 00 00 00 00 00 00 00 A8 0A 
3F 3F 0B AC 00 00 00 00 00 00 00 00 3F 3F 0F AC 
00 00 00 06 01 BC 07 3F 3F 04 AC 00 00 00 00 00 
00 00 00 00 00 A8 0A 3F 3F 0B AC 00 00 00 00 00 
00 00 00 3F 3F 0F AC 00 00 00 06 01 BC 07 3F 3F 
04 AC 00 00 00 00 00 00 00 00 00 00 A8 0A 3F 3F 
0B AC 00 00 00 00 00 00 00 00 3F 3F 0F AC 00 00 
00 06 01 BC 07 3F 3F 04 AC 00 00 00 00 00 00 00 
00 00 00 A8 0A 3F 3F 0B AC 00 00 00 00 00 00 00 
00 3F 3F 0F AC 00 00 00 06 01 BC 07 3F 3F 04 AC 
00 00 00 00 00 00 00 00 00 00 A8 0A 3F 3F 0B AC 
00 00 00 00 00 00 00 00 3F 3F 0F AC 00 00 00 06 
01 BC 07 3F 3F 04 AC 00 00 00 00 00 00 00 00 00 
00 A8 0A 3F 3F 0B AC 00 00 00 00 00 00 00 00 3F 
3F 0F AC 00 00 00 06 01 BC 07 3F 3F 04 AC 00 00 
00 00 00 00 00 00 00 00 A8 0A 3F 3F 0B AC 00 00 
00 00 00 00 00 00 3F 3F 0F AC 00 00 00 06 01 BC 
07 3F 3F 04 AC 00 00 00 00 00 00 00 00 00 00 A8 
0A 3F 3F 0B AC 00 00 00 00 00 00 00 00 3F 3F 0F 
AC 00 00 00 06 01 BC 07 3F 3F 04 AC 00 00 00 00 
00 00 00 00 00 00 A8 0A 3F 3F 0B AC 00 00 00 00 
00 00 00 00 3F 3F 0F AC 00 00 00 06 01 BC 07 3F 
3F 04 AC 00 00 00 00 00 00 00 00 00 00 A8 0A 3F 
3F 0B AC 00 00 00 00 00 00 00 00 3F 3F 0F AC 00 
00 00 06 01 BC 07 3F 3F 04 AC 00 00 00 00 00 00 
00 00 00 00 A8 0A 3F 3F 0B AC 00 00 00 00 00 00 
00 00 3F 3F 0F AC 00 00 00 06 01 BC 07 3F 3F 04 
AC 00 00 00 00 00 00 00 00 00 00 A8 0A 3F 3F 0B 
AC 00 00 00 00 00 00 00 00 3F 3F 0F AC 00 00 00 
06 01 BC 07 3F 3F 04 AC 00 00 00 00 00 00 00 00 
00 00 A8 0A 3F 3F 0B AC 00 00 00 00 00 00 00 00 
3F 3F 0F AC 00 00 00 06 01 BC 07 3F 3F 04 AC 00 
00 00 00 00 00 00 00 00 00 A8 0A 3F 3F 0B AC 00 
00 00 00 00 00 00 00 3F 3F 0F AC 00 00 00 06 01 
BC 07 3F 3F 04 AC 00 00 00 00 00 00 00 00 00 00 
A8 0A 3F 3F 0B AC 00 00 00 00 00 00 00 00 3F 3F 
0F AC 00 00 00 06 01 BC 07 3F 3F 04 AC 00 00 00 
00 00 00 00 00 00 00 A8 0A 3F 3F 0B AC 00 00 00 
00 00 00 00 00 3F 3F 0F AC 00 00 00 06 01 BC 07 
3F 3F 04 AC 00 00 00 00 00 00 00 00 00 00 A8 0A 
3F 3F 0B AC 00 00 00 00 00 00 00 00 3F 3F 0F AC 
00 00 00 06 01 BC 07 3F 3F 04 AC 00 00 00 00 00 
00 00 00 00 00 A8 0A 3F 3F 0B AC 00 00 00 00 00 
00 00 00 3F 3F 0F AC 00 00 00 06 01 BC 07 3F 3F 
04 AC 00 00 00 00 00 00 00 00 00 00 A8 0A 3F 3F 
0B AC 00 00 00 00 00 00 00 00 3F 3F 0F AC 00 00 
00 06 01 BC 07 3F 3F 04 AC 00 00 00 00 00 00 00 
00 00 00 A8 0A 3F 3F 0B AC 00 00 00 00 00 00 00 
00 3F 3F 0F AC 00 00 00 06 01 BC 07 3F 3F 04 AC 
00 00 00 00 00 00 00 00 00 00 A8 0A 3F 3F 0B AC 
00 00 00 00 00 00 00 00 3F 3F 0F AC 00 00 00 06 
01 BC 07 3F 3F 04 AC 00 00 00 00 00 00 00 00 00 
00 A8 0A 3F 3F 0B AC 00 00 00 00 00 00 00 00 3F 
3F 0F AC 00 00 00 06 01 BC 07 3F 3F 04 AC 00 00 
00 00 00 00 00 00 00 00 A8 0A 3F 3F 0B AC 00 00 
00 00 00 00 00 00 3F 3F 0F AC 00 00 00 06 01 BC 
07 3F 3F 04 AC 00 00 00 00 00 00 00 00 00 00 A8 
0A 3F 3F 0B AC 00 00 00 00 00 00 00 00 3F 3F 0F 
AC 00 00 00 06 01 BC 07 3F 3F 04 AC 00 00 00 00 
00 00 00 00 00 00 A8 0A 3F 3F 0B AC 00 00 00 00 
00 00 00 C0 3F 3F 04 AC 00 00 00 00 00 00 00 00 
00 A8 0A 3F 3F 3F 0B AC 00 00 00 00 00 00 00 00 
3F 3F 0F AC 00 00 00 06 01 BC 07 3F 3F 04 AC 00 
00 00 00 00 00 00 00 00 00 A8 0A 3F 3F 0B AC 00 
00 00 00 00 00 00 00 3F 3F 0F AC 00 00 00 06 01 
BC 07 3F 3F 04 AC 00 00 00 00 00 00 00 00 00 00 
A8 0A 3F 3F 0B AC 00 00 00 00 00 00 00 00 3F 3F 
0F AC 00 00 00 06 01 BC 07 3F 3F 04 AC 00 00 00 
00 00 00 00 00 00 00 A8 0A 3F 3F 0B AC 00 00 00 
00 00 00 00 00 3F 3F 0F AC 00 00 00 06 01 BC 07 
3F 3F 04 AC 00 00 00 00 00 00 00 00 00 00 A8 0A 
3F 3F 0B AC 00 00 00 00 00 00 00 00 3F 3F 0F AC 
00 00 00 06 01 BC 07 3F 3F 04 AC 00 00 00 00 00 
00 00 00 00 00 A8 0A 3F 3F 0B AC 00 00 00 00 00 
00 00 00 3F 3F 0F AC 00 00 00 06 01 BC 07 3F 3F 
04 AC 00 00 00 00 00 00 00 00 00 00 A8 0A 3F 3F 
0B AC 00 00 00 00 00 00 00 00 3F 3F 0F AC 00 00 
00 06 01 BC 07 3F 3F 04 AC 00 00 00 00 00 00 00 
00 00 00 A8 0A 3F 3F 0B AC 00 00 00 00 00 00 00 
00 3F 3F 0F AC 00 00 00 06 01 BC 07 3F 3F 04 AC 
00 00 00 00 00 00 00 00 00 00 A8 0A 3F 3F 0B AC 
00 00 00 00 00 00 00 00 3F 3F 0F AC 00 00 00 06 
01 BC 07 3F 3F 04 AC 00 00 00 00 00 00 00 00 00 
00 A8 0A 3F 3F 0B AC 00 00 00 00 00 00 00 00 3F 
3F 0F AC 00 00 00 06 01 BC 07 3F 3F 04 AC 00 00 
00 00 00 00 00 00 00 00 A8 0A 3F 3F 0B AC 00 00 
00 00 00 00 00 00 3F 3F 0F AC 00 00 00 06 01 BC 
07 3F 3F 04 AC 00 00 00 00 00 00 00 00 00 00 A8 
0A 3F 3F 0B AC 00 00 00 00 00 00 00 00 3F 3F 0F 
AC 00 00 00 06 01 BC 07 3F 3F 04 AC 00 00 00 00 
00 00 00 00 00 00 A8 0A 3F 3F 0B AC 00 00 00 00 
00 00 00 00 3F 3F 0F AC 00 00 00 06 01 BC 07 3F 
3F 04 AC 00 00 00 00 00 00 00 00 00 00 A8 0A 3F 
3F 0B AC 00 00 00 00 00 00 00 00 3F 3F 0F AC 00 
00 00 06 01 BC 07 3F 3F 04 AC 00 00 00 00 00 00 
00 00 00 00 A8 0A 3F 3F 0B AC 00 00 00 00 00 00 
00 00 3F 3F 0F AC 00 00 00 06 01 BC 07 3F 3F 04 
AC 00 00 00 00 00 00 00 00 00 00 A8 0A 3F 3F 0B 
AC 00 00 00 00 00 00 00 00 3F 3F 0F AC 00 00 00 
06 01 BC 07 3F 3F 04 AC 00 00 00 00 00 00 00 00 
00 00 A8 0A 3F 3F 0B AC 00 00 00 00 00 00 00 00 
3F 3F 0F AC 00 00 00 06 01 BC 07 3F 3F 04 AC 00 
00 00 00 00 00 00 00 00 00 A8 0A 3F 3F 0B AC 00 
00 00 00 00 00 00 00 3F 3F 0F AC 00 00 00 06 01 
BC 07 3F 3F 04 AC 00 00 00 00 00 00 00 00 00 00 
A8 0A 3F 3F 0B AC 00 00 00 00 00 00 00 00 3F 3F 
0F AC 00 00 00 06 01 BC 07 3F 3F 04 AC 00 00 00 
00 00 00 00 00 00 00 A8 0A 3F 3F 0B AC 00 00 00 
00 00 00 00 00 3F 3F 0F AC 00 00 00 06 01 BC 07 
3F 3F 04 AC 00 00 00 00 00 00 00 00 00 00 A8 0A 
3F 3F 0B AC 00 00 00 00 00 00 00 00 3F 3F 0F AC 
00 00 00 06 01 BC 07 3F 3F 04 AC 00 00 00 00 00 
00 00 00 00 00 A8 0A 3F 3F 0B AC 00 00 00 00 00 
00 00 00 3F 3F 0F AC 00 00 00 06 01 BC 07 3F 3F 
04 AC 00 00 00 00 00 00 00 00 00 00 A8 0A 3F 3F 
0B AC 00 00 00 00 00 00 00 00 3F 3F 0F AC 00 00 
00 06 01 BC 07 3F 3F 04 AC 00 00 00 00 00 00 00 
00 00 00 A8 0A 3F 3F 0B AC 00 00 00 00 00 00 00 
00 3F 3F 0F AC 00 00 00 06 01 BC 07 3F 3F 04 AC 
00 00 00 00 00 00 00 00 00 00 A8 0A 3F 3F 0B AC 
00 00 00 00 00 00 00 00 3F 3F 0F AC 00 00 00 06 
01 BC 07 3F 3F 04 AC 00 00 00 00 00 00 00 00 00 
00 A8 0A 3F 3F 0B AC 00 00 00 00 00 00 00 00 3F 
3F 0F AC 00 00 00 06 01 BC 07 3F 3F 04 AC 00 00 
00 00 00 00 00 00 00 00 A8 0A 3F 3F 0B AC 00 00 
00 00 00 00 00 00 3F 3F 0F AC 00 00 00 06 01 BC 
07 3F 3F 04 AC 00 00 00 00 00 00 00 00 00 00 A8 
0A 3F 3F 0B AC 00 00 00 00 00 00 00 00 3F 3F 0F 
AC 00 00 00 06 01 BC 07 3F 3F 04 AC 00 00 00 00 
00 00 00 00 00 00 A8 0A 3F 3F 0B AC 00 00 00 00 
00 00 00 00 3F 3F 0F AC 00 00 00 06 01 BC 07 3F 
3F 04 AC 00 00 00 00 00 00 00 00 00 00 A8 0A 3F 
3F 0B AC 00 00 00 00 00 00 00 00 3F 3F 0F AC 00 
00 00 06 01 BC 07 3F 3F 04 AC 00 00 00 00 00 00 
00 00 00 00 A8 0A 3F 3F 0B AC 00 00 00 00 00 00 
00 00 3F 3F 0F AC 00 00 00 06 01 BC 07 3F 3F 04 
AC 00 00 00 00 00 00 00 00 00 00 A8 0A 3F 3F 0B 
AC 00 00 00 00 00 00 00 00 3F 3F 0F AC 00 00 00 
06 01 BC 07 3F 3F 04 AC 00 00 00 00 00 00 00 00 
00 00 A8 0A 3F 3F 0B AC 00 00 00 00 00 00 00 00 
3F 3F 0F AC 00 00 00 06 01 BC 07 3F 3F 04 AC 00 
00 00 00 00 00 00 00 00 00 A8 0A 3F 3F 0B AC 00 
00 00 00 00 00 00 00 3F 3F 0F AC 00 00 00 06 01 
BC 07 3F 3F 04 AC 00 00 00 00 00 00 00 00 00 00 
A8 0A 3F 3F 0B AC 00 00 00 00 00 00 00 00 3F 3F 
0F AC 00 00 00 06 01 BC 07 3F 3F 04 AC 00 00 00 
00 00 00 00 00 00 00 A8 0A 3F 3F 0B AC 00 00 00 
00 00 00 00 00 3F 3F 0F AC 00 00 00 06 01 BC 07 
3F 3F 04 AC 00 00 00 00 00 00 00 00 00 00 A8 0A 
3F 3F 0B AC 00 00 00 00 00 00 00 00 3F 3F 0F AC 
00 00 00 06 01 BC 07 3F 3F 04 AC 00 00 00 00 00 
00 00 00 00 00 A8 0A 3F 3F 0B AC 00 00 00 00 00 
00 00 00 3F 3F 0F AC 00 00 00 06 01 BC 07 3F 3F 
04 AC 00 00 00 00 00 00 00 00 00 00 A8 0A 3F 3F 
0B AC 00 00 00 00 00 00 00 00 3F 3F 0F AC 00 00 
00 06 01 BC 07 3F 3F 04 AC 00 00 00 00 00 00 00 
00 00 00 A8 0A 3F 3F 0B AC 00 00 00 00 00 00 00 
00 3F 3F 0F AC 00 00 00 06 01 BC 07 3F 3F 04 AC 
00 00 00 00 00 00 00 00 00 00 A8 0A 3F 3F 0B AC 
00 00 00 00 00 00 00 00 3F 3F 0F AC 00 00 00 06 
01 BC 07 3F 3F 04 AC 00 00 00 00 00 00 00 00 00 
00 A8 0A 3F 3F 0B AC 00 00 00 00 00 00 00 00 3F 
3F 0F AC 00 00 00 06 01 BC 07 3F 3F 04 AC 00 00 
00 00 00 00 00 00 00 00 A8 0A 3F 3F 0B AC 00 00 
00 00 00 00 00 00 3F 3F 0F AC 00 00 00 06 01 BC 
07 3F 3F 04 AC 00 00 00 00 00 00 00 00 00 00 A8 
0A 3F 3F 0B AC 00 00 00 00 00 00 00 00 3F 3F 0F 
AC 00 00 00 06 01 BC 07 3F 3F 04 AC 00 00 00 00 
00 00 00 00 00 00 A8 0A 3F 3F 0B AC 00 00 00 00 
00 00 00 00 3F 3F 0F AC 00 00 00 06 01 BC 07 3F 
3F 04 AC 00 00 00 00 00 00 00 00 00 00 A8 0A 3F 
3F 0B AC 00 00 00 00 00 00 00 00 3F 3F 0F AC 00 
00 00 06 01 BC 07 3F 3F 04 AC 00 00 00 00 00 00 
00 00 00 00 A8 0A 3F 3F 0B AC 00 00 00 00 00 00 
00 00 3F 3F 0F AC 00 00 00 06 01 BC 07 3F 3F 04 
AC 00 00 00 00 00 00 00 00 00 00 A8 0A 3F 3F 0B 
AC 00 00 00 00 00 00 00 00 3F 3F 0F AC 00 00 00 
06 01 BC 07 3F 3F 04 AC 00 00 00 00 00 00 00 00 
00 00 A8 0A 3F 3F 0B AC 00 00 00 00 00 00 00 00 
3F 3F 0F AC 00 00 00 06 01 BC 07 3F 3F 04 AC 00 
00 00 00 00 00 00 00 00 00 A8 0A 3F 3F 0B AC 00 
00 00 00 00 00 00 00 3F 3F 0F AC 00 00 00 06 01 
BC 07 3F 3F 04 AC 00 00 00 00 00 00 00 00 00 00 
A8 0A 3F 3F 0B AC 00 00 00 00 00 00 00 00 3F 3F 
0F AC 00 00 00 06 01 BC 07 3F 3F 04 AC 00 00 00 
00 00 00 00 00 00 00 A8 0A 3F 3F 0B AC 00 00 00 
00 00 00 00 00 3F 3F 0F AC 00 00 00 06 01 BC 07 
3F 3F 04 AC 00 00 00 00 00 00 00 00 00 00 A8 0A 
3F 3F 0B AC 00 00 00 00 00 00 00 00 3F 3F 0F AC 
00 00 00 06 01 BC 07 3F 3F 04 AC 00 00 00 00 00 
00 00 00 00 00 A8 0A 3F 3F 0B AC 00 00 00 00 00 
00 00 00 3F 3F 0F AC 00 00 00 06 01 BC 07 3F 3F 
04 AC 00 00 00 00 00 00 00 00 00 00 A8 0A 3F 3F 
0B AC 00 00 00 00 00 00 00 00 3F 3F 0F AC 00 00 
00 06 01 BC 07 3F 3F 04 AC 00 00 00 00 00 00 00 
00 00 00 A8 0A 3F 3F 0B AC 00 00 00 00 00 00 00 
00 3F 3F 0F AC 00 00 00 06 01 BC 07 3F 3F 04 AC 
00 00 00 00 00 00 00 00 00 00 A8 0A 3F 3F 0B AC 
00 00 00 00 00 00 00 00 3F 3F 0F AC 00 00 00 06 
01 BC 07 3F 3F 04 AC 00 00 00 00 00 00 00 00 00 
00 A8 0A 3F 3F 0B AC 00 00 00 00 00 00 00 00 3F 
3F 0F AC 00 00 00 06 01 BC 07 3F 3F 04 AC 00 00 
00 00 00 00 00 00 00 00 A8 0A 3F 3F 0B AC 00 00 
00 00 00 00 00 00 3F 3F 0F AC 00 00 00 06 01 BC 
07 3F 3F 04 AC 00 00 00 00 00 00 00 00 00 00 A8 
0A 3F 3F 0B AC 00 00 00 00 00 00 00 00 3F 3F 0F 
AC 00 00 00 06 01 BC 07 3F 3F 04 AC 00 00 00 00 
00 00 00 00 00 00 A8 0A 3F 3F 0B AC 00 00 00 00 
00 00 00 00 3F 3F 0F AC 00 00 00 06 01 BC 07 3F 
3F 04 AC 00 00 00 00 00 00 00 00 00 00 A8 0A 3F 
3F 0B AC 00 00 00 00 00 00 00 00 3F 3F 0F AC 00 
00 00 06 01 BC 07 3F 3F 04 AC 00 00 00 00 00 00 
00 00 00 00 A8 0A 3F 3F 0B AC 00 00 00 00 00 00 
00 00 3F 3F 0F AC 00 00 00 06 01 BC 07 3F 3F 04 
AC 00 00 00 00 00 00 00 00 00 00 A8 0A 3F 3F 0B 
AC 00 00 00 00 00 00 00 00 3F 3F 0F AC 00 00 00 
06 01 BC 07 3F 3F 04 AC 00 00 00 00 00 00 00 00 
00 00 A8 0A 3F 3F 0B AC 00 00 00 00 00 00 00 00 
3F 3F 0F AC 00 00 00 06 01 BC 07 3F 3F 04 AC 00 
00 00 00 00 00 00 00 00 00 A8 0A 3F 3F 0B AC 00 
00 00 00 00 00 00 00 3F 3F 0F AC 00 00 00 06 01 
BC 07 3F 3F 04 AC 00 00 00 00 00 00 00 00 00 00 
A8 0A 3F 3F 0B AC 00 00 00 00 00 00 00 00 3F 3F 
0F AC 00 00 00 06 01 BC 07 3F 3F 04 AC 00 00 00 
00 00 00 00 00 00 00 A8 0A 3F 3F 0B AC 00 00 00 
00 00 00 00 00 3F 3F 0F AC 00 00 00 06 01 BC 07 
3F 3F 04 AC 00 00 00 00 00 00 00 00 00 00 A8 0A 
3F 3F 0B AC 00 00 00 00 00 00 00 00 3F 3F 0F AC 
00 00 00 06 01 BC 07 3F 3F 04 AC 00 00 00 00 00 
00 00 00 00 00 A8 0A 3F 3F 0B AC 00 00 00 00 00 
00 00 00 3F 3F 0F AC 00 00 00 06 01 BC 07 3F 3F 
04 AC 00 00 00 00 00 00 00 00 00 00 A8 0A 3F 3F 
0B AC 00 00 00 00 00 00 00 00 3F 3F 0F AC 00 00 
00 06 01 BC 07 3F 3F 04 AC 00 00 00 00 00 00 00 
00 00 00 A8 0A 3F 3F 0B AC 00 00 00 00 00 00 00 
00 3F 3F 0F AC 00 00 00 06 01 BC 07 3F 3F 04 AC 
00 00 00 00 00 00 00 00 00 00 A8 0A 3F 3F 0B AC 
00 00 00 00 00 00 00 00 3F 3F 0F AC 00 00 00 06 
01 BC 07 3F 3F 04 AC 00 00 00 00 00 00 00 00 00 
00 A8 0A 3F 3F 0B AC 00 00 00 00 00 00 00 00 3F 
3F 0F AC 00 00 00 06 01 BC 07 3F 3F 04 AC 00 00 
00 00 00 00 00 00 00 00 A8 0A 3F 3F 0B AC 00 00 
00 00 00 00 00 00 3F 3F 0F AC 00 00 00 06 01 BC 
07 3F 3F 04 AC 00 00 00 00 00 00 00 00 00 00 A8 
0A 3F 3F 0B AC 00 00 00 00 00 00 00 00 3F 3F 0F 
AC 00 00 00 06 01 BC 07 3F 3F 04 AC 00 00 00 00 
00 00 00 00 00 00 A8 0A 3F 3F 0B AC 00 00 00 00 
00 00 00 00 3F 3F 0F AC 00 00 00 06 01 BC 07 3F 
3F 04 AC 00 00 00 00 00 00 00 00 00 00 A8 0A 3F 
3F 0B AC 00 00 00 00 00 00 00 00 3F 3F 0F AC 00 
00 00 06 01 BC 07 3F 3F 04 AC 00 00 00 00 00 00 
00 00 00 00 A8 0A 3F 3F 0B AC 00 00 00 00 00 00 
00 00 3F 3F 0F AC 00 00 00 06 01 BC 07 3F 3F 04 
AC 00 00 00 00 00 00 00 00 00 00 A8 0A 3F 3F 0B 
AC 00 00 00 00 00 00 00 00 3F 3F 0F AC 00 00 00 
06 01 BC 07 3F 3F 04 AC 00 00 00 00 00 00 00 00 
00 00 A8 0A 3F 3F 0B AC 00 00 00 00 00 00 00 00 
3F 3F 0F AC 00 00 00 06 01 BC 07 3F 3F 04 AC 00 
00 00 00 00 00 00 00 00 00 A8 0A 3F 3F 0B AC 00 
00 00 00 00 00 00 00 3F 3F 0F AC 00 00 00 06 01 
BC 07 3F 3F 04 AC 00 00 00 00 00 00 00 00 00 00 
A8 0A 3F 3F 0B AC 00 00 00 00 00 00 00 00 3F 3F 
0F AC 00 00 00 06 01 BC 07 3F 3F 04 AC 00 00 00 
00 00 00 00 00 00 00 A8 0A 3F 3F 0B AC 00 00 00 
00 00 00 00 00 3F 3F 0F AC 00 00 00 06 01 BC 07 
3F 3F 04 AC 00 00 00 00 00 00 00 00 00 00 A8 0A 
3F 3F 0B AC 00 00 00 00 00 00 00 00 
-----------------------------------------------
Date: 01-10-2017 - 16:12:28
End log file
