Terminal log file
Date: 28-08-2017 - 23:26:10
-----------------------------------------------
00 00 00 00 3F 3F 04 AC 00 00 00 00 00 00 00 00 
00 00 00 00 00 00 00 00 A8 0A 3F 3F 05 AC 3F 3F 
0A AC 00 00 00 00 00 00 00 00 00 00 00 00 A6 0A 
3F 3F 0B AC 00 00 00 00 00 00 00 00 A7 0A 3F 3F 
0E AC 00 00 00 00 00 00 00 00 00 00 00 00 00 00 
00 00 A2 0A 3F 3F 0F AC 00 00 00 06 01 BC 07 1F 
0A 00 A7 0A 3F 3F 0E AC 00 00 00 00 00 00 00 00 
00 00 00 00 00 00 00 00 A2 0A 3F 3F 0F AC 00 00 
00 06 01 BC 07 1F 0A 00 08 AC 01 02 03 04 05 06 
07 08 09 0A 0B 0C 00 00 00 00 55 55 55 00 00 00 
0B 34 C2 0A 00 00 00 00 3F 3F 04 AC 00 00 00 00 
00 00 00 00 00 00 00 00 00 00 00 00 3F 3F 0A AC 
00 00 00 00 00 00 00 00 00 00 00 00 A6 0A 3F 3F 
0B AC 00 00 00 00 00 00 00 00 A7 0A 3F 3F 0E AC 
00 00 00 00 00 00 00 00 00 00 00 00 00 00 00 00 
A2 0A 3F 3F 0F AC 00 00 00 06 01 BC 07 1F 0A 00 
00 00 00 00 00 00 A7 0A 3F 3F 0E AC 00 00 00 00 
00 00 00 00 00 00 00 00 00 00 00 00 A2 0A 3F 3F 
0F AC 00 00 00 06 01 BC 07 1F 0A 00 08 AC 01 02 
03 04 05 06 07 08 09 0A 0B 0C 00 00 00 00 55 55 
55 00 00 00 0B 34 C2 0A 00 00 00 00 3F 3F 04 AC 
00 00 00 00 00 00 00 00 00 00 00 00 00 00 00 00 
3F 3F 0A AC 00 00 00 00 00 00 00 00 00 00 00 00 
A6 0A 3F 3F 0B AC 00 00 00 00 00 00 00 00 A7 0A 
3F 3F 0E AC 00 00 00 00 00 00 00 00 00 00 00 00 
00 00 00 00 A2 0A 3F 3F 0F AC 00 00 00 06 01 BC 
07 1F 0A 00 00 00 00 00 00 00 A7 0A 3F 3F 0E AC 
00 00 00 00 00 00 00 00 00 00 00 00 00 00 00 00 
A2 0A 3F 3F 0F AC 00 00 00 06 01 BC 07 1F 0A 00 
08 AC 01 02 03 04 05 06 07 08 09 0A 0B 0C 00 00 
00 00 55 55 55 00 00 00 0B 35 C3 0A 00 00 00 00 
3F 3F 04 AC 00 00 00 00 00 00 00 00 00 00 00 00 
00 00 00 00 A8 0A AA 0A 3F 3F 08 AC 01 02 03 04 
05 06 07 08 09 0A 0B 0C 00 00 00 00 55 55 55 00 
00 00 0B 35 C3 0A 3F 3F 0A AC 00 00 00 00 00 00 
00 00 00 00 00 00 A6 0A 3F 3F 0B AC 00 00 00 00 
00 00 00 00 A7 0A 3F 3F 0E AC 00 00 00 00 00 00 
00 00 00 00 00 00 00 00 00 00 A2 0A 3F 3F 0F AC 
00 00 00 06 01 BC 07 1F 0A 00 00 00 0B 35 C3 0A 
3F 3F 0A AC 00 00 00 00 00 00 00 00 00 00 00 00 
A6 0A 3F 3F 0B AC 00 00 00 00 00 00 00 00 A7 0A 
00 00 00 00 3F 3F 04 AC 00 00 00 00 00 00 00 00 
00 00 00 00 00 00 00 AA 0A 3F 3F 08 AC 01 02 03 
04 05 06 07 08 09 0A 0B 0C 00 00 00 00 55 55 55 
00 00 00 0B 35 C3 0A 3F 3F 0A AC 00 00 00 00 00 
00 00 00 00 00 00 00 A6 0A 3F 3F 0B AC 00 00 00 
00 00 00 00 00 A7 0A 3F 3F 0E AC 00 00 00 00 00 
00 00 00 00 00 00 00 00 00 00 00 A2 0A 3F 3F 0F 
AC 00 00 00 06 01 BC 07 1F 0A 00 55 55 00 00 00 
0B 35 C3 0A 3F 3F 0A AC 00 00 00 00 00 00 00 00 
00 00 00 00 A6 0A 3F 3F 0B AC 00 00 00 00 00 00 
00 00 A7 0A 00 00 00 00 3F 3F 04 AC 00 00 00 00 
00 00 00 00 00 00 00 00 00 00 00 00 A8 00 00 00 
00 00 00 00 00 00 00 00 00 00 00 A9 0A 3F 3F 06 
AC 00 00 00 00 00 00 07 1F 0A 00 00 00 00 00 00 
00 AA 0A 3F 3F 08 AC 01 02 03 04 05 06 07 08 09 
0A 0B 0C 00 00 00 00 55 55 55 00 00 00 0B 34 C2 
0A 3F 3F 0A AC 00 00 00 00 00 00 00 00 00 00 00 
00 A6 0A 3F 3F 0B AC 00 00 00 00 00 00 00 00 A7 
0A 3F 3F 0E AC 00 00 00 00 00 00 00 00 00 00 00 
00 00 00 00 00 A2 0A 3F 3F 0F AC 00 00 00 06 01 
BC 00 00 00 00 00 00 00 00 00 00 00 3F 3F 04 AC 
00 00 00 00 00 00 00 00 00 00 00 00 00 00 00 00 
00 00 00 00 00 00 00 00 00 00 00 00 00 A9 0A 3F 
3F 06 AC 00 00 00 00 00 00 00 00 00 3F 3F 0E AC 
00 00 00 00 00 00 00 00 00 00 00 00 00 00 00 00 
A2 0A 3F 3F 0F AC 00 00 00 06 01 BC 07 1F 0A 00 
06 01 BC 07 1F 0A 00 08 AC 01 02 03 04 05 06 07 
08 09 0A 0B 0C 00 00 00 00 55 55 55 00 00 00 0B 
34 C2 0A 3F 3F 0A AC 00 00 00 00 00 00 00 00 00 
00 00 00 A6 0A 3F 3F 0B AC 00 00 00 00 00 00 00 
00 A7 0A 3F 0F AC 00 00 00 06 01 BC 00 00 00 00 
3F 3F 04 AC 00 00 00 00 00 00 00 00 00 00 00 00 
00 00 00 00 A8 0A 3F 3F 05 AC 3F 3F 0A AC 00 00 
00 00 00 00 00 00 00 00 00 00 A6 0A 3F 3F 0B AC 
00 00 00 00 00 00 00 00 A7 0A 3F 3F 0E AC 00 00 
00 00 00 00 00 00 00 00 00 00 00 00 00 00 A2 0A 
3F 3F 0F AC 00 00 00 06 01 BC 07 1F 0A 00 A7 0A 
3F 3F 0E AC 00 00 00 00 00 00 00 00 00 00 00 00 
00 00 00 00 A2 0A 3F 3F 0F AC 00 00 00 06 01 BC 
07 1F 0A 00 08 AC 01 02 03 04 05 06 07 08 09 0A 
0B 0C 00 00 00 00 55 55 55 00 00 00 0B 34 C2 0A 
00 00 00 00 3F 3F 04 AC 00 00 00 00 00 00 00 00 
00 00 00 00 00 00 00 00 A8 0A 3F 3F 0A AC 00 00 
00 00 00 00 00 00 00 00 00 00 A6 0A 3F 3F 0B AC 
00 00 00 00 00 00 00 00 A7 0A 3F 3F 0E AC 00 00 
00 00 00 00 00 00 00 00 00 00 00 00 00 00 A2 0A 
3F 3F 0F AC 00 00 00 06 01 BC 07 1F 0A 00 00 00 
00 00 A7 0A 3F 3F 0E AC 00 00 00 00 00 00 00 00 
00 00 00 00 00 00 00 00 A2 0A 3F 3F 0F AC 00 00 
00 06 01 BC 07 1F 0A 00 08 AC 01 02 03 04 05 06 
07 08 09 0A 0B 0C 00 00 00 00 55 55 55 00 00 00 
0B 35 C3 0A 00 00 00 00 3F 3F 04 AC 00 00 00 00 
00 00 00 00 00 00 00 00 00 00 00 00 3F 3F 0A AC 
00 00 00 00 00 00 00 00 00 00 00 00 A6 0A 3F 3F 
0B AC 00 00 00 00 00 00 00 00 A7 0A 3F 3F 0E AC 
00 00 00 00 00 00 00 00 00 00 00 00 00 00 00 00 
A2 0A 3F 3F 0F AC 00 00 00 06 01 BC 07 1F 0A 00 
00 00 00 00 00 00 A7 0A 3F 3F 0E AC 00 00 00 00 
00 00 00 00 00 00 00 00 00 00 00 00 A2 0A 3F 3F 
0F AC 00 00 00 06 01 BC 07 1F 0A 00 08 AC 01 02 
03 04 05 06 07 08 09 0A 0B 0C 00 00 00 00 55 55 
55 00 00 00 0B 35 C3 0A 00 00 00 00 3F 3F 04 AC 
00 00 00 00 00 00 00 00 00 00 00 00 00 00 00 00 
A8 0A 3F AA 0A 3F 3F 08 AC 01 02 03 04 05 06 07 
08 09 0A 0B 0C 00 00 00 00 55 55 55 00 00 00 0B 
35 C3 0A 3F 3F 0A AC 00 00 00 00 00 00 00 00 00 
00 00 00 A6 0A 3F 3F 0B AC 00 00 00 00 00 00 00 
00 A7 0A 3F 3F 0E AC 00 00 00 00 00 00 00 00 00 
00 00 00 00 00 00 00 A2 0A 3F 3F 0F AC 00 00 00 
06 01 BC 07 1F 0A 00 00 0B 35 C3 0A 3F 3F 0A AC 
00 00 00 00 00 00 00 00 00 00 00 00 A6 0A 3F 3F 
0B AC 00 00 00 00 00 00 00 00 A7 0A 00 00 00 00 
3F 3F 04 AC 00 00 00 00 00 00 00 00 00 00 00 00 
00 00 00 00 A8 0A 3F 3F 05 AC AA 0A 3F 3F 08 AC 
01 02 03 04 05 06 07 08 09 0A 0B 0C 00 00 00 00 
55 55 55 00 00 00 0B 34 C2 0A 3F 3F 0A AC 00 00 
00 00 00 00 00 00 00 00 00 00 A6 0A 3F 3F 0B AC 
00 00 00 00 00 00 00 00 A7 0A 3F 3F 0E AC 00 00 
00 00 00 00 00 00 00 00 00 00 00 00 00 00 A2 0A 
3F 3F 0F AC 00 00 00 06 01 BC 07 1F 0A 00 C2 0A 
3F 3F 0A AC 00 00 00 00 00 00 00 00 00 00 00 00 
A6 0A 3F 3F 0B AC 00 00 00 00 00 00 00 00 A7 0A 
00 00 00 00 3F 3F 04 AC 00 00 00 00 00 00 00 00 
00 00 00 00 00 00 00 00 A8 0A 3F 00 00 00 00 00 
00 00 00 00 00 00 00 00 00 A9 0A 3F 3F 06 AC 00 
00 00 00 00 00 00 00 00 3F 3F 0E AC 00 00 00 00 
00 00 00 00 00 00 00 00 00 00 00 00 A2 0A 3F 3F 
0F AC 00 00 00 06 01 BC 07 1F 0A 00 06 01 BC 07 
1F 0A 00 08 AC 01 02 03 04 05 06 07 08 09 0A 0B 
0C 00 00 00 00 55 55 55 00 00 00 0B 34 C2 0A 3F 
3F 0A AC 00 00 00 00 00 00 00 00 00 00 00 00 A6 
0A 3F 3F 0B AC 00 00 00 00 00 00 00 00 A7 0A 00 
00 06 01 BC 00 00 00 00 3F 3F 04 AC 00 00 00 00 
00 00 00 00 00 00 00 00 00 00 00 00 00 00 00 00 
00 00 00 00 00 00 00 00 A9 0A 3F 3F 06 AC 00 00 
00 00 00 00 00 00 00 3F 3F 0E AC 00 00 00 00 00 
00 00 00 00 00 00 00 00 00 00 00 A2 0A 3F 3F 0F 
AC 00 00 00 06 01 BC 07 1F 0A 00 06 01 BC 07 1F 
0A 00 08 AC 01 02 03 04 05 06 07 08 09 0A 0B 0C 
00 00 00 00 55 55 55 00 00 00 0B 34 C2 0A 3F 3F 
0A AC 00 00 00 00 00 00 00 00 00 00 00 00 A6 0A 
3F 3F 0B AC 00 00 00 00 00 00 00 00 A7 0A 3F 3F 
0F AC 00 00 00 06 01 BC 00 00 00 00 3F 3F 04 AC 
00 00 00 00 00 00 00 00 00 00 00 00 00 00 00 00 
3F 3F 0A AC 00 00 00 00 00 00 00 00 00 00 00 00 
A6 0A 3F 3F 0B AC 00 00 00 00 00 00 00 00 A7 0A 
3F 3F 0E AC 00 00 00 00 00 00 00 00 00 00 00 00 
00 00 00 00 A2 0A 3F 3F 0F AC 00 00 00 06 01 BC 
07 1F 0A 00 00 00 00 00 00 00 A7 0A 3F 3F 0E AC 
00 00 00 00 00 00 00 00 00 00 00 00 00 00 00 00 
A2 0A 3F 3F 0F AC 00 00 00 06 01 BC 07 1F 0A 00 
08 AC 01 02 03 04 05 06 07 08 09 0A 0B 0C 00 00 
00 00 55 55 55 00 00 00 0B 35 C3 0A 00 00 00 00 
3F 3F 04 AC 00 00 00 00 00 00 00 00 00 00 00 00 
00 00 00 00 3F 3F 0A AC 00 00 00 00 00 00 00 00 
00 00 00 00 A6 0A 3F 3F 0B AC 00 00 00 00 00 00 
00 00 A7 0A 3F 3F 0E AC 00 00 00 00 00 00 00 00 
00 00 00 00 00 00 00 00 A2 0A 3F 3F 0F AC 00 00 
00 06 01 BC 07 1F 0A 00 00 00 00 00 00 00 A7 0A 
3F 3F 0E AC 00 00 00 00 00 00 00 00 00 00 00 00 
00 00 00 00 A2 0A 3F 3F 0F AC 00 00 00 06 01 BC 
07 1F 0A 00 08 AC 01 02 03 04 05 06 07 08 09 0A 
0B 0C 00 00 00 00 55 55 55 00 00 00 0B 35 C3 0A 
00 00 00 00 3F 3F 04 AC 00 00 00 00 00 00 00 00 
00 00 00 00 00 00 3F 3F 0A AC 00 00 00 00 00 00 
00 00 00 00 00 00 A6 0A 3F 3F 0B AC 00 00 00 00 
00 00 00 00 A7 0A 3F 3F 0E AC 00 00 00 00 00 00 
00 00 00 00 00 00 00 00 00 00 A2 0A 3F 3F 0F AC 
00 00 00 06 01 BC 07 1F 0A 00 00 00 00 00 00 00 
00 00 A7 0A 3F 3F 0E AC 00 00 00 00 00 00 00 00 
00 00 00 00 00 00 00 00 A2 0A 3F 3F 0F AC 00 00 
00 06 01 BC 07 1F 0A 00 08 AC 0D 0E 0F 10 11 12 
13 14 15 16 17 18 00 00 00 00 55 55 55 00 00 00 
0B 35 DB 0A 00 00 00 00 3F 3F 04 AC 00 00 00 00 
00 00 00 00 00 00 00 00 00 00 00 00 AA 0A 3F 3F 
08 AC 0D 0E 0F 10 11 12 13 14 15 16 17 18 00 00 
00 00 55 55 55 00 00 00 0B 34 DA 0A 3F 3F 0A AC 
00 00 00 00 00 00 00 00 00 00 00 00 A6 0A 3F 3F 
0B AC 00 00 00 00 00 00 00 00 A7 0A 3F 3F 0E AC 
00 00 00 00 00 00 00 00 00 00 00 00 00 00 00 00 
A2 0A 3F 3F 0F AC 00 00 00 06 01 BC 07 1F 0A 00 
55 00 00 00 0B 34 DA 0A 3F 3F 0A AC 00 00 00 00 
00 00 00 00 00 00 00 00 A6 0A 3F 3F 0B AC 00 00 
00 00 00 00 00 00 A7 0A 00 00 00 00 3F 3F 04 AC 
00 00 00 00 00 00 00 00 00 00 00 00 00 00 00 00 
A8 0A 3F 3F AA 0A 3F 3F 08 AC 0D 0E 0F 10 11 12 
13 14 15 16 17 18 00 00 00 00 55 55 55 00 00 00 
0B 34 DA 0A 3F 3F 0A AC 00 00 00 00 00 00 00 00 
00 00 00 00 A6 0A 3F 3F 0B AC 00 00 00 00 00 00 
00 00 A7 0A 3F 3F 0E AC 00 00 00 00 00 00 00 00 
00 00 00 00 00 00 00 00 A2 0A 3F 3F 0F AC 00 00 
00 06 01 BC 07 1F 0A 00 0B 34 DA 0A 3F 3F 0A AC 
00 00 00 00 00 00 00 00 00 00 00 00 A6 0A 3F 3F 
0B AC 00 00 00 00 00 00 00 00 A7 0A 00 00 00 00 
3F 3F 04 AC 00 00 00 00 00 00 00 00 00 00 00 00 
00 00 00 00 A8 0A 3F 3F 00 00 00 00 00 00 00 00 
00 00 00 00 00 00 A9 0A 3F 3F 06 AC 00 00 00 00 
00 00 00 00 00 00 3F 3F 0E AC 00 00 00 00 00 00 
00 00 00 00 00 00 00 00 00 00 A2 0A 3F 3F 0F AC 
00 00 00 06 01 BC 07 1F 0A 00 01 BC 07 1F 0A 00 
08 AC 0D 0E 0F 10 11 12 13 14 15 16 17 18 00 00 
00 00 55 55 55 00 00 00 0B 34 DA 0A 3F 3F 0A AC 
00 00 00 00 00 00 00 00 00 00 00 00 A6 0A 3F 3F 
0B AC 00 00 00 00 00 00 00 00 A7 0A 00 06 01 BC 
00 00 00 00 3F 3F 04 AC 00 00 00 00 00 00 00 00 
00 00 00 00 00 00 00 00 00 00 00 00 00 00 00 00 
00 00 A9 0A 3F 3F 06 AC 00 00 00 00 00 00 00 00 
3F 3F 0E AC 00 00 00 00 00 00 00 00 00 00 00 00 
00 00 00 00 A2 0A 3F 3F 0F AC 00 00 00 06 01 BC 
07 1F 0A 00 00 06 01 BC 07 1F 0A 00 08 AC 0D 0E 
0F 10 11 12 13 14 15 16 17 18 00 00 00 00 55 55 
55 00 00 00 0B 35 DB 0A 3F 3F 0A AC 00 00 00 00 
00 00 00 00 00 00 00 00 A6 0A 3F 3F 0B AC 00 00 
00 00 00 00 00 00 A7 0A A2 0A 3F 3F 0F AC 00 00 
00 06 01 BC 00 00 00 00 3F 3F 04 AC 00 00 00 00 
00 00 00 00 00 00 00 00 00 00 00 00 A8 0A 3F 3F 
05 3F 3F 0A AC 00 00 00 00 00 00 00 00 00 00 00 
00 A6 0A 3F 3F 0B AC 00 00 00 00 00 00 00 00 A7 
0A 3F 3F 0E AC 00 00 00 00 00 00 00 00 00 00 00 
00 00 00 00 00 A2 0A 3F 3F 0F AC 00 00 00 06 01 
BC 07 1F 0A 00 00 A7 0A 3F 3F 0E AC 00 00 00 00 
00 00 00 00 00 00 00 00 00 00 00 00 A2 0A 3F 3F 
0F AC 00 00 00 06 01 BC 07 1F 0A 00 08 AC 0D 0E 
0F 10 11 12 13 14 15 16 17 18 00 00 00 00 55 55 
55 00 00 00 0B 35 DB 0A 00 00 00 00 3F 3F 04 AC 
00 00 00 00 00 00 00 00 00 00 00 00 00 00 00 00 
A8 0A 3F 3F 05 AC 3F 3F 0A AC 00 00 00 00 00 00 
00 00 00 00 00 00 A6 0A 3F 3F 0B AC 00 00 00 00 
00 00 00 00 A7 0A 3F 3F 0E AC 00 00 00 00 00 00 
00 00 00 00 00 00 00 00 00 00 A2 0A 3F 3F 0F AC 
00 00 00 06 01 BC 07 1F 0A 00 A7 0A 3F 3F 0E AC 
00 00 00 00 00 00 00 00 00 00 00 00 00 00 00 00 
A2 0A 3F 3F 0F AC 00 00 00 06 01 BC 07 1F 0A 00 
08 AC 0D 0E 0F 10 11 12 13 14 15 16 17 18 00 00 
00 00 55 55 55 00 00 00 0B 35 DB 0A 00 00 00 00 
3F 3F 04 AC 00 00 00 00 00 00 00 00 00 00 00 00 
00 00 00 00 A8 0A 3F 3F 3F 0A AC 00 00 00 00 00 
00 00 00 00 00 00 00 A6 0A 3F 3F 0B AC 00 00 00 
00 00 00 00 00 A7 0A 3F 3F 0E AC 00 00 00 00 00 
00 00 00 00 00 00 00 00 00 00 00 A2 0A 3F 3F 0F 
AC 00 00 00 06 01 BC 07 1F 0A 00 00 00 00 A7 0A 
3F 3F 0E AC 00 00 00 00 00 00 00 00 00 00 00 00 
00 00 00 00 A2 0A 3F 3F 0F AC 00 00 00 06 01 BC 
07 1F 0A 00 08 AC 0D 0E 0F 10 11 12 13 14 15 16 
17 18 00 00 00 00 55 55 55 00 00 00 0B 34 DA 0A 
00 00 00 00 3F 3F 04 AC 00 00 00 00 00 00 00 00 
00 00 00 00 00 00 00 00 A8 0A 3F AA 0A 3F 3F 08 
AC 0D 0E 0F 10 11 12 13 14 15 16 17 18 00 00 00 
00 55 55 55 00 00 00 0B 34 DA 0A 3F 3F 0A AC 00 
00 00 00 00 00 00 00 00 00 00 00 A6 0A 3F 3F 0B 
AC 00 00 00 00 00 00 00 00 A7 0A 3F 3F 0E AC 00 
00 00 00 00 00 00 00 00 00 00 00 00 00 00 00 A2 
0A 3F 3F 0F AC 00 00 00 06 01 BC 07 1F 0A 00 00 
0B 34 DA 0A 3F 3F 0A AC 00 00 00 00 00 00 00 00 
00 00 00 00 A6 0A 3F 3F 0B AC 00 00 00 00 00 00 
00 00 A7 0A 00 00 00 00 3F 3F 04 AC 00 00 00 00 
00 00 00 00 00 00 00 00 00 00 00 00 A8 0A 3F AA 
0A 3F 3F 08 AC 0D 0E 0F 10 11 12 13 14 15 16 17 
18 00 00 00 00 55 55 55 00 00 00 0B 34 DA 0A 07 
1F 0A 00 3F 3F 0A AC 00 00 00 00 00 00 00 00 00 
00 00 00 A6 0A 3F 3F 0B AC 00 00 00 00 00 00 00 
00 A7 0A 3F 3F 0E AC 00 00 00 00 00 00 00 00 00 
00 00 00 00 00 00 00 A2 0A 3F 3F 0F AC 00 00 00 
06 01 BC 00 0B 34 DA 0A 3F 3F 0A AC 00 00 00 00 
00 00 00 00 00 00 00 00 A6 0A 3F 3F 0B AC 00 00 
00 00 00 00 00 00 A7 0A 00 00 00 00 3F 3F 04 AC 
00 00 00 00 00 00 00 00 00 00 00 00 00 00 00 00 
00 00 00 00 00 00 00 00 00 00 00 00 00 A9 0A 3F 
3F 06 AC 00 00 00 00 00 00 3F 3F 0E AC 00 00 00 
00 00 00 00 00 00 00 00 00 00 00 00 00 A2 0A 3F 
3F 0F AC 00 00 00 06 01 BC 07 1F 0A 00 00 00 00 
06 01 BC 07 1F 0A 00 08 AC 0D 0E 0F 10 11 12 13 
14 15 16 17 18 00 00 00 00 55 55 55 00 00 00 0B 
35 DB 0A 3F 3F 0A AC 00 00 00 00 00 00 00 00 00 
00 00 00 A6 0A 3F 3F 0B AC 00 00 00 00 00 00 00 
00 A7 0A 3F 0F AC 00 00 00 06 01 BC 00 00 00 00 
3F 3F 04 AC 00 00 00 00 00 00 00 00 00 00 00 00 
00 00 00 00 00 00 00 00 00 00 00 00 00 00 00 00 
00 A9 0A 3F 3F 06 AC 00 00 00 00 00 00 00 00 00 
3F 3F 0E AC 00 00 00 00 00 00 00 00 00 00 00 00 
00 00 00 00 A2 0A 3F 3F 0F AC 00 00 00 06 01 BC 
07 1F 0A 00 06 01 BC 07 1F 0A 00 08 AC 0D 0E 0F 
10 11 12 13 14 15 16 17 18 00 00 00 00 55 55 55 
00 00 00 0B 35 DB 0A 3F 3F 0A AC 00 00 00 00 00 
00 00 00 00 00 00 00 A6 0A 3F 3F 0B AC 00 00 00 
00 00 00 00 00 A7 0A 3F 0F AC 00 00 00 06 01 BC 
00 00 00 00 3F 3F 04 AC 00 00 00 00 00 00 00 00 
00 00 00 00 00 00 00 00 A8 00 00 00 00 00 00 00 
00 00 00 00 00 00 00 A9 0A 3F 3F 06 AC 00 00 00 
00 00 00 00 00 00 3F 3F 0E AC 00 00 00 00 00 00 
00 00 00 00 00 00 00 00 00 00 A2 0A 3F 3F 0F AC 
00 00 00 06 01 BC 07 1F 0A 00 06 01 BC 07 1F 0A 
00 08 AC 0D 0E 0F 10 11 12 13 14 15 16 17 18 00 
00 00 00 55 55 55 00 00 00 0B 35 DB 0A 3F 3F 0A 
AC 00 00 00 00 00 00 00 00 00 00 00 00 A6 0A 3F 
3F 0B AC 00 00 00 00 00 00 00 00 A7 0A AC 00 00 
00 06 01 BC 00 00 00 00 3F 3F 04 AC 00 00 00 00 
00 00 00 00 00 00 00 00 00 00 00 00 A8 0A 3F 3F 
3F 0A AC 00 00 00 00 00 00 00 00 00 00 00 00 A6 
0A 3F 3F 0B AC 00 00 00 00 00 00 00 00 A7 0A 3F 
3F 0E AC 00 00 00 00 00 00 00 00 00 00 00 00 00 
00 00 00 A2 0A 3F 3F 0F AC 00 00 00 06 01 BC 07 
1F 0A 00 00 00 00 A7 0A 3F 3F 0E AC 00 00 00 00 
00 00 00 00 00 00 00 00 00 00 00 00 A2 0A 3F 3F 
0F AC 00 00 00 06 01 BC 07 1F 0A 00 08 AC 0D 0E 
0F 10 11 12 13 14 15 16 17 18 00 00 00 00 55 55 
55 00 00 00 0B 34 DA 0A 00 00 00 00 3F 3F 04 AC 
00 00 00 00 00 00 00 00 00 00 00 00 00 00 00 00 
A8 0A 3F 3F 3F 3F 0A AC 00 00 00 00 00 00 00 00 
00 00 00 00 A6 0A 3F 3F 0B AC 00 00 00 00 00 00 
00 00 A7 0A 3F 3F 0E AC 00 00 00 00 00 00 00 00 
00 00 00 00 00 00 00 00 A2 0A 3F 3F 0F AC 00 00 
00 06 01 BC 07 1F 0A 00 00 00 A7 0A 3F 3F 0E AC 
00 00 00 00 00 00 00 00 00 00 00 00 00 00 00 00 
A2 0A 3F 3F 0F AC 00 00 00 06 01 BC 07 1F 0A 00 
08 AC 0D 0E 0F 10 11 12 13 14 15 16 17 18 00 00 
00 00 55 55 55 00 00 00 0B 34 DA 0A 00 00 00 00 
3F 3F 04 AC 00 00 00 00 00 00 00 00 00 00 00 00 
00 00 00 00 A8 AA 0A 3F 3F 08 AC 0D 0E 0F 10 11 
12 13 14 15 16 17 18 00 00 00 00 55 55 55 00 00 
00 0B 34 DA 0A 3F 3F 0A AC 00 00 00 00 00 00 00 
00 00 00 00 00 A6 0A 3F 3F 0B AC 00 00 00 00 00 
00 00 00 A7 0A 3F 3F 0E AC 00 00 00 00 00 00 00 
00 00 00 00 00 00 00 00 00 A2 0A 3F 3F 0F AC 00 
00 00 06 01 BC 07 1F 0A 00 00 00 00 0B 34 DA 0A 
3F 3F 0A AC 00 00 00 00 00 00 00 00 00 00 00 00 
A6 0A 3F 3F 0B AC 00 00 00 00 00 00 00 00 A7 0A 
00 00 00 00 3F 3F 04 AC 00 00 00 00 00 00 00 00 
00 00 00 00 00 00 00 00 A8 AA 0A 3F 3F 08 AC 0D 
0E 0F 10 11 12 13 14 15 16 17 18 00 00 00 00 55 
55 55 00 00 00 0B 35 DB 0A 3F 3F 0A AC 00 00 00 
00 00 00 00 00 00 00 00 00 A6 0A 3F 3F 0B AC 00 
00 00 00 00 00 00 00 A7 0A 3F 3F 0E AC 00 00 00 
00 00 00 00 00 00 00 00 00 00 00 00 00 A2 0A 3F 
3F 0F AC 00 00 00 06 01 BC 07 1F 0A 00 00 00 00 
0B 35 DB 0A 3F 3F 0A AC 00 00 00 00 00 00 00 00 
00 00 00 00 A6 0A 3F 3F 0B AC 00 00 00 00 00 00 
00 00 A7 0A 00 00 00 00 3F 3F 04 AC 00 00 00 00 
00 00 00 00 00 00 00 00 00 00 00 00 A8 00 00 00 
00 00 00 00 00 00 00 00 00 00 00 A9 0A 3F 3F 06 
AC 00 00 00 00 00 00 00 00 07 1F 0A 00 00 00 00 
00 AA 0A 3F 3F 08 AC 19 1A 1B 1C 1D 1E 1F 20 01 
02 03 04 00 00 00 00 55 55 55 00 00 00 0B 35 F3 
0A 3F 3F 0A AC 00 00 00 00 00 00 00 00 00 00 00 
00 A6 0A 3F 3F 0B AC 00 00 00 00 00 00 00 00 A7 
0A 3F 3F 0E AC 00 00 00 00 00 00 00 00 00 00 00 
00 00 00 00 00 A2 0A 3F 3F 0F AC 00 00 00 06 01 
BC 00 00 00 00 00 00 00 00 00 00 00 3F 3F 04 AC 
00 00 00 00 00 00 00 00 00 00 00 00 00 00 00 00 
00 00 00 00 00 00 00 00 00 00 00 00 00 A9 0A 3F 
3F 06 AC 00 00 00 00 00 00 3F 3F 0E AC 00 00 00 
00 00 00 00 00 00 00 00 00 00 00 00 00 A2 0A 3F 
3F 0F AC 00 00 00 06 01 BC 07 1F 0A 00 00 00 00 
06 01 BC 07 1F 0A 00 08 AC 19 1A 1B 1C 1D 1E 1F 
20 01 02 03 04 00 00 00 00 55 55 55 00 00 00 0B 
35 F3 0A 3F 3F 0A AC 00 00 00 00 00 00 00 00 00 
00 00 00 A6 0A 3F 3F 0B AC 00 00 00 00 00 00 00 
00 A7 0A 3F 0F AC 00 00 00 06 01 BC 00 00 00 00 
3F 3F 04 AC 00 00 00 00 00 00 00 00 00 00 00 00 
00 00 00 3F 3F 0A AC 00 00 00 00 00 00 00 00 00 
00 00 00 A6 0A 3F 3F 0B AC 00 00 00 00 00 00 00 
00 A7 0A 3F 3F 0E AC 00 00 00 00 00 00 00 00 00 
00 00 00 00 00 00 00 A2 0A 3F 3F 0F AC 00 00 00 
06 01 BC 07 1F 0A 00 00 00 00 00 00 00 00 A7 0A 
3F 3F 0E AC 00 00 00 00 00 00 00 00 00 00 00 00 
00 00 00 00 A2 0A 3F 3F 0F AC 00 00 00 06 01 BC 
07 1F 0A 00 08 AC 19 1A 1B 1C 1D 1E 1F 20 01 02 
03 04 00 00 00 00 55 55 55 00 00 00 0B 34 F2 0A 
00 00 00 00 3F 3F 04 AC 00 00 00 00 00 00 00 00 
00 00 00 00 00 00 00 00 A8 0A 3F 3F 05 AC 3F 3F 
0A AC 00 00 00 00 00 00 00 00 00 00 00 00 A6 0A 
3F 3F 0B AC 00 00 00 00 00 00 00 00 A7 0A 3F 3F 
0E AC 00 00 00 00 00 00 00 00 00 00 00 00 00 00 
00 00 A2 0A 3F 3F 0F AC 00 00 00 06 01 BC 07 1F 
0A 00 A7 0A 3F 3F 0E AC 00 00 00 00 00 00 00 00 
00 00 00 00 00 00 00 00 A2 0A 3F 3F 0F AC 00 00 
00 06 01 BC 07 1F 0A 00 08 AC 19 1A 1B 1C 1D 1E 
1F 20 01 02 03 04 00 00 00 00 55 55 55 00 00 00 
0B 34 F2 0A 00 00 00 00 3F 3F 04 AC 00 00 00 00 
00 00 00 00 00 00 00 00 00 00 00 00 3F 3F 0A AC 
00 00 00 00 00 00 00 00 00 00 00 00 A6 0A 3F 3F 
0B AC 00 00 00 00 00 00 00 00 A7 0A 3F 3F 0E AC 
00 00 00 00 00 00 00 00 00 00 00 00 00 00 00 00 
A2 0A 3F 3F 0F AC 00 00 00 06 01 BC 07 1F 0A 00 
00 00 00 00 00 00 A7 0A 3F 3F 0E AC 00 00 00 00 
00 00 00 00 00 00 00 00 00 00 00 00 A2 0A 3F 3F 
0F AC 00 00 00 06 01 BC 07 1F 0A 00 08 AC 19 1A 
1B 1C 1D 1E 1F 20 01 02 03 04 00 00 00 00 55 55 
55 00 00 00 0B 34 F2 0A 00 00 00 00 3F 3F 04 AC 
00 00 00 00 00 00 00 00 00 00 00 00 00 00 00 00 
A8 AA 0A 3F 3F 08 AC 19 1A 1B 1C 1D 1E 1F 20 01 
02 03 04 00 00 00 00 55 55 55 00 00 00 0B 35 F3 
0A 3F 3F 0A AC 00 00 00 00 00 00 00 00 00 00 00 
00 A6 0A 3F 3F 0B AC 00 00 00 00 00 00 00 00 A7 
0A 3F 3F 0E AC 00 00 00 00 00 00 00 00 00 00 00 
00 00 00 00 00 A2 0A 3F 3F 0F AC 00 00 00 06 01 
BC 07 1F 0A 00 00 00 00 0B 35 F3 0A 3F 3F 0A AC 
00 00 00 00 00 00 00 00 00 00 00 00 A6 0A 3F 3F 
0B AC 00 00 00 00 00 00 00 00 A7 0A 00 00 00 00 
3F 3F 04 AC 00 00 00 00 00 00 00 00 00 00 00 00 
00 00 00 00 AA 0A 3F 3F 08 AC 19 1A 1B 1C 1D 1E 
1F 20 01 02 03 04 00 00 00 00 55 55 55 00 00 00 
0B 35 F3 0A 3F 3F 0A AC 00 00 00 00 00 00 00 00 
00 00 00 00 A6 0A 3F 3F 0B AC 00 00 00 00 00 00 
00 00 A7 0A 3F 3F 0E AC 00 00 00 00 00 00 00 00 
00 00 00 00 00 00 00 00 A2 0A 3F 3F 0F AC 00 00 
00 06 01 BC 07 1F 0A 00 55 00 00 00 0B 35 F3 0A 
3F 3F 0A AC 00 00 00 00 00 00 00 00 00 00 00 00 
A6 0A 3F 3F 0B AC 00 00 00 00 00 00 00 00 A7 0A 
00 00 00 00 3F 3F 04 AC 00 00 00 00 00 00 00 00 
00 00 00 00 00 00 00 00 A8 00 00 00 00 00 00 00 
00 00 00 00 00 00 00 A9 0A 3F 3F 06 AC 00 00 00 
00 00 00 00 00 3F 3F 0E AC 00 00 00 00 00 00 00 
00 00 00 00 00 00 00 00 00 A2 0A 3F 3F 0F AC 00 
00 00 06 01 BC 07 1F 0A 00 00 06 01 BC 07 1F 0A 
00 08 AC 19 1A 1B 1C 1D 1E 1F 20 01 02 03 04 00 
00 00 00 55 55 55 00 00 00 0B 35 F3 0A 3F 3F 0A 
AC 00 00 00 00 00 00 00 00 00 00 00 00 A6 0A 3F 
3F 0B AC 00 00 00 00 00 00 00 00 A7 0A AC 00 00 
00 06 01 BC 00 00 00 00 3F 3F 04 AC 00 00 00 00 
00 00 00 00 00 00 00 00 00 00 00 00 A8 0A 00 00 
00 00 00 00 00 00 00 00 00 00 00 00 A9 0A 3F 3F 
06 AC 00 00 00 00 00 00 00 00 3F 3F 0E AC 00 00 
00 00 00 00 00 00 00 00 00 00 00 00 00 00 A2 0A 
3F 3F 0F AC 00 00 00 06 01 BC 07 1F 0A 00 00 06 
01 BC 07 1F 0A 00 08 AC 19 1A 1B 1C 1D 1E 1F 20 
01 02 03 04 00 00 00 00 55 55 55 00 00 00 0B 34 
F2 0A 3F 3F 0A AC 00 00 00 00 00 00 00 00 00 00 
00 00 A6 0A 3F 3F 0B AC 00 00 00 00 00 00 00 00 
A7 0A 00 00 00 06 01 BC 00 00 00 00 3F 3F 04 AC 
00 00 00 00 00 00 00 00 00 00 00 00 00 00 00 00 
A8 0A 3F 3F 05 3F 3F 0E AC 00 00 00 00 00 00 00 
00 00 00 00 00 00 00 00 00 A2 0A 3F 3F 0F AC 00 
00 00 06 01 BC 07 1F 0A 00 06 01 BC 07 1F 0A 00 
00 00 00 00 00 00 00 00 00 00 A9 0A 3F 3F 06 AC 
00 00 00 00 00 00 00 00 00 00 00 00 AA 0A 3F 3F 
08 AC 19 1A 1B 1C 1D 1E 1F 20 01 02 03 04 00 00 
00 00 55 55 55 00 00 00 0B 34 F2 0A 3F 3F 0A AC 
00 00 00 00 00 00 00 00 00 00 00 00 A6 0A 3F 3F 
0B AC 00 00 00 00 00 00 00 00 A7 0A 00 00 00 00 
3F 3F 04 AC 00 00 00 00 00 00 00 00 00 00 00 00 
00 00 00 00 A8 0A 3F 3F 3F 3F 0A AC 00 00 00 00 
00 00 00 00 00 00 00 00 A6 0A 3F 3F 0B AC 00 00 
00 00 00 00 00 00 A7 0A 3F 3F 0E AC 00 00 00 00 
00 00 00 00 00 00 00 00 00 00 00 00 A2 0A 3F 3F 
0F AC 00 00 00 06 01 BC 07 1F 0A 00 00 00 A7 0A 
3F 3F 0E AC 00 00 00 00 00 00 00 00 00 00 00 00 
00 00 00 00 A2 0A 3F 3F 0F AC 00 00 00 06 01 BC 
07 1F 0A 00 08 AC 19 1A 1B 1C 1D 1E 1F 20 01 02 
03 04 00 00 00 00 55 55 55 00 00 00 0B 34 F2 0A 
00 00 00 00 3F 3F 04 AC 00 00 00 00 00 00 00 00 
00 00 00 00 00 00 00 00 3F 3F 0A AC 00 00 00 00 
00 00 00 00 00 00 00 00 A6 0A 3F 3F 0B AC 00 00 
00 00 00 00 00 00 A7 0A 3F 3F 0E AC 00 00 00 00 
00 00 00 00 00 00 00 00 00 00 00 00 A2 0A 3F 3F 
0F AC 00 00 00 06 01 BC 07 1F 0A 00 00 00 00 00 
00 00 A7 0A 3F 3F 0E AC 00 00 00 00 00 00 00 00 
00 00 00 00 00 00 00 00 A2 0A 3F 3F 0F AC 00 00 
00 06 01 BC 07 1F 0A 00 08 AC 19 1A 1B 1C 1D 1E 
1F 20 01 02 03 04 00 00 00 00 55 55 55 00 00 00 
0B 35 F3 0A 00 00 00 00 3F 3F 04 AC 00 00 00 00 
00 00 00 00 00 00 00 00 00 00 00 00 AA 0A 3F 3F 
08 AC 19 1A 1B 1C 1D 1E 1F 20 01 02 03 04 00 00 
00 00 55 55 55 00 00 00 0B 35 F3 0A 3F 3F 0A AC 
00 00 00 00 00 00 00 00 00 00 00 00 A6 0A 3F 3F 
0B AC 00 00 00 00 00 00 00 00 A7 0A 3F 3F 0E AC 
00 00 00 00 00 00 00 00 00 00 00 00 00 00 00 00 
A2 0A 3F 3F 0F AC 00 00 00 06 01 BC 07 1F 0A 00 
55 00 00 00 0B 35 F3 0A 3F 3F 0A AC 00 00 00 00 
00 00 00 00 00 00 00 00 A6 0A 3F 3F 0B AC 00 00 
00 00 00 00 00 00 A7 0A 00 00 00 00 3F 3F 04 AC 
00 00 00 00 00 00 00 00 00 00 00 00 00 00 00 AA 
0A 3F 3F 08 AC 19 1A 1B 1C 1D 1E 1F 20 01 02 03 
04 00 00 00 00 55 56 55 00 00 00 0B 35 F0 0A 3F 
3F 0A AC 00 00 00 00 00 00 00 00 00 00 00 00 A6 
0A 3F 3F 0B AC 00 00 00 00 00 00 00 00 A7 0A 3F 
3F 0E AC 00 00 00 00 00 00 00 00 00 00 00 00 00 
00 00 00 A2 0A 3F 3F 0F AC 00 00 00 06 01 BC 07 
1F 0A 00 56 55 00 00 00 0B 35 F0 0A 3F 3F 0A AC 
00 00 00 00 00 00 00 00 00 00 00 00 A6 0A 3F 3F 
0B AC 00 00 00 00 00 00 00 00 A7 0A 00 00 00 00 
3F 3F 04 AC 00 00 00 00 00 00 00 00 00 00 00 00 
00 00 00 00 00 00 00 00 00 00 00 00 00 00 00 00 
00 00 A9 0A 3F 3F 06 AC 00 00 00 00 00 00 00 00 
00 3F 3F 0E AC 00 00 00 00 00 00 00 00 00 00 00 
00 00 00 00 00 A2 0A 3F 3F 0F AC 00 00 00 06 01 
BC 07 1F 0A 00 06 01 BC 07 1F 0A 00 08 AC 19 1A 
1B 1C 05 1E 1F 20 01 02 03 04 00 00 00 00 55 55 
55 00 00 00 0B 34 EA 0A 3F 3F 0A AC 00 00 00 00 
00 00 00 00 00 00 00 00 A6 0A 3F 3F 0B AC 00 00 
00 00 00 00 00 00 A7 0A 0F AC 00 00 00 06 01 BC 
00 00 00 00 3F 3F 04 AC 00 00 00 00 00 00 00 00 
00 00 00 00 00 00 00 00 00 00 00 00 00 00 00 00 
00 00 A9 0A 3F 3F 06 AC 00 00 00 00 00 00 00 00 
3F 3F 0E AC 00 00 00 00 00 00 00 00 00 00 00 00 
00 00 00 00 A2 0A 3F 3F 0F AC 00 00 00 06 01 BC 
07 1F 0A 00 00 06 01 BC 07 1F 0A 00 08 AC 19 1A 
1B 1C 05 1E 1F 20 01 02 03 04 00 00 00 00 55 55 
55 00 00 00 0B 34 EA 0A 3F 3F 0A AC 00 00 00 00 
00 00 00 00 00 00 00 00 A6 0A 3F 3F 0B AC 00 00 
00 00 00 00 00 00 A7 0A A2 0A 3F 3F 0F AC 00 00 
00 06 01 BC 00 00 00 00 3F 3F 04 AC 00 00 00 00 
00 00 00 00 00 00 00 00 00 00 00 00 A8 0A 3F 3F 
3F 3F 0A AC 00 00 00 00 00 00 00 00 00 00 00 00 
A6 0A 3F 3F 0B AC 00 00 00 00 00 00 00 00 A7 0A 
3F 3F 0E AC 00 00 00 00 00 00 00 00 00 00 00 00 
00 00 00 00 A2 0A 3F 3F 0F AC 00 00 00 06 01 BC 
07 1F 0A 00 00 00 A7 0A 3F 3F 0E AC 00 00 00 00 
00 00 00 00 00 00 00 00 00 00 00 00 A2 0A 3F 3F 
0F AC 00 00 00 06 01 BC 07 1F 0A 00 08 AC 06 07 
08 09 05 0A 0B 0C 0D 0E 0F 10 00 00 00 00 55 55 
55 00 00 00 0B 34 DA 0A 00 00 00 00 3F 3F 04 AC 
00 00 00 00 00 00 00 00 00 00 00 00 00 00 00 00 
3F 3F 0A AC 00 00 00 00 00 00 00 00 00 00 00 00 
A6 0A 3F 3F 0B AC 00 00 00 00 00 00 00 00 A7 0A 
3F 3F 0E AC 00 00 00 00 00 00 00 00 00 00 00 00 
00 00 00 00 A2 0A 3F 3F 0F AC 00 00 00 06 01 BC 
07 1F 0A 00 00 00 00 00 00 00 A7 0A 3F 3F 0E AC 
00 00 00 00 00 00 00 00 00 00 00 00 00 00 00 00 
A2 0A 3F 3F 0F AC 00 00 00 06 01 BC 07 1F 0A 00 
08 AC 06 07 08 09 05 0A 0B 0C 0D 0E 0F 10 00 00 
00 00 55 55 55 00 00 00 0B 35 DB 0A 00 00 00 00 
3F 3F 04 AC 00 00 00 00 00 00 00 00 00 00 00 00 
00 00 00 00 3F 3F 0A AC 00 00 00 00 00 00 00 00 
00 00 00 00 A6 0A 3F 3F 0B AC 00 00 00 00 00 00 
00 00 A7 0A 3F 3F 0E AC 00 00 00 00 00 00 00 00 
00 00 00 00 00 00 00 00 A2 0A 3F 3F 0F AC 00 00 
00 06 01 BC 07 1F 0A 00 00 00 00 00 00 00 A7 0A 
3F 3F 0E AC 00 00 00 00 00 00 00 00 00 00 00 00 
00 00 00 00 A2 0A 3F 3F 0F AC 00 00 00 06 01 BC 
07 1F 0A 00 08 AC 06 07 08 09 05 0A 0B 0C 0D 0E 
0F 10 00 00 00 00 55 55 55 00 00 00 0B 35 DB 0A 
00 00 00 00 3F 3F 04 AC 00 00 00 00 00 00 00 00 
00 00 00 00 00 00 00 00 A8 0A AA 0A 3F 3F 08 AC 
06 07 08 09 05 0A 0B 0C 0D 0E 0F 10 00 00 00 00 
55 55 55 00 00 00 0B 35 DB 0A 3F 3F 0A AC 00 00 
00 00 00 00 00 00 00 00 00 00 A6 0A 3F 3F 0B AC 
00 00 00 00 00 00 00 00 A7 0A 3F 3F 0E AC 00 00 
00 00 00 00 00 00 00 00 00 00 00 00 00 00 A2 0A 
3F 3F 0F AC 00 00 00 06 01 BC 07 1F 0A 00 00 00 
0B 35 DB 0A 3F 3F 0A AC 00 00 00 00 00 00 00 00 
00 00 00 00 A6 0A 3F 3F 0B AC 00 00 00 00 00 00 
00 00 A7 0A 00 00 00 00 3F 3F 04 AC 00 00 00 00 
00 00 00 00 00 00 00 00 00 00 00 00 A8 AA 0A 3F 
3F 08 AC 06 07 08 09 05 0A 0B 0C 0D 0E 0F 10 00 
00 00 00 55 55 55 00 00 00 0B 34 DA 0A 3F 3F 0A 
AC 00 00 00 00 00 00 00 00 00 00 00 00 A6 0A 3F 
3F 0B AC 00 00 00 00 00 00 00 00 A7 0A 3F 3F 0E 
AC 00 00 00 00 00 00 00 00 00 00 00 00 00 00 00 
00 A2 0A 3F 3F 0F AC 00 00 00 06 01 BC 07 1F 0A 
00 00 00 00 0B 34 DA 0A 3F 3F 0A AC 00 00 00 00 
00 00 00 00 00 00 00 00 A6 0A 3F 3F 0B AC 00 00 
00 00 00 00 00 00 A7 0A 00 00 00 00 3F 3F 04 AC 
00 00 00 00 00 00 00 00 00 00 00 00 00 00 00 00 
A8 00 00 00 00 00 00 00 00 00 00 00 00 00 00 A9 
0A 3F 3F 06 AC 00 00 00 00 00 00 3F 3F 0E AC 00 
00 00 00 00 00 00 00 00 00 00 00 00 00 00 00 A2 
0A 3F 3F 0F AC 00 00 00 06 01 BC 07 1F 0A 00 00 
00 00 06 01 BC 07 1F 0A 00 08 AC 06 07 08 09 05 
0A 0B 0C 0D 0E 0F 10 00 00 00 00 55 55 55 00 00 
00 0B 34 DA 0A 3F 3F 0A AC 00 00 00 00 00 00 00 
00 00 00 00 00 A6 0A 3F 3F 0B AC 00 00 00 00 00 
00 00 00 A7 0A AC 00 00 00 06 01 BC 00 00 00 00 
3F 3F 04 AC 00 00 00 00 00 00 00 00 00 00 00 00 
00 00 00 00 A8 0A 00 00 00 00 00 00 00 00 00 00 
00 00 00 00 A9 0A 3F 3F 06 AC 00 00 00 00 00 00 
00 00 3F 3F 0E AC 00 00 00 00 00 00 00 00 00 00 
00 00 00 00 00 00 A2 0A 3F 3F 0F AC 00 00 00 06 
01 BC 07 1F 0A 00 00 06 01 BC 07 1F 0A 00 08 AC 
06 07 08 09 05 0A 0B 0C 0D 0E 0F 10 00 00 00 00 
55 55 55 00 00 00 0B 34 DA 0A 3F 3F 0A AC 00 00 
00 00 00 00 00 00 00 00 00 00 A6 0A 3F 3F 0B AC 
00 00 00 00 00 00 00 00 A7 0A 00 00 00 06 01 BC 
00 00 00 00 3F 3F 04 AC 00 00 00 00 00 00 00 00 
00 00 00 00 00 00 00 00 A8 0A 3F 3F 3F 3F 0A AC 
00 00 00 00 00 00 00 00 00 00 00 00 A6 0A 3F 3F 
0B AC 00 00 00 00 00 00 00 00 A7 0A 3F 3F 0E AC 
00 00 00 00 00 00 00 00 00 00 00 00 00 00 00 00 
A2 0A 3F 3F 0F AC 00 00 00 06 01 BC 07 1F 0A 00 
00 00 A7 0A 3F 3F 0E AC 00 00 00 00 00 00 00 00 
00 00 00 00 00 00 00 00 A2 0A 3F 3F 0F AC 00 00 
00 06 01 BC 07 1F 0A 00 08 AC 06 07 08 09 05 0A 
0B 0C 0D 0E 0F 10 00 00 00 00 55 55 55 00 00 00 
0B 35 DB 0A 00 00 00 00 3F 3F 04 AC 00 00 00 00 
00 00 00 00 00 00 00 00 00 00 00 00 A8 0A 3F 3F 
3F 3F 0A AC 00 00 00 00 00 00 00 00 00 00 00 00 
A6 0A 3F 3F 0B AC 00 00 00 00 00 00 00 00 A7 0A 
3F 3F 0E AC 00 00 00 00 00 00 00 00 00 00 00 00 
00 00 00 00 A2 0A 3F 3F 0F AC 00 00 00 06 01 BC 
07 1F 0A 00 00 00 A7 0A 3F 3F 0E AC 00 00 00 00 
00 00 00 00 00 00 00 00 00 00 00 00 A2 0A 3F 3F 
0F AC 00 00 00 06 01 BC 07 1F 0A 00 08 AC 06 07 
08 09 05 0A 0B 0C 0D 0E 0F 10 00 00 00 00 55 55 
55 00 00 00 0B 35 DB 0A 00 00 00 00 3F 3F 04 AC 
00 00 00 00 00 00 00 00 00 00 00 00 00 00 00 00 
A8 3F 3F 0A AC 00 00 00 00 00 00 00 00 00 00 00 
00 A6 0A 3F 3F 0B AC 00 00 00 00 00 00 00 00 A7 
0A 3F 3F 0E AC 00 00 00 00 00 00 00 00 00 00 00 
00 00 00 00 00 A2 0A 3F 3F 0F AC 00 00 00 06 01 
BC 07 1F 0A 00 00 00 00 00 00 A7 0A 3F 3F 0E AC 
00 00 00 00 00 00 00 00 00 00 00 00 00 00 00 00 
A2 0A 3F 3F 0F AC 00 00 00 06 01 BC 07 1F 0A 00 
08 AC 06 07 08 09 05 0A 0B 0C 0D 0E 0F 10 00 00 
00 00 55 55 55 00 00 00 0B 35 DB 0A 00 00 00 00 
3F 3F 04 AC 00 00 00 00 00 00 00 00 00 00 00 00 
00 00 00 00 AA 0A 3F 3F 08 AC 06 07 08 09 05 0A 
0B 0C 0D 0E 0F 10 00 00 00 00 55 55 55 00 00 00 
0B 34 DA 0A 3F 3F 0A AC 00 00 00 00 00 00 00 00 
00 00 00 00 A6 0A 3F 3F 0B AC 00 00 00 00 00 00 
00 00 A7 0A 3F 3F 0E AC 00 00 00 00 00 00 00 00 
00 00 00 00 00 00 00 00 A2 0A 3F 3F 0F AC 00 00 
00 06 01 BC 07 1F 0A 00 55 00 00 00 0B 34 DA 0A 
3F 3F 0A AC 00 00 00 00 00 00 00 00 00 00 00 00 
A6 0A 3F 3F 0B AC 00 00 00 00 00 00 00 00 A7 0A 
00 00 00 00 3F 3F 04 AC 00 00 00 00 00 00 00 00 
00 00 00 00 00 00 00 00 A8 0A 3F 3F AA 0A 3F 3F 
08 AC 06 07 08 09 05 0A 0B 0C 0D 0E 0F 10 00 00 
00 00 55 55 55 00 00 00 0B 34 DA 0A 3F 3F 0A AC 
00 00 00 00 00 00 00 00 00 00 00 00 A6 0A 3F 3F 
0B AC 00 00 00 00 00 00 00 00 A7 0A 3F 3F 0E AC 
00 00 00 00 00 00 00 00 00 00 00 00 00 00 00 00 
A2 0A 3F 3F 0F AC 00 00 00 06 01 BC 07 1F 0A 00 
0B 34 DA 0A 3F 3F 0A AC 00 00 00 00 00 00 00 00 
00 00 00 00 A6 0A 3F 3F 0B AC 00 00 00 00 00 00 
00 00 A7 0A 00 00 00 00 3F 3F 04 AC 00 00 00 00 
00 00 00 00 00 00 00 00 00 00 00 00 A8 0A 00 00 
00 00 00 00 00 00 00 00 00 00 00 00 A9 0A 3F 3F 
06 AC 00 00 00 00 00 00 00 00 00 3F 3F 0E AC 00 
00 00 00 00 00 00 00 00 00 00 00 00 00 00 00 A2 
0A 3F 3F 0F AC 00 00 00 06 01 BC 07 1F 0A 00 06 
01 BC 07 1F 0A 00 08 AC 06 07 08 09 05 0A 0B 0C 
0D 0E 0F 10 00 00 00 00 55 55 55 00 00 00 0B 34 
DA 0A 3F 3F 0A AC 00 00 00 00 00 00 00 00 00 00 
00 00 A6 0A 3F 3F 0B AC 00 00 00 00 00 00 00 00 
A7 0A 00 00 00 06 01 BC 00 00 00 00 3F 3F 04 AC 
00 00 00 00 00 00 00 00 00 00 00 00 00 00 00 00 
00 00 00 00 00 00 00 00 00 00 A9 0A 3F 3F 06 AC 
00 00 00 00 00 00 00 00 00 3F 3F 0E AC 00 00 00 
00 00 00 00 00 00 00 00 00 00 00 00 00 A2 0A 3F 
3F 0F AC 00 00 00 06 01 BC 07 1F 0A 00 06 01 BC 
07 1F 0A 00 08 AC 06 07 08 09 05 0A 0B 0C 0D 0E 
0F 10 00 00 00 00 55 55 55 00 00 00 0B 35 DB 0A 
3F 3F 0A AC 00 00 00 00 00 00 00 00 00 00 00 00 
A6 0A 3F 3F 0B AC 00 00 00 00 00 00 00 00 A7 0A 
A2 0A 3F 3F 0F AC 00 00 00 06 01 BC 00 00 00 00 
3F 3F 04 AC 00 00 00 00 00 00 00 00 00 00 00 00 
00 00 00 00 A8 0A 3F 3F 3F 0E AC 00 00 00 00 00 
00 00 00 00 00 00 00 00 00 00 00 A2 0A 3F 3F 0F 
AC 00 00 00 06 01 BC 07 1F 0A 00 00 00 06 01 BC 
07 1F 0A 00 00 00 00 00 00 00 00 00 00 00 A9 0A 
3F 3F 06 AC 00 00 00 00 00 00 00 00 00 00 00 00 
AA 0A 3F 3F 08 AC 06 07 08 09 11 0A 0B 0C 0D 0E 
0F 10 00 00 00 00 55 55 55 00 00 00 0B 35 CF 0A 
3F 3F 0A AC 00 00 00 00 00 00 00 00 00 00 00 00 
A6 0A 3F 3F 0B AC 00 00 00 00 00 00 00 00 A7 0A 
00 00 00 00 3F 3F 04 AC 00 00 00 00 00 00 00 00 
00 00 00 00 00 00 00 00 A8 3F 3F 0A AC 00 00 00 
00 00 00 00 00 00 00 00 00 A6 0A 3F 3F 0B AC 00 
00 00 00 00 00 00 00 A7 0A 3F 3F 0E AC 00 00 00 
00 00 00 00 00 00 00 00 00 00 00 00 00 A2 0A 3F 
3F 0F AC 00 00 00 06 01 BC 07 1F 0A 00 00 00 00 
00 00 A7 0A 3F 3F 0E AC 00 00 00 00 00 00 00 00 
00 00 00 00 00 00 00 00 A2 0A 3F 3F 0F AC 00 00 
00 06 01 BC 07 1F 0A 00 08 AC 06 07 08 09 11 0A 
0B 0C 0D 0E 0F 10 00 00 00 00 55 55 55 00 00 00 
0B 35 CF 0A 00 00 00 00 3F 3F 04 AC 00 00 00 00 
00 00 00 00 00 00 00 00 00 00 00 00 3F 3F 0A AC 
00 00 00 00 00 00 00 00 00 00 00 00 A6 0A 3F 3F 
0B AC 00 00 00 00 00 00 00 00 A7 0A 3F 3F 0E AC 
00 00 00 00 00 00 00 00 00 00 00 00 00 00 00 00 
A2 0A 3F 3F 0F AC 00 00 00 06 01 BC 07 1F 0A 00 
00 00 00 00 00 00 A7 0A 3F 3F 0E AC 00 00 00 00 
00 00 00 00 00 00 00 00 00 00 00 00 A2 0A 3F 3F 
0F AC 00 00 00 06 01 BC 07 1F 0A 00 08 AC 06 07 
08 09 11 0A 0B 0C 0D 0E 0F 10 00 00 00 00 55 55 
55 00 00 00 0B 34 CE 0A 00 00 00 00 3F 3F 04 AC 
00 00 00 00 00 00 00 00 00 00 00 00 00 00 00 00 
A8 0A AA 0A 3F 3F 08 AC 12 13 14 15 11 16 17 18 
19 1A 1B 1C 00 00 00 00 55 55 55 00 00 00 0B 34 
C2 0A 3F 3F 0A AC 00 00 00 00 00 00 00 00 00 00 
00 00 A6 0A 3F 3F 0B AC 00 00 00 00 00 00 00 00 
A7 0A 3F 3F 0E AC 00 00 00 00 00 00 00 00 00 00 
00 00 00 00 00 00 A2 0A 3F 3F 0F AC 00 00 00 06 
01 BC 07 1F 0A 00 00 00 0B 34 C2 0A 3F 3F 0A AC 
00 00 00 00 00 00 00 00 00 00 00 00 A6 0A 3F 3F 
0B AC 00 00 00 00 00 00 00 00 A7 0A 00 00 00 00 
3F 3F 04 AC 00 00 00 00 00 00 00 00 00 00 00 00 
00 00 00 00 AA 0A 3F 3F 08 AC 12 13 14 15 11 16 
17 18 19 1A 1B 1C 00 00 00 00 55 55 55 00 00 00 
0B 34 C2 0A 3F 3F 0A AC 00 00 00 00 00 00 00 00 
00 00 00 00 A6 0A 3F 3F 0B AC 00 00 00 00 00 00 
00 00 A7 0A 3F 3F 0E AC 00 00 00 00 00 00 00 00 
00 00 00 00 00 00 00 00 A2 0A 3F 3F 0F AC 00 00 
00 06 01 BC 07 1F 0A 00 55 00 00 00 0B 34 C2 0A 
3F 3F 0A AC 00 00 00 00 00 00 00 00 00 00 00 00 
A6 0A 3F 3F 0B AC 00 00 00 00 00 00 00 00 A7 0A 
00 00 00 00 3F 3F 04 AC 00 00 00 00 00 00 00 00 
00 00 00 00 00 00 00 00 A8 0A 3F 3F 00 00 00 00 
00 00 00 00 00 00 00 00 00 00 A9 0A 3F 3F 06 AC 
00 00 00 00 00 00 00 3F 3F 0E AC 00 00 00 00 00 
00 00 00 00 00 00 00 00 00 00 00 A2 0A 3F 3F 0F 
AC 00 00 00 06 01 BC 07 1F 0A 00 00 00 06 01 BC 
07 1F 0A 00 08 AC 12 13 14 15 11 16 17 18 19 1A 
1B 1C 00 00 00 00 55 55 55 00 00 00 0B 35 C3 0A 
3F 3F 0A AC 00 00 00 00 00 00 00 00 00 00 00 00 
A6 0A 3F 3F 0B AC 00 00 00 00 00 00 00 00 A7 0A 
00 06 01 BC 00 00 00 00 3F 3F 04 AC 00 00 00 00 
00 00 00 00 00 00 00 00 00 00 00 00 00 00 00 00 
00 00 00 00 00 00 00 00 00 00 A9 0A 3F 3F 06 AC 
00 00 00 00 00 00 00 00 00 3F 3F 0E AC 00 00 00 
00 00 00 00 00 00 00 00 00 00 00 00 00 A2 0A 3F 
3F 0F AC 00 00 00 06 01 BC 07 1F 0A 00 06 01 BC 
07 1F 0A 00 08 AC 12 13 14 15 11 16 17 18 19 1A 
1B 1C 00 00 00 00 55 55 55 00 00 00 0B 35 C3 0A 
3F 3F 0A AC 00 00 00 00 00 00 00 00 00 00 00 00 
A6 0A 3F 3F 0B AC 00 00 00 00 00 00 00 00 A7 0A 
0F AC 00 00 00 06 01 BC 00 00 00 00 3F 3F 04 AC 
00 00 00 00 00 00 00 00 00 00 00 00 00 00 00 00 
A8 0A 3F 3F 3F 0A AC 00 00 00 00 00 00 00 00 00 
00 00 00 A6 0A 3F 3F 0B AC 00 00 00 00 00 00 00 
00 A7 0A 3F 3F 0E AC 00 00 00 00 00 00 00 00 00 
00 00 00 00 00 00 00 A2 0A 3F 3F 0F AC 00 00 00 
06 01 BC 07 1F 0A 00 00 00 00 A7 0A 3F 3F 0E AC 
00 00 00 00 00 00 00 00 00 00 00 00 00 00 00 00 
A2 0A 3F 3F 0F AC 00 00 00 06 01 BC 07 1F 0A 00 
08 AC 12 13 14 15 11 16 17 18 19 1A 1B 1C 00 00 
00 00 55 55 55 00 00 00 0B 35 C3 0A 00 00 00 00 
3F 3F 04 AC 00 00 00 00 00 00 00 00 00 00 00 00 
00 00 00 00 3F 3F 0A AC 00 00 00 00 00 00 00 00 
00 00 00 00 A6 0A 3F 3F 0B AC 00 00 00 00 00 00 
00 00 A7 0A 3F 3F 0E AC 00 00 00 00 00 00 00 00 
00 00 00 00 00 00 00 00 A2 0A 3F 3F 0F AC 00 00 
00 06 01 BC 07 1F 0A 00 00 00 00 00 00 00 A7 0A 
3F 3F 0E AC 00 00 00 00 00 00 00 00 00 00 00 00 
00 00 00 00 A2 0A 3F 3F 0F AC 00 00 00 06 01 BC 
07 1F 0A 00 08 AC 12 13 14 15 11 16 17 18 19 1A 
1B 1C 00 00 00 00 55 55 55 00 00 00 0B 34 C2 0A 
00 00 00 00 3F 3F 04 AC 00 00 00 00 00 00 00 00 
00 00 00 00 00 00 00 00 A8 0A 3F 3F 0A AC 00 00 
00 00 00 00 00 00 00 00 00 00 A6 0A 3F 3F 0B AC 
00 00 00 00 00 00 00 00 A7 0A 3F 3F 0E AC 00 00 
00 00 00 00 00 00 00 00 00 00 00 00 00 00 A2 0A 
3F 3F 0F AC 00 00 00 06 01 BC 07 1F 0A 00 00 00 
00 00 A7 0A 3F 3F 0E AC 00 00 00 00 00 00 00 00 
00 00 00 00 00 00 00 00 A2 0A 3F 3F 0F AC 00 00 
00 06 01 BC 07 1F 0A 00 08 AC 12 13 14 15 11 16 
17 18 19 1A 1B 1C 00 00 00 00 55 55 55 00 00 00 
0B 34 C2 0A 00 00 00 00 3F 3F 04 AC 00 00 00 00 
00 00 00 00 00 00 00 00 00 00 00 00 A8 AA 0A 3F 
3F 08 AC 12 13 14 15 11 16 17 18 19 1A 1B 1C 00 
00 00 00 55 55 55 00 00 00 0B 34 C2 0A 3F 3F 0A 
AC 00 00 00 00 00 00 00 00 00 00 00 00 A6 0A 3F 
3F 0B AC 00 00 00 00 00 00 00 00 A7 0A 3F 3F 0E 
AC 00 00 00 00 00 00 00 00 00 00 00 00 00 00 00 
00 A2 0A 3F 3F 0F AC 00 00 00 06 01 BC 07 1F 0A 
00 00 00 00 0B 34 C2 0A 3F 3F 0A AC 00 00 00 00 
00 00 00 00 00 00 00 00 A6 0A 3F 3F 0B AC 00 00 
00 00 00 00 00 00 A7 0A 00 00 00 00 3F 3F 04 AC 
00 00 00 00 00 00 00 00 00 00 00 00 00 00 00 00 
A8 0A AA 0A 3F 3F 08 AC 12 13 14 15 11 16 17 18 
19 1A 1B 1C 00 00 00 00 55 55 55 00 00 00 0B 35 
C3 0A 3F 3F 0A AC 00 00 00 00 00 00 00 00 00 00 
00 00 A6 0A 3F 3F 0B AC 00 00 00 00 00 00 00 00 
A7 0A 3F 3F 0E AC 00 00 00 00 00 00 00 00 00 00 
00 00 00 00 00 00 A2 0A 3F 3F 0F AC 00 00 00 06 
01 BC 07 1F 0A 00 00 00 0B 35 C3 0A 3F 3F 0A AC 
00 00 00 00 00 00 00 00 00 00 00 00 A6 0A 3F 3F 
0B AC 00 00 00 00 00 00 00 00 A7 0A 00 00 00 00 
3F 3F 04 AC 00 00 00 00 00 00 00 00 00 00 00 00 
00 00 00 00 00 00 00 00 00 00 00 00 00 00 00 00 
00 00 A9 0A 3F 3F 06 AC 00 00 00 00 00 00 00 00 
00 3F 3F 0E AC 00 00 00 00 00 00 00 00 00 00 00 
00 00 00 00 00 A2 0A 3F 3F 0F AC 00 00 00 06 01 
BC 07 1F 0A 00 06 01 BC 07 1F 0A 00 08 AC 12 13 
14 15 11 16 17 18 19 1A 1B 1C 00 00 00 00 55 55 
55 00 00 00 0B 35 C3 0A 3F 3F 0A AC 00 00 00 00 
00 00 00 00 00 00 00 00 A6 0A 3F 3F 0B AC 00 00 
00 00 00 00 00 00 A7 0A 0F AC 00 00 00 06 01 BC 
00 00 00 00 3F 3F 04 AC 00 00 00 00 00 00 00 00 
00 00 00 00 00 00 00 00 A8 00 00 00 00 00 00 00 
00 00 00 00 00 00 00 A9 0A 3F 3F 06 AC 00 00 00 
00 00 00 00 3F 3F 0E AC 00 00 00 00 00 00 00 00 
00 00 00 00 00 00 00 00 A2 0A 3F 3F 0F AC 00 00 
00 06 01 BC 07 1F 0A 00 00 00 06 01 BC 07 1F 0A 
00 08 AC 12 13 14 15 11 16 17 18 19 1A 1B 1C 00 
00 00 00 55 55 55 00 00 00 0B 35 C3 0A 3F 3F 0A 
AC 00 00 00 00 00 00 00 00 00 00 00 00 A6 0A 3F 
3F 0B AC 00 00 00 00 00 00 00 00 A7 0A AC 00 00 
00 06 01 BC 00 00 00 00 3F 3F 04 AC 00 00 00 00 
00 00 00 00 00 00 00 00 00 00 00 00 A8 0A 3F 3F 
3F 3F 0A AC 00 00 00 00 00 00 00 00 00 00 00 00 
A6 0A 3F 3F 0B AC 00 00 00 00 00 00 00 00 A7 0A 
3F 3F 0E AC 00 00 00 00 00 00 00 00 00 00 00 00 
00 00 00 00 A2 0A 3F 3F 0F AC 00 00 00 06 01 BC 
07 1F 0A 00 00 00 A7 0A 3F 3F 0E AC 00 00 00 00 
00 00 00 00 00 00 00 00 00 00 00 00 A2 0A 3F 3F 
0F AC 00 00 00 06 01 BC 07 1F 0A 00 08 AC 12 13 
14 15 11 16 17 18 19 1A 1B 1C 00 00 00 00 55 55 
55 00 00 00 0B 34 C2 0A 00 00 00 00 3F 3F 04 AC 
00 00 00 00 00 00 00 00 00 00 00 00 00 00 00 00 
A8 0A 3F 3F 0A AC 00 00 00 00 00 00 00 00 00 00 
00 00 A6 0A 3F 3F 0B AC 00 00 00 00 00 00 00 00 
A7 0A 3F 3F 0E AC 00 00 00 00 00 00 00 00 00 00 
00 00 00 00 00 00 A2 0A 3F 3F 0F AC 00 00 00 06 
01 BC 07 1F 0A 00 00 00 00 00 A7 0A 3F 3F 0E AC 
00 00 00 00 00 00 00 00 00 00 00 00 00 00 00 00 
A2 0A 3F 3F 0F AC 00 00 00 06 01 BC 07 1F 0A 00 
08 AC 12 13 14 15 11 16 17 18 19 1A 1B 1C 00 00 
00 00 55 55 55 00 00 00 0B 34 C2 0A 00 00 00 00 
3F 3F 04 AC 00 00 00 00 00 00 00 00 00 00 00 00 
00 00 00 00 A8 3F 3F 0A AC 00 00 00 00 00 00 00 
00 00 00 00 00 A6 0A 3F 3F 0B AC 00 00 00 00 00 
00 00 00 A7 0A 3F 3F 0E AC 00 00 00 00 00 00 00 
00 00 00 00 00 00 00 00 00 A2 0A 3F 3F 0F AC 00 
00 00 06 01 BC 07 1F 0A 00 00 00 00 00 00 A7 0A 
3F 3F 0E AC 00 00 00 00 00 00 00 00 00 00 00 00 
00 00 00 00 A2 0A 3F 3F 0F AC 00 00 00 06 01 BC 
07 1F 0A 00 08 AC 12 13 14 15 11 16 17 18 19 1A 
1B 1C 00 00 00 00 55 55 55 00 00 00 0B 34 C2 0A 
00 00 00 00 3F 3F 04 AC 00 00 00 00 00 00 00 00 
00 00 00 00 00 00 00 00 A8 0A 3F 3F 05 AC AA 0A 
3F 3F 08 AC 12 13 14 15 1D 16 17 18 19 1A 1B 1C 
00 00 00 00 55 55 55 00 00 00 0B 35 CF 0A 3F 3F 
0A AC 00 00 00 00 00 00 00 00 00 00 00 00 A6 0A 
3F 3F 0B AC 00 00 00 00 00 00 00 00 A7 0A 3F 3F 
0E AC 00 00 00 00 00 00 00 00 00 00 00 00 00 00 
00 00 A2 0A 3F 3F 0F AC 00 00 00 06 01 BC 07 1F 
0A 00 CF 0A 3F 3F 0A AC 00 00 00 00 00 00 00 00 
00 00 00 00 A6 0A 3F 3F 0B AC 00 00 00 00 00 00 
00 00 A7 0A 00 00 00 00 3F 3F 04 AC 00 00 00 00 
00 00 00 00 00 00 00 00 00 00 00 00 A8 0A AA 0A 
3F 3F 08 AC 12 13 14 15 1D 16 17 18 19 1A 1B 1C 
00 00 00 00 55 55 55 00 00 00 0B 35 CF 0A 3F 3F 
0A AC 00 00 00 00 00 00 00 00 00 00 00 00 A6 0A 
3F 3F 0B AC 00 00 00 00 00 00 00 00 A7 0A 3F 3F 
0E AC 00 00 00 00 00 00 00 00 00 00 00 00 00 00 
00 00 A2 0A 3F 3F 0F AC 00 00 00 06 01 BC 07 1F 
0A 00 00 00 0B 35 CF 0A 3F 3F 0A AC 00 00 00 00 
00 00 00 00 00 00 00 00 A6 0A 3F 3F 0B AC 00 00 
00 00 00 00 00 00 A7 0A 00 00 00 00 3F 3F 04 AC 
00 00 00 00 00 00 00 00 00 00 00 00 00 00 00 00 
A8 0A 00 00 00 00 00 00 00 00 00 00 00 00 00 00 
A9 0A 3F 3F 06 AC 00 00 00 00 00 00 00 00 00 3F 
3F 0E AC 00 00 00 00 00 00 00 00 00 00 00 00 00 
00 00 00 A2 0A 3F 3F 0F AC 00 00 00 06 01 BC 07 
1F 0A 00 06 01 BC 07 1F 0A 00 08 AC 1E 1F 20 01 
1D 02 03 04 05 06 07 08 00 00 00 00 55 55 55 00 
00 00 0B 35 FB 0A 3F 3F 0A AC 00 00 00 00 00 00 
00 00 00 00 00 00 A6 0A 3F 3F 0B AC 00 00 00 00 
00 00 00 00 A7 0A 00 00 00 06 01 BC 00 00 00 00 
3F 3F 04 AC 00 00 00 00 00 00 00 00 00 00 00 00 
00 00 00 00 00 00 00 00 00 00 00 00 00 00 00 00 
00 00 A9 0A 3F 3F 06 AC 00 00 00 00 00 00 00 00 
00 00 3F 3F 0E AC 00 00 00 00 00 00 00 00 00 00 
00 00 00 00 00 00 A2 0A 3F 3F 0F AC 00 00 00 06 
01 BC 07 1F 0A 00 01 BC 07 1F 0A 00 08 AC 1E 1F 
20 01 1D 02 03 04 05 06 07 08 00 00 00 00 55 55 
55 00 00 00 0B 34 FA 0A 3F 3F 0A AC 00 00 00 00 
00 00 00 00 00 00 00 00 A6 0A 3F 3F 0B AC 00 00 
00 00 00 00 00 00 A7 0A 0F AC 00 00 00 06 01 BC 
00 00 00 00 3F 3F 04 AC 00 00 00 00 00 00 00 00 
00 00 00 00 00 00 00 3F 3F 0A AC 00 00 00 00 00 
00 00 00 00 00 00 00 A6 0A 3F 3F 0B AC 00 00 00 
00 00 00 00 00 A7 0A 3F 3F 0E AC 00 00 00 00 00 
00 00 00 00 00 00 00 00 00 00 00 A2 0A 3F 3F 0F 
AC 00 00 00 06 01 BC 07 1F 0A 00 00 00 00 00 00 
00 00 A7 0A 3F 3F 0E AC 00 00 00 00 00 00 00 00 
00 00 00 00 00 00 00 00 A2 0A 3F 3F 0F AC 00 00 
00 06 01 BC 07 1F 0A 00 08 AC 1E 1F 20 01 1D 02 
03 04 05 06 07 08 00 00 00 00 55 55 55 00 00 00 
0B 34 FA 0A 00 00 00 00 3F 3F 04 AC 00 00 00 00 
00 00 00 00 00 00 00 00 00 00 00 00 3F 3F 0A AC 
00 00 00 00 00 00 00 00 00 00 00 00 A6 0A 3F 3F 
0B AC 00 00 00 00 00 00 00 00 A7 0A 3F 3F 0E AC 
00 00 00 00 00 00 00 00 00 00 00 00 00 00 00 00 
A2 0A 3F 3F 0F AC 00 00 00 06 01 BC 07 1F 0A 00 
00 00 00 00 00 00 A7 0A 3F 3F 0E AC 00 00 00 00 
00 00 00 00 00 00 00 00 00 00 00 00 A2 0A 3F 3F 
0F AC 00 00 00 06 01 BC 07 1F 0A 00 08 AC 1E 1F 
20 01 1D 02 03 04 05 06 07 08 00 00 00 00 55 55 
55 00 00 00 0B 34 FA 0A 00 00 00 00 3F 3F 04 AC 
00 00 00 00 00 00 00 00 00 00 00 00 00 00 00 00 
A8 3F 3F 0A AC 00 00 00 00 00 00 00 00 00 00 00 
00 A6 0A 3F 3F 0B AC 00 00 00 00 00 00 00 00 A7 
0A 3F 3F 0E AC 00 00 00 00 00 00 00 00 00 00 00 
00 00 00 00 00 A2 0A 3F 3F 0F AC 00 00 00 06 01 
BC 07 1F 0A 00 00 00 00 00 00 A7 0A 3F 3F 0E AC 
00 00 00 00 00 00 00 00 00 00 00 00 00 00 00 00 
A2 0A 3F 3F 0F AC 00 00 00 06 01 BC 07 1F 0A 00 
08 AC 1E 1F 20 01 1D 02 03 04 05 06 07 08 00 00 
00 00 55 55 55 00 00 00 0B 35 FB 0A 00 00 00 00 
3F 3F 04 AC 00 00 00 00 00 00 00 00 00 00 00 00 
00 00 00 00 A8 AA 0A 3F 3F 08 AC 1E 1F 20 01 1D 
02 03 04 05 06 07 08 00 00 00 00 55 55 55 00 00 
00 0B 35 FB 0A 3F 3F 0A AC 00 00 00 00 00 00 00 
00 00 00 00 00 A6 0A 3F 3F 0B AC 00 00 00 00 00 
00 00 00 A7 0A 3F 3F 0E AC 00 00 00 00 00 00 00 
00 00 00 00 00 00 00 00 00 A2 0A 3F 3F 0F AC 00 
00 00 06 01 BC 07 1F 0A 00 00 00 00 0B 35 FB 0A 
3F 3F 0A AC 00 00 00 00 00 00 00 00 00 00 00 00 
A6 0A 3F 3F 0B AC 00 00 00 00 00 00 00 00 A7 0A 
00 00 00 00 3F 3F 04 AC 00 00 00 00 00 00 00 00 
00 00 00 00 00 00 00 AA 0A 3F 3F 08 AC 1E 1F 20 
01 1D 02 03 04 05 06 07 08 00 00 00 00 55 55 55 
00 00 00 0B 35 FB 0A 3F 3F 0A AC 00 00 00 00 00 
00 00 00 00 00 00 00 A6 0A 3F 3F 0B AC 00 00 00 
00 00 00 00 00 A7 0A 3F 3F 0E AC 00 00 00 00 00 
00 00 00 00 00 00 00 00 00 00 00 A2 0A 3F 3F 0F 
AC 00 00 00 06 01 BC 07 1F 0A 00 55 55 00 00 00 
0B 35 FB 0A 3F 3F 0A AC 00 00 00 00 00 00 00 00 
00 00 00 00 A6 0A 3F 3F 0B AC 00 00 00 00 00 00 
00 00 A7 0A 00 00 00 00 3F 3F 04 AC 00 00 00 00 
00 00 00 00 00 00 00 00 00 00 00 00 A8 0A 3F 3F 
05 AC 00 00 00 00 00 00 00 00 00 00 00 00 00 00 
A9 0A 3F 3F 06 AC 00 00 00 00 00 00 00 00 07 1F 
0A 00 00 00 00 00 AA 0A 3F 3F 08 AC 1E 1F 20 01 
1D 02 03 04 05 06 07 08 00 00 00 00 55 55 55 00 
00 00 0B 34 FA 0A 3F 3F 0A AC 00 00 00 00 00 00 
00 00 00 00 00 00 A6 0A 3F 3F 0B AC 00 00 00 00 
00 00 00 00 A7 0A 3F 3F 0E AC 00 00 00 00 00 00 
00 00 00 00 00 00 00 00 00 00 A2 0A 3F 3F 0F AC 
00 00 00 06 01 BC 00 00 00 00 00 00 3F 3F 04 AC 
00 00 00 00 00 00 00 00 00 00 00 00 00 00 00 00 
00 00 00 00 00 00 00 00 00 00 00 00 00 A9 0A 3F 
3F 06 AC 00 00 00 00 00 00 3F 3F 0E AC 00 00 00 
00 00 00 00 00 00 00 00 00 00 00 00 00 A2 0A 3F 
3F 0F AC 00 00 00 06 01 BC 07 1F 0A 00 00 00 00 
06 01 BC 07 1F 0A 00 08 AC 1E 1F 20 01 1D 02 03 
04 05 06 07 08 00 00 00 00 55 55 55 00 00 00 0B 
34 FA 0A 3F 3F 0A AC 00 00 00 00 00 00 00 00 00 
00 00 00 A6 0A 3F 3F 0B AC 00 00 00 00 00 00 00 
00 A7 0A 3F 0F AC 00 00 00 06 01 BC 00 00 00 00 
3F 3F 04 AC 00 00 00 00 00 00 00 00 00 00 00 00 
00 00 00 00 A8 0A 3F 3F 0A AC 00 00 00 00 00 00 
00 00 00 00 00 00 A6 0A 3F 3F 0B AC 00 00 00 00 
00 00 00 00 A7 0A 3F 3F 0E AC 00 00 00 00 00 00 
00 00 00 00 00 00 00 00 00 00 A2 0A 3F 3F 0F AC 
00 00 00 06 01 BC 07 1F 0A 00 00 00 00 00 A7 0A 
3F 3F 0E AC 00 00 00 00 00 00 00 00 00 00 00 00 
00 00 00 00 A2 0A 3F 3F 0F AC 00 00 00 06 01 BC 
07 1F 0A 00 08 AC 1E 1F 20 01 1D 02 03 04 05 06 
07 08 00 00 00 00 55 55 55 00 00 00 0B 34 FA 0A 
00 00 00 00 3F 3F 04 AC 00 00 00 00 00 00 00 00 
00 00 00 00 00 00 00 00 A8 0A 3F 3F 05 3F 3F 0A 
AC 00 00 00 00 00 00 00 00 00 00 00 00 A6 0A 3F 
3F 0B AC 00 00 00 00 00 00 00 00 A7 0A 3F 3F 0E 
AC 00 00 00 00 00 00 00 00 00 00 00 00 00 00 00 
00 A2 0A 3F 3F 0F AC 00 00 00 06 01 BC 07 1F 0A 
00 00 A7 0A 3F 3F 0E AC 00 00 00 00 00 00 00 00 
00 00 00 00 00 00 00 00 A2 0A 3F 3F 0F AC 00 00 
00 06 01 BC 07 1F 0A 00 08 AC 1E 1F 20 01 1D 02 
03 04 05 06 07 08 00 00 00 00 55 55 55 00 00 00 
0B 35 FB 0A 00 00 00 00 3F 3F 04 AC 00 00 00 00 
00 00 00 00 00 00 00 00 00 00 00 00 3F 3F 0A AC 
00 00 00 00 00 00 00 00 00 00 00 00 A6 0A 3F 3F 
0B AC 00 00 00 00 00 00 00 00 A7 0A 3F 3F 0E AC 
00 00 00 00 00 00 00 00 00 00 00 00 00 00 00 00 
A2 0A 3F 3F 0F AC 00 00 00 06 01 BC 07 1F 0A 00 
00 00 00 00 00 00 A7 0A 3F 3F 0E AC 00 00 00 00 
00 00 00 00 00 00 00 00 00 00 00 00 A2 0A 3F 3F 
0F AC 00 00 00 06 01 BC 07 1F 0A 00 08 AC 1E 1F 
20 01 1D 02 03 04 05 06 07 08 00 00 00 00 55 55 
55 00 00 00 0B 35 FB 0A 00 00 00 00 3F 3F 04 AC 
00 00 00 00 00 00 00 00 00 00 00 00 00 00 00 AA 
0A 3F 3F 08 AC 1E 1F 20 01 1D 02 03 04 05 06 07 
08 00 00 00 00 55 55 55 00 00 00 0B 35 FB 0A 3F 
3F 0A AC 00 00 00 00 00 00 00 00 00 00 00 00 A6 
0A 3F 3F 0B AC 00 00 00 00 00 00 00 00 A7 0A 3F 
3F 0E AC 00 00 00 00 00 00 00 00 00 00 00 00 00 
00 00 00 A2 0A 3F 3F 0F AC 00 00 00 06 01 BC 07 
1F 0A 00 55 55 00 00 00 0B 35 FB 0A 3F 3F 0A AC 
00 00 00 00 00 00 00 00 00 00 00 00 A6 0A 3F 3F 
0B AC 00 00 00 00 00 00 00 00 A7 0A 00 00 00 00 
3F 3F 04 AC 00 00 00 00 00 00 00 00 00 00 00 AA 
0A 3F 3F 08 AC 1E 1F 20 01 1D 02 03 04 05 06 07 
08 00 00 00 00 55 55 55 00 00 00 0B 34 FA 0A 3F 
3F 0A AC 00 00 00 00 00 00 00 00 00 00 00 00 A6 
0A 3F 3F 0B AC 00 00 00 00 00 00 00 00 A7 0A 3F 
3F 0E AC 00 00 00 00 00 00 00 00 00 00 00 00 00 
00 00 00 A2 0A 3F 3F 0F AC 00 00 00 06 01 BC 07 
1F 0A 00 00 00 00 55 55 55 00 00 00 0B 34 FA 0A 
3F 3F 0A AC 00 00 00 00 00 00 00 00 00 00 00 00 
A6 0A 3F 3F 0B AC 00 00 00 00 00 00 00 00 A7 0A 
00 00 00 00 3F 3F 04 AC 00 00 00 00 00 00 00 00 
00 00 00 00 00 00 00 00 00 00 00 00 00 00 00 00 
00 00 00 00 00 00 A9 0A 3F 3F 06 AC 00 00 00 00 
00 00 00 3F 3F 0E AC 00 00 00 00 00 00 00 00 00 
00 00 00 00 00 00 00 A2 0A 3F 3F 0F AC 00 00 00 
06 01 BC 07 1F 0A 00 00 00 06 01 BC 07 1F 0A 00 
08 AC 1E 1F 20 01 09 02 03 04 05 06 07 08 00 00 
00 00 55 55 55 00 00 00 0B 34 EE 0A 3F 3F 0A AC 
00 00 00 00 00 00 00 00 00 00 00 00 A6 0A 3F 3F 
0B AC 00 00 00 00 00 00 00 00 A7 0A 0F AC 00 00 
00 06 01 BC 00 00 00 00 3F 3F 04 AC 00 00 00 00 
00 00 00 00 00 00 00 00 00 00 00 00 A8 0A 00 00 
00 00 00 00 00 00 00 00 00 00 00 00 A9 0A 3F 3F 
06 AC 00 00 00 00 00 00 00 00 3F 3F 0E AC 00 00 
00 00 00 00 00 00 00 00 00 00 00 00 00 00 A2 0A 
3F 3F 0F AC 00 00 00 06 01 BC 07 1F 0A 00 00 06 
01 BC 07 1F 0A 00 08 AC 1E 1F 20 01 09 02 03 04 
05 06 07 08 00 00 00 00 55 55 55 00 00 00 0B 34 
EE 0A 3F 3F 0A AC 00 00 00 00 00 00 00 00 00 00 
00 00 A6 0A 3F 3F 0B AC 00 00 00 00 00 00 00 00 
A7 0A 00 00 00 06 01 BC 00 00 00 00 3F 3F 04 AC 
00 00 00 00 00 00 00 00 00 00 00 00 00 3F 3F 0A 
AC 00 00 00 00 00 00 00 00 00 00 00 00 A6 0A 3F 
3F 0B AC 00 00 00 00 00 00 00 00 A7 0A 3F 3F 0E 
AC 00 00 00 00 00 00 00 00 00 00 00 00 00 00 00 
00 A2 0A 3F 3F 0F AC 00 00 00 06 01 BC 07 1F 0A 
00 AC 00 00 00 00 00 00 00 00 A7 0A 3F 3F 0E AC 
00 00 00 00 00 00 00 00 00 00 00 00 00 00 00 00 
A2 0A 3F 3F 0F AC 00 00 00 06 01 BC 07 1F 0A 00 
08 AC 1E 1F 20 01 09 02 03 04 05 06 07 08 00 00 
00 00 55 55 55 00 00 00 0B 35 EF 0A 00 00 00 00 
3F 3F 04 AC 00 00 00 00 00 00 00 00 00 00 00 00 
00 00 00 3F 3F 0A AC 00 00 00 00 00 00 00 00 00 
00 00 00 A6 0A 3F 3F 0B AC 00 00 00 00 00 00 00 
00 A7 0A 3F 3F 0E AC 00 00 00 00 00 00 00 00 00 
00 00 00 00 00 00 00 A2 0A 3F 3F 0F AC 00 00 00 
06 01 BC 07 1F 0A 00 00 00 00 00 00 00 00 A7 0A 
3F 3F 0E AC 00 00 00 00 00 00 00 00 00 00 00 00 
00 00 00 00 A2 0A 3F 3F 0F AC 00 00 00 06 01 BC 
07 1F 0A 00 08 AC 0A 0B 0C 0D 09 0E 0F 10 11 12 
13 14 00 00 00 00 55 55 55 00 00 00 0B 35 D3 0A 
00 00 00 00 3F 3F 04 AC 00 00 00 00 00 00 00 00 
00 00 00 00 00 00 00 00 3F 3F 0A AC 00 00 00 00 
00 00 00 00 00 00 00 00 A6 0A 3F 3F 0B AC 00 00 
00 00 00 00 00 00 A7 0A 3F 3F 0E AC 00 00 00 00 
00 00 00 00 00 00 00 00 00 00 00 00 A2 0A 3F 3F 
0F AC 00 00 00 06 01 BC 07 1F 0A 00 00 00 00 00 
00 00 A7 0A 3F 3F 0E AC 00 00 00 00 00 00 00 00 
00 00 00 00 00 00 00 00 A2 0A 3F 3F 0F AC 00 00 
00 06 01 BC 07 1F 0A 00 08 AC 0A 0B 0C 0D 09 0E 
0F 10 11 12 13 14 00 00 00 00 55 55 55 00 00 00 
0B 35 D3 0A 00 00 00 00 3F 3F 04 AC 00 00 00 00 
00 00 00 00 00 00 00 00 00 00 00 00 A8 0A 3F 3F 
AA 0A 3F 3F 08 AC 0A 0B 0C 0D 09 0E 0F 10 11 12 
13 14 00 00 00 00 55 55 55 00 00 00 0B 34 D2 0A 
3F 3F 0A AC 00 00 00 00 00 00 00 00 00 00 00 00 
A6 0A 3F 3F 0B AC 00 00 00 00 00 00 00 00 A7 0A 
3F 3F 0E AC 00 00 00 00 00 00 00 00 00 00 00 00 
00 00 00 00 A2 0A 3F 3F 0F AC 00 00 00 06 01 BC 
07 1F 0A 00 0B 34 D2 0A 3F 3F 0A AC 00 00 00 00 
00 00 00 00 00 00 00 00 A6 0A 3F 3F 0B AC 00 00 
00 00 00 00 00 00 A7 0A 00 00 00 00 3F 3F 04 AC 
00 00 00 00 00 00 00 00 00 00 00 00 00 00 00 00 
A8 0A AA 0A 3F 3F 08 AC 0A 0B 0C 0D 09 0E 0F 10 
11 12 13 14 00 00 00 00 55 55 55 00 00 00 0B 34 
D2 0A 3F 3F 0A AC 00 00 00 00 00 00 00 00 00 00 
00 00 A6 0A 3F 3F 0B AC 00 00 00 00 00 00 00 00 
A7 0A 3F 3F 0E AC 00 00 00 00 00 00 00 00 00 00 
00 00 00 00 00 00 A2 0A 3F 3F 0F AC 00 00 00 06 
01 BC 07 1F 0A 00 00 00 0B 34 D2 0A 3F 3F 0A AC 
00 00 00 00 00 00 00 00 00 00 00 00 A6 0A 3F 3F 
0B AC 00 00 00 00 00 00 00 00 A7 0A 00 00 00 00 
3F 3F 04 AC 00 00 00 00 00 00 00 00 00 00 00 00 
00 00 00 00 00 00 00 00 00 00 00 00 00 00 00 00 
00 00 A9 0A 3F 3F 06 AC 00 00 00 00 00 00 00 00 
00 00 3F 3F 0E AC 00 00 00 00 00 00 00 00 00 00 
00 00 00 00 00 00 A2 0A 3F 3F 0F AC 00 00 00 06 
01 BC 07 1F 0A 00 01 BC 07 1F 0A 00 08 AC 0A 0B 
0C 0D 09 0E 0F 10 11 12 13 14 00 00 00 00 55 55 
55 00 00 00 0B 34 D2 0A 3F 3F 0A AC 00 00 00 00 
00 00 00 00 00 00 00 00 A6 0A 3F 3F 0B AC 00 00 
00 00 00 00 00 00 A7 0A 0F AC 00 00 00 06 01 BC 
00 00 00 00 3F 3F 04 AC 00 00 00 00 00 00 00 00 
00 00 00 00 00 00 00 00 A8 00 00 00 00 00 00 00 
00 00 00 00 00 00 00 A9 0A 3F 3F 06 AC 00 00 00 
00 00 00 00 00 00 3F 3F 0E AC 00 00 00 00 00 00 
00 00 00 00 00 00 00 00 00 00 A2 0A 3F 3F 0F AC 
00 00 00 06 01 BC 07 1F 0A 00 06 01 BC 07 1F 0A 
00 08 AC 0A 0B 0C 0D 09 0E 0F 10 11 12 13 14 00 
00 00 00 55 55 55 00 00 00 0B 35 D3 0A 3F 3F 0A 
AC 00 00 00 00 00 00 00 00 00 00 00 00 A6 0A 3F 
3F 0B AC 00 00 00 00 00 00 00 00 A7 0A AC 00 00 
00 06 01 BC 00 00 00 00 3F 3F 04 AC 00 00 00 00 
00 00 00 00 00 00 00 00 00 00 00 00 A8 0A 3F 3F 
3F 0A AC 00 00 00 00 00 00 00 00 00 00 00 00 A6 
0A 3F 3F 0B AC 00 00 00 00 00 00 00 00 A7 0A 3F 
3F 0E AC 00 00 00 00 00 00 00 00 00 00 00 00 00 
00 00 00 A2 0A 3F 3F 0F AC 00 00 00 06 01 BC 07 
1F 0A 00 00 00 00 A7 0A 3F 3F 0E AC 00 00 00 00 
00 00 00 00 00 00 00 00 00 00 00 00 A2 0A 3F 3F 
0F AC 00 00 00 06 01 BC 07 1F 0A 00 08 AC 0A 0B 
0C 0D 09 0E 0F 10 11 12 13 14 00 00 00 00 55 55 
55 00 00 00 0B 35 D3 0A 00 00 00 00 3F 3F 04 AC 
00 00 00 00 00 00 00 00 00 00 00 00 00 00 00 00 
A8 0A 3F 3F 3F 3F 0A AC 00 00 00 00 00 00 00 00 
00 00 00 00 A6 0A 3F 3F 0B AC 00 00 00 00 00 00 
00 00 A7 0A 3F 3F 0E AC 00 00 00 00 00 00 00 00 
00 00 00 00 00 00 00 00 A2 0A 3F 3F 0F AC 00 00 
00 06 01 BC 07 1F 0A 00 00 00 A7 0A 3F 3F 0E AC 
00 00 00 00 00 00 00 00 00 00 00 00 00 00 00 00 
A2 0A 3F 3F 0F AC 00 00 00 06 01 BC 07 1F 0A 00 
08 AC 0A 0B 0C 0D 09 0E 0F 10 11 12 13 14 00 00 
00 00 55 55 55 00 00 00 0B 35 D3 0A 00 00 00 00 
3F 3F 04 AC 00 00 00 00 00 00 00 00 00 00 00 00 
00 00 00 3F 3F 0A AC 00 00 00 00 00 00 00 00 00 
00 00 00 A6 0A 3F 3F 0B AC 00 00 00 00 00 00 00 
00 A7 0A 3F 3F 0E AC 00 00 00 00 00 00 00 00 00 
00 00 00 00 00 00 00 A2 0A 3F 3F 0F AC 00 00 00 
06 01 BC 07 1F 0A 00 00 00 00 00 00 00 00 A7 0A 
3F 3F 0E AC 00 00 00 00 00 00 00 00 00 00 00 00 
00 00 00 00 A2 0A 3F 3F 0F AC 00 00 00 06 01 BC 
07 1F 0A 00 08 AC 0A 0B 0C 0D 09 0E 0F 10 11 12 
13 14 00 00 00 00 55 55 55 00 00 00 0B 34 D2 0A 
00 00 00 00 3F 3F 04 AC 00 00 00 00 00 00 00 00 
00 00 00 00 00 00 00 00 A8 0A 3F AA 0A 3F 3F 08 
AC 0A 0B 0C 0D 09 0E 0F 10 11 12 13 14 00 00 00 
00 55 55 55 00 00 00 0B 34 D2 0A 3F 3F 0A AC 00 
00 00 00 00 00 00 00 00 00 00 00 A6 0A 3F 3F 0B 
AC 00 00 00 00 00 00 00 00 A7 0A 3F 3F 0E AC 00 
00 00 00 00 00 00 00 00 00 00 00 00 00 00 00 A2 
0A 3F 3F 0F AC 00 00 00 06 01 BC 07 1F 0A 00 00 
0B 34 D2 0A 3F 3F 0A AC 00 00 00 00 00 00 00 00 
00 00 00 00 A6 0A 3F 3F 0B AC 00 00 00 00 00 00 
00 00 A7 0A 00 00 00 00 3F 3F 04 AC 00 00 00 00 
00 00 00 00 00 00 00 00 00 AA 0A 3F 3F 08 AC 0A 
0B 0C 0D 09 0E 0F 10 11 12 13 14 00 00 00 00 55 
55 55 00 00 00 0B 34 D2 0A 3F 3F 0A AC 00 00 00 
00 00 00 00 00 00 00 00 00 A6 0A 3F 3F 0B AC 00 
00 00 00 00 00 00 00 A7 0A 3F 3F 0E AC 00 00 00 
00 00 00 00 00 00 00 00 00 00 00 00 00 A2 0A 3F 
3F 0F AC 00 00 00 06 01 BC 07 1F 0A 00 00 55 55 
55 00 00 00 0B 34 D2 0A 3F 3F 0A AC 00 00 00 00 
00 00 00 00 00 00 00 00 A6 0A 3F 3F 0B AC 00 00 
00 00 00 00 00 00 A7 0A 00 00 00 00 3F 3F 04 AC 
00 00 00 00 00 00 00 00 00 00 00 00 00 00 00 00 
A8 0A 00 00 00 00 00 00 00 00 00 00 00 00 00 00 
A9 0A 3F 3F 06 AC 00 00 00 00 00 00 00 00 00 3F 
3F 0E AC 00 00 00 00 00 00 00 00 00 00 00 00 00 
00 00 00 A2 0A 3F 3F 0F AC 00 00 00 06 01 BC 07 
1F 0A 00 06 01 BC 07 1F 0A 00 08 AC 0A 0B 0C 0D 
09 0E 0F 10 11 12 13 14 00 00 00 00 55 55 55 00 
00 00 0B 35 D3 0A 3F 3F 0A AC 00 00 00 00 00 00 
00 00 00 00 00 00 A6 0A 3F 3F 0B AC 00 00 00 00 
00 00 00 00 A7 0A 00 00 00 06 01 BC 00 00 00 00 
3F 3F 04 AC 00 00 00 00 00 00 00 00 00 00 00 00 
00 00 00 00 00 00 00 00 00 00 00 00 00 00 00 00 
A9 0A 3F 3F 06 AC 00 00 00 00 00 00 00 00 00 3F 
3F 0E AC 00 00 00 00 00 00 00 00 00 00 00 00 00 
00 00 00 A2 0A 3F 3F 0F AC 00 00 00 06 01 BC 07 
1F 0A 00 06 01 BC 07 1F 0A 00 08 AC 0A 0B 0C 0D 
09 0E 0F 10 11 12 13 14 00 00 00 00 55 55 55 00 
00 00 0B 35 D3 0A 3F 3F 0A AC 00 00 00 00 00 00 
00 00 00 00 00 00 A6 0A 3F 3F 0B AC 00 00 00 00 
00 00 00 00 A7 0A 3F 3F 0F AC 00 00 00 06 01 BC 
00 00 00 00 3F 3F 04 AC 00 00 00 00 00 00 00 00 
00 00 00 00 00 00 00 00 A8 0A 3F 3F 3F 3F 0A AC 
00 00 00 00 00 00 00 00 00 00 00 00 A6 0A 3F 3F 
0B AC 00 00 00 00 00 00 00 00 A7 0A 3F 3F 0E AC 
00 00 00 00 00 00 00 00 00 00 00 00 00 00 00 00 
A2 0A 3F 3F 0F AC 00 00 00 06 01 BC 07 1F 0A 00 
00 00 A7 0A 3F 3F 0E AC 00 00 00 00 00 00 00 00 
00 00 00 00 00 00 00 00 A2 0A 3F 3F 0F AC 00 00 
00 06 01 BC 07 1F 0A 00 08 AC 0A 0B 0C 0D 09 0E 
0F 10 11 12 13 14 00 00 00 00 55 55 55 00 00 00 
0B 35 D3 0A 00 00 00 00 3F 3F 04 AC 00 00 00 00 
00 00 00 00 00 00 00 00 00 00 00 00 A8 0A 3F 3F 
3F 0A AC 00 00 00 00 00 00 00 00 00 00 00 00 A6 
0A 3F 3F 0B AC 00 00 00 00 00 00 00 00 A7 0A 3F 
3F 0E AC 00 00 00 00 00 00 00 00 00 00 00 00 00 
00 00 00 A2 0A 3F 3F 0F AC 00 00 00 06 01 BC 07 
1F 0A 00 00 00 00 A7 0A 3F 3F 0E AC 00 00 00 00 
00 00 00 00 00 00 00 00 00 00 00 00 A2 0A 3F 3F 
0F AC 00 00 00 06 01 BC 07 1F 0A 00 08 AC 0A 0B 
0C 0D 15 0E 0F 10 11 12 13 14 00 00 00 00 55 55 
55 00 00 00 0B 34 CE 0A 00 00 00 00 3F 3F 04 AC 
00 00 00 00 00 00 00 00 00 00 00 00 00 00 00 00 
A8 3F 3F 0A AC 00 00 00 00 00 00 00 00 00 00 00 
00 A6 0A 3F 3F 0B AC 00 00 00 00 00 00 00 00 A7 
0A 3F 3F 0E AC 00 00 00 00 00 00 00 00 00 00 00 
00 00 00 00 00 A2 0A 3F 3F 0F AC 00 00 00 06 01 
BC 07 1F 0A 00 00 00 00 00 00 A7 0A 3F 3F 0E AC 
00 00 00 00 00 00 00 00 00 00 00 00 00 00 00 00 
A2 0A 3F 3F 0F AC 00 00 00 06 01 BC 07 1F 0A 00 
08 AC 0A 0B 0C 0D 15 0E 0F 10 11 12 13 14 00 00 
00 00 55 55 55 00 00 00 0B 34 CE 0A 00 00 00 00 
3F 3F 04 AC 00 00 00 00 00 00 00 00 00 00 00 00 
00 00 00 00 A8 AA 0A 3F 3F 08 AC 16 17 18 19 15 
1A 1B 1C 1D 1E 1F 20 00 00 00 00 55 55 55 00 00 
00 0B 34 FA 0A 3F 3F 0A AC 00 00 00 00 00 00 00 
00 00 00 00 00 A6 0A 3F 3F 0B AC 00 00 00 00 00 
00 00 00 A7 0A 3F 3F 0E AC 00 00 00 00 00 00 00 
00 00 00 00 00 00 00 00 00 A2 0A 3F 3F 0F AC 00 
00 00 06 01 BC 07 1F 0A 00 00 00 00 0B 34 FA 0A 
3F 3F 0A AC 00 00 00 00 00 00 00 00 00 00 00 00 
A6 0A 3F 3F 0B AC 00 00 00 00 00 00 00 00 A7 0A 
00 00 00 00 3F 3F 04 AC 00 00 00 00 00 00 00 00 
00 00 00 00 00 00 00 00 A8 0A 3F 3F AA 0A 3F 3F 
08 AC 16 17 18 19 15 1A 1B 1C 1D 1E 1F 20 00 00 
00 00 55 55 55 00 00 00 0B 35 FB 0A 3F 3F 0A AC 
00 00 00 00 00 00 00 00 00 00 00 00 A6 0A 3F 3F 
0B AC 00 00 00 00 00 00 00 00 A7 0A 3F 3F 0E AC 
00 00 00 00 00 00 00 00 00 00 00 00 00 00 00 00 
A2 0A 3F 3F 0F AC 00 00 00 06 01 BC 07 1F 0A 00 
0B 35 FB 0A 3F 3F 0A AC 00 00 00 00 00 00 00 00 
00 00 00 00 A6 0A 3F 3F 0B AC 00 00 00 00 00 00 
00 00 A7 0A 00 00 00 00 3F 3F 04 AC 00 00 00 00 
00 00 00 00 00 00 00 00 00 00 00 00 A8 0A 3F 3F 
05 AC 00 00 00 00 00 00 00 00 00 00 00 00 00 00 
A9 0A 3F 3F 06 AC 00 00 00 00 00 00 00 07 1F 0A 
00 00 00 00 00 00 AA 0A 3F 3F 08 AC 16 17 18 19 
15 1A 1B 1C 1D 1E 1F 20 00 00 00 00 55 55 55 00 
00 00 0B 35 FB 0A 3F 3F 0A AC 00 00 00 00 00 00 
00 00 00 00 00 00 A6 0A 3F 3F 0B AC 00 00 00 00 
00 00 00 00 A7 0A 3F 3F 0E AC 00 00 00 00 00 00 
00 00 00 00 00 00 00 00 00 00 A2 0A 3F 3F 0F AC 
00 00 00 06 01 BC 00 00 00 00 00 00 3F 3F 04 AC 
00 00 00 00 00 00 00 00 00 00 00 00 00 00 00 00 
A8 0A 3F 00 00 00 00 00 00 00 00 00 00 00 00 00 
00 A9 0A 3F 3F 06 AC 00 00 00 00 00 00 00 00 3F 
3F 0E AC 00 00 00 00 00 00 00 00 00 00 00 00 00 
00 00 00 A2 0A 3F 3F 0F AC 00 00 00 06 01 BC 07 
1F 0A 00 00 06 01 BC 07 1F 0A 00 08 AC 16 17 18 
19 15 1A 1B 1C 1D 1E 1F 20 00 00 00 00 55 55 55 
00 00 00 0B 35 FB 0A 3F 3F 0A AC 00 00 00 00 00 
00 00 00 00 00 00 00 A6 0A 3F 3F 0B AC 00 00 00 
00 00 00 00 00 A7 0A 00 00 06 01 BC 00 00 00 00 
3F 3F 04 AC 00 00 00 00 00 00 00 00 00 00 00 00 
00 00 00 00 A8 0A 3F 3F 0A AC 00 00 00 00 00 00 
00 00 00 00 00 00 A6 0A 3F 3F 0B AC 00 00 00 00 
00 00 00 00 A7 0A 3F 3F 0E AC 00 00 00 00 00 00 
00 00 00 00 00 00 00 00 00 00 A2 0A 3F 3F 0F AC 
00 00 00 06 01 BC 07 1F 0A 00 00 00 00 00 A7 0A 
3F 3F 0E AC 00 00 00 00 00 00 00 00 00 00 00 00 
00 00 00 00 A2 0A 3F 3F 0F AC 00 00 00 06 01 BC 
07 1F 0A 00 08 AC 16 17 18 19 15 1A 1B 1C 1D 1E 
1F 20 00 00 00 00 55 55 55 00 00 00 0B 34 FA 0A 
00 00 00 00 3F 3F 04 AC 00 00 00 00 00 00 00 00 
00 00 00 00 00 00 00 00 A8 0A 3F 3F 3F 3F 0A AC 
00 00 00 00 00 00 00 00 00 00 00 00 A6 0A 3F 3F 
0B AC 00 00 00 00 00 00 00 00 A7 0A 3F 3F 0E AC 
00 00 00 00 00 00 00 00 00 00 00 00 00 00 00 00 
A2 0A 3F 3F 0F AC 00 00 00 06 01 BC 07 1F 0A 00 
00 00 A7 0A 3F 3F 0E AC 00 00 00 00 00 00 00 00 
00 00 00 00 00 00 00 00 A2 0A 3F 3F 0F AC 00 00 
00 06 01 BC 07 1F 0A 00 08 AC 16 17 18 19 15 1A 
1B 1C 1D 1E 1F 20 00 00 00 00 55 55 55 00 00 00 
0B 34 FA 0A 00 00 00 00 3F 3F 04 AC 00 00 00 00 
00 00 00 00 00 00 00 00 00 00 00 00 A8 0A AA 0A 
3F 3F 08 AC 01 02 03 04 05 06 07 08 09 0A 0B 0C 
00 00 00 00 55 55 55 00 00 00 0B 34 C2 0A 3F 3F 
0A AC 00 00 00 00 00 00 00 00 00 00 00 00 A6 0A 
3F 3F 0B AC 00 00 00 00 00 00 00 00 A7 0A 3F 3F 
0E AC 00 00 00 00 00 00 00 00 00 00 00 00 00 00 
00 00 A2 0A 3F 3F 0F AC 00 00 00 06 01 BC 07 1F 
0A 00 00 00 0B 34 C2 0A 3F 3F 0A AC 00 00 00 00 
00 00 00 00 00 00 00 00 A6 0A 3F 3F 0B AC 00 00 
00 00 00 00 00 00 A7 0A 00 00 00 00 3F 3F 04 AC 
00 00 00 00 00 00 00 00 00 00 00 00 00 00 00 AA 
0A 3F 3F 08 AC 01 02 03 04 05 06 07 08 09 0A 0B 
0C 00 00 00 00 55 55 55 00 00 00 0B 34 C2 0A 3F 
3F 0A AC 00 00 00 00 00 00 00 00 00 00 00 00 A6 
0A 3F 3F 0B AC 00 00 00 00 00 00 00 00 A7 0A 3F 
3F 0E AC 00 00 00 00 00 00 00 00 00 00 00 00 00 
00 00 00 A2 0A 3F 3F 0F AC 00 00 00 06 01 BC 07 
1F 0A 00 55 55 00 00 00 0B 34 C2 0A 3F 3F 0A AC 
00 00 00 00 00 00 00 00 00 00 00 00 A6 0A 3F 3F 
0B AC 00 00 00 00 00 00 00 00 A7 0A 00 00 00 00 
3F 3F 04 AC 00 00 00 00 00 00 00 00 00 00 00 00 
00 00 00 00 00 00 00 00 00 00 00 00 00 00 A9 0A 
3F 3F 06 AC 00 00 00 00 00 00 00 00 00 3F 3F 0E 
AC 00 00 00 00 00 00 00 00 00 00 00 00 00 00 00 
00 A2 0A 3F 3F 0F AC 00 00 00 06 01 BC 07 1F 0A 
00 06 01 BC 07 1F 0A 00 08 AC 01 02 03 04 05 06 
07 08 09 0A 0B 0C 00 00 00 00 55 55 55 00 00 00 
0B 35 C3 0A 3F 3F 0A AC 00 00 00 00 00 00 00 00 
00 00 00 00 A6 0A 3F 3F 0B AC 00 00 00 00 00 00 
00 00 A7 0A A2 0A 3F 3F 0F AC 00 00 00 06 01 BC 
00 00 00 00 3F 3F 04 AC 00 00 00 00 00 00 00 00 
00 00 00 00 00 00 00 00 A8 0A 3F 3F 00 00 00 00 
00 00 00 00 00 00 00 00 00 00 A9 0A 3F 3F 06 AC 
00 00 00 00 00 00 00 00 00 00 3F 3F 0E AC 00 00 
00 00 00 00 00 00 00 00 00 00 00 00 00 00 A2 0A 
3F 3F 0F AC 00 00 00 06 01 BC 07 1F 0A 00 01 BC 
07 1F 0A 00 08 AC 01 02 03 04 05 06 07 08 09 0A 
0B 0C 00 00 00 00 55 55 55 00 00 00 0B 35 C3 0A 
3F 3F 0A AC 00 00 00 00 00 00 00 00 00 00 00 00 
A6 0A 3F 3F 0B AC 00 00 00 00 00 00 00 00 A7 0A 
00 06 01 BC 00 00 00 00 3F 3F 04 AC 00 00 00 00 
00 00 00 00 00 00 00 00 00 00 00 00 A8 0A 00 00 
00 00 00 00 00 00 00 00 00 00 00 00 A9 0A 3F 3F 
06 AC 00 00 00 00 00 00 00 00 00 3F 3F 0E AC 00 
00 00 00 00 00 00 00 00 00 00 00 00 00 00 00 A2 
0A 3F 3F 0F AC 00 00 00 06 01 BC 07 1F 0A 00 06 
01 BC 07 1F 0A 00 08 AC 01 02 03 04 05 06 07 08 
09 0A 0B 0C 00 00 00 00 55 55 55 00 00 00 0B 35 
C3 0A 3F 3F 0A AC 00 00 00 00 00 00 00 00 00 00 
00 00 A6 0A 3F 3F 0B AC 00 00 00 00 00 00 00 00 
A7 0A 00 00 00 06 01 BC 00 00 00 00 3F 3F 04 AC 
00 00 00 00 00 00 00 00 00 00 00 00 00 00 00 00 
A8 0A 3F 3F 3F 3F 0A AC 00 00 00 00 00 00 00 00 
00 00 00 00 A6 0A 3F 3F 0B AC 00 00 00 00 00 00 
00 00 A7 0A 3F 3F 0E AC 00 00 00 00 00 00 00 00 
00 00 00 00 00 00 00 00 A2 0A 3F 3F 0F AC 00 00 
00 06 01 BC 07 1F 0A 00 00 00 A7 0A 3F 3F 0E AC 
00 00 00 00 00 00 00 00 00 00 00 00 00 00 00 00 
A2 0A 3F 3F 0F AC 00 00 00 06 01 BC 07 1F 0A 00 
08 AC 01 02 03 04 05 06 07 08 09 0A 0B 0C 00 00 
00 00 55 55 55 00 00 00 0B 34 C2 0A 00 00 00 00 
3F 3F 04 AC 00 00 00 00 00 00 00 00 00 00 00 00 
00 00 00 00 A8 0A 3F 3F 0A AC 00 00 00 00 00 00 
00 00 00 00 00 00 A6 0A 3F 3F 0B AC 00 00 00 00 
00 00 00 00 A7 0A 3F 3F 0E AC 00 00 00 00 00 00 
00 00 00 00 00 00 00 00 00 00 A2 0A 3F 3F 0F AC 
00 00 00 06 01 BC 07 1F 0A 00 00 00 00 00 A7 0A 
3F 3F 0E AC 00 00 00 00 00 00 00 00 00 00 00 00 
00 00 00 00 A2 0A 3F 3F 0F AC 00 00 00 06 01 BC 
07 1F 0A 00 08 AC 01 02 03 04 05 06 07 08 09 0A 
0B 0C 00 00 00 00 55 55 55 00 00 00 0B 34 C2 0A 
00 00 00 00 3F 3F 04 AC 00 00 00 00 00 00 00 00 
00 00 00 00 00 00 00 00 A8 AA 0A 3F 3F 08 AC 01 
02 03 04 05 06 07 08 09 0A 0B 0C 00 00 00 00 55 
55 55 00 00 00 0B 34 C2 0A 3F 3F 0A AC 00 00 00 
00 00 00 00 00 00 00 00 00 A6 0A 3F 3F 0B AC 00 
00 00 00 00 00 00 00 A7 0A 3F 3F 0E AC 00 00 00 
00 00 00 00 00 00 00 00 00 00 00 00 00 A2 0A 3F 
3F 0F AC 00 00 00 06 01 BC 07 1F 0A 00 00 00 00 
0B 34 C2 0A 3F 3F 0A AC 00 00 00 00 00 00 00 00 
00 00 00 00 A6 0A 3F 3F 0B AC 00 00 00 00 00 00 
00 00 A7 0A 00 00 00 00 3F 3F 04 AC 00 00 00 00 
00 00 00 00 00 00 00 00 00 00 00 00 A8 0A AA 0A 
3F 3F 08 AC 01 02 03 04 05 06 07 08 09 0A 0B 0C 
00 00 00 00 55 55 55 00 00 00 0B 35 C3 0A 3F 3F 
0A AC 00 00 00 00 00 00 00 00 00 00 00 00 A6 0A 
3F 3F 0B AC 00 00 00 00 00 00 00 00 A7 0A 3F 3F 
0E AC 00 00 00 00 00 00 00 00 00 00 00 00 00 00 
00 00 A2 0A 3F 3F 0F AC 00 00 00 06 01 BC 07 1F 
0A 00 00 00 0B 35 C3 0A 3F 3F 0A AC 00 00 00 00 
00 00 00 00 00 00 00 00 A6 0A 3F 3F 0B AC 00 00 
00 00 00 00 00 00 A7 0A 00 00 00 00 3F 3F 04 AC 
00 00 00 00 00 00 00 00 00 00 00 00 00 00 00 00 
A8 0A 3F 3F 05 AC 00 00 00 00 00 00 00 00 00 00 
00 00 00 00 A9 0A 3F 3F 06 AC 00 00 00 00 00 00 
00 07 1F 0A 00 00 00 00 00 00 AA 0A 3F 3F 08 AC 
01 02 03 04 05 06 07 08 09 0A 0B 0C 00 00 00 00 
55 55 55 00 00 00 0B 35 C3 0A 3F 3F 0A AC 00 00 
00 00 00 00 00 00 00 00 00 00 A6 0A 3F 3F 0B AC 
00 00 00 00 00 00 00 00 A7 0A 3F 3F 0E AC 00 00 
00 00 00 00 00 00 00 00 00 00 00 00 00 00 A2 0A 
3F 3F 0F AC 00 00 00 06 01 BC 00 00 00 00 00 00 
3F 3F 04 AC 00 00 00 00 00 00 00 00 00 00 00 00 
00 00 00 00 A8 0A 3F 3F 00 00 00 00 00 00 00 00 
00 00 00 00 00 00 A9 0A 3F 3F 06 AC 00 00 00 00 
00 00 00 00 00 3F 3F 0E AC 00 00 00 00 00 00 00 
00 00 00 00 00 00 00 00 00 A2 0A 3F 3F 0F AC 00 
00 00 06 01 BC 07 1F 0A 00 06 01 BC 07 1F 0A 00 
08 AC 01 02 03 04 05 06 07 08 09 0A 0B 0C 00 00 
00 00 55 55 55 00 00 00 0B 35 C3 0A 3F 3F 0A AC 
00 00 00 00 00 00 00 00 00 00 00 00 A6 0A 3F 3F 
0B AC 00 00 00 00 00 00 00 00 A7 0A 00 06 01 BC 
00 00 00 00 3F 3F 04 AC 00 00 00 00 00 00 00 00 
00 00 00 00 00 00 00 00 00 00 00 00 00 00 00 00 
00 00 00 00 00 A9 0A 3F 3F 06 AC 00 00 00 00 00 
00 3F 3F 0E AC 00 00 00 00 00 00 00 00 00 00 00 
00 00 00 00 00 A2 0A 3F 3F 0F AC 00 00 00 06 01 
BC 07 1F 0A 00 00 00 00 06 01 BC 07 1F 0A 00 08 
AC 01 02 03 04 05 06 07 08 09 0A 0B 0C 00 00 00 
00 55 55 55 00 00 00 0B 34 C2 0A 3F 3F 0A AC 00 
00 00 00 00 00 00 00 00 00 00 00 A6 0A 3F 3F 0B 
AC 00 00 00 00 00 00 00 00 A7 0A 3F 0F AC 00 00 
00 06 01 BC 
-----------------------------------------------
Date: 28-08-2017 - 23:28:36
End log file
